[1.347s] Invoking command in '/home/quim/robotica_ros/P_final/src/local_planner': PYTHONPATH=/home/quim/robotica_ros/P_final/build/local_planner/prefix_override:/usr/lib/python3/dist-packages/colcon_core/task/python/colcon_distutils_commands:/home/quim/robotica_ros/P_final/install/local_planner/lib/python3.10/site-packages:${PYTHONPATH} /usr/bin/python3 -W ignore:setup.py install is deprecated setup.py egg_info --egg-base ../../build/local_planner build --build-base /home/quim/robotica_ros/P_final/build/local_planner/build install --record /home/quim/robotica_ros/P_final/build/local_planner/install.log --single-version-externally-managed install_data
[1.642s] running egg_info
[1.643s] creating ../../build/local_planner/local_planner.egg-info
[1.643s] writing ../../build/local_planner/local_planner.egg-info/PKG-INFO
[1.643s] writing dependency_links to ../../build/local_planner/local_planner.egg-info/dependency_links.txt
[1.643s] writing entry points to ../../build/local_planner/local_planner.egg-info/entry_points.txt
[1.644s] writing requirements to ../../build/local_planner/local_planner.egg-info/requires.txt
[1.644s] writing top-level names to ../../build/local_planner/local_planner.egg-info/top_level.txt
[1.644s] writing manifest file '../../build/local_planner/local_planner.egg-info/SOURCES.txt'
[1.646s] reading manifest file '../../build/local_planner/local_planner.egg-info/SOURCES.txt'
[1.647s] writing manifest file '../../build/local_planner/local_planner.egg-info/SOURCES.txt'
[1.647s] running build
[1.648s] running build_py
[1.648s] creating /home/quim/robotica_ros/P_final/build/local_planner/build
[1.648s] creating /home/quim/robotica_ros/P_final/build/local_planner/build/lib
[1.648s] creating /home/quim/robotica_ros/P_final/build/local_planner/build/lib/local_planner
[1.648s] copying local_planner/local_planner.py -> /home/quim/robotica_ros/P_final/build/local_planner/build/lib/local_planner
[1.655s] copying local_planner/__init__.py -> /home/quim/robotica_ros/P_final/build/local_planner/build/lib/local_planner
[1.655s] running install
[1.655s] running install_lib
[1.656s] creating /home/quim/robotica_ros/P_final/install/local_planner/lib/python3.10/site-packages/local_planner
[1.656s] copying /home/quim/robotica_ros/P_final/build/local_planner/build/lib/local_planner/local_planner.py -> /home/quim/robotica_ros/P_final/install/local_planner/lib/python3.10/site-packages/local_planner
[1.656s] copying /home/quim/robotica_ros/P_final/build/local_planner/build/lib/local_planner/__init__.py -> /home/quim/robotica_ros/P_final/install/local_planner/lib/python3.10/site-packages/local_planner
[1.657s] byte-compiling /home/quim/robotica_ros/P_final/install/local_planner/lib/python3.10/site-packages/local_planner/local_planner.py to local_planner.cpython-310.pyc
[1.658s] byte-compiling /home/quim/robotica_ros/P_final/install/local_planner/lib/python3.10/site-packages/local_planner/__init__.py to __init__.cpython-310.pyc
[1.658s] running install_data
[1.658s] creating /home/quim/robotica_ros/P_final/install/local_planner/share/ament_index
[1.659s] creating /home/quim/robotica_ros/P_final/install/local_planner/share/ament_index/resource_index
[1.659s] creating /home/quim/robotica_ros/P_final/install/local_planner/share/ament_index/resource_index/packages
[1.659s] copying resource/local_planner -> /home/quim/robotica_ros/P_final/install/local_planner/share/ament_index/resource_index/packages
[1.659s] copying package.xml -> /home/quim/robotica_ros/P_final/install/local_planner/share/local_planner
[1.659s] running install_egg_info
[1.661s] Copying ../../build/local_planner/local_planner.egg-info to /home/quim/robotica_ros/P_final/install/local_planner/lib/python3.10/site-packages/local_planner-0.0.0-py3.10.egg-info
[1.661s] running install_scripts
[1.687s] Installing local_planner_node script to /home/quim/robotica_ros/P_final/install/local_planner/lib/local_planner
[1.687s] writing list of installed files to '/home/quim/robotica_ros/P_final/build/local_planner/install.log'
[1.753s] Invoked command in '/home/quim/robotica_ros/P_final/src/local_planner' returned '0': PYTHONPATH=/home/quim/robotica_ros/P_final/build/local_planner/prefix_override:/usr/lib/python3/dist-packages/colcon_core/task/python/colcon_distutils_commands:/home/quim/robotica_ros/P_final/install/local_planner/lib/python3.10/site-packages:${PYTHONPATH} /usr/bin/python3 -W ignore:setup.py install is deprecated setup.py egg_info --egg-base ../../build/local_planner build --build-base /home/quim/robotica_ros/P_final/build/local_planner/build install --record /home/quim/robotica_ros/P_final/build/local_planner/install.log --single-version-externally-managed install_data
