[0.097s] DEBUG:colcon:Command line arguments: ['/usr/bin/colcon', 'build']
[0.097s] DEBUG:colcon:Parsed command line arguments: Namespace(log_base=None, log_level=None, verb_name='build', build_base='build', install_base='install', merge_install=False, symlink_install=False, test_result_base=None, continue_on_error=False, executor='parallel', parallel_workers=8, event_handlers=None, ignore_user_meta=False, metas=['./colcon.meta'], base_paths=['.'], packages_ignore=None, packages_ignore_regex=None, paths=None, packages_up_to=None, packages_up_to_regex=None, packages_above=None, packages_above_and_dependencies=None, packages_above_depth=None, packages_select_by_dep=None, packages_skip_by_dep=None, packages_skip_up_to=None, packages_select_build_failed=False, packages_skip_build_finished=False, packages_select_test_failures=False, packages_skip_test_passed=False, packages_select=None, packages_skip=None, packages_select_regex=None, packages_skip_regex=None, packages_start=None, packages_end=None, allow_overriding=[], cmake_args=None, cmake_target=None, cmake_target_skip_unavailable=False, cmake_clean_cache=False, cmake_clean_first=False, cmake_force_configure=False, ament_cmake_args=None, catkin_cmake_args=None, catkin_skip_building_tests=False, mixin_files=None, mixin=None, verb_parser=<colcon_mixin.mixin.mixin_argument.MixinArgumentDecorator object at 0x779365de2e00>, verb_extension=<colcon_core.verb.build.BuildVerb object at 0x779365ecb5b0>, main=<bound method BuildVerb.main of <colcon_core.verb.build.BuildVerb object at 0x779365ecb5b0>>, mixin_verb=('build',))
[0.240s] Level 1:colcon.colcon_core.package_discovery:discover_packages(colcon_meta) check parameters
[0.240s] Level 1:colcon.colcon_core.package_discovery:discover_packages(recursive) check parameters
[0.241s] Level 1:colcon.colcon_core.package_discovery:discover_packages(ignore) check parameters
[0.241s] Level 1:colcon.colcon_core.package_discovery:discover_packages(path) check parameters
[0.241s] Level 1:colcon.colcon_core.package_discovery:discover_packages(colcon_meta) discover
[0.241s] Level 1:colcon.colcon_core.package_discovery:discover_packages(recursive) discover
[0.241s] INFO:colcon.colcon_core.package_discovery:Crawling recursively for packages in '/home/quim/robotica_ros/P_final'
[0.241s] Level 1:colcon.colcon_core.package_identification:_identify(.) by extensions ['ignore', 'ignore_ament_install']
[0.241s] Level 1:colcon.colcon_core.package_identification:_identify(.) by extension 'ignore'
[0.241s] Level 1:colcon.colcon_core.package_identification:_identify(.) by extension 'ignore_ament_install'
[0.241s] Level 1:colcon.colcon_core.package_identification:_identify(.) by extensions ['colcon_pkg']
[0.241s] Level 1:colcon.colcon_core.package_identification:_identify(.) by extension 'colcon_pkg'
[0.241s] Level 1:colcon.colcon_core.package_identification:_identify(.) by extensions ['colcon_meta']
[0.241s] Level 1:colcon.colcon_core.package_identification:_identify(.) by extension 'colcon_meta'
[0.241s] Level 1:colcon.colcon_core.package_identification:_identify(.) by extensions ['ros']
[0.241s] Level 1:colcon.colcon_core.package_identification:_identify(.) by extension 'ros'
[0.254s] Level 1:colcon.colcon_core.package_identification:_identify(.) by extensions ['cmake', 'python']
[0.254s] Level 1:colcon.colcon_core.package_identification:_identify(.) by extension 'cmake'
[0.254s] Level 1:colcon.colcon_core.package_identification:_identify(.) by extension 'python'
[0.254s] Level 1:colcon.colcon_core.package_identification:_identify(.) by extensions ['python_setup_py']
[0.254s] Level 1:colcon.colcon_core.package_identification:_identify(.) by extension 'python_setup_py'
[0.254s] Level 1:colcon.colcon_core.package_identification:_identify(build) by extensions ['ignore', 'ignore_ament_install']
[0.255s] Level 1:colcon.colcon_core.package_identification:_identify(build) by extension 'ignore'
[0.255s] Level 1:colcon.colcon_core.package_identification:_identify(build) ignored
[0.255s] Level 1:colcon.colcon_core.package_identification:_identify(install) by extensions ['ignore', 'ignore_ament_install']
[0.255s] Level 1:colcon.colcon_core.package_identification:_identify(install) by extension 'ignore'
[0.255s] Level 1:colcon.colcon_core.package_identification:_identify(install) ignored
[0.255s] Level 1:colcon.colcon_core.package_identification:_identify(log) by extensions ['ignore', 'ignore_ament_install']
[0.255s] Level 1:colcon.colcon_core.package_identification:_identify(log) by extension 'ignore'
[0.255s] Level 1:colcon.colcon_core.package_identification:_identify(log) ignored
[0.255s] Level 1:colcon.colcon_core.package_identification:_identify(src) by extensions ['ignore', 'ignore_ament_install']
[0.255s] Level 1:colcon.colcon_core.package_identification:_identify(src) by extension 'ignore'
[0.256s] Level 1:colcon.colcon_core.package_identification:_identify(src) by extension 'ignore_ament_install'
[0.256s] Level 1:colcon.colcon_core.package_identification:_identify(src) by extensions ['colcon_pkg']
[0.256s] Level 1:colcon.colcon_core.package_identification:_identify(src) by extension 'colcon_pkg'
[0.256s] Level 1:colcon.colcon_core.package_identification:_identify(src) by extensions ['colcon_meta']
[0.256s] Level 1:colcon.colcon_core.package_identification:_identify(src) by extension 'colcon_meta'
[0.256s] Level 1:colcon.colcon_core.package_identification:_identify(src) by extensions ['ros']
[0.256s] Level 1:colcon.colcon_core.package_identification:_identify(src) by extension 'ros'
[0.256s] Level 1:colcon.colcon_core.package_identification:_identify(src) by extensions ['cmake', 'python']
[0.256s] Level 1:colcon.colcon_core.package_identification:_identify(src) by extension 'cmake'
[0.256s] Level 1:colcon.colcon_core.package_identification:_identify(src) by extension 'python'
[0.256s] Level 1:colcon.colcon_core.package_identification:_identify(src) by extensions ['python_setup_py']
[0.256s] Level 1:colcon.colcon_core.package_identification:_identify(src) by extension 'python_setup_py'
[0.256s] Level 1:colcon.colcon_core.package_identification:_identify(src/frontier_explorer) by extensions ['ignore', 'ignore_ament_install']
[0.256s] Level 1:colcon.colcon_core.package_identification:_identify(src/frontier_explorer) by extension 'ignore'
[0.256s] Level 1:colcon.colcon_core.package_identification:_identify(src/frontier_explorer) by extension 'ignore_ament_install'
[0.256s] Level 1:colcon.colcon_core.package_identification:_identify(src/frontier_explorer) by extensions ['colcon_pkg']
[0.256s] Level 1:colcon.colcon_core.package_identification:_identify(src/frontier_explorer) by extension 'colcon_pkg'
[0.256s] Level 1:colcon.colcon_core.package_identification:_identify(src/frontier_explorer) by extensions ['colcon_meta']
[0.256s] Level 1:colcon.colcon_core.package_identification:_identify(src/frontier_explorer) by extension 'colcon_meta'
[0.256s] Level 1:colcon.colcon_core.package_identification:_identify(src/frontier_explorer) by extensions ['ros']
[0.256s] Level 1:colcon.colcon_core.package_identification:_identify(src/frontier_explorer) by extension 'ros'
[0.259s] DEBUG:colcon.colcon_core.package_identification:Package 'src/frontier_explorer' with type 'ros.ament_python' and name 'frontier_explorer'
[0.259s] Level 1:colcon.colcon_core.package_identification:_identify(src/global_planner) by extensions ['ignore', 'ignore_ament_install']
[0.259s] Level 1:colcon.colcon_core.package_identification:_identify(src/global_planner) by extension 'ignore'
[0.259s] Level 1:colcon.colcon_core.package_identification:_identify(src/global_planner) by extension 'ignore_ament_install'
[0.260s] Level 1:colcon.colcon_core.package_identification:_identify(src/global_planner) by extensions ['colcon_pkg']
[0.260s] Level 1:colcon.colcon_core.package_identification:_identify(src/global_planner) by extension 'colcon_pkg'
[0.260s] Level 1:colcon.colcon_core.package_identification:_identify(src/global_planner) by extensions ['colcon_meta']
[0.260s] Level 1:colcon.colcon_core.package_identification:_identify(src/global_planner) by extension 'colcon_meta'
[0.260s] Level 1:colcon.colcon_core.package_identification:_identify(src/global_planner) by extensions ['ros']
[0.260s] Level 1:colcon.colcon_core.package_identification:_identify(src/global_planner) by extension 'ros'
[0.260s] DEBUG:colcon.colcon_core.package_identification:Package 'src/global_planner' with type 'ros.ament_python' and name 'global_planner'
[0.260s] Level 1:colcon.colcon_core.package_identification:_identify(src/local_planner) by extensions ['ignore', 'ignore_ament_install']
[0.260s] Level 1:colcon.colcon_core.package_identification:_identify(src/local_planner) by extension 'ignore'
[0.260s] Level 1:colcon.colcon_core.package_identification:_identify(src/local_planner) by extension 'ignore_ament_install'
[0.260s] Level 1:colcon.colcon_core.package_identification:_identify(src/local_planner) by extensions ['colcon_pkg']
[0.260s] Level 1:colcon.colcon_core.package_identification:_identify(src/local_planner) by extension 'colcon_pkg'
[0.260s] Level 1:colcon.colcon_core.package_identification:_identify(src/local_planner) by extensions ['colcon_meta']
[0.260s] Level 1:colcon.colcon_core.package_identification:_identify(src/local_planner) by extension 'colcon_meta'
[0.260s] Level 1:colcon.colcon_core.package_identification:_identify(src/local_planner) by extensions ['ros']
[0.261s] Level 1:colcon.colcon_core.package_identification:_identify(src/local_planner) by extension 'ros'
[0.261s] DEBUG:colcon.colcon_core.package_identification:Package 'src/local_planner' with type 'ros.ament_python' and name 'local_planner'
[0.261s] Level 1:colcon.colcon_core.package_identification:_identify(src/roomba_screenshots) by extensions ['ignore', 'ignore_ament_install']
[0.261s] Level 1:colcon.colcon_core.package_identification:_identify(src/roomba_screenshots) by extension 'ignore'
[0.261s] Level 1:colcon.colcon_core.package_identification:_identify(src/roomba_screenshots) by extension 'ignore_ament_install'
[0.261s] Level 1:colcon.colcon_core.package_identification:_identify(src/roomba_screenshots) by extensions ['colcon_pkg']
[0.261s] Level 1:colcon.colcon_core.package_identification:_identify(src/roomba_screenshots) by extension 'colcon_pkg'
[0.261s] Level 1:colcon.colcon_core.package_identification:_identify(src/roomba_screenshots) by extensions ['colcon_meta']
[0.261s] Level 1:colcon.colcon_core.package_identification:_identify(src/roomba_screenshots) by extension 'colcon_meta'
[0.261s] Level 1:colcon.colcon_core.package_identification:_identify(src/roomba_screenshots) by extensions ['ros']
[0.261s] Level 1:colcon.colcon_core.package_identification:_identify(src/roomba_screenshots) by extension 'ros'
[0.261s] Level 1:colcon.colcon_core.package_identification:_identify(src/roomba_screenshots) by extensions ['cmake', 'python']
[0.261s] Level 1:colcon.colcon_core.package_identification:_identify(src/roomba_screenshots) by extension 'cmake'
[0.261s] Level 1:colcon.colcon_core.package_identification:_identify(src/roomba_screenshots) by extension 'python'
[0.261s] Level 1:colcon.colcon_core.package_identification:_identify(src/roomba_screenshots) by extensions ['python_setup_py']
[0.261s] Level 1:colcon.colcon_core.package_identification:_identify(src/roomba_screenshots) by extension 'python_setup_py'
[0.262s] Level 1:colcon.colcon_core.package_identification:_identify(src/rosni2_description) by extensions ['ignore', 'ignore_ament_install']
[0.262s] Level 1:colcon.colcon_core.package_identification:_identify(src/rosni2_description) by extension 'ignore'
[0.262s] Level 1:colcon.colcon_core.package_identification:_identify(src/rosni2_description) by extension 'ignore_ament_install'
[0.262s] Level 1:colcon.colcon_core.package_identification:_identify(src/rosni2_description) by extensions ['colcon_pkg']
[0.262s] Level 1:colcon.colcon_core.package_identification:_identify(src/rosni2_description) by extension 'colcon_pkg'
[0.262s] Level 1:colcon.colcon_core.package_identification:_identify(src/rosni2_description) by extensions ['colcon_meta']
[0.262s] Level 1:colcon.colcon_core.package_identification:_identify(src/rosni2_description) by extension 'colcon_meta'
[0.262s] Level 1:colcon.colcon_core.package_identification:_identify(src/rosni2_description) by extensions ['ros']
[0.262s] Level 1:colcon.colcon_core.package_identification:_identify(src/rosni2_description) by extension 'ros'
[0.262s] DEBUG:colcon.colcon_core.package_identification:Package 'src/rosni2_description' with type 'ros.ament_cmake' and name 'rosni2_description'
[0.262s] Level 1:colcon.colcon_core.package_identification:_identify(src/rosni2_gazebo) by extensions ['ignore', 'ignore_ament_install']
[0.262s] Level 1:colcon.colcon_core.package_identification:_identify(src/rosni2_gazebo) by extension 'ignore'
[0.262s] Level 1:colcon.colcon_core.package_identification:_identify(src/rosni2_gazebo) by extension 'ignore_ament_install'
[0.262s] Level 1:colcon.colcon_core.package_identification:_identify(src/rosni2_gazebo) by extensions ['colcon_pkg']
[0.262s] Level 1:colcon.colcon_core.package_identification:_identify(src/rosni2_gazebo) by extension 'colcon_pkg'
[0.262s] Level 1:colcon.colcon_core.package_identification:_identify(src/rosni2_gazebo) by extensions ['colcon_meta']
[0.262s] Level 1:colcon.colcon_core.package_identification:_identify(src/rosni2_gazebo) by extension 'colcon_meta'
[0.262s] Level 1:colcon.colcon_core.package_identification:_identify(src/rosni2_gazebo) by extensions ['ros']
[0.262s] Level 1:colcon.colcon_core.package_identification:_identify(src/rosni2_gazebo) by extension 'ros'
[0.263s] DEBUG:colcon.colcon_core.package_identification:Package 'src/rosni2_gazebo' with type 'ros.ament_cmake' and name 'rosni2_gazebo'
[0.263s] Level 1:colcon.colcon_core.package_identification:_identify(src/rosni_robot) by extensions ['ignore', 'ignore_ament_install']
[0.263s] Level 1:colcon.colcon_core.package_identification:_identify(src/rosni_robot) by extension 'ignore'
[0.263s] Level 1:colcon.colcon_core.package_identification:_identify(src/rosni_robot) by extension 'ignore_ament_install'
[0.263s] Level 1:colcon.colcon_core.package_identification:_identify(src/rosni_robot) by extensions ['colcon_pkg']
[0.263s] Level 1:colcon.colcon_core.package_identification:_identify(src/rosni_robot) by extension 'colcon_pkg'
[0.263s] Level 1:colcon.colcon_core.package_identification:_identify(src/rosni_robot) by extensions ['colcon_meta']
[0.263s] Level 1:colcon.colcon_core.package_identification:_identify(src/rosni_robot) by extension 'colcon_meta'
[0.263s] Level 1:colcon.colcon_core.package_identification:_identify(src/rosni_robot) by extensions ['ros']
[0.263s] Level 1:colcon.colcon_core.package_identification:_identify(src/rosni_robot) by extension 'ros'
[0.264s] DEBUG:colcon.colcon_core.package_identification:Package 'src/rosni_robot' with type 'ros.ament_python' and name 'rosni_robot'
[0.264s] Level 1:colcon.colcon_core.package_identification:_identify(src/videos_rosni_sim) by extensions ['ignore', 'ignore_ament_install']
[0.264s] Level 1:colcon.colcon_core.package_identification:_identify(src/videos_rosni_sim) by extension 'ignore'
[0.264s] Level 1:colcon.colcon_core.package_identification:_identify(src/videos_rosni_sim) by extension 'ignore_ament_install'
[0.264s] Level 1:colcon.colcon_core.package_identification:_identify(src/videos_rosni_sim) by extensions ['colcon_pkg']
[0.264s] Level 1:colcon.colcon_core.package_identification:_identify(src/videos_rosni_sim) by extension 'colcon_pkg'
[0.264s] Level 1:colcon.colcon_core.package_identification:_identify(src/videos_rosni_sim) by extensions ['colcon_meta']
[0.264s] Level 1:colcon.colcon_core.package_identification:_identify(src/videos_rosni_sim) by extension 'colcon_meta'
[0.264s] Level 1:colcon.colcon_core.package_identification:_identify(src/videos_rosni_sim) by extensions ['ros']
[0.264s] Level 1:colcon.colcon_core.package_identification:_identify(src/videos_rosni_sim) by extension 'ros'
[0.264s] Level 1:colcon.colcon_core.package_identification:_identify(src/videos_rosni_sim) by extensions ['cmake', 'python']
[0.264s] Level 1:colcon.colcon_core.package_identification:_identify(src/videos_rosni_sim) by extension 'cmake'
[0.264s] Level 1:colcon.colcon_core.package_identification:_identify(src/videos_rosni_sim) by extension 'python'
[0.264s] Level 1:colcon.colcon_core.package_identification:_identify(src/videos_rosni_sim) by extensions ['python_setup_py']
[0.264s] Level 1:colcon.colcon_core.package_identification:_identify(src/videos_rosni_sim) by extension 'python_setup_py'
[0.264s] Level 1:colcon.colcon_core.package_discovery:discover_packages(recursive) using defaults
[0.265s] Level 1:colcon.colcon_core.package_discovery:discover_packages(ignore) discover
[0.265s] Level 1:colcon.colcon_core.package_discovery:discover_packages(ignore) using defaults
[0.265s] Level 1:colcon.colcon_core.package_discovery:discover_packages(path) discover
[0.265s] Level 1:colcon.colcon_core.package_discovery:discover_packages(path) using defaults
[0.293s] Level 1:colcon.colcon_core.package_discovery:discover_packages(prefix_path) check parameters
[0.293s] Level 1:colcon.colcon_core.package_discovery:discover_packages(prefix_path) discover
[0.295s] DEBUG:colcon.colcon_installed_package_information.package_discovery:Found 6 installed packages in /home/quim/robotica_ros/P_final/install
[0.297s] DEBUG:colcon.colcon_installed_package_information.package_discovery:Found 363 installed packages in /opt/ros/humble
[0.298s] Level 1:colcon.colcon_core.package_discovery:discover_packages(prefix_path) using defaults
[0.334s] Level 5:colcon.colcon_core.verb:set package 'frontier_explorer' build argument 'cmake_args' from command line to 'None'
[0.334s] Level 5:colcon.colcon_core.verb:set package 'frontier_explorer' build argument 'cmake_target' from command line to 'None'
[0.334s] Level 5:colcon.colcon_core.verb:set package 'frontier_explorer' build argument 'cmake_target_skip_unavailable' from command line to 'False'
[0.334s] Level 5:colcon.colcon_core.verb:set package 'frontier_explorer' build argument 'cmake_clean_cache' from command line to 'False'
[0.334s] Level 5:colcon.colcon_core.verb:set package 'frontier_explorer' build argument 'cmake_clean_first' from command line to 'False'
[0.334s] Level 5:colcon.colcon_core.verb:set package 'frontier_explorer' build argument 'cmake_force_configure' from command line to 'False'
[0.334s] Level 5:colcon.colcon_core.verb:set package 'frontier_explorer' build argument 'ament_cmake_args' from command line to 'None'
[0.334s] Level 5:colcon.colcon_core.verb:set package 'frontier_explorer' build argument 'catkin_cmake_args' from command line to 'None'
[0.334s] Level 5:colcon.colcon_core.verb:set package 'frontier_explorer' build argument 'catkin_skip_building_tests' from command line to 'False'
[0.334s] DEBUG:colcon.colcon_core.verb:Building package 'frontier_explorer' with the following arguments: {'ament_cmake_args': None, 'build_base': '/home/quim/robotica_ros/P_final/build/frontier_explorer', 'catkin_cmake_args': None, 'catkin_skip_building_tests': False, 'cmake_args': None, 'cmake_clean_cache': False, 'cmake_clean_first': False, 'cmake_force_configure': False, 'cmake_target': None, 'cmake_target_skip_unavailable': False, 'install_base': '/home/quim/robotica_ros/P_final/install/frontier_explorer', 'merge_install': False, 'path': '/home/quim/robotica_ros/P_final/src/frontier_explorer', 'symlink_install': False, 'test_result_base': None}
[0.334s] Level 5:colcon.colcon_core.verb:set package 'global_planner' build argument 'cmake_args' from command line to 'None'
[0.334s] Level 5:colcon.colcon_core.verb:set package 'global_planner' build argument 'cmake_target' from command line to 'None'
[0.334s] Level 5:colcon.colcon_core.verb:set package 'global_planner' build argument 'cmake_target_skip_unavailable' from command line to 'False'
[0.334s] Level 5:colcon.colcon_core.verb:set package 'global_planner' build argument 'cmake_clean_cache' from command line to 'False'
[0.334s] Level 5:colcon.colcon_core.verb:set package 'global_planner' build argument 'cmake_clean_first' from command line to 'False'
[0.334s] Level 5:colcon.colcon_core.verb:set package 'global_planner' build argument 'cmake_force_configure' from command line to 'False'
[0.334s] Level 5:colcon.colcon_core.verb:set package 'global_planner' build argument 'ament_cmake_args' from command line to 'None'
[0.334s] Level 5:colcon.colcon_core.verb:set package 'global_planner' build argument 'catkin_cmake_args' from command line to 'None'
[0.334s] Level 5:colcon.colcon_core.verb:set package 'global_planner' build argument 'catkin_skip_building_tests' from command line to 'False'
[0.334s] DEBUG:colcon.colcon_core.verb:Building package 'global_planner' with the following arguments: {'ament_cmake_args': None, 'build_base': '/home/quim/robotica_ros/P_final/build/global_planner', 'catkin_cmake_args': None, 'catkin_skip_building_tests': False, 'cmake_args': None, 'cmake_clean_cache': False, 'cmake_clean_first': False, 'cmake_force_configure': False, 'cmake_target': None, 'cmake_target_skip_unavailable': False, 'install_base': '/home/quim/robotica_ros/P_final/install/global_planner', 'merge_install': False, 'path': '/home/quim/robotica_ros/P_final/src/global_planner', 'symlink_install': False, 'test_result_base': None}
[0.335s] Level 5:colcon.colcon_core.verb:set package 'local_planner' build argument 'cmake_args' from command line to 'None'
[0.335s] Level 5:colcon.colcon_core.verb:set package 'local_planner' build argument 'cmake_target' from command line to 'None'
[0.335s] Level 5:colcon.colcon_core.verb:set package 'local_planner' build argument 'cmake_target_skip_unavailable' from command line to 'False'
[0.335s] Level 5:colcon.colcon_core.verb:set package 'local_planner' build argument 'cmake_clean_cache' from command line to 'False'
[0.335s] Level 5:colcon.colcon_core.verb:set package 'local_planner' build argument 'cmake_clean_first' from command line to 'False'
[0.335s] Level 5:colcon.colcon_core.verb:set package 'local_planner' build argument 'cmake_force_configure' from command line to 'False'
[0.335s] Level 5:colcon.colcon_core.verb:set package 'local_planner' build argument 'ament_cmake_args' from command line to 'None'
[0.335s] Level 5:colcon.colcon_core.verb:set package 'local_planner' build argument 'catkin_cmake_args' from command line to 'None'
[0.335s] Level 5:colcon.colcon_core.verb:set package 'local_planner' build argument 'catkin_skip_building_tests' from command line to 'False'
[0.335s] DEBUG:colcon.colcon_core.verb:Building package 'local_planner' with the following arguments: {'ament_cmake_args': None, 'build_base': '/home/quim/robotica_ros/P_final/build/local_planner', 'catkin_cmake_args': None, 'catkin_skip_building_tests': False, 'cmake_args': None, 'cmake_clean_cache': False, 'cmake_clean_first': False, 'cmake_force_configure': False, 'cmake_target': None, 'cmake_target_skip_unavailable': False, 'install_base': '/home/quim/robotica_ros/P_final/install/local_planner', 'merge_install': False, 'path': '/home/quim/robotica_ros/P_final/src/local_planner', 'symlink_install': False, 'test_result_base': None}
[0.336s] Level 5:colcon.colcon_core.verb:set package 'rosni2_description' build argument 'cmake_args' from command line to 'None'
[0.336s] Level 5:colcon.colcon_core.verb:set package 'rosni2_description' build argument 'cmake_target' from command line to 'None'
[0.336s] Level 5:colcon.colcon_core.verb:set package 'rosni2_description' build argument 'cmake_target_skip_unavailable' from command line to 'False'
[0.336s] Level 5:colcon.colcon_core.verb:set package 'rosni2_description' build argument 'cmake_clean_cache' from command line to 'False'
[0.336s] Level 5:colcon.colcon_core.verb:set package 'rosni2_description' build argument 'cmake_clean_first' from command line to 'False'
[0.336s] Level 5:colcon.colcon_core.verb:set package 'rosni2_description' build argument 'cmake_force_configure' from command line to 'False'
[0.336s] Level 5:colcon.colcon_core.verb:set package 'rosni2_description' build argument 'ament_cmake_args' from command line to 'None'
[0.336s] Level 5:colcon.colcon_core.verb:set package 'rosni2_description' build argument 'catkin_cmake_args' from command line to 'None'
[0.336s] Level 5:colcon.colcon_core.verb:set package 'rosni2_description' build argument 'catkin_skip_building_tests' from command line to 'False'
[0.336s] DEBUG:colcon.colcon_core.verb:Building package 'rosni2_description' with the following arguments: {'ament_cmake_args': None, 'build_base': '/home/quim/robotica_ros/P_final/build/rosni2_description', 'catkin_cmake_args': None, 'catkin_skip_building_tests': False, 'cmake_args': None, 'cmake_clean_cache': False, 'cmake_clean_first': False, 'cmake_force_configure': False, 'cmake_target': None, 'cmake_target_skip_unavailable': False, 'install_base': '/home/quim/robotica_ros/P_final/install/rosni2_description', 'merge_install': False, 'path': '/home/quim/robotica_ros/P_final/src/rosni2_description', 'symlink_install': False, 'test_result_base': None}
[0.336s] Level 5:colcon.colcon_core.verb:set package 'rosni_robot' build argument 'cmake_args' from command line to 'None'
[0.336s] Level 5:colcon.colcon_core.verb:set package 'rosni_robot' build argument 'cmake_target' from command line to 'None'
[0.336s] Level 5:colcon.colcon_core.verb:set package 'rosni_robot' build argument 'cmake_target_skip_unavailable' from command line to 'False'
[0.336s] Level 5:colcon.colcon_core.verb:set package 'rosni_robot' build argument 'cmake_clean_cache' from command line to 'False'
[0.336s] Level 5:colcon.colcon_core.verb:set package 'rosni_robot' build argument 'cmake_clean_first' from command line to 'False'
[0.336s] Level 5:colcon.colcon_core.verb:set package 'rosni_robot' build argument 'cmake_force_configure' from command line to 'False'
[0.336s] Level 5:colcon.colcon_core.verb:set package 'rosni_robot' build argument 'ament_cmake_args' from command line to 'None'
[0.336s] Level 5:colcon.colcon_core.verb:set package 'rosni_robot' build argument 'catkin_cmake_args' from command line to 'None'
[0.336s] Level 5:colcon.colcon_core.verb:set package 'rosni_robot' build argument 'catkin_skip_building_tests' from command line to 'False'
[0.336s] DEBUG:colcon.colcon_core.verb:Building package 'rosni_robot' with the following arguments: {'ament_cmake_args': None, 'build_base': '/home/quim/robotica_ros/P_final/build/rosni_robot', 'catkin_cmake_args': None, 'catkin_skip_building_tests': False, 'cmake_args': None, 'cmake_clean_cache': False, 'cmake_clean_first': False, 'cmake_force_configure': False, 'cmake_target': None, 'cmake_target_skip_unavailable': False, 'install_base': '/home/quim/robotica_ros/P_final/install/rosni_robot', 'merge_install': False, 'path': '/home/quim/robotica_ros/P_final/src/rosni_robot', 'symlink_install': False, 'test_result_base': None}
[0.337s] Level 5:colcon.colcon_core.verb:set package 'rosni2_gazebo' build argument 'cmake_args' from command line to 'None'
[0.337s] Level 5:colcon.colcon_core.verb:set package 'rosni2_gazebo' build argument 'cmake_target' from command line to 'None'
[0.337s] Level 5:colcon.colcon_core.verb:set package 'rosni2_gazebo' build argument 'cmake_target_skip_unavailable' from command line to 'False'
[0.337s] Level 5:colcon.colcon_core.verb:set package 'rosni2_gazebo' build argument 'cmake_clean_cache' from command line to 'False'
[0.337s] Level 5:colcon.colcon_core.verb:set package 'rosni2_gazebo' build argument 'cmake_clean_first' from command line to 'False'
[0.337s] Level 5:colcon.colcon_core.verb:set package 'rosni2_gazebo' build argument 'cmake_force_configure' from command line to 'False'
[0.337s] Level 5:colcon.colcon_core.verb:set package 'rosni2_gazebo' build argument 'ament_cmake_args' from command line to 'None'
[0.337s] Level 5:colcon.colcon_core.verb:set package 'rosni2_gazebo' build argument 'catkin_cmake_args' from command line to 'None'
[0.337s] Level 5:colcon.colcon_core.verb:set package 'rosni2_gazebo' build argument 'catkin_skip_building_tests' from command line to 'False'
[0.337s] DEBUG:colcon.colcon_core.verb:Building package 'rosni2_gazebo' with the following arguments: {'ament_cmake_args': None, 'build_base': '/home/quim/robotica_ros/P_final/build/rosni2_gazebo', 'catkin_cmake_args': None, 'catkin_skip_building_tests': False, 'cmake_args': None, 'cmake_clean_cache': False, 'cmake_clean_first': False, 'cmake_force_configure': False, 'cmake_target': None, 'cmake_target_skip_unavailable': False, 'install_base': '/home/quim/robotica_ros/P_final/install/rosni2_gazebo', 'merge_install': False, 'path': '/home/quim/robotica_ros/P_final/src/rosni2_gazebo', 'symlink_install': False, 'test_result_base': None}
[0.337s] INFO:colcon.colcon_core.executor:Executing jobs using 'parallel' executor
[0.338s] DEBUG:colcon.colcon_parallel_executor.executor.parallel:run_until_complete
[0.338s] INFO:colcon.colcon_ros.task.ament_cmake.build:Building ROS package in '/home/quim/robotica_ros/P_final/src/rosni2_description' with build type 'ament_cmake'
[0.338s] INFO:colcon.colcon_cmake.task.cmake.build:Building CMake package in '/home/quim/robotica_ros/P_final/src/rosni2_description'
[0.340s] INFO:colcon.colcon_core.plugin_system:Skipping extension 'colcon_core.shell.bat': Not used on non-Windows systems
[0.340s] INFO:colcon.colcon_core.shell:Skip shell extension 'powershell' for command environment: Not usable outside of PowerShell
[0.340s] DEBUG:colcon.colcon_core.shell:Skip shell extension 'dsv' for command environment
[0.344s] INFO:colcon.colcon_ros.task.ament_python.build:Building ROS package in '/home/quim/robotica_ros/P_final/src/frontier_explorer' with build type 'ament_python'
[0.344s] Level 1:colcon.colcon_core.shell:create_environment_hook('frontier_explorer', 'ament_prefix_path')
[0.344s] INFO:colcon.colcon_core.shell:Creating environment hook '/home/quim/robotica_ros/P_final/install/frontier_explorer/share/frontier_explorer/hook/ament_prefix_path.ps1'
[0.345s] INFO:colcon.colcon_core.shell:Creating environment descriptor '/home/quim/robotica_ros/P_final/install/frontier_explorer/share/frontier_explorer/hook/ament_prefix_path.dsv'
[0.346s] INFO:colcon.colcon_core.shell:Creating environment hook '/home/quim/robotica_ros/P_final/install/frontier_explorer/share/frontier_explorer/hook/ament_prefix_path.sh'
[0.346s] INFO:colcon.colcon_core.shell:Skip shell extension 'powershell' for command environment: Not usable outside of PowerShell
[0.346s] DEBUG:colcon.colcon_core.shell:Skip shell extension 'dsv' for command environment
[0.349s] INFO:colcon.colcon_ros.task.ament_python.build:Building ROS package in '/home/quim/robotica_ros/P_final/src/global_planner' with build type 'ament_python'
[0.349s] Level 1:colcon.colcon_core.shell:create_environment_hook('global_planner', 'ament_prefix_path')
[0.350s] INFO:colcon.colcon_core.shell:Creating environment hook '/home/quim/robotica_ros/P_final/install/global_planner/share/global_planner/hook/ament_prefix_path.ps1'
[0.350s] INFO:colcon.colcon_core.shell:Creating environment descriptor '/home/quim/robotica_ros/P_final/install/global_planner/share/global_planner/hook/ament_prefix_path.dsv'
[0.351s] INFO:colcon.colcon_core.shell:Creating environment hook '/home/quim/robotica_ros/P_final/install/global_planner/share/global_planner/hook/ament_prefix_path.sh'
[0.352s] INFO:colcon.colcon_core.shell:Skip shell extension 'powershell' for command environment: Not usable outside of PowerShell
[0.352s] DEBUG:colcon.colcon_core.shell:Skip shell extension 'dsv' for command environment
[0.355s] INFO:colcon.colcon_ros.task.ament_python.build:Building ROS package in '/home/quim/robotica_ros/P_final/src/local_planner' with build type 'ament_python'
[0.355s] Level 1:colcon.colcon_core.shell:create_environment_hook('local_planner', 'ament_prefix_path')
[0.355s] INFO:colcon.colcon_core.shell:Creating environment hook '/home/quim/robotica_ros/P_final/install/local_planner/share/local_planner/hook/ament_prefix_path.ps1'
[0.356s] INFO:colcon.colcon_core.shell:Creating environment descriptor '/home/quim/robotica_ros/P_final/install/local_planner/share/local_planner/hook/ament_prefix_path.dsv'
[0.357s] INFO:colcon.colcon_core.shell:Creating environment hook '/home/quim/robotica_ros/P_final/install/local_planner/share/local_planner/hook/ament_prefix_path.sh'
[0.357s] INFO:colcon.colcon_core.shell:Skip shell extension 'powershell' for command environment: Not usable outside of PowerShell
[0.357s] DEBUG:colcon.colcon_core.shell:Skip shell extension 'dsv' for command environment
[0.361s] INFO:colcon.colcon_ros.task.ament_python.build:Building ROS package in '/home/quim/robotica_ros/P_final/src/rosni_robot' with build type 'ament_python'
[0.361s] Level 1:colcon.colcon_core.shell:create_environment_hook('rosni_robot', 'ament_prefix_path')
[0.362s] INFO:colcon.colcon_core.shell:Creating environment hook '/home/quim/robotica_ros/P_final/install/rosni_robot/share/rosni_robot/hook/ament_prefix_path.ps1'
[0.363s] INFO:colcon.colcon_core.shell:Creating environment descriptor '/home/quim/robotica_ros/P_final/install/rosni_robot/share/rosni_robot/hook/ament_prefix_path.dsv'
[0.364s] INFO:colcon.colcon_core.shell:Creating environment hook '/home/quim/robotica_ros/P_final/install/rosni_robot/share/rosni_robot/hook/ament_prefix_path.sh'
[0.364s] INFO:colcon.colcon_core.shell:Skip shell extension 'powershell' for command environment: Not usable outside of PowerShell
[0.364s] DEBUG:colcon.colcon_core.shell:Skip shell extension 'dsv' for command environment
[0.375s] DEBUG:colcon.colcon_core.event_handler.log_command:Invoking command in '/home/quim/robotica_ros/P_final/build/rosni2_description': CMAKE_PREFIX_PATH=${CMAKE_PREFIX_PATH}:/home/quim/robotica_ros/P_final/install/rosni_robot:/home/quim/robotica_ros/P_final/install/local_planner:/home/quim/robotica_ros/P_final/install/global_planner:/home/quim/robotica_ros/P_final/install/frontier_explorer:/opt/ros/humble /usr/bin/cmake --build /home/quim/robotica_ros/P_final/build/rosni2_description -- -j8 -l8
[0.613s] INFO:colcon.colcon_core.task.python.build:Building Python package in '/home/quim/robotica_ros/P_final/src/frontier_explorer'
[0.613s] INFO:colcon.colcon_core.shell:Skip shell extension 'powershell' for command environment: Not usable outside of PowerShell
[0.613s] DEBUG:colcon.colcon_core.shell:Skip shell extension 'dsv' for command environment
[0.847s] INFO:colcon.colcon_core.task.python.build:Building Python package in '/home/quim/robotica_ros/P_final/src/global_planner'
[0.847s] INFO:colcon.colcon_core.shell:Skip shell extension 'powershell' for command environment: Not usable outside of PowerShell
[0.848s] DEBUG:colcon.colcon_core.shell:Skip shell extension 'dsv' for command environment
[1.076s] INFO:colcon.colcon_core.task.python.build:Building Python package in '/home/quim/robotica_ros/P_final/src/local_planner'
[1.076s] INFO:colcon.colcon_core.shell:Skip shell extension 'powershell' for command environment: Not usable outside of PowerShell
[1.076s] DEBUG:colcon.colcon_core.shell:Skip shell extension 'dsv' for command environment
[1.316s] INFO:colcon.colcon_core.task.python.build:Building Python package in '/home/quim/robotica_ros/P_final/src/rosni_robot'
[1.316s] INFO:colcon.colcon_core.shell:Skip shell extension 'powershell' for command environment: Not usable outside of PowerShell
[1.317s] DEBUG:colcon.colcon_core.shell:Skip shell extension 'dsv' for command environment
[1.321s] DEBUG:colcon.colcon_core.event_handler.log_command:Invoked command in '/home/quim/robotica_ros/P_final/build/rosni2_description' returned '0': CMAKE_PREFIX_PATH=${CMAKE_PREFIX_PATH}:/home/quim/robotica_ros/P_final/install/rosni_robot:/home/quim/robotica_ros/P_final/install/local_planner:/home/quim/robotica_ros/P_final/install/global_planner:/home/quim/robotica_ros/P_final/install/frontier_explorer:/opt/ros/humble /usr/bin/cmake --build /home/quim/robotica_ros/P_final/build/rosni2_description -- -j8 -l8
[1.355s] DEBUG:colcon.colcon_core.event_handler.log_command:Invoking command in '/home/quim/robotica_ros/P_final/build/rosni2_description': CMAKE_PREFIX_PATH=${CMAKE_PREFIX_PATH}:/home/quim/robotica_ros/P_final/install/rosni_robot:/home/quim/robotica_ros/P_final/install/local_planner:/home/quim/robotica_ros/P_final/install/global_planner:/home/quim/robotica_ros/P_final/install/frontier_explorer:/opt/ros/humble /usr/bin/cmake --install /home/quim/robotica_ros/P_final/build/rosni2_description
[1.369s] Level 1:colcon.colcon_core.environment:create_environment_scripts_only(rosni2_description)
[1.370s] DEBUG:colcon.colcon_core.event_handler.log_command:Invoked command in '/home/quim/robotica_ros/P_final/build/rosni2_description' returned '0': CMAKE_PREFIX_PATH=${CMAKE_PREFIX_PATH}:/home/quim/robotica_ros/P_final/install/rosni_robot:/home/quim/robotica_ros/P_final/install/local_planner:/home/quim/robotica_ros/P_final/install/global_planner:/home/quim/robotica_ros/P_final/install/frontier_explorer:/opt/ros/humble /usr/bin/cmake --install /home/quim/robotica_ros/P_final/build/rosni2_description
[1.374s] Level 1:colcon.colcon_core.environment:checking '/home/quim/robotica_ros/P_final/install/rosni2_description' for CMake module files
[1.375s] Level 1:colcon.colcon_core.environment:checking '/home/quim/robotica_ros/P_final/install/rosni2_description' for CMake config files
[1.376s] Level 1:colcon.colcon_core.shell:create_environment_hook('rosni2_description', 'cmake_prefix_path')
[1.376s] INFO:colcon.colcon_core.shell:Creating environment hook '/home/quim/robotica_ros/P_final/install/rosni2_description/share/rosni2_description/hook/cmake_prefix_path.ps1'
[1.378s] INFO:colcon.colcon_core.shell:Creating environment descriptor '/home/quim/robotica_ros/P_final/install/rosni2_description/share/rosni2_description/hook/cmake_prefix_path.dsv'
[1.380s] INFO:colcon.colcon_core.shell:Creating environment hook '/home/quim/robotica_ros/P_final/install/rosni2_description/share/rosni2_description/hook/cmake_prefix_path.sh'
[1.382s] Level 1:colcon.colcon_core.environment:checking '/home/quim/robotica_ros/P_final/install/rosni2_description/bin'
[1.382s] Level 1:colcon.colcon_core.environment:checking '/home/quim/robotica_ros/P_final/install/rosni2_description/lib/pkgconfig/rosni2_description.pc'
[1.382s] Level 1:colcon.colcon_core.environment:checking '/home/quim/robotica_ros/P_final/install/rosni2_description/lib/python3.10/site-packages'
[1.383s] Level 1:colcon.colcon_core.environment:checking '/home/quim/robotica_ros/P_final/install/rosni2_description/bin'
[1.383s] INFO:colcon.colcon_core.shell:Creating package script '/home/quim/robotica_ros/P_final/install/rosni2_description/share/rosni2_description/package.ps1'
[1.385s] INFO:colcon.colcon_core.shell:Creating package descriptor '/home/quim/robotica_ros/P_final/install/rosni2_description/share/rosni2_description/package.dsv'
[1.386s] INFO:colcon.colcon_core.shell:Creating package script '/home/quim/robotica_ros/P_final/install/rosni2_description/share/rosni2_description/package.sh'
[1.388s] INFO:colcon.colcon_core.shell:Creating package script '/home/quim/robotica_ros/P_final/install/rosni2_description/share/rosni2_description/package.bash'
[1.390s] INFO:colcon.colcon_core.shell:Creating package script '/home/quim/robotica_ros/P_final/install/rosni2_description/share/rosni2_description/package.zsh'
[1.391s] Level 1:colcon.colcon_core.environment:create_file_with_runtime_dependencies(/home/quim/robotica_ros/P_final/install/rosni2_description/share/colcon-core/packages/rosni2_description)
[1.416s] Level 1:colcon.colcon_core.environment:create_environment_scripts_only(rosni2_description)
[1.417s] Level 1:colcon.colcon_core.environment:checking '/home/quim/robotica_ros/P_final/install/rosni2_description' for CMake module files
[1.417s] Level 1:colcon.colcon_core.environment:checking '/home/quim/robotica_ros/P_final/install/rosni2_description' for CMake config files
[1.418s] Level 1:colcon.colcon_core.shell:create_environment_hook('rosni2_description', 'cmake_prefix_path')
[1.418s] INFO:colcon.colcon_core.shell:Creating environment hook '/home/quim/robotica_ros/P_final/install/rosni2_description/share/rosni2_description/hook/cmake_prefix_path.ps1'
[1.419s] INFO:colcon.colcon_core.shell:Creating environment descriptor '/home/quim/robotica_ros/P_final/install/rosni2_description/share/rosni2_description/hook/cmake_prefix_path.dsv'
[1.419s] INFO:colcon.colcon_core.shell:Creating environment hook '/home/quim/robotica_ros/P_final/install/rosni2_description/share/rosni2_description/hook/cmake_prefix_path.sh'
[1.420s] Level 1:colcon.colcon_core.environment:checking '/home/quim/robotica_ros/P_final/install/rosni2_description/bin'
[1.420s] Level 1:colcon.colcon_core.environment:checking '/home/quim/robotica_ros/P_final/install/rosni2_description/lib/pkgconfig/rosni2_description.pc'
[1.420s] Level 1:colcon.colcon_core.environment:checking '/home/quim/robotica_ros/P_final/install/rosni2_description/lib/python3.10/site-packages'
[1.420s] Level 1:colcon.colcon_core.environment:checking '/home/quim/robotica_ros/P_final/install/rosni2_description/bin'
[1.421s] INFO:colcon.colcon_core.shell:Creating package script '/home/quim/robotica_ros/P_final/install/rosni2_description/share/rosni2_description/package.ps1'
[1.421s] INFO:colcon.colcon_core.shell:Creating package descriptor '/home/quim/robotica_ros/P_final/install/rosni2_description/share/rosni2_description/package.dsv'
[1.422s] INFO:colcon.colcon_core.shell:Creating package script '/home/quim/robotica_ros/P_final/install/rosni2_description/share/rosni2_description/package.sh'
[1.422s] INFO:colcon.colcon_core.shell:Creating package script '/home/quim/robotica_ros/P_final/install/rosni2_description/share/rosni2_description/package.bash'
[1.423s] INFO:colcon.colcon_core.shell:Creating package script '/home/quim/robotica_ros/P_final/install/rosni2_description/share/rosni2_description/package.zsh'
[1.423s] Level 1:colcon.colcon_core.environment:create_file_with_runtime_dependencies(/home/quim/robotica_ros/P_final/install/rosni2_description/share/colcon-core/packages/rosni2_description)
[1.423s] INFO:colcon.colcon_ros.task.ament_cmake.build:Building ROS package in '/home/quim/robotica_ros/P_final/src/rosni2_gazebo' with build type 'ament_cmake'
[1.424s] INFO:colcon.colcon_cmake.task.cmake.build:Building CMake package in '/home/quim/robotica_ros/P_final/src/rosni2_gazebo'
[1.424s] INFO:colcon.colcon_core.shell:Skip shell extension 'powershell' for command environment: Not usable outside of PowerShell
[1.424s] DEBUG:colcon.colcon_core.shell:Skip shell extension 'dsv' for command environment
[1.437s] DEBUG:colcon.colcon_core.event_handler.log_command:Invoking command in '/home/quim/robotica_ros/P_final/build/rosni2_gazebo': CMAKE_PREFIX_PATH=/home/quim/robotica_ros/P_final/install/rosni2_description:/home/quim/robotica_ros/P_final/install/rosni2_gazebo:/home/quim/robotica_ros/P_final/install/rosni_robot:/home/quim/robotica_ros/P_final/install/local_planner:/home/quim/robotica_ros/P_final/install/global_planner:/home/quim/robotica_ros/P_final/install/frontier_explorer:/opt/ros/humble /usr/bin/cmake --build /home/quim/robotica_ros/P_final/build/rosni2_gazebo -- -j8 -l8
[1.489s] DEBUG:colcon.colcon_core.event_handler.log_command:Invoked command in '/home/quim/robotica_ros/P_final/build/rosni2_gazebo' returned '0': CMAKE_PREFIX_PATH=/home/quim/robotica_ros/P_final/install/rosni2_description:/home/quim/robotica_ros/P_final/install/rosni2_gazebo:/home/quim/robotica_ros/P_final/install/rosni_robot:/home/quim/robotica_ros/P_final/install/local_planner:/home/quim/robotica_ros/P_final/install/global_planner:/home/quim/robotica_ros/P_final/install/frontier_explorer:/opt/ros/humble /usr/bin/cmake --build /home/quim/robotica_ros/P_final/build/rosni2_gazebo -- -j8 -l8
[1.515s] DEBUG:colcon.colcon_core.event_handler.log_command:Invoking command in '/home/quim/robotica_ros/P_final/build/rosni2_gazebo': CMAKE_PREFIX_PATH=/home/quim/robotica_ros/P_final/install/rosni2_description:/home/quim/robotica_ros/P_final/install/rosni2_gazebo:/home/quim/robotica_ros/P_final/install/rosni_robot:/home/quim/robotica_ros/P_final/install/local_planner:/home/quim/robotica_ros/P_final/install/global_planner:/home/quim/robotica_ros/P_final/install/frontier_explorer:/opt/ros/humble /usr/bin/cmake --install /home/quim/robotica_ros/P_final/build/rosni2_gazebo
[1.525s] Level 1:colcon.colcon_core.environment:create_environment_scripts_only(rosni2_gazebo)
[1.526s] Level 1:colcon.colcon_core.environment:checking '/home/quim/robotica_ros/P_final/install/rosni2_gazebo' for CMake module files
[1.527s] DEBUG:colcon.colcon_core.event_handler.log_command:Invoked command in '/home/quim/robotica_ros/P_final/build/rosni2_gazebo' returned '0': CMAKE_PREFIX_PATH=/home/quim/robotica_ros/P_final/install/rosni2_description:/home/quim/robotica_ros/P_final/install/rosni2_gazebo:/home/quim/robotica_ros/P_final/install/rosni_robot:/home/quim/robotica_ros/P_final/install/local_planner:/home/quim/robotica_ros/P_final/install/global_planner:/home/quim/robotica_ros/P_final/install/frontier_explorer:/opt/ros/humble /usr/bin/cmake --install /home/quim/robotica_ros/P_final/build/rosni2_gazebo
[1.528s] Level 1:colcon.colcon_core.environment:checking '/home/quim/robotica_ros/P_final/install/rosni2_gazebo' for CMake config files
[1.528s] Level 1:colcon.colcon_core.shell:create_environment_hook('rosni2_gazebo', 'cmake_prefix_path')
[1.529s] INFO:colcon.colcon_core.shell:Creating environment hook '/home/quim/robotica_ros/P_final/install/rosni2_gazebo/share/rosni2_gazebo/hook/cmake_prefix_path.ps1'
[1.529s] INFO:colcon.colcon_core.shell:Creating environment descriptor '/home/quim/robotica_ros/P_final/install/rosni2_gazebo/share/rosni2_gazebo/hook/cmake_prefix_path.dsv'
[1.530s] INFO:colcon.colcon_core.shell:Creating environment hook '/home/quim/robotica_ros/P_final/install/rosni2_gazebo/share/rosni2_gazebo/hook/cmake_prefix_path.sh'
[1.531s] Level 1:colcon.colcon_core.environment:checking '/home/quim/robotica_ros/P_final/install/rosni2_gazebo/bin'
[1.531s] Level 1:colcon.colcon_core.environment:checking '/home/quim/robotica_ros/P_final/install/rosni2_gazebo/lib/pkgconfig/rosni2_gazebo.pc'
[1.531s] Level 1:colcon.colcon_core.environment:checking '/home/quim/robotica_ros/P_final/install/rosni2_gazebo/lib/python3.10/site-packages'
[1.532s] Level 1:colcon.colcon_core.environment:checking '/home/quim/robotica_ros/P_final/install/rosni2_gazebo/bin'
[1.532s] INFO:colcon.colcon_core.shell:Creating package script '/home/quim/robotica_ros/P_final/install/rosni2_gazebo/share/rosni2_gazebo/package.ps1'
[1.533s] INFO:colcon.colcon_core.shell:Creating package descriptor '/home/quim/robotica_ros/P_final/install/rosni2_gazebo/share/rosni2_gazebo/package.dsv'
[1.534s] INFO:colcon.colcon_core.shell:Creating package script '/home/quim/robotica_ros/P_final/install/rosni2_gazebo/share/rosni2_gazebo/package.sh'
[1.534s] INFO:colcon.colcon_core.shell:Creating package script '/home/quim/robotica_ros/P_final/install/rosni2_gazebo/share/rosni2_gazebo/package.bash'
[1.535s] INFO:colcon.colcon_core.shell:Creating package script '/home/quim/robotica_ros/P_final/install/rosni2_gazebo/share/rosni2_gazebo/package.zsh'
[1.535s] Level 1:colcon.colcon_core.environment:create_file_with_runtime_dependencies(/home/quim/robotica_ros/P_final/install/rosni2_gazebo/share/colcon-core/packages/rosni2_gazebo)
[1.558s] Level 1:colcon.colcon_core.environment:create_environment_scripts_only(rosni2_gazebo)
[1.558s] Level 1:colcon.colcon_core.environment:checking '/home/quim/robotica_ros/P_final/install/rosni2_gazebo' for CMake module files
[1.559s] Level 1:colcon.colcon_core.environment:checking '/home/quim/robotica_ros/P_final/install/rosni2_gazebo' for CMake config files
[1.559s] Level 1:colcon.colcon_core.shell:create_environment_hook('rosni2_gazebo', 'cmake_prefix_path')
[1.560s] INFO:colcon.colcon_core.shell:Creating environment hook '/home/quim/robotica_ros/P_final/install/rosni2_gazebo/share/rosni2_gazebo/hook/cmake_prefix_path.ps1'
[1.560s] INFO:colcon.colcon_core.shell:Creating environment descriptor '/home/quim/robotica_ros/P_final/install/rosni2_gazebo/share/rosni2_gazebo/hook/cmake_prefix_path.dsv'
[1.561s] INFO:colcon.colcon_core.shell:Creating environment hook '/home/quim/robotica_ros/P_final/install/rosni2_gazebo/share/rosni2_gazebo/hook/cmake_prefix_path.sh'
[1.562s] Level 1:colcon.colcon_core.environment:checking '/home/quim/robotica_ros/P_final/install/rosni2_gazebo/bin'
[1.562s] Level 1:colcon.colcon_core.environment:checking '/home/quim/robotica_ros/P_final/install/rosni2_gazebo/lib/pkgconfig/rosni2_gazebo.pc'
[1.562s] Level 1:colcon.colcon_core.environment:checking '/home/quim/robotica_ros/P_final/install/rosni2_gazebo/lib/python3.10/site-packages'
[1.563s] Level 1:colcon.colcon_core.environment:checking '/home/quim/robotica_ros/P_final/install/rosni2_gazebo/bin'
[1.563s] INFO:colcon.colcon_core.shell:Creating package script '/home/quim/robotica_ros/P_final/install/rosni2_gazebo/share/rosni2_gazebo/package.ps1'
[1.564s] INFO:colcon.colcon_core.shell:Creating package descriptor '/home/quim/robotica_ros/P_final/install/rosni2_gazebo/share/rosni2_gazebo/package.dsv'
[1.565s] INFO:colcon.colcon_core.shell:Creating package script '/home/quim/robotica_ros/P_final/install/rosni2_gazebo/share/rosni2_gazebo/package.sh'
[1.566s] INFO:colcon.colcon_core.shell:Creating package script '/home/quim/robotica_ros/P_final/install/rosni2_gazebo/share/rosni2_gazebo/package.bash'
[1.566s] INFO:colcon.colcon_core.shell:Creating package script '/home/quim/robotica_ros/P_final/install/rosni2_gazebo/share/rosni2_gazebo/package.zsh'
[1.567s] Level 1:colcon.colcon_core.environment:create_file_with_runtime_dependencies(/home/quim/robotica_ros/P_final/install/rosni2_gazebo/share/colcon-core/packages/rosni2_gazebo)
[1.812s] DEBUG:colcon.colcon_core.event_handler.log_command:Invoking command in '/home/quim/robotica_ros/P_final/src/frontier_explorer': PYTHONPATH=/home/quim/robotica_ros/P_final/build/frontier_explorer/prefix_override:/usr/lib/python3/dist-packages/colcon_core/task/python/colcon_distutils_commands:/home/quim/robotica_ros/P_final/install/frontier_explorer/lib/python3.10/site-packages:${PYTHONPATH} /usr/bin/python3 -W ignore:setup.py install is deprecated setup.py egg_info --egg-base ../../build/frontier_explorer build --build-base /home/quim/robotica_ros/P_final/build/frontier_explorer/build install --record /home/quim/robotica_ros/P_final/build/frontier_explorer/install.log --single-version-externally-managed install_data
[1.828s] DEBUG:colcon.colcon_core.event_handler.log_command:Invoking command in '/home/quim/robotica_ros/P_final/src/global_planner': PYTHONPATH=/home/quim/robotica_ros/P_final/build/global_planner/prefix_override:/usr/lib/python3/dist-packages/colcon_core/task/python/colcon_distutils_commands:/home/quim/robotica_ros/P_final/install/global_planner/lib/python3.10/site-packages:${PYTHONPATH} /usr/bin/python3 -W ignore:setup.py install is deprecated setup.py egg_info --egg-base ../../build/global_planner build --build-base /home/quim/robotica_ros/P_final/build/global_planner/build install --record /home/quim/robotica_ros/P_final/build/global_planner/install.log --single-version-externally-managed install_data
[1.938s] DEBUG:colcon.colcon_core.event_handler.log_command:Invoking command in '/home/quim/robotica_ros/P_final/src/local_planner': PYTHONPATH=/home/quim/robotica_ros/P_final/build/local_planner/prefix_override:/usr/lib/python3/dist-packages/colcon_core/task/python/colcon_distutils_commands:/home/quim/robotica_ros/P_final/install/local_planner/lib/python3.10/site-packages:${PYTHONPATH} /usr/bin/python3 -W ignore:setup.py install is deprecated setup.py egg_info --egg-base ../../build/local_planner build --build-base /home/quim/robotica_ros/P_final/build/local_planner/build install --record /home/quim/robotica_ros/P_final/build/local_planner/install.log --single-version-externally-managed install_data
[1.946s] DEBUG:colcon.colcon_core.event_handler.log_command:Invoking command in '/home/quim/robotica_ros/P_final/src/rosni_robot': PYTHONPATH=/home/quim/robotica_ros/P_final/build/rosni_robot/prefix_override:/usr/lib/python3/dist-packages/colcon_core/task/python/colcon_distutils_commands:/home/quim/robotica_ros/P_final/install/rosni_robot/lib/python3.10/site-packages:${PYTHONPATH} /usr/bin/python3 -W ignore:setup.py install is deprecated setup.py egg_info --egg-base ../../build/rosni_robot build --build-base /home/quim/robotica_ros/P_final/build/rosni_robot/build install --record /home/quim/robotica_ros/P_final/build/rosni_robot/install.log --single-version-externally-managed install_data
[2.227s] Level 1:colcon.colcon_core.environment:checking '/home/quim/robotica_ros/P_final/install/frontier_explorer' for CMake module files
[2.228s] DEBUG:colcon.colcon_core.event_handler.log_command:Invoked command in '/home/quim/robotica_ros/P_final/src/frontier_explorer' returned '0': PYTHONPATH=/home/quim/robotica_ros/P_final/build/frontier_explorer/prefix_override:/usr/lib/python3/dist-packages/colcon_core/task/python/colcon_distutils_commands:/home/quim/robotica_ros/P_final/install/frontier_explorer/lib/python3.10/site-packages:${PYTHONPATH} /usr/bin/python3 -W ignore:setup.py install is deprecated setup.py egg_info --egg-base ../../build/frontier_explorer build --build-base /home/quim/robotica_ros/P_final/build/frontier_explorer/build install --record /home/quim/robotica_ros/P_final/build/frontier_explorer/install.log --single-version-externally-managed install_data
[2.229s] Level 1:colcon.colcon_core.environment:checking '/home/quim/robotica_ros/P_final/install/frontier_explorer' for CMake config files
[2.230s] Level 1:colcon.colcon_core.environment:checking '/home/quim/robotica_ros/P_final/install/frontier_explorer/lib'
[2.230s] Level 1:colcon.colcon_core.environment:checking '/home/quim/robotica_ros/P_final/install/frontier_explorer/bin'
[2.230s] Level 1:colcon.colcon_core.environment:checking '/home/quim/robotica_ros/P_final/install/frontier_explorer/lib/pkgconfig/frontier_explorer.pc'
[2.231s] Level 1:colcon.colcon_core.environment:checking '/home/quim/robotica_ros/P_final/install/frontier_explorer/lib/python3.10/site-packages'
[2.231s] Level 1:colcon.colcon_core.shell:create_environment_hook('frontier_explorer', 'pythonpath')
[2.231s] INFO:colcon.colcon_core.shell:Creating environment hook '/home/quim/robotica_ros/P_final/install/frontier_explorer/share/frontier_explorer/hook/pythonpath.ps1'
[2.232s] INFO:colcon.colcon_core.shell:Creating environment descriptor '/home/quim/robotica_ros/P_final/install/frontier_explorer/share/frontier_explorer/hook/pythonpath.dsv'
[2.233s] INFO:colcon.colcon_core.shell:Creating environment hook '/home/quim/robotica_ros/P_final/install/frontier_explorer/share/frontier_explorer/hook/pythonpath.sh'
[2.234s] Level 1:colcon.colcon_core.environment:checking '/home/quim/robotica_ros/P_final/install/frontier_explorer/bin'
[2.234s] Level 1:colcon.colcon_core.environment:create_environment_scripts_only(frontier_explorer)
[2.235s] INFO:colcon.colcon_core.shell:Creating package script '/home/quim/robotica_ros/P_final/install/frontier_explorer/share/frontier_explorer/package.ps1'
[2.236s] INFO:colcon.colcon_core.shell:Creating package descriptor '/home/quim/robotica_ros/P_final/install/frontier_explorer/share/frontier_explorer/package.dsv'
[2.237s] INFO:colcon.colcon_core.shell:Creating package script '/home/quim/robotica_ros/P_final/install/frontier_explorer/share/frontier_explorer/package.sh'
[2.238s] INFO:colcon.colcon_core.shell:Creating package script '/home/quim/robotica_ros/P_final/install/frontier_explorer/share/frontier_explorer/package.bash'
[2.239s] INFO:colcon.colcon_core.shell:Creating package script '/home/quim/robotica_ros/P_final/install/frontier_explorer/share/frontier_explorer/package.zsh'
[2.240s] Level 1:colcon.colcon_core.environment:create_file_with_runtime_dependencies(/home/quim/robotica_ros/P_final/install/frontier_explorer/share/colcon-core/packages/frontier_explorer)
[2.249s] Level 1:colcon.colcon_core.environment:checking '/home/quim/robotica_ros/P_final/install/global_planner' for CMake module files
[2.250s] DEBUG:colcon.colcon_core.event_handler.log_command:Invoked command in '/home/quim/robotica_ros/P_final/src/global_planner' returned '0': PYTHONPATH=/home/quim/robotica_ros/P_final/build/global_planner/prefix_override:/usr/lib/python3/dist-packages/colcon_core/task/python/colcon_distutils_commands:/home/quim/robotica_ros/P_final/install/global_planner/lib/python3.10/site-packages:${PYTHONPATH} /usr/bin/python3 -W ignore:setup.py install is deprecated setup.py egg_info --egg-base ../../build/global_planner build --build-base /home/quim/robotica_ros/P_final/build/global_planner/build install --record /home/quim/robotica_ros/P_final/build/global_planner/install.log --single-version-externally-managed install_data
[2.250s] Level 1:colcon.colcon_core.environment:checking '/home/quim/robotica_ros/P_final/install/global_planner' for CMake config files
[2.251s] Level 1:colcon.colcon_core.environment:checking '/home/quim/robotica_ros/P_final/install/global_planner/lib'
[2.251s] Level 1:colcon.colcon_core.environment:checking '/home/quim/robotica_ros/P_final/install/global_planner/bin'
[2.251s] Level 1:colcon.colcon_core.environment:checking '/home/quim/robotica_ros/P_final/install/global_planner/lib/pkgconfig/global_planner.pc'
[2.251s] Level 1:colcon.colcon_core.environment:checking '/home/quim/robotica_ros/P_final/install/global_planner/lib/python3.10/site-packages'
[2.251s] Level 1:colcon.colcon_core.shell:create_environment_hook('global_planner', 'pythonpath')
[2.252s] INFO:colcon.colcon_core.shell:Creating environment hook '/home/quim/robotica_ros/P_final/install/global_planner/share/global_planner/hook/pythonpath.ps1'
[2.252s] INFO:colcon.colcon_core.shell:Creating environment descriptor '/home/quim/robotica_ros/P_final/install/global_planner/share/global_planner/hook/pythonpath.dsv'
[2.252s] INFO:colcon.colcon_core.shell:Creating environment hook '/home/quim/robotica_ros/P_final/install/global_planner/share/global_planner/hook/pythonpath.sh'
[2.253s] Level 1:colcon.colcon_core.environment:checking '/home/quim/robotica_ros/P_final/install/global_planner/bin'
[2.253s] Level 1:colcon.colcon_core.environment:create_environment_scripts_only(global_planner)
[2.254s] INFO:colcon.colcon_core.shell:Creating package script '/home/quim/robotica_ros/P_final/install/global_planner/share/global_planner/package.ps1'
[2.254s] INFO:colcon.colcon_core.shell:Creating package descriptor '/home/quim/robotica_ros/P_final/install/global_planner/share/global_planner/package.dsv'
[2.255s] INFO:colcon.colcon_core.shell:Creating package script '/home/quim/robotica_ros/P_final/install/global_planner/share/global_planner/package.sh'
[2.255s] INFO:colcon.colcon_core.shell:Creating package script '/home/quim/robotica_ros/P_final/install/global_planner/share/global_planner/package.bash'
[2.255s] INFO:colcon.colcon_core.shell:Creating package script '/home/quim/robotica_ros/P_final/install/global_planner/share/global_planner/package.zsh'
[2.256s] Level 1:colcon.colcon_core.environment:create_file_with_runtime_dependencies(/home/quim/robotica_ros/P_final/install/global_planner/share/colcon-core/packages/global_planner)
[2.343s] Level 1:colcon.colcon_core.environment:checking '/home/quim/robotica_ros/P_final/install/rosni_robot' for CMake module files
[2.344s] DEBUG:colcon.colcon_core.event_handler.log_command:Invoked command in '/home/quim/robotica_ros/P_final/src/rosni_robot' returned '0': PYTHONPATH=/home/quim/robotica_ros/P_final/build/rosni_robot/prefix_override:/usr/lib/python3/dist-packages/colcon_core/task/python/colcon_distutils_commands:/home/quim/robotica_ros/P_final/install/rosni_robot/lib/python3.10/site-packages:${PYTHONPATH} /usr/bin/python3 -W ignore:setup.py install is deprecated setup.py egg_info --egg-base ../../build/rosni_robot build --build-base /home/quim/robotica_ros/P_final/build/rosni_robot/build install --record /home/quim/robotica_ros/P_final/build/rosni_robot/install.log --single-version-externally-managed install_data
[2.344s] Level 1:colcon.colcon_core.environment:checking '/home/quim/robotica_ros/P_final/install/rosni_robot' for CMake config files
[2.345s] Level 1:colcon.colcon_core.environment:checking '/home/quim/robotica_ros/P_final/install/rosni_robot/lib'
[2.345s] Level 1:colcon.colcon_core.environment:checking '/home/quim/robotica_ros/P_final/install/rosni_robot/bin'
[2.345s] Level 1:colcon.colcon_core.environment:checking '/home/quim/robotica_ros/P_final/install/rosni_robot/lib/pkgconfig/rosni_robot.pc'
[2.345s] Level 1:colcon.colcon_core.environment:checking '/home/quim/robotica_ros/P_final/install/rosni_robot/lib/python3.10/site-packages'
[2.345s] Level 1:colcon.colcon_core.shell:create_environment_hook('rosni_robot', 'pythonpath')
[2.345s] INFO:colcon.colcon_core.shell:Creating environment hook '/home/quim/robotica_ros/P_final/install/rosni_robot/share/rosni_robot/hook/pythonpath.ps1'
[2.346s] INFO:colcon.colcon_core.shell:Creating environment descriptor '/home/quim/robotica_ros/P_final/install/rosni_robot/share/rosni_robot/hook/pythonpath.dsv'
[2.346s] INFO:colcon.colcon_core.shell:Creating environment hook '/home/quim/robotica_ros/P_final/install/rosni_robot/share/rosni_robot/hook/pythonpath.sh'
[2.347s] Level 1:colcon.colcon_core.environment:checking '/home/quim/robotica_ros/P_final/install/rosni_robot/bin'
[2.347s] Level 1:colcon.colcon_core.environment:create_environment_scripts_only(rosni_robot)
[2.347s] INFO:colcon.colcon_core.shell:Creating package script '/home/quim/robotica_ros/P_final/install/rosni_robot/share/rosni_robot/package.ps1'
[2.347s] INFO:colcon.colcon_core.shell:Creating package descriptor '/home/quim/robotica_ros/P_final/install/rosni_robot/share/rosni_robot/package.dsv'
[2.348s] INFO:colcon.colcon_core.shell:Creating package script '/home/quim/robotica_ros/P_final/install/rosni_robot/share/rosni_robot/package.sh'
[2.349s] INFO:colcon.colcon_core.shell:Creating package script '/home/quim/robotica_ros/P_final/install/rosni_robot/share/rosni_robot/package.bash'
[2.349s] INFO:colcon.colcon_core.shell:Creating package script '/home/quim/robotica_ros/P_final/install/rosni_robot/share/rosni_robot/package.zsh'
[2.349s] Level 1:colcon.colcon_core.environment:create_file_with_runtime_dependencies(/home/quim/robotica_ros/P_final/install/rosni_robot/share/colcon-core/packages/rosni_robot)
[2.350s] Level 1:colcon.colcon_core.environment:checking '/home/quim/robotica_ros/P_final/install/local_planner' for CMake module files
[2.351s] Level 1:colcon.colcon_core.environment:checking '/home/quim/robotica_ros/P_final/install/local_planner' for CMake config files
[2.351s] DEBUG:colcon.colcon_core.event_handler.log_command:Invoked command in '/home/quim/robotica_ros/P_final/src/local_planner' returned '0': PYTHONPATH=/home/quim/robotica_ros/P_final/build/local_planner/prefix_override:/usr/lib/python3/dist-packages/colcon_core/task/python/colcon_distutils_commands:/home/quim/robotica_ros/P_final/install/local_planner/lib/python3.10/site-packages:${PYTHONPATH} /usr/bin/python3 -W ignore:setup.py install is deprecated setup.py egg_info --egg-base ../../build/local_planner build --build-base /home/quim/robotica_ros/P_final/build/local_planner/build install --record /home/quim/robotica_ros/P_final/build/local_planner/install.log --single-version-externally-managed install_data
[2.352s] Level 1:colcon.colcon_core.environment:checking '/home/quim/robotica_ros/P_final/install/local_planner/lib'
[2.352s] Level 1:colcon.colcon_core.environment:checking '/home/quim/robotica_ros/P_final/install/local_planner/bin'
[2.352s] Level 1:colcon.colcon_core.environment:checking '/home/quim/robotica_ros/P_final/install/local_planner/lib/pkgconfig/local_planner.pc'
[2.352s] Level 1:colcon.colcon_core.environment:checking '/home/quim/robotica_ros/P_final/install/local_planner/lib/python3.10/site-packages'
[2.352s] Level 1:colcon.colcon_core.shell:create_environment_hook('local_planner', 'pythonpath')
[2.352s] INFO:colcon.colcon_core.shell:Creating environment hook '/home/quim/robotica_ros/P_final/install/local_planner/share/local_planner/hook/pythonpath.ps1'
[2.353s] INFO:colcon.colcon_core.shell:Creating environment descriptor '/home/quim/robotica_ros/P_final/install/local_planner/share/local_planner/hook/pythonpath.dsv'
[2.353s] INFO:colcon.colcon_core.shell:Creating environment hook '/home/quim/robotica_ros/P_final/install/local_planner/share/local_planner/hook/pythonpath.sh'
[2.353s] Level 1:colcon.colcon_core.environment:checking '/home/quim/robotica_ros/P_final/install/local_planner/bin'
[2.353s] Level 1:colcon.colcon_core.environment:create_environment_scripts_only(local_planner)
[2.354s] INFO:colcon.colcon_core.shell:Creating package script '/home/quim/robotica_ros/P_final/install/local_planner/share/local_planner/package.ps1'
[2.354s] INFO:colcon.colcon_core.shell:Creating package descriptor '/home/quim/robotica_ros/P_final/install/local_planner/share/local_planner/package.dsv'
[2.355s] INFO:colcon.colcon_core.shell:Creating package script '/home/quim/robotica_ros/P_final/install/local_planner/share/local_planner/package.sh'
[2.355s] INFO:colcon.colcon_core.shell:Creating package script '/home/quim/robotica_ros/P_final/install/local_planner/share/local_planner/package.bash'
[2.355s] INFO:colcon.colcon_core.shell:Creating package script '/home/quim/robotica_ros/P_final/install/local_planner/share/local_planner/package.zsh'
[2.355s] Level 1:colcon.colcon_core.environment:create_file_with_runtime_dependencies(/home/quim/robotica_ros/P_final/install/local_planner/share/colcon-core/packages/local_planner)
[2.356s] DEBUG:colcon.colcon_parallel_executor.executor.parallel:closing loop
[2.356s] DEBUG:colcon.colcon_parallel_executor.executor.parallel:loop closed
[2.356s] DEBUG:colcon.colcon_parallel_executor.executor.parallel:run_until_complete finished with '0'
[2.356s] DEBUG:colcon.colcon_core.event_reactor:joining thread
[2.364s] INFO:colcon.colcon_core.plugin_system:Skipping extension 'colcon_notification.desktop_notification.terminal_notifier': Not used on non-Darwin systems
[2.364s] INFO:colcon.colcon_core.plugin_system:Skipping extension 'colcon_notification.desktop_notification.win32': Not used on non-Windows systems
[2.364s] INFO:colcon.colcon_notification.desktop_notification:Sending desktop notification using 'notify2'
[2.375s] DEBUG:colcon.colcon_core.event_reactor:joined thread
[2.375s] INFO:colcon.colcon_core.shell:Creating prefix script '/home/quim/robotica_ros/P_final/install/local_setup.ps1'
[2.376s] INFO:colcon.colcon_core.shell:Creating prefix util module '/home/quim/robotica_ros/P_final/install/_local_setup_util_ps1.py'
[2.380s] INFO:colcon.colcon_core.shell:Creating prefix chain script '/home/quim/robotica_ros/P_final/install/setup.ps1'
[2.382s] INFO:colcon.colcon_core.shell:Creating prefix script '/home/quim/robotica_ros/P_final/install/local_setup.sh'
[2.383s] INFO:colcon.colcon_core.shell:Creating prefix util module '/home/quim/robotica_ros/P_final/install/_local_setup_util_sh.py'
[2.383s] INFO:colcon.colcon_core.shell:Creating prefix chain script '/home/quim/robotica_ros/P_final/install/setup.sh'
[2.384s] INFO:colcon.colcon_core.shell:Creating prefix script '/home/quim/robotica_ros/P_final/install/local_setup.bash'
[2.385s] INFO:colcon.colcon_core.shell:Creating prefix chain script '/home/quim/robotica_ros/P_final/install/setup.bash'
[2.386s] INFO:colcon.colcon_core.shell:Creating prefix script '/home/quim/robotica_ros/P_final/install/local_setup.zsh'
[2.387s] INFO:colcon.colcon_core.shell:Creating prefix chain script '/home/quim/robotica_ros/P_final/install/setup.zsh'
