[0.029s] Invoking command in '/home/quim/robotica_ros/P_final/build/rosni2_gazebo': CMAKE_PREFIX_PATH=/home/quim/robotica_ros/P_final/install/rosni2_description:/home/quim/robotica_ros/P_final/install/rosni2_gazebo:/home/quim/robotica_ros/P_final/install/rosni_robot:/home/quim/robotica_ros/P_final/install/local_planner:/home/quim/robotica_ros/P_final/install/global_planner:/home/quim/robotica_ros/P_final/install/frontier_explorer:/opt/ros/humble /usr/bin/cmake --build /home/quim/robotica_ros/P_final/build/rosni2_gazebo -- -j8 -l8
[0.149s] Invoked command in '/home/quim/robotica_ros/P_final/build/rosni2_gazebo' returned '0': CMAKE_PREFIX_PATH=/home/quim/robotica_ros/P_final/install/rosni2_description:/home/quim/robotica_ros/P_final/install/rosni2_gazebo:/home/quim/robotica_ros/P_final/install/rosni_robot:/home/quim/robotica_ros/P_final/install/local_planner:/home/quim/robotica_ros/P_final/install/global_planner:/home/quim/robotica_ros/P_final/install/frontier_explorer:/opt/ros/humble /usr/bin/cmake --build /home/quim/robotica_ros/P_final/build/rosni2_gazebo -- -j8 -l8
[0.223s] Invoking command in '/home/quim/robotica_ros/P_final/build/rosni2_gazebo': CMAKE_PREFIX_PATH=/home/quim/robotica_ros/P_final/install/rosni2_description:/home/quim/robotica_ros/P_final/install/rosni2_gazebo:/home/quim/robotica_ros/P_final/install/rosni_robot:/home/quim/robotica_ros/P_final/install/local_planner:/home/quim/robotica_ros/P_final/install/global_planner:/home/quim/robotica_ros/P_final/install/frontier_explorer:/opt/ros/humble /usr/bin/cmake --install /home/quim/robotica_ros/P_final/build/rosni2_gazebo
[0.239s] -- Install configuration: ""
[0.243s] -- Up-to-date: /home/quim/robotica_ros/P_final/install/rosni2_gazebo/share/rosni2_gazebo/launch
[0.245s] -- Up-to-date: /home/quim/robotica_ros/P_final/install/rosni2_gazebo/share/rosni2_gazebo/launch/key_teleop.launch.py
[0.245s] -- Up-to-date: /home/quim/robotica_ros/P_final/install/rosni2_gazebo/share/rosni2_gazebo/launch/rosni_slam.launch.py
[0.247s] -- Up-to-date: /home/quim/robotica_ros/P_final/install/rosni2_gazebo/share/rosni2_gazebo/launch/rosni_gazebo.launch.py
[0.247s] -- Up-to-date: /home/quim/robotica_ros/P_final/install/rosni2_gazebo/share/rosni2_gazebo/config
[0.248s] -- Up-to-date: /home/quim/robotica_ros/P_final/install/rosni2_gazebo/share/rosni2_gazebo/config/rviz2
[0.248s] -- Up-to-date: /home/quim/robotica_ros/P_final/install/rosni2_gazebo/share/rosni2_gazebo/config/rviz2/navigation.rviz
[0.249s] -- Up-to-date: /home/quim/robotica_ros/P_final/install/rosni2_gazebo/share/rosni2_gazebo/worlds
[0.250s] -- Up-to-date: /home/quim/robotica_ros/P_final/install/rosni2_gazebo/share/rosni2_gazebo/worlds/maze.world
[0.251s] -- Up-to-date: /home/quim/robotica_ros/P_final/install/rosni2_gazebo/share/rosni2_gazebo/worlds/empty.world
[0.252s] -- Up-to-date: /home/quim/robotica_ros/P_final/install/rosni2_gazebo/share/ament_index/resource_index/package_run_dependencies/rosni2_gazebo
[0.252s] -- Up-to-date: /home/quim/robotica_ros/P_final/install/rosni2_gazebo/share/ament_index/resource_index/parent_prefix_path/rosni2_gazebo
[0.252s] -- Up-to-date: /home/quim/robotica_ros/P_final/install/rosni2_gazebo/share/rosni2_gazebo/environment/ament_prefix_path.sh
[0.254s] -- Up-to-date: /home/quim/robotica_ros/P_final/install/rosni2_gazebo/share/rosni2_gazebo/environment/ament_prefix_path.dsv
[0.254s] -- Up-to-date: /home/quim/robotica_ros/P_final/install/rosni2_gazebo/share/rosni2_gazebo/environment/path.sh
[0.256s] -- Up-to-date: /home/quim/robotica_ros/P_final/install/rosni2_gazebo/share/rosni2_gazebo/environment/path.dsv
[0.258s] -- Up-to-date: /home/quim/robotica_ros/P_final/install/rosni2_gazebo/share/rosni2_gazebo/local_setup.bash
[0.260s] -- Up-to-date: /home/quim/robotica_ros/P_final/install/rosni2_gazebo/share/rosni2_gazebo/local_setup.sh
[0.260s] -- Up-to-date: /home/quim/robotica_ros/P_final/install/rosni2_gazebo/share/rosni2_gazebo/local_setup.zsh
[0.260s] -- Up-to-date: /home/quim/robotica_ros/P_final/install/rosni2_gazebo/share/rosni2_gazebo/local_setup.dsv
[0.261s] -- Installing: /home/quim/robotica_ros/P_final/install/rosni2_gazebo/share/rosni2_gazebo/package.dsv
[0.261s] -- Up-to-date: /home/quim/robotica_ros/P_final/install/rosni2_gazebo/share/ament_index/resource_index/packages/rosni2_gazebo
[0.261s] -- Up-to-date: /home/quim/robotica_ros/P_final/install/rosni2_gazebo/share/rosni2_gazebo/cmake/rosni2_gazeboConfig.cmake
[0.261s] -- Up-to-date: /home/quim/robotica_ros/P_final/install/rosni2_gazebo/share/rosni2_gazebo/cmake/rosni2_gazeboConfig-version.cmake
[0.261s] -- Up-to-date: /home/quim/robotica_ros/P_final/install/rosni2_gazebo/share/rosni2_gazebo/package.xml
[0.261s] Invoked command in '/home/quim/robotica_ros/P_final/build/rosni2_gazebo' returned '0': CMAKE_PREFIX_PATH=/home/quim/robotica_ros/P_final/install/rosni2_description:/home/quim/robotica_ros/P_final/install/rosni2_gazebo:/home/quim/robotica_ros/P_final/install/rosni_robot:/home/quim/robotica_ros/P_final/install/local_planner:/home/quim/robotica_ros/P_final/install/global_planner:/home/quim/robotica_ros/P_final/install/frontier_explorer:/opt/ros/humble /usr/bin/cmake --install /home/quim/robotica_ros/P_final/build/rosni2_gazebo
