[4.336s] Invoking command in '/home/quim/robotica_ros/P_final/src/rosni_robot': PYTHONPATH=/home/quim/robotica_ros/P_final/build/rosni_robot/prefix_override:/usr/lib/python3/dist-packages/colcon_core/task/python/colcon_distutils_commands:/home/quim/robotica_ros/P_final/install/rosni_robot/lib/python3.10/site-packages:${PYTHONPATH} /usr/bin/python3 -W ignore:setup.py install is deprecated setup.py egg_info --egg-base ../../build/rosni_robot build --build-base /home/quim/robotica_ros/P_final/build/rosni_robot/build install --record /home/quim/robotica_ros/P_final/build/rosni_robot/install.log --single-version-externally-managed install_data
[5.333s] running egg_info
[5.341s] writing ../../build/rosni_robot/rosni_robot.egg-info/PKG-INFO
[5.343s] writing dependency_links to ../../build/rosni_robot/rosni_robot.egg-info/dependency_links.txt
[5.347s] writing entry points to ../../build/rosni_robot/rosni_robot.egg-info/entry_points.txt
[5.348s] writing requirements to ../../build/rosni_robot/rosni_robot.egg-info/requires.txt
[5.348s] writing top-level names to ../../build/rosni_robot/rosni_robot.egg-info/top_level.txt
[5.350s] reading manifest file '../../build/rosni_robot/rosni_robot.egg-info/SOURCES.txt'
[5.363s] writing manifest file '../../build/rosni_robot/rosni_robot.egg-info/SOURCES.txt'
[5.364s] running build
[5.364s] running build_py
[5.364s] running install
[5.364s] running install_lib
[5.365s] running install_data
[5.365s] running install_egg_info
[5.377s] removing '/home/quim/robotica_ros/P_final/install/rosni_robot/lib/python3.10/site-packages/rosni_robot-0.0.0-py3.10.egg-info' (and everything under it)
[5.378s] Copying ../../build/rosni_robot/rosni_robot.egg-info to /home/quim/robotica_ros/P_final/install/rosni_robot/lib/python3.10/site-packages/rosni_robot-0.0.0-py3.10.egg-info
[5.381s] running install_scripts
[5.464s] writing list of installed files to '/home/quim/robotica_ros/P_final/build/rosni_robot/install.log'
[5.538s] Invoked command in '/home/quim/robotica_ros/P_final/src/rosni_robot' returned '0': PYTHONPATH=/home/quim/robotica_ros/P_final/build/rosni_robot/prefix_override:/usr/lib/python3/dist-packages/colcon_core/task/python/colcon_distutils_commands:/home/quim/robotica_ros/P_final/install/rosni_robot/lib/python3.10/site-packages:${PYTHONPATH} /usr/bin/python3 -W ignore:setup.py install is deprecated setup.py egg_info --egg-base ../../build/rosni_robot build --build-base /home/quim/robotica_ros/P_final/build/rosni_robot/build install --record /home/quim/robotica_ros/P_final/build/rosni_robot/install.log --single-version-externally-managed install_data
