[5.777s] Invoking command in '/home/quim/robotica_ros/P_final/src/global_planner': PYTHONPATH=/home/quim/robotica_ros/P_final/build/global_planner/prefix_override:/usr/lib/python3/dist-packages/colcon_core/task/python/colcon_distutils_commands:/home/quim/robotica_ros/P_final/install/global_planner/lib/python3.10/site-packages:${PYTHONPATH} /usr/bin/python3 -W ignore:setup.py install is deprecated setup.py egg_info --egg-base ../../build/global_planner build --build-base /home/quim/robotica_ros/P_final/build/global_planner/build install --record /home/quim/robotica_ros/P_final/build/global_planner/install.log --single-version-externally-managed install_data
[7.197s] running egg_info
[7.203s] writing ../../build/global_planner/global_planner.egg-info/PKG-INFO
[7.204s] writing dependency_links to ../../build/global_planner/global_planner.egg-info/dependency_links.txt
[7.204s] writing entry points to ../../build/global_planner/global_planner.egg-info/entry_points.txt
[7.204s] writing requirements to ../../build/global_planner/global_planner.egg-info/requires.txt
[7.205s] writing top-level names to ../../build/global_planner/global_planner.egg-info/top_level.txt
[7.216s] reading manifest file '../../build/global_planner/global_planner.egg-info/SOURCES.txt'
[7.219s] writing manifest file '../../build/global_planner/global_planner.egg-info/SOURCES.txt'
[7.225s] running build
[7.226s] running build_py
[7.227s] running install
[7.229s] running install_lib
[7.237s] running install_data
[7.238s] running install_egg_info
[7.247s] removing '/home/quim/robotica_ros/P_final/install/global_planner/lib/python3.10/site-packages/global_planner-0.0.0-py3.10.egg-info' (and everything under it)
[7.250s] Copying ../../build/global_planner/global_planner.egg-info to /home/quim/robotica_ros/P_final/install/global_planner/lib/python3.10/site-packages/global_planner-0.0.0-py3.10.egg-info
[7.253s] running install_scripts
[7.348s] Installing global_planner_node script to /home/quim/robotica_ros/P_final/install/global_planner/lib/global_planner
[7.350s] writing list of installed files to '/home/quim/robotica_ros/P_final/build/global_planner/install.log'
[7.479s] Invoked command in '/home/quim/robotica_ros/P_final/src/global_planner' returned '0': PYTHONPATH=/home/quim/robotica_ros/P_final/build/global_planner/prefix_override:/usr/lib/python3/dist-packages/colcon_core/task/python/colcon_distutils_commands:/home/quim/robotica_ros/P_final/install/global_planner/lib/python3.10/site-packages:${PYTHONPATH} /usr/bin/python3 -W ignore:setup.py install is deprecated setup.py egg_info --egg-base ../../build/global_planner build --build-base /home/quim/robotica_ros/P_final/build/global_planner/build install --record /home/quim/robotica_ros/P_final/build/global_planner/install.log --single-version-externally-managed install_data
