running egg_info
creating ../../build/rosni_robot/rosni_robot.egg-info
writing ../../build/rosni_robot/rosni_robot.egg-info/PKG-INFO
writing dependency_links to ../../build/rosni_robot/rosni_robot.egg-info/dependency_links.txt
writing entry points to ../../build/rosni_robot/rosni_robot.egg-info/entry_points.txt
writing requirements to ../../build/rosni_robot/rosni_robot.egg-info/requires.txt
writing top-level names to ../../build/rosni_robot/rosni_robot.egg-info/top_level.txt
writing manifest file '../../build/rosni_robot/rosni_robot.egg-info/SOURCES.txt'
reading manifest file '../../build/rosni_robot/rosni_robot.egg-info/SOURCES.txt'
writing manifest file '../../build/rosni_robot/rosni_robot.egg-info/SOURCES.txt'
running build
running build_py
creating /home/quim/robotica_ros/P_final/build/rosni_robot/build
creating /home/quim/robotica_ros/P_final/build/rosni_robot/build/lib
creating /home/quim/robotica_ros/P_final/build/rosni_robot/build/lib/rosni_robot
copying rosni_robot/__init__.py -> /home/quim/robotica_ros/P_final/build/rosni_robot/build/lib/rosni_robot
running install
running install_lib
creating /home/quim/robotica_ros/P_final/install/rosni_robot/lib/python3.10/site-packages/rosni_robot
copying /home/quim/robotica_ros/P_final/build/rosni_robot/build/lib/rosni_robot/__init__.py -> /home/quim/robotica_ros/P_final/install/rosni_robot/lib/python3.10/site-packages/rosni_robot
byte-compiling /home/quim/robotica_ros/P_final/install/rosni_robot/lib/python3.10/site-packages/rosni_robot/__init__.py to __init__.cpython-310.pyc
running install_data
creating /home/quim/robotica_ros/P_final/install/rosni_robot/share/ament_index
creating /home/quim/robotica_ros/P_final/install/rosni_robot/share/ament_index/resource_index
creating /home/quim/robotica_ros/P_final/install/rosni_robot/share/ament_index/resource_index/packages
copying resource/rosni_robot -> /home/quim/robotica_ros/P_final/install/rosni_robot/share/ament_index/resource_index/packages
copying package.xml -> /home/quim/robotica_ros/P_final/install/rosni_robot/share/rosni_robot
creating /home/quim/robotica_ros/P_final/install/rosni_robot/share/rosni_robot/launch
copying launch/rosni_robot_bringup.launch.py -> /home/quim/robotica_ros/P_final/install/rosni_robot/share/rosni_robot/launch
copying launch/rosni_robot_slam.launch.py -> /home/quim/robotica_ros/P_final/install/rosni_robot/share/rosni_robot/launch
creating /home/quim/robotica_ros/P_final/install/rosni_robot/share/rosni_robot/config
creating /home/quim/robotica_ros/P_final/install/rosni_robot/share/rosni_robot/config/rviz2
copying config/rviz2/navigation.rviz -> /home/quim/robotica_ros/P_final/install/rosni_robot/share/rosni_robot/config/rviz2
running install_egg_info
Copying ../../build/rosni_robot/rosni_robot.egg-info to /home/quim/robotica_ros/P_final/install/rosni_robot/lib/python3.10/site-packages/rosni_robot-0.0.0-py3.10.egg-info
running install_scripts
writing list of installed files to '/home/quim/robotica_ros/P_final/build/rosni_robot/install.log'
