[5.094s] Invoking command in '/home/quim/robotica_ros/P_final/src/frontier_explorer': PYTHONPATH=/home/quim/robotica_ros/P_final/build/frontier_explorer/prefix_override:/usr/lib/python3/dist-packages/colcon_core/task/python/colcon_distutils_commands:/home/quim/robotica_ros/P_final/install/frontier_explorer/lib/python3.10/site-packages:${PYTHONPATH} /usr/bin/python3 -W ignore:setup.py install is deprecated setup.py egg_info --egg-base ../../build/frontier_explorer build --build-base /home/quim/robotica_ros/P_final/build/frontier_explorer/build install --record /home/quim/robotica_ros/P_final/build/frontier_explorer/install.log --single-version-externally-managed install_data
[6.236s] running egg_info
[6.244s] writing ../../build/frontier_explorer/frontier_explorer.egg-info/PKG-INFO
[6.244s] writing dependency_links to ../../build/frontier_explorer/frontier_explorer.egg-info/dependency_links.txt
[6.245s] writing entry points to ../../build/frontier_explorer/frontier_explorer.egg-info/entry_points.txt
[6.245s] writing requirements to ../../build/frontier_explorer/frontier_explorer.egg-info/requires.txt
[6.245s] writing top-level names to ../../build/frontier_explorer/frontier_explorer.egg-info/top_level.txt
[6.254s] reading manifest file '../../build/frontier_explorer/frontier_explorer.egg-info/SOURCES.txt'
[6.259s] writing manifest file '../../build/frontier_explorer/frontier_explorer.egg-info/SOURCES.txt'
[6.260s] running build
[6.265s] running build_py
[6.267s] copying frontier_explorer/explorer.py -> /home/quim/robotica_ros/P_final/build/frontier_explorer/build/lib/frontier_explorer
[6.267s] running install
[6.268s] running install_lib
[6.274s] copying /home/quim/robotica_ros/P_final/build/frontier_explorer/build/lib/frontier_explorer/explorer.py -> /home/quim/robotica_ros/P_final/install/frontier_explorer/lib/python3.10/site-packages/frontier_explorer
[6.279s] byte-compiling /home/quim/robotica_ros/P_final/install/frontier_explorer/lib/python3.10/site-packages/frontier_explorer/explorer.py to explorer.cpython-310.pyc
[6.288s] running install_data
[6.290s] running install_egg_info
[6.300s] removing '/home/quim/robotica_ros/P_final/install/frontier_explorer/lib/python3.10/site-packages/frontier_explorer-0.0.0-py3.10.egg-info' (and everything under it)
[6.304s] Copying ../../build/frontier_explorer/frontier_explorer.egg-info to /home/quim/robotica_ros/P_final/install/frontier_explorer/lib/python3.10/site-packages/frontier_explorer-0.0.0-py3.10.egg-info
[6.311s] running install_scripts
[6.417s] Installing explorer_node script to /home/quim/robotica_ros/P_final/install/frontier_explorer/lib/frontier_explorer
[6.418s] writing list of installed files to '/home/quim/robotica_ros/P_final/build/frontier_explorer/install.log'
[6.631s] Invoked command in '/home/quim/robotica_ros/P_final/src/frontier_explorer' returned '0': PYTHONPATH=/home/quim/robotica_ros/P_final/build/frontier_explorer/prefix_override:/usr/lib/python3/dist-packages/colcon_core/task/python/colcon_distutils_commands:/home/quim/robotica_ros/P_final/install/frontier_explorer/lib/python3.10/site-packages:${PYTHONPATH} /usr/bin/python3 -W ignore:setup.py install is deprecated setup.py egg_info --egg-base ../../build/frontier_explorer build --build-base /home/quim/robotica_ros/P_final/build/frontier_explorer/build install --record /home/quim/robotica_ros/P_final/build/frontier_explorer/install.log --single-version-externally-managed install_data
