[4.137s] Invoking command in '/home/quim/robotica_ros/P_final/src/local_planner': PYTHONPATH=/home/quim/robotica_ros/P_final/build/local_planner/prefix_override:/usr/lib/python3/dist-packages/colcon_core/task/python/colcon_distutils_commands:/home/quim/robotica_ros/P_final/install/local_planner/lib/python3.10/site-packages:${PYTHONPATH} /usr/bin/python3 -W ignore:setup.py install is deprecated setup.py egg_info --egg-base ../../build/local_planner build --build-base /home/quim/robotica_ros/P_final/build/local_planner/build install --record /home/quim/robotica_ros/P_final/build/local_planner/install.log --single-version-externally-managed install_data
[5.151s] running egg_info
[5.157s] writing ../../build/local_planner/local_planner.egg-info/PKG-INFO
[5.158s] writing dependency_links to ../../build/local_planner/local_planner.egg-info/dependency_links.txt
[5.159s] writing entry points to ../../build/local_planner/local_planner.egg-info/entry_points.txt
[5.161s] writing requirements to ../../build/local_planner/local_planner.egg-info/requires.txt
[5.162s] writing top-level names to ../../build/local_planner/local_planner.egg-info/top_level.txt
[5.166s] reading manifest file '../../build/local_planner/local_planner.egg-info/SOURCES.txt'
[5.170s] writing manifest file '../../build/local_planner/local_planner.egg-info/SOURCES.txt'
[5.171s] running build
[5.173s] running build_py
[5.174s] running install
[5.176s] running install_lib
[5.177s] running install_data
[5.178s] running install_egg_info
[5.184s] removing '/home/quim/robotica_ros/P_final/install/local_planner/lib/python3.10/site-packages/local_planner-0.0.0-py3.10.egg-info' (and everything under it)
[5.185s] Copying ../../build/local_planner/local_planner.egg-info to /home/quim/robotica_ros/P_final/install/local_planner/lib/python3.10/site-packages/local_planner-0.0.0-py3.10.egg-info
[5.191s] running install_scripts
[5.287s] Installing local_planner_node script to /home/quim/robotica_ros/P_final/install/local_planner/lib/local_planner
[5.290s] writing list of installed files to '/home/quim/robotica_ros/P_final/build/local_planner/install.log'
[5.441s] Invoked command in '/home/quim/robotica_ros/P_final/src/local_planner' returned '0': PYTHONPATH=/home/quim/robotica_ros/P_final/build/local_planner/prefix_override:/usr/lib/python3/dist-packages/colcon_core/task/python/colcon_distutils_commands:/home/quim/robotica_ros/P_final/install/local_planner/lib/python3.10/site-packages:${PYTHONPATH} /usr/bin/python3 -W ignore:setup.py install is deprecated setup.py egg_info --egg-base ../../build/local_planner build --build-base /home/quim/robotica_ros/P_final/build/local_planner/build install --record /home/quim/robotica_ros/P_final/build/local_planner/install.log --single-version-externally-managed install_data
