[3.060s] Invoking command in '/home/quim/robotica_ros/P_final/src/local_planner': PYTHONPATH=/home/quim/robotica_ros/P_final/build/local_planner/prefix_override:/usr/lib/python3/dist-packages/colcon_core/task/python/colcon_distutils_commands:/home/quim/robotica_ros/P_final/install/local_planner/lib/python3.10/site-packages:${PYTHONPATH} /usr/bin/python3 -W ignore:setup.py install is deprecated setup.py egg_info --egg-base ../../build/local_planner build --build-base /home/quim/robotica_ros/P_final/build/local_planner/build install --record /home/quim/robotica_ros/P_final/build/local_planner/install.log --single-version-externally-managed install_data
[3.816s] running egg_info
[3.822s] writing ../../build/local_planner/local_planner.egg-info/PKG-INFO
[3.822s] writing dependency_links to ../../build/local_planner/local_planner.egg-info/dependency_links.txt
[3.822s] writing entry points to ../../build/local_planner/local_planner.egg-info/entry_points.txt
[3.822s] writing requirements to ../../build/local_planner/local_planner.egg-info/requires.txt
[3.822s] writing top-level names to ../../build/local_planner/local_planner.egg-info/top_level.txt
[3.826s] reading manifest file '../../build/local_planner/local_planner.egg-info/SOURCES.txt'
[3.828s] writing manifest file '../../build/local_planner/local_planner.egg-info/SOURCES.txt'
[3.828s] running build
[3.829s] running build_py
[3.829s] running install
[3.830s] running install_lib
[3.836s] running install_data
[3.836s] running install_egg_info
[3.844s] removing '/home/quim/robotica_ros/P_final/install/local_planner/lib/python3.10/site-packages/local_planner-0.0.0-py3.10.egg-info' (and everything under it)
[3.847s] Copying ../../build/local_planner/local_planner.egg-info to /home/quim/robotica_ros/P_final/install/local_planner/lib/python3.10/site-packages/local_planner-0.0.0-py3.10.egg-info
[3.849s] running install_scripts
[3.920s] Installing local_planner_node script to /home/quim/robotica_ros/P_final/install/local_planner/lib/local_planner
[3.921s] writing list of installed files to '/home/quim/robotica_ros/P_final/build/local_planner/install.log'
[4.017s] Invoked command in '/home/quim/robotica_ros/P_final/src/local_planner' returned '0': PYTHONPATH=/home/quim/robotica_ros/P_final/build/local_planner/prefix_override:/usr/lib/python3/dist-packages/colcon_core/task/python/colcon_distutils_commands:/home/quim/robotica_ros/P_final/install/local_planner/lib/python3.10/site-packages:${PYTHONPATH} /usr/bin/python3 -W ignore:setup.py install is deprecated setup.py egg_info --egg-base ../../build/local_planner build --build-base /home/quim/robotica_ros/P_final/build/local_planner/build install --record /home/quim/robotica_ros/P_final/build/local_planner/install.log --single-version-externally-managed install_data
