[3.432s] Invoking command in '/home/quim/robotica_ros/P_final/src/local_planner': PYTHONPATH=/home/quim/robotica_ros/P_final/build/local_planner/prefix_override:/usr/lib/python3/dist-packages/colcon_core/task/python/colcon_distutils_commands:/home/quim/robotica_ros/P_final/install/local_planner/lib/python3.10/site-packages:${PYTHONPATH} /usr/bin/python3 -W ignore:setup.py install is deprecated setup.py egg_info --egg-base ../../build/local_planner build --build-base /home/quim/robotica_ros/P_final/build/local_planner/build install --record /home/quim/robotica_ros/P_final/build/local_planner/install.log --single-version-externally-managed install_data
[4.200s] running egg_info
[4.204s] writing ../../build/local_planner/local_planner.egg-info/PKG-INFO
[4.204s] writing dependency_links to ../../build/local_planner/local_planner.egg-info/dependency_links.txt
[4.205s] writing entry points to ../../build/local_planner/local_planner.egg-info/entry_points.txt
[4.205s] writing requirements to ../../build/local_planner/local_planner.egg-info/requires.txt
[4.205s] writing top-level names to ../../build/local_planner/local_planner.egg-info/top_level.txt
[4.211s] reading manifest file '../../build/local_planner/local_planner.egg-info/SOURCES.txt'
[4.214s] writing manifest file '../../build/local_planner/local_planner.egg-info/SOURCES.txt'
[4.214s] running build
[4.214s] running build_py
[4.215s] running install
[4.216s] running install_lib
[4.221s] running install_data
[4.222s] running install_egg_info
[4.227s] removing '/home/quim/robotica_ros/P_final/install/local_planner/lib/python3.10/site-packages/local_planner-0.0.0-py3.10.egg-info' (and everything under it)
[4.227s] Copying ../../build/local_planner/local_planner.egg-info to /home/quim/robotica_ros/P_final/install/local_planner/lib/python3.10/site-packages/local_planner-0.0.0-py3.10.egg-info
[4.232s] running install_scripts
[4.303s] Installing local_planner_node script to /home/quim/robotica_ros/P_final/install/local_planner/lib/local_planner
[4.303s] writing list of installed files to '/home/quim/robotica_ros/P_final/build/local_planner/install.log'
[4.472s] Invoked command in '/home/quim/robotica_ros/P_final/src/local_planner' returned '0': PYTHONPATH=/home/quim/robotica_ros/P_final/build/local_planner/prefix_override:/usr/lib/python3/dist-packages/colcon_core/task/python/colcon_distutils_commands:/home/quim/robotica_ros/P_final/install/local_planner/lib/python3.10/site-packages:${PYTHONPATH} /usr/bin/python3 -W ignore:setup.py install is deprecated setup.py egg_info --egg-base ../../build/local_planner build --build-base /home/quim/robotica_ros/P_final/build/local_planner/build install --record /home/quim/robotica_ros/P_final/build/local_planner/install.log --single-version-externally-managed install_data
