[0.037s] Invoking command in '/home/quim/robotica_ros/P_final/build/rosni2_description': CMAKE_PREFIX_PATH=/opt/ros/humble /usr/bin/cmake --build /home/quim/robotica_ros/P_final/build/rosni2_description -- -j8 -l8
[0.832s] Invoked command in '/home/quim/robotica_ros/P_final/build/rosni2_description' returned '0': CMAKE_PREFIX_PATH=/opt/ros/humble /usr/bin/cmake --build /home/quim/robotica_ros/P_final/build/rosni2_description -- -j8 -l8
[0.873s] Invoking command in '/home/quim/robotica_ros/P_final/build/rosni2_description': CMAKE_PREFIX_PATH=/opt/ros/humble /usr/bin/cmake --install /home/quim/robotica_ros/P_final/build/rosni2_description
[0.883s] -- Install configuration: ""
[0.884s] -- Up-to-date: /home/quim/robotica_ros/P_final/install/rosni2_description/share/rosni2_description/config
[0.884s] -- Up-to-date: /home/quim/robotica_ros/P_final/install/rosni2_description/share/rosni2_description/config/._rviz2
[0.884s] -- Up-to-date: /home/quim/robotica_ros/P_final/install/rosni2_description/share/rosni2_description/config/._diff_drive_controller.yaml
[0.884s] -- Up-to-date: /home/quim/robotica_ros/P_final/install/rosni2_description/share/rosni2_description/config/rviz2
[0.885s] -- Up-to-date: /home/quim/robotica_ros/P_final/install/rosni2_description/share/rosni2_description/config/rviz2/default_view.rviz
[0.885s] -- Up-to-date: /home/quim/robotica_ros/P_final/install/rosni2_description/share/rosni2_description/config/rviz2/._default_view.rviz
[0.885s] -- Up-to-date: /home/quim/robotica_ros/P_final/install/rosni2_description/share/rosni2_description/config/diff_drive_controller.yaml
[0.885s] -- Up-to-date: /home/quim/robotica_ros/P_final/install/rosni2_description/share/rosni2_description/launch
[0.885s] -- Up-to-date: /home/quim/robotica_ros/P_final/install/rosni2_description/share/rosni2_description/launch/display.launch.py
[0.885s] -- Up-to-date: /home/quim/robotica_ros/P_final/install/rosni2_description/share/rosni2_description/launch/._display.launch.py
[0.886s] -- Up-to-date: /home/quim/robotica_ros/P_final/install/rosni2_description/share/rosni2_description/launch/upload.launch.py
[0.886s] -- Up-to-date: /home/quim/robotica_ros/P_final/install/rosni2_description/share/rosni2_description/launch/._upload.launch.py
[0.886s] -- Up-to-date: /home/quim/robotica_ros/P_final/install/rosni2_description/share/rosni2_description/urdf
[0.886s] -- Up-to-date: /home/quim/robotica_ros/P_final/install/rosni2_description/share/rosni2_description/urdf/._wheels
[0.886s] -- Up-to-date: /home/quim/robotica_ros/P_final/install/rosni2_description/share/rosni2_description/urdf/wheels
[0.887s] -- Up-to-date: /home/quim/robotica_ros/P_final/install/rosni2_description/share/rosni2_description/urdf/wheels/._right_wheel.xacro
[0.887s] -- Up-to-date: /home/quim/robotica_ros/P_final/install/rosni2_description/share/rosni2_description/urdf/wheels/right_wheel.xacro
[0.887s] -- Up-to-date: /home/quim/robotica_ros/P_final/install/rosni2_description/share/rosni2_description/urdf/wheels/._left_wheel.xacro
[0.887s] -- Up-to-date: /home/quim/robotica_ros/P_final/install/rosni2_description/share/rosni2_description/urdf/wheels/left_wheel.xacro
[0.887s] -- Up-to-date: /home/quim/robotica_ros/P_final/install/rosni2_description/share/rosni2_description/urdf/sensors
[0.887s] -- Up-to-date: /home/quim/robotica_ros/P_final/install/rosni2_description/share/rosni2_description/urdf/sensors/lidar.xacro
[0.887s] -- Up-to-date: /home/quim/robotica_ros/P_final/install/rosni2_description/share/rosni2_description/urdf/sensors/._lidar.xacro
[0.888s] -- Up-to-date: /home/quim/robotica_ros/P_final/install/rosni2_description/share/rosni2_description/urdf/._base
[0.888s] -- Up-to-date: /home/quim/robotica_ros/P_final/install/rosni2_description/share/rosni2_description/urdf/._sensors
[0.888s] -- Up-to-date: /home/quim/robotica_ros/P_final/install/rosni2_description/share/rosni2_description/urdf/base
[0.888s] -- Up-to-date: /home/quim/robotica_ros/P_final/install/rosni2_description/share/rosni2_description/urdf/base/base.xacro
[0.888s] -- Up-to-date: /home/quim/robotica_ros/P_final/install/rosni2_description/share/rosni2_description/urdf/base/._base.xacro
[0.889s] -- Up-to-date: /home/quim/robotica_ros/P_final/install/rosni2_description/share/rosni2_description/robot
[0.889s] -- Up-to-date: /home/quim/robotica_ros/P_final/install/rosni2_description/share/rosni2_description/robot/rosni.urdf.xacro
[0.889s] -- Up-to-date: /home/quim/robotica_ros/P_final/install/rosni2_description/share/rosni2_description/robot/._rosni.urdf.xacro
[0.889s] -- Up-to-date: /home/quim/robotica_ros/P_final/install/rosni2_description/share/rosni2_description/meshes
[0.889s] -- Up-to-date: /home/quim/robotica_ros/P_final/install/rosni2_description/share/rosni2_description/meshes/._base.stl
[0.889s] -- Up-to-date: /home/quim/robotica_ros/P_final/install/rosni2_description/share/rosni2_description/meshes/base.stl
[0.889s] -- Up-to-date: /home/quim/robotica_ros/P_final/install/rosni2_description/share/rosni2_description/meshes/._right_wheel.stl
[0.890s] -- Up-to-date: /home/quim/robotica_ros/P_final/install/rosni2_description/share/rosni2_description/meshes/right_wheel.stl
[0.890s] -- Up-to-date: /home/quim/robotica_ros/P_final/install/rosni2_description/share/rosni2_description/meshes/lidar.stl
[0.890s] -- Up-to-date: /home/quim/robotica_ros/P_final/install/rosni2_description/share/rosni2_description/meshes/._lidar.stl
[0.890s] -- Up-to-date: /home/quim/robotica_ros/P_final/install/rosni2_description/share/rosni2_description/meshes/._left_wheel.stl
[0.890s] -- Up-to-date: /home/quim/robotica_ros/P_final/install/rosni2_description/share/rosni2_description/meshes/left_wheel.stl
[0.890s] -- Up-to-date: /home/quim/robotica_ros/P_final/install/rosni2_description/share/rosni2_description/gazebo
[0.891s] -- Up-to-date: /home/quim/robotica_ros/P_final/install/rosni2_description/share/rosni2_description/gazebo/._rosni.gazebo.xacro
[0.891s] -- Up-to-date: /home/quim/robotica_ros/P_final/install/rosni2_description/share/rosni2_description/gazebo/rosni.gazebo.xacro
[0.891s] -- Up-to-date: /home/quim/robotica_ros/P_final/install/rosni2_description/share/rosni2_description/ros2_control
[0.891s] -- Up-to-date: /home/quim/robotica_ros/P_final/install/rosni2_description/share/rosni2_description/ros2_control/._ros2_control.xacro
[0.891s] -- Up-to-date: /home/quim/robotica_ros/P_final/install/rosni2_description/share/rosni2_description/ros2_control/ros2_control.xacro
[0.891s] -- Up-to-date: /home/quim/robotica_ros/P_final/install/rosni2_description/share/ament_index/resource_index/package_run_dependencies/rosni2_description
[0.892s] -- Up-to-date: /home/quim/robotica_ros/P_final/install/rosni2_description/share/ament_index/resource_index/parent_prefix_path/rosni2_description
[0.892s] -- Up-to-date: /home/quim/robotica_ros/P_final/install/rosni2_description/share/rosni2_description/environment/ament_prefix_path.sh
[0.892s] -- Up-to-date: /home/quim/robotica_ros/P_final/install/rosni2_description/share/rosni2_description/environment/ament_prefix_path.dsv
[0.892s] -- Up-to-date: /home/quim/robotica_ros/P_final/install/rosni2_description/share/rosni2_description/environment/path.sh
[0.892s] -- Up-to-date: /home/quim/robotica_ros/P_final/install/rosni2_description/share/rosni2_description/environment/path.dsv
[0.892s] -- Up-to-date: /home/quim/robotica_ros/P_final/install/rosni2_description/share/rosni2_description/local_setup.bash
[0.892s] -- Up-to-date: /home/quim/robotica_ros/P_final/install/rosni2_description/share/rosni2_description/local_setup.sh
[0.893s] -- Up-to-date: /home/quim/robotica_ros/P_final/install/rosni2_description/share/rosni2_description/local_setup.zsh
[0.893s] -- Up-to-date: /home/quim/robotica_ros/P_final/install/rosni2_description/share/rosni2_description/local_setup.dsv
[0.893s] -- Up-to-date: /home/quim/robotica_ros/P_final/install/rosni2_description/share/rosni2_description/package.dsv
[0.893s] -- Up-to-date: /home/quim/robotica_ros/P_final/install/rosni2_description/share/ament_index/resource_index/packages/rosni2_description
[0.893s] -- Up-to-date: /home/quim/robotica_ros/P_final/install/rosni2_description/share/rosni2_description/cmake/rosni2_descriptionConfig.cmake
[0.893s] -- Up-to-date: /home/quim/robotica_ros/P_final/install/rosni2_description/share/rosni2_description/cmake/rosni2_descriptionConfig-version.cmake
[0.894s] -- Up-to-date: /home/quim/robotica_ros/P_final/install/rosni2_description/share/rosni2_description/package.xml
[0.895s] Invoked command in '/home/quim/robotica_ros/P_final/build/rosni2_description' returned '0': CMAKE_PREFIX_PATH=/opt/ros/humble /usr/bin/cmake --install /home/quim/robotica_ros/P_final/build/rosni2_description
