[4.704s] Invoking command in '/home/quim/robotica_ros/P_final/src/global_planner': PYTHONPATH=/home/quim/robotica_ros/P_final/build/global_planner/prefix_override:/usr/lib/python3/dist-packages/colcon_core/task/python/colcon_distutils_commands:/home/quim/robotica_ros/P_final/install/global_planner/lib/python3.10/site-packages:${PYTHONPATH} /usr/bin/python3 -W ignore:setup.py install is deprecated setup.py egg_info --egg-base ../../build/global_planner build --build-base /home/quim/robotica_ros/P_final/build/global_planner/build install --record /home/quim/robotica_ros/P_final/build/global_planner/install.log --single-version-externally-managed install_data
[5.769s] running egg_info
[5.772s] writing ../../build/global_planner/global_planner.egg-info/PKG-INFO
[5.775s] writing dependency_links to ../../build/global_planner/global_planner.egg-info/dependency_links.txt
[5.776s] writing entry points to ../../build/global_planner/global_planner.egg-info/entry_points.txt
[5.777s] writing requirements to ../../build/global_planner/global_planner.egg-info/requires.txt
[5.780s] writing top-level names to ../../build/global_planner/global_planner.egg-info/top_level.txt
[5.782s] reading manifest file '../../build/global_planner/global_planner.egg-info/SOURCES.txt'
[5.785s] writing manifest file '../../build/global_planner/global_planner.egg-info/SOURCES.txt'
[5.787s] running build
[5.797s] running build_py
[5.800s] running install
[5.801s] running install_lib
[5.801s] running install_data
[5.801s] running install_egg_info
[5.807s] removing '/home/quim/robotica_ros/P_final/install/global_planner/lib/python3.10/site-packages/global_planner-0.0.0-py3.10.egg-info' (and everything under it)
[5.812s] Copying ../../build/global_planner/global_planner.egg-info to /home/quim/robotica_ros/P_final/install/global_planner/lib/python3.10/site-packages/global_planner-0.0.0-py3.10.egg-info
[5.812s] running install_scripts
[5.914s] Installing global_planner_node script to /home/quim/robotica_ros/P_final/install/global_planner/lib/global_planner
[5.915s] writing list of installed files to '/home/quim/robotica_ros/P_final/build/global_planner/install.log'
[6.070s] Invoked command in '/home/quim/robotica_ros/P_final/src/global_planner' returned '0': PYTHONPATH=/home/quim/robotica_ros/P_final/build/global_planner/prefix_override:/usr/lib/python3/dist-packages/colcon_core/task/python/colcon_distutils_commands:/home/quim/robotica_ros/P_final/install/global_planner/lib/python3.10/site-packages:${PYTHONPATH} /usr/bin/python3 -W ignore:setup.py install is deprecated setup.py egg_info --egg-base ../../build/global_planner build --build-base /home/quim/robotica_ros/P_final/build/global_planner/build install --record /home/quim/robotica_ros/P_final/build/global_planner/install.log --single-version-externally-managed install_data
