[5.084s] Invoking command in '/home/quim/robotica_ros/P_final/src/rosni_robot': PYTHONPATH=/home/quim/robotica_ros/P_final/build/rosni_robot/prefix_override:/usr/lib/python3/dist-packages/colcon_core/task/python/colcon_distutils_commands:/home/quim/robotica_ros/P_final/install/rosni_robot/lib/python3.10/site-packages:${PYTHONPATH} /usr/bin/python3 -W ignore:setup.py install is deprecated setup.py egg_info --egg-base ../../build/rosni_robot build --build-base /home/quim/robotica_ros/P_final/build/rosni_robot/build install --record /home/quim/robotica_ros/P_final/build/rosni_robot/install.log --single-version-externally-managed install_data
[6.167s] running egg_info
[6.167s] writing ../../build/rosni_robot/rosni_robot.egg-info/PKG-INFO
[6.168s] writing dependency_links to ../../build/rosni_robot/rosni_robot.egg-info/dependency_links.txt
[6.170s] writing entry points to ../../build/rosni_robot/rosni_robot.egg-info/entry_points.txt
[6.171s] writing requirements to ../../build/rosni_robot/rosni_robot.egg-info/requires.txt
[6.171s] writing top-level names to ../../build/rosni_robot/rosni_robot.egg-info/top_level.txt
[6.180s] reading manifest file '../../build/rosni_robot/rosni_robot.egg-info/SOURCES.txt'
[6.183s] writing manifest file '../../build/rosni_robot/rosni_robot.egg-info/SOURCES.txt'
[6.184s] running build
[6.184s] running build_py
[6.186s] running install
[6.192s] running install_lib
[6.198s] running install_data
[6.202s] running install_egg_info
[6.205s] removing '/home/quim/robotica_ros/P_final/install/rosni_robot/lib/python3.10/site-packages/rosni_robot-0.0.0-py3.10.egg-info' (and everything under it)
[6.205s] Copying ../../build/rosni_robot/rosni_robot.egg-info to /home/quim/robotica_ros/P_final/install/rosni_robot/lib/python3.10/site-packages/rosni_robot-0.0.0-py3.10.egg-info
[6.217s] running install_scripts
[6.311s] writing list of installed files to '/home/quim/robotica_ros/P_final/build/rosni_robot/install.log'
[6.483s] Invoked command in '/home/quim/robotica_ros/P_final/src/rosni_robot' returned '0': PYTHONPATH=/home/quim/robotica_ros/P_final/build/rosni_robot/prefix_override:/usr/lib/python3/dist-packages/colcon_core/task/python/colcon_distutils_commands:/home/quim/robotica_ros/P_final/install/rosni_robot/lib/python3.10/site-packages:${PYTHONPATH} /usr/bin/python3 -W ignore:setup.py install is deprecated setup.py egg_info --egg-base ../../build/rosni_robot build --build-base /home/quim/robotica_ros/P_final/build/rosni_robot/build install --record /home/quim/robotica_ros/P_final/build/rosni_robot/install.log --single-version-externally-managed install_data
