[1.986s] Invoking command in '/home/quim/robotica_ros/P_final/src/global_planner': PYTHONPATH=/home/quim/robotica_ros/P_final/build/global_planner/prefix_override:/usr/lib/python3/dist-packages/colcon_core/task/python/colcon_distutils_commands:/home/quim/robotica_ros/P_final/install/global_planner/lib/python3.10/site-packages:${PYTHONPATH} /usr/bin/python3 -W ignore:setup.py install is deprecated setup.py egg_info --egg-base ../../build/global_planner build --build-base /home/quim/robotica_ros/P_final/build/global_planner/build install --record /home/quim/robotica_ros/P_final/build/global_planner/install.log --single-version-externally-managed install_data
[2.326s] running egg_info
[2.327s] writing ../../build/global_planner/global_planner.egg-info/PKG-INFO
[2.334s] writing dependency_links to ../../build/global_planner/global_planner.egg-info/dependency_links.txt
[2.334s] writing entry points to ../../build/global_planner/global_planner.egg-info/entry_points.txt
[2.335s] writing requirements to ../../build/global_planner/global_planner.egg-info/requires.txt
[2.335s] writing top-level names to ../../build/global_planner/global_planner.egg-info/top_level.txt
[2.337s] reading manifest file '../../build/global_planner/global_planner.egg-info/SOURCES.txt'
[2.338s] writing manifest file '../../build/global_planner/global_planner.egg-info/SOURCES.txt'
[2.339s] running build
[2.339s] running build_py
[2.340s] copying global_planner/global_planner.py -> /home/quim/robotica_ros/P_final/build/global_planner/build/lib/global_planner
[2.341s] running install
[2.341s] running install_lib
[2.342s] copying /home/quim/robotica_ros/P_final/build/global_planner/build/lib/global_planner/global_planner.py -> /home/quim/robotica_ros/P_final/install/global_planner/lib/python3.10/site-packages/global_planner
[2.343s] byte-compiling /home/quim/robotica_ros/P_final/install/global_planner/lib/python3.10/site-packages/global_planner/global_planner.py to global_planner.cpython-310.pyc
[2.345s] running install_data
[2.346s] running install_egg_info
[2.349s] removing '/home/quim/robotica_ros/P_final/install/global_planner/lib/python3.10/site-packages/global_planner-0.0.0-py3.10.egg-info' (and everything under it)
[2.350s] Copying ../../build/global_planner/global_planner.egg-info to /home/quim/robotica_ros/P_final/install/global_planner/lib/python3.10/site-packages/global_planner-0.0.0-py3.10.egg-info
[2.352s] running install_scripts
[2.400s] Installing global_planner_node script to /home/quim/robotica_ros/P_final/install/global_planner/lib/global_planner
[2.401s] writing list of installed files to '/home/quim/robotica_ros/P_final/build/global_planner/install.log'
[2.488s] Invoked command in '/home/quim/robotica_ros/P_final/src/global_planner' returned '0': PYTHONPATH=/home/quim/robotica_ros/P_final/build/global_planner/prefix_override:/usr/lib/python3/dist-packages/colcon_core/task/python/colcon_distutils_commands:/home/quim/robotica_ros/P_final/install/global_planner/lib/python3.10/site-packages:${PYTHONPATH} /usr/bin/python3 -W ignore:setup.py install is deprecated setup.py egg_info --egg-base ../../build/global_planner build --build-base /home/quim/robotica_ros/P_final/build/global_planner/build install --record /home/quim/robotica_ros/P_final/build/global_planner/install.log --single-version-externally-managed install_data
