[0.076s] Invoking command in '/home/quim/robotica_ros/P_final/build/rosni2_gazebo': CMAKE_PREFIX_PATH=/home/quim/robotica_ros/P_final/install/rosni2_description:/home/quim/robotica_ros/P_final/install/rosni2_gazebo:/home/quim/robotica_ros/P_final/install/rosni_robot:/home/quim/robotica_ros/P_final/install/local_planner:/home/quim/robotica_ros/P_final/install/global_planner:/home/quim/robotica_ros/P_final/install/frontier_explorer:/opt/ros/humble /usr/bin/cmake --build /home/quim/robotica_ros/P_final/build/rosni2_gazebo -- -j8 -l8
[0.233s] Invoked command in '/home/quim/robotica_ros/P_final/build/rosni2_gazebo' returned '0': CMAKE_PREFIX_PATH=/home/quim/robotica_ros/P_final/install/rosni2_description:/home/quim/robotica_ros/P_final/install/rosni2_gazebo:/home/quim/robotica_ros/P_final/install/rosni_robot:/home/quim/robotica_ros/P_final/install/local_planner:/home/quim/robotica_ros/P_final/install/global_planner:/home/quim/robotica_ros/P_final/install/frontier_explorer:/opt/ros/humble /usr/bin/cmake --build /home/quim/robotica_ros/P_final/build/rosni2_gazebo -- -j8 -l8
[0.363s] Invoking command in '/home/quim/robotica_ros/P_final/build/rosni2_gazebo': CMAKE_PREFIX_PATH=/home/quim/robotica_ros/P_final/install/rosni2_description:/home/quim/robotica_ros/P_final/install/rosni2_gazebo:/home/quim/robotica_ros/P_final/install/rosni_robot:/home/quim/robotica_ros/P_final/install/local_planner:/home/quim/robotica_ros/P_final/install/global_planner:/home/quim/robotica_ros/P_final/install/frontier_explorer:/opt/ros/humble /usr/bin/cmake --install /home/quim/robotica_ros/P_final/build/rosni2_gazebo
[0.396s] -- Install configuration: ""
[0.396s] -- Up-to-date: /home/quim/robotica_ros/P_final/install/rosni2_gazebo/share/rosni2_gazebo/launch
[0.397s] -- Up-to-date: /home/quim/robotica_ros/P_final/install/rosni2_gazebo/share/rosni2_gazebo/launch/key_teleop.launch.py
[0.398s] -- Up-to-date: /home/quim/robotica_ros/P_final/install/rosni2_gazebo/share/rosni2_gazebo/launch/rosni_slam.launch.py
[0.398s] -- Up-to-date: /home/quim/robotica_ros/P_final/install/rosni2_gazebo/share/rosni2_gazebo/launch/rosni_gazebo.launch.py
[0.398s] -- Up-to-date: /home/quim/robotica_ros/P_final/install/rosni2_gazebo/share/rosni2_gazebo/config
[0.398s] -- Up-to-date: /home/quim/robotica_ros/P_final/install/rosni2_gazebo/share/rosni2_gazebo/config/rviz2
[0.398s] -- Up-to-date: /home/quim/robotica_ros/P_final/install/rosni2_gazebo/share/rosni2_gazebo/config/rviz2/navigation.rviz
[0.403s] -- Up-to-date: /home/quim/robotica_ros/P_final/install/rosni2_gazebo/share/rosni2_gazebo/worlds
[0.405s] -- Up-to-date: /home/quim/robotica_ros/P_final/install/rosni2_gazebo/share/rosni2_gazebo/worlds/maze.world
[0.405s] -- Up-to-date: /home/quim/robotica_ros/P_final/install/rosni2_gazebo/share/rosni2_gazebo/worlds/empty.world
[0.405s] -- Up-to-date: /home/quim/robotica_ros/P_final/install/rosni2_gazebo/share/ament_index/resource_index/package_run_dependencies/rosni2_gazebo
[0.405s] -- Up-to-date: /home/quim/robotica_ros/P_final/install/rosni2_gazebo/share/ament_index/resource_index/parent_prefix_path/rosni2_gazebo
[0.406s] -- Up-to-date: /home/quim/robotica_ros/P_final/install/rosni2_gazebo/share/rosni2_gazebo/environment/ament_prefix_path.sh
[0.413s] -- Up-to-date: /home/quim/robotica_ros/P_final/install/rosni2_gazebo/share/rosni2_gazebo/environment/ament_prefix_path.dsv
[0.421s] -- Up-to-date: /home/quim/robotica_ros/P_final/install/rosni2_gazebo/share/rosni2_gazebo/environment/path.sh
[0.422s] -- Up-to-date: /home/quim/robotica_ros/P_final/install/rosni2_gazebo/share/rosni2_gazebo/environment/path.dsv
[0.423s] -- Up-to-date: /home/quim/robotica_ros/P_final/install/rosni2_gazebo/share/rosni2_gazebo/local_setup.bash
[0.425s] -- Up-to-date: /home/quim/robotica_ros/P_final/install/rosni2_gazebo/share/rosni2_gazebo/local_setup.sh
[0.428s] -- Up-to-date: /home/quim/robotica_ros/P_final/install/rosni2_gazebo/share/rosni2_gazebo/local_setup.zsh
[0.430s] -- Up-to-date: /home/quim/robotica_ros/P_final/install/rosni2_gazebo/share/rosni2_gazebo/local_setup.dsv
[0.431s] -- Installing: /home/quim/robotica_ros/P_final/install/rosni2_gazebo/share/rosni2_gazebo/package.dsv
[0.433s] -- Up-to-date: /home/quim/robotica_ros/P_final/install/rosni2_gazebo/share/ament_index/resource_index/packages/rosni2_gazebo
[0.437s] -- Up-to-date: /home/quim/robotica_ros/P_final/install/rosni2_gazebo/share/rosni2_gazebo/cmake/rosni2_gazeboConfig.cmake
[0.438s] -- Up-to-date: /home/quim/robotica_ros/P_final/install/rosni2_gazebo/share/rosni2_gazebo/cmake/rosni2_gazeboConfig-version.cmake
[0.441s] -- Up-to-date: /home/quim/robotica_ros/P_final/install/rosni2_gazebo/share/rosni2_gazebo/package.xml
[0.443s] Invoked command in '/home/quim/robotica_ros/P_final/build/rosni2_gazebo' returned '0': CMAKE_PREFIX_PATH=/home/quim/robotica_ros/P_final/install/rosni2_description:/home/quim/robotica_ros/P_final/install/rosni2_gazebo:/home/quim/robotica_ros/P_final/install/rosni_robot:/home/quim/robotica_ros/P_final/install/local_planner:/home/quim/robotica_ros/P_final/install/global_planner:/home/quim/robotica_ros/P_final/install/frontier_explorer:/opt/ros/humble /usr/bin/cmake --install /home/quim/robotica_ros/P_final/build/rosni2_gazebo
