[5.705s] Invoking command in '/home/quim/robotica_ros/P_final/src/rosni_robot': PYTHONPATH=/home/quim/robotica_ros/P_final/build/rosni_robot/prefix_override:/usr/lib/python3/dist-packages/colcon_core/task/python/colcon_distutils_commands:/home/quim/robotica_ros/P_final/install/rosni_robot/lib/python3.10/site-packages:${PYTHONPATH} /usr/bin/python3 -W ignore:setup.py install is deprecated setup.py egg_info --egg-base ../../build/rosni_robot build --build-base /home/quim/robotica_ros/P_final/build/rosni_robot/build install --record /home/quim/robotica_ros/P_final/build/rosni_robot/install.log --single-version-externally-managed install_data
[6.693s] running egg_info
[6.693s] writing ../../build/rosni_robot/rosni_robot.egg-info/PKG-INFO
[6.697s] writing dependency_links to ../../build/rosni_robot/rosni_robot.egg-info/dependency_links.txt
[6.698s] writing entry points to ../../build/rosni_robot/rosni_robot.egg-info/entry_points.txt
[6.698s] writing requirements to ../../build/rosni_robot/rosni_robot.egg-info/requires.txt
[6.699s] writing top-level names to ../../build/rosni_robot/rosni_robot.egg-info/top_level.txt
[6.703s] reading manifest file '../../build/rosni_robot/rosni_robot.egg-info/SOURCES.txt'
[6.707s] writing manifest file '../../build/rosni_robot/rosni_robot.egg-info/SOURCES.txt'
[6.709s] running build
[6.714s] running build_py
[6.715s] running install
[6.717s] running install_lib
[6.719s] running install_data
[6.719s] running install_egg_info
[6.723s] removing '/home/quim/robotica_ros/P_final/install/rosni_robot/lib/python3.10/site-packages/rosni_robot-0.0.0-py3.10.egg-info' (and everything under it)
[6.723s] Copying ../../build/rosni_robot/rosni_robot.egg-info to /home/quim/robotica_ros/P_final/install/rosni_robot/lib/python3.10/site-packages/rosni_robot-0.0.0-py3.10.egg-info
[6.733s] running install_scripts
[6.804s] writing list of installed files to '/home/quim/robotica_ros/P_final/build/rosni_robot/install.log'
[6.922s] Invoked command in '/home/quim/robotica_ros/P_final/src/rosni_robot' returned '0': PYTHONPATH=/home/quim/robotica_ros/P_final/build/rosni_robot/prefix_override:/usr/lib/python3/dist-packages/colcon_core/task/python/colcon_distutils_commands:/home/quim/robotica_ros/P_final/install/rosni_robot/lib/python3.10/site-packages:${PYTHONPATH} /usr/bin/python3 -W ignore:setup.py install is deprecated setup.py egg_info --egg-base ../../build/rosni_robot build --build-base /home/quim/robotica_ros/P_final/build/rosni_robot/build install --record /home/quim/robotica_ros/P_final/build/rosni_robot/install.log --single-version-externally-managed install_data
