[4.202s] Invoking command in '/home/quim/robotica_ros/P_final/src/global_planner': PYTHONPATH=/home/quim/robotica_ros/P_final/build/global_planner/prefix_override:/usr/lib/python3/dist-packages/colcon_core/task/python/colcon_distutils_commands:/home/quim/robotica_ros/P_final/install/global_planner/lib/python3.10/site-packages:${PYTHONPATH} /usr/bin/python3 -W ignore:setup.py install is deprecated setup.py egg_info --egg-base ../../build/global_planner build --build-base /home/quim/robotica_ros/P_final/build/global_planner/build install --record /home/quim/robotica_ros/P_final/build/global_planner/install.log --single-version-externally-managed install_data
[5.080s] running egg_info
[5.081s] writing ../../build/global_planner/global_planner.egg-info/PKG-INFO
[5.082s] writing dependency_links to ../../build/global_planner/global_planner.egg-info/dependency_links.txt
[5.083s] writing entry points to ../../build/global_planner/global_planner.egg-info/entry_points.txt
[5.083s] writing requirements to ../../build/global_planner/global_planner.egg-info/requires.txt
[5.084s] writing top-level names to ../../build/global_planner/global_planner.egg-info/top_level.txt
[5.088s] reading manifest file '../../build/global_planner/global_planner.egg-info/SOURCES.txt'
[5.090s] writing manifest file '../../build/global_planner/global_planner.egg-info/SOURCES.txt'
[5.091s] running build
[5.091s] running build_py
[5.092s] running install
[5.092s] running install_lib
[5.100s] running install_data
[5.101s] running install_egg_info
[5.105s] removing '/home/quim/robotica_ros/P_final/install/global_planner/lib/python3.10/site-packages/global_planner-0.0.0-py3.10.egg-info' (and everything under it)
[5.108s] Copying ../../build/global_planner/global_planner.egg-info to /home/quim/robotica_ros/P_final/install/global_planner/lib/python3.10/site-packages/global_planner-0.0.0-py3.10.egg-info
[5.109s] running install_scripts
[5.186s] Installing global_planner_node script to /home/quim/robotica_ros/P_final/install/global_planner/lib/global_planner
[5.187s] writing list of installed files to '/home/quim/robotica_ros/P_final/build/global_planner/install.log'
[5.315s] Invoked command in '/home/quim/robotica_ros/P_final/src/global_planner' returned '0': PYTHONPATH=/home/quim/robotica_ros/P_final/build/global_planner/prefix_override:/usr/lib/python3/dist-packages/colcon_core/task/python/colcon_distutils_commands:/home/quim/robotica_ros/P_final/install/global_planner/lib/python3.10/site-packages:${PYTHONPATH} /usr/bin/python3 -W ignore:setup.py install is deprecated setup.py egg_info --egg-base ../../build/global_planner build --build-base /home/quim/robotica_ros/P_final/build/global_planner/build install --record /home/quim/robotica_ros/P_final/build/global_planner/install.log --single-version-externally-managed install_data
