[3.234s] Invoking command in '/home/quim/robotica_ros/P_final/src/global_planner': PYTHONPATH=/home/quim/robotica_ros/P_final/build/global_planner/prefix_override:/usr/lib/python3/dist-packages/colcon_core/task/python/colcon_distutils_commands:/home/quim/robotica_ros/P_final/install/global_planner/lib/python3.10/site-packages:${PYTHONPATH} /usr/bin/python3 -W ignore:setup.py install is deprecated setup.py egg_info --egg-base ../../build/global_planner build --build-base /home/quim/robotica_ros/P_final/build/global_planner/build install --record /home/quim/robotica_ros/P_final/build/global_planner/install.log --single-version-externally-managed install_data
[3.925s] running egg_info
[3.931s] writing ../../build/global_planner/global_planner.egg-info/PKG-INFO
[3.931s] writing dependency_links to ../../build/global_planner/global_planner.egg-info/dependency_links.txt
[3.932s] writing entry points to ../../build/global_planner/global_planner.egg-info/entry_points.txt
[3.932s] writing requirements to ../../build/global_planner/global_planner.egg-info/requires.txt
[3.932s] writing top-level names to ../../build/global_planner/global_planner.egg-info/top_level.txt
[3.935s] reading manifest file '../../build/global_planner/global_planner.egg-info/SOURCES.txt'
[3.940s] writing manifest file '../../build/global_planner/global_planner.egg-info/SOURCES.txt'
[3.941s] running build
[3.941s] running build_py
[3.941s] running install
[3.943s] running install_lib
[3.949s] running install_data
[3.949s] running install_egg_info
[3.956s] removing '/home/quim/robotica_ros/P_final/install/global_planner/lib/python3.10/site-packages/global_planner-0.0.0-py3.10.egg-info' (and everything under it)
[3.957s] Copying ../../build/global_planner/global_planner.egg-info to /home/quim/robotica_ros/P_final/install/global_planner/lib/python3.10/site-packages/global_planner-0.0.0-py3.10.egg-info
[3.960s] running install_scripts
[4.028s] Installing global_planner_node script to /home/quim/robotica_ros/P_final/install/global_planner/lib/global_planner
[4.028s] writing list of installed files to '/home/quim/robotica_ros/P_final/build/global_planner/install.log'
[4.183s] Invoked command in '/home/quim/robotica_ros/P_final/src/global_planner' returned '0': PYTHONPATH=/home/quim/robotica_ros/P_final/build/global_planner/prefix_override:/usr/lib/python3/dist-packages/colcon_core/task/python/colcon_distutils_commands:/home/quim/robotica_ros/P_final/install/global_planner/lib/python3.10/site-packages:${PYTHONPATH} /usr/bin/python3 -W ignore:setup.py install is deprecated setup.py egg_info --egg-base ../../build/global_planner build --build-base /home/quim/robotica_ros/P_final/build/global_planner/build install --record /home/quim/robotica_ros/P_final/build/global_planner/install.log --single-version-externally-managed install_data
