[2.129s] Invoking command in '/home/quim/robotica_ros/P_final/src/rosni_robot': PYTHONPATH=/home/quim/robotica_ros/P_final/build/rosni_robot/prefix_override:/usr/lib/python3/dist-packages/colcon_core/task/python/colcon_distutils_commands:/home/quim/robotica_ros/P_final/install/rosni_robot/lib/python3.10/site-packages:${PYTHONPATH} /usr/bin/python3 -W ignore:setup.py install is deprecated setup.py egg_info --egg-base ../../build/rosni_robot build --build-base /home/quim/robotica_ros/P_final/build/rosni_robot/build install --record /home/quim/robotica_ros/P_final/build/rosni_robot/install.log --single-version-externally-managed install_data
[2.506s] running egg_info
[2.507s] writing ../../build/rosni_robot/rosni_robot.egg-info/PKG-INFO
[2.507s] writing dependency_links to ../../build/rosni_robot/rosni_robot.egg-info/dependency_links.txt
[2.508s] writing entry points to ../../build/rosni_robot/rosni_robot.egg-info/entry_points.txt
[2.508s] writing requirements to ../../build/rosni_robot/rosni_robot.egg-info/requires.txt
[2.508s] writing top-level names to ../../build/rosni_robot/rosni_robot.egg-info/top_level.txt
[2.511s] reading manifest file '../../build/rosni_robot/rosni_robot.egg-info/SOURCES.txt'
[2.512s] writing manifest file '../../build/rosni_robot/rosni_robot.egg-info/SOURCES.txt'
[2.513s] running build
[2.513s] running build_py
[2.513s] running install
[2.514s] running install_lib
[2.515s] running install_data
[2.515s] running install_egg_info
[2.518s] removing '/home/quim/robotica_ros/P_final/install/rosni_robot/lib/python3.10/site-packages/rosni_robot-0.0.0-py3.10.egg-info' (and everything under it)
[2.518s] Copying ../../build/rosni_robot/rosni_robot.egg-info to /home/quim/robotica_ros/P_final/install/rosni_robot/lib/python3.10/site-packages/rosni_robot-0.0.0-py3.10.egg-info
[2.519s] running install_scripts
[2.549s] writing list of installed files to '/home/quim/robotica_ros/P_final/build/rosni_robot/install.log'
[2.585s] Invoked command in '/home/quim/robotica_ros/P_final/src/rosni_robot' returned '0': PYTHONPATH=/home/quim/robotica_ros/P_final/build/rosni_robot/prefix_override:/usr/lib/python3/dist-packages/colcon_core/task/python/colcon_distutils_commands:/home/quim/robotica_ros/P_final/install/rosni_robot/lib/python3.10/site-packages:${PYTHONPATH} /usr/bin/python3 -W ignore:setup.py install is deprecated setup.py egg_info --egg-base ../../build/rosni_robot build --build-base /home/quim/robotica_ros/P_final/build/rosni_robot/build install --record /home/quim/robotica_ros/P_final/build/rosni_robot/install.log --single-version-externally-managed install_data
