[0.029s] Invoking command in '/home/quim/robotica_ros/P_final/build/rosni2_description': CMAKE_PREFIX_PATH=${CMAKE_PREFIX_PATH}:/home/quim/robotica_ros/P_final/install/local_planner:/home/quim/robotica_ros/P_final/install/global_planner:/home/quim/robotica_ros/P_final/install/frontier_explorer:/opt/ros/humble /usr/bin/cmake /home/quim/robotica_ros/P_final/src/rosni2_description -DCMAKE_INSTALL_PREFIX=/home/quim/robotica_ros/P_final/install/rosni2_description
[0.594s] -- The C compiler identification is GNU 11.4.0
[0.594s] -- The CXX compiler identification is GNU 11.4.0
[0.594s] -- Detecting C compiler ABI info
[0.594s] -- Detecting C compiler ABI info - done
[0.594s] -- Check for working C compiler: /usr/bin/cc - skipped
[0.594s] -- Detecting C compile features
[0.595s] -- Detecting C compile features - done
[0.595s] -- Detecting CXX compiler ABI info
[0.595s] -- Detecting CXX compiler ABI info - done
[0.595s] -- Check for working CXX compiler: /usr/bin/c++ - skipped
[0.595s] -- Detecting CXX compile features
[0.595s] -- Detecting CXX compile features - done
[0.595s] -- Found ament_cmake: 1.3.10 (/opt/ros/humble/share/ament_cmake/cmake)
[0.639s] -- Found Python3: /usr/bin/python3 (found version "3.10.12") found components: Interpreter 
[0.742s] -- Found xacro: 2.0.8 (/opt/ros/humble/share/xacro/cmake)
[0.744s] -- Found ament_lint_auto: 0.12.11 (/opt/ros/humble/share/ament_lint_auto/cmake)
[0.856s] -- Added test 'flake8' to check Python code syntax and style conventions
[0.861s] -- Added test 'lint_cmake' to check CMake code style
[0.863s] -- Added test 'pep257' to check Python code against some of the docstring style conventions in PEP 257
[0.881s] -- Added test 'xmllint' to check XML markup files
[0.883s] -- Configuring done
[0.885s] -- Generating done
[0.886s] -- Build files have been written to: /home/quim/robotica_ros/P_final/build/rosni2_description
[0.891s] Invoked command in '/home/quim/robotica_ros/P_final/build/rosni2_description' returned '0': CMAKE_PREFIX_PATH=${CMAKE_PREFIX_PATH}:/home/quim/robotica_ros/P_final/install/local_planner:/home/quim/robotica_ros/P_final/install/global_planner:/home/quim/robotica_ros/P_final/install/frontier_explorer:/opt/ros/humble /usr/bin/cmake /home/quim/robotica_ros/P_final/src/rosni2_description -DCMAKE_INSTALL_PREFIX=/home/quim/robotica_ros/P_final/install/rosni2_description
[0.894s] Invoking command in '/home/quim/robotica_ros/P_final/build/rosni2_description': CMAKE_PREFIX_PATH=${CMAKE_PREFIX_PATH}:/home/quim/robotica_ros/P_final/install/local_planner:/home/quim/robotica_ros/P_final/install/global_planner:/home/quim/robotica_ros/P_final/install/frontier_explorer:/opt/ros/humble /usr/bin/cmake --build /home/quim/robotica_ros/P_final/build/rosni2_description -- -j8 -l8
[0.938s] Invoked command in '/home/quim/robotica_ros/P_final/build/rosni2_description' returned '0': CMAKE_PREFIX_PATH=${CMAKE_PREFIX_PATH}:/home/quim/robotica_ros/P_final/install/local_planner:/home/quim/robotica_ros/P_final/install/global_planner:/home/quim/robotica_ros/P_final/install/frontier_explorer:/opt/ros/humble /usr/bin/cmake --build /home/quim/robotica_ros/P_final/build/rosni2_description -- -j8 -l8
[0.976s] Invoking command in '/home/quim/robotica_ros/P_final/build/rosni2_description': CMAKE_PREFIX_PATH=${CMAKE_PREFIX_PATH}:/home/quim/robotica_ros/P_final/install/local_planner:/home/quim/robotica_ros/P_final/install/global_planner:/home/quim/robotica_ros/P_final/install/frontier_explorer:/opt/ros/humble /usr/bin/cmake --install /home/quim/robotica_ros/P_final/build/rosni2_description
[0.983s] -- Install configuration: ""
[0.983s] -- Installing: /home/quim/robotica_ros/P_final/install/rosni2_description/share/rosni2_description/config
[0.983s] -- Installing: /home/quim/robotica_ros/P_final/install/rosni2_description/share/rosni2_description/config/._rviz2
[0.984s] -- Installing: /home/quim/robotica_ros/P_final/install/rosni2_description/share/rosni2_description/config/._diff_drive_controller.yaml
[0.984s] -- Installing: /home/quim/robotica_ros/P_final/install/rosni2_description/share/rosni2_description/config/rviz2
[0.984s] -- Installing: /home/quim/robotica_ros/P_final/install/rosni2_description/share/rosni2_description/config/rviz2/default_view.rviz
[0.984s] -- Installing: /home/quim/robotica_ros/P_final/install/rosni2_description/share/rosni2_description/config/rviz2/._default_view.rviz
[0.984s] -- Installing: /home/quim/robotica_ros/P_final/install/rosni2_description/share/rosni2_description/config/diff_drive_controller.yaml
[0.984s] -- Installing: /home/quim/robotica_ros/P_final/install/rosni2_description/share/rosni2_description/launch
[0.985s] -- Installing: /home/quim/robotica_ros/P_final/install/rosni2_description/share/rosni2_description/launch/display.launch.py
[0.985s] -- Installing: /home/quim/robotica_ros/P_final/install/rosni2_description/share/rosni2_description/launch/._display.launch.py
[0.985s] -- Installing: /home/quim/robotica_ros/P_final/install/rosni2_description/share/rosni2_description/launch/upload.launch.py
[0.985s] -- Installing: /home/quim/robotica_ros/P_final/install/rosni2_description/share/rosni2_description/launch/._upload.launch.py
[0.985s] -- Installing: /home/quim/robotica_ros/P_final/install/rosni2_description/share/rosni2_description/urdf
[0.985s] -- Installing: /home/quim/robotica_ros/P_final/install/rosni2_description/share/rosni2_description/urdf/._wheels
[0.986s] -- Installing: /home/quim/robotica_ros/P_final/install/rosni2_description/share/rosni2_description/urdf/wheels
[0.986s] -- Installing: /home/quim/robotica_ros/P_final/install/rosni2_description/share/rosni2_description/urdf/wheels/._right_wheel.xacro
[0.986s] -- Installing: /home/quim/robotica_ros/P_final/install/rosni2_description/share/rosni2_description/urdf/wheels/right_wheel.xacro
[0.986s] -- Installing: /home/quim/robotica_ros/P_final/install/rosni2_description/share/rosni2_description/urdf/wheels/._left_wheel.xacro
[0.986s] -- Installing: /home/quim/robotica_ros/P_final/install/rosni2_description/share/rosni2_description/urdf/wheels/left_wheel.xacro
[0.986s] -- Installing: /home/quim/robotica_ros/P_final/install/rosni2_description/share/rosni2_description/urdf/sensors
[0.987s] -- Installing: /home/quim/robotica_ros/P_final/install/rosni2_description/share/rosni2_description/urdf/sensors/lidar.xacro
[0.987s] -- Installing: /home/quim/robotica_ros/P_final/install/rosni2_description/share/rosni2_description/urdf/sensors/._lidar.xacro
[0.987s] -- Installing: /home/quim/robotica_ros/P_final/install/rosni2_description/share/rosni2_description/urdf/._base
[0.987s] -- Installing: /home/quim/robotica_ros/P_final/install/rosni2_description/share/rosni2_description/urdf/._sensors
[0.987s] -- Installing: /home/quim/robotica_ros/P_final/install/rosni2_description/share/rosni2_description/urdf/base
[0.987s] -- Installing: /home/quim/robotica_ros/P_final/install/rosni2_description/share/rosni2_description/urdf/base/base.xacro
[0.988s] -- Installing: /home/quim/robotica_ros/P_final/install/rosni2_description/share/rosni2_description/urdf/base/._base.xacro
[0.988s] -- Installing: /home/quim/robotica_ros/P_final/install/rosni2_description/share/rosni2_description/robot
[0.988s] -- Installing: /home/quim/robotica_ros/P_final/install/rosni2_description/share/rosni2_description/robot/rosni.urdf.xacro
[0.988s] -- Installing: /home/quim/robotica_ros/P_final/install/rosni2_description/share/rosni2_description/robot/._rosni.urdf.xacro
[0.988s] -- Installing: /home/quim/robotica_ros/P_final/install/rosni2_description/share/rosni2_description/meshes
[0.988s] -- Installing: /home/quim/robotica_ros/P_final/install/rosni2_description/share/rosni2_description/meshes/._base.stl
[0.989s] -- Installing: /home/quim/robotica_ros/P_final/install/rosni2_description/share/rosni2_description/meshes/base.stl
[0.994s] -- Installing: /home/quim/robotica_ros/P_final/install/rosni2_description/share/rosni2_description/meshes/._right_wheel.stl
[0.994s] -- Installing: /home/quim/robotica_ros/P_final/install/rosni2_description/share/rosni2_description/meshes/right_wheel.stl
[0.996s] -- Installing: /home/quim/robotica_ros/P_final/install/rosni2_description/share/rosni2_description/meshes/lidar.stl
[1.001s] -- Installing: /home/quim/robotica_ros/P_final/install/rosni2_description/share/rosni2_description/meshes/._lidar.stl
[1.001s] -- Installing: /home/quim/robotica_ros/P_final/install/rosni2_description/share/rosni2_description/meshes/._left_wheel.stl
[1.002s] -- Installing: /home/quim/robotica_ros/P_final/install/rosni2_description/share/rosni2_description/meshes/left_wheel.stl
[1.004s] -- Installing: /home/quim/robotica_ros/P_final/install/rosni2_description/share/rosni2_description/gazebo
[1.004s] -- Installing: /home/quim/robotica_ros/P_final/install/rosni2_description/share/rosni2_description/gazebo/._rosni.gazebo.xacro
[1.004s] -- Installing: /home/quim/robotica_ros/P_final/install/rosni2_description/share/rosni2_description/gazebo/rosni.gazebo.xacro
[1.004s] -- Installing: /home/quim/robotica_ros/P_final/install/rosni2_description/share/rosni2_description/ros2_control
[1.004s] -- Installing: /home/quim/robotica_ros/P_final/install/rosni2_description/share/rosni2_description/ros2_control/._ros2_control.xacro
[1.004s] -- Installing: /home/quim/robotica_ros/P_final/install/rosni2_description/share/rosni2_description/ros2_control/ros2_control.xacro
[1.005s] -- Installing: /home/quim/robotica_ros/P_final/install/rosni2_description/share/ament_index/resource_index/package_run_dependencies/rosni2_description
[1.005s] -- Installing: /home/quim/robotica_ros/P_final/install/rosni2_description/share/ament_index/resource_index/parent_prefix_path/rosni2_description
[1.005s] -- Installing: /home/quim/robotica_ros/P_final/install/rosni2_description/share/rosni2_description/environment/ament_prefix_path.sh
[1.005s] -- Installing: /home/quim/robotica_ros/P_final/install/rosni2_description/share/rosni2_description/environment/ament_prefix_path.dsv
[1.005s] -- Installing: /home/quim/robotica_ros/P_final/install/rosni2_description/share/rosni2_description/environment/path.sh
[1.005s] -- Installing: /home/quim/robotica_ros/P_final/install/rosni2_description/share/rosni2_description/environment/path.dsv
[1.006s] -- Installing: /home/quim/robotica_ros/P_final/install/rosni2_description/share/rosni2_description/local_setup.bash
[1.006s] -- Installing: /home/quim/robotica_ros/P_final/install/rosni2_description/share/rosni2_description/local_setup.sh
[1.006s] -- Installing: /home/quim/robotica_ros/P_final/install/rosni2_description/share/rosni2_description/local_setup.zsh
[1.006s] -- Installing: /home/quim/robotica_ros/P_final/install/rosni2_description/share/rosni2_description/local_setup.dsv
[1.006s] -- Installing: /home/quim/robotica_ros/P_final/install/rosni2_description/share/rosni2_description/package.dsv
[1.006s] -- Installing: /home/quim/robotica_ros/P_final/install/rosni2_description/share/ament_index/resource_index/packages/rosni2_description
[1.006s] -- Installing: /home/quim/robotica_ros/P_final/install/rosni2_description/share/rosni2_description/cmake/rosni2_descriptionConfig.cmake
[1.007s] -- Installing: /home/quim/robotica_ros/P_final/install/rosni2_description/share/rosni2_description/cmake/rosni2_descriptionConfig-version.cmake
[1.007s] -- Installing: /home/quim/robotica_ros/P_final/install/rosni2_description/share/rosni2_description/package.xml
[1.009s] Invoked command in '/home/quim/robotica_ros/P_final/build/rosni2_description' returned '0': CMAKE_PREFIX_PATH=${CMAKE_PREFIX_PATH}:/home/quim/robotica_ros/P_final/install/local_planner:/home/quim/robotica_ros/P_final/install/global_planner:/home/quim/robotica_ros/P_final/install/frontier_explorer:/opt/ros/humble /usr/bin/cmake --install /home/quim/robotica_ros/P_final/build/rosni2_description
