[0.194s] DEBUG:colcon:Command line arguments: ['/usr/bin/colcon', 'build']
[0.194s] DEBUG:colcon:Parsed command line arguments: Namespace(log_base=None, log_level=None, verb_name='build', build_base='build', install_base='install', merge_install=False, symlink_install=False, test_result_base=None, continue_on_error=False, executor='parallel', parallel_workers=8, event_handlers=None, ignore_user_meta=False, metas=['./colcon.meta'], base_paths=['.'], packages_ignore=None, packages_ignore_regex=None, paths=None, packages_up_to=None, packages_up_to_regex=None, packages_above=None, packages_above_and_dependencies=None, packages_above_depth=None, packages_select_by_dep=None, packages_skip_by_dep=None, packages_skip_up_to=None, packages_select_build_failed=False, packages_skip_build_finished=False, packages_select_test_failures=False, packages_skip_test_passed=False, packages_select=None, packages_skip=None, packages_select_regex=None, packages_skip_regex=None, packages_start=None, packages_end=None, allow_overriding=[], cmake_args=None, cmake_target=None, cmake_target_skip_unavailable=False, cmake_clean_cache=False, cmake_clean_first=False, cmake_force_configure=False, ament_cmake_args=None, catkin_cmake_args=None, catkin_skip_building_tests=False, mixin_files=None, mixin=None, verb_parser=<colcon_mixin.mixin.mixin_argument.MixinArgumentDecorator object at 0x7f6687736da0>, verb_extension=<colcon_core.verb.build.BuildVerb object at 0x7f6687823550>, main=<bound method BuildVerb.main of <colcon_core.verb.build.BuildVerb object at 0x7f6687823550>>, mixin_verb=('build',))
[0.481s] Level 1:colcon.colcon_core.package_discovery:discover_packages(colcon_meta) check parameters
[0.482s] Level 1:colcon.colcon_core.package_discovery:discover_packages(recursive) check parameters
[0.482s] Level 1:colcon.colcon_core.package_discovery:discover_packages(ignore) check parameters
[0.482s] Level 1:colcon.colcon_core.package_discovery:discover_packages(path) check parameters
[0.482s] Level 1:colcon.colcon_core.package_discovery:discover_packages(colcon_meta) discover
[0.482s] Level 1:colcon.colcon_core.package_discovery:discover_packages(recursive) discover
[0.482s] INFO:colcon.colcon_core.package_discovery:Crawling recursively for packages in '/home/quim/robotica_ros/P_final'
[0.482s] Level 1:colcon.colcon_core.package_identification:_identify(.) by extensions ['ignore', 'ignore_ament_install']
[0.482s] Level 1:colcon.colcon_core.package_identification:_identify(.) by extension 'ignore'
[0.482s] Level 1:colcon.colcon_core.package_identification:_identify(.) by extension 'ignore_ament_install'
[0.482s] Level 1:colcon.colcon_core.package_identification:_identify(.) by extensions ['colcon_pkg']
[0.482s] Level 1:colcon.colcon_core.package_identification:_identify(.) by extension 'colcon_pkg'
[0.482s] Level 1:colcon.colcon_core.package_identification:_identify(.) by extensions ['colcon_meta']
[0.483s] Level 1:colcon.colcon_core.package_identification:_identify(.) by extension 'colcon_meta'
[0.483s] Level 1:colcon.colcon_core.package_identification:_identify(.) by extensions ['ros']
[0.483s] Level 1:colcon.colcon_core.package_identification:_identify(.) by extension 'ros'
[0.501s] Level 1:colcon.colcon_core.package_identification:_identify(.) by extensions ['cmake', 'python']
[0.501s] Level 1:colcon.colcon_core.package_identification:_identify(.) by extension 'cmake'
[0.501s] Level 1:colcon.colcon_core.package_identification:_identify(.) by extension 'python'
[0.501s] Level 1:colcon.colcon_core.package_identification:_identify(.) by extensions ['python_setup_py']
[0.501s] Level 1:colcon.colcon_core.package_identification:_identify(.) by extension 'python_setup_py'
[0.502s] Level 1:colcon.colcon_core.package_identification:_identify(build) by extensions ['ignore', 'ignore_ament_install']
[0.502s] Level 1:colcon.colcon_core.package_identification:_identify(build) by extension 'ignore'
[0.502s] Level 1:colcon.colcon_core.package_identification:_identify(build) ignored
[0.502s] Level 1:colcon.colcon_core.package_identification:_identify(install) by extensions ['ignore', 'ignore_ament_install']
[0.502s] Level 1:colcon.colcon_core.package_identification:_identify(install) by extension 'ignore'
[0.502s] Level 1:colcon.colcon_core.package_identification:_identify(install) ignored
[0.502s] Level 1:colcon.colcon_core.package_identification:_identify(log) by extensions ['ignore', 'ignore_ament_install']
[0.502s] Level 1:colcon.colcon_core.package_identification:_identify(log) by extension 'ignore'
[0.503s] Level 1:colcon.colcon_core.package_identification:_identify(log) ignored
[0.503s] Level 1:colcon.colcon_core.package_identification:_identify(roomba_screenshots) by extensions ['ignore', 'ignore_ament_install']
[0.503s] Level 1:colcon.colcon_core.package_identification:_identify(roomba_screenshots) by extension 'ignore'
[0.503s] Level 1:colcon.colcon_core.package_identification:_identify(roomba_screenshots) by extension 'ignore_ament_install'
[0.503s] Level 1:colcon.colcon_core.package_identification:_identify(roomba_screenshots) by extensions ['colcon_pkg']
[0.503s] Level 1:colcon.colcon_core.package_identification:_identify(roomba_screenshots) by extension 'colcon_pkg'
[0.503s] Level 1:colcon.colcon_core.package_identification:_identify(roomba_screenshots) by extensions ['colcon_meta']
[0.503s] Level 1:colcon.colcon_core.package_identification:_identify(roomba_screenshots) by extension 'colcon_meta'
[0.503s] Level 1:colcon.colcon_core.package_identification:_identify(roomba_screenshots) by extensions ['ros']
[0.503s] Level 1:colcon.colcon_core.package_identification:_identify(roomba_screenshots) by extension 'ros'
[0.503s] Level 1:colcon.colcon_core.package_identification:_identify(roomba_screenshots) by extensions ['cmake', 'python']
[0.503s] Level 1:colcon.colcon_core.package_identification:_identify(roomba_screenshots) by extension 'cmake'
[0.503s] Level 1:colcon.colcon_core.package_identification:_identify(roomba_screenshots) by extension 'python'
[0.503s] Level 1:colcon.colcon_core.package_identification:_identify(roomba_screenshots) by extensions ['python_setup_py']
[0.503s] Level 1:colcon.colcon_core.package_identification:_identify(roomba_screenshots) by extension 'python_setup_py'
[0.503s] Level 1:colcon.colcon_core.package_identification:_identify(src) by extensions ['ignore', 'ignore_ament_install']
[0.504s] Level 1:colcon.colcon_core.package_identification:_identify(src) by extension 'ignore'
[0.504s] Level 1:colcon.colcon_core.package_identification:_identify(src) by extension 'ignore_ament_install'
[0.504s] Level 1:colcon.colcon_core.package_identification:_identify(src) by extensions ['colcon_pkg']
[0.504s] Level 1:colcon.colcon_core.package_identification:_identify(src) by extension 'colcon_pkg'
[0.504s] Level 1:colcon.colcon_core.package_identification:_identify(src) by extensions ['colcon_meta']
[0.504s] Level 1:colcon.colcon_core.package_identification:_identify(src) by extension 'colcon_meta'
[0.504s] Level 1:colcon.colcon_core.package_identification:_identify(src) by extensions ['ros']
[0.504s] Level 1:colcon.colcon_core.package_identification:_identify(src) by extension 'ros'
[0.504s] Level 1:colcon.colcon_core.package_identification:_identify(src) by extensions ['cmake', 'python']
[0.504s] Level 1:colcon.colcon_core.package_identification:_identify(src) by extension 'cmake'
[0.504s] Level 1:colcon.colcon_core.package_identification:_identify(src) by extension 'python'
[0.504s] Level 1:colcon.colcon_core.package_identification:_identify(src) by extensions ['python_setup_py']
[0.504s] Level 1:colcon.colcon_core.package_identification:_identify(src) by extension 'python_setup_py'
[0.504s] Level 1:colcon.colcon_core.package_identification:_identify(src/frontier_explorer) by extensions ['ignore', 'ignore_ament_install']
[0.504s] Level 1:colcon.colcon_core.package_identification:_identify(src/frontier_explorer) by extension 'ignore'
[0.504s] Level 1:colcon.colcon_core.package_identification:_identify(src/frontier_explorer) by extension 'ignore_ament_install'
[0.504s] Level 1:colcon.colcon_core.package_identification:_identify(src/frontier_explorer) by extensions ['colcon_pkg']
[0.504s] Level 1:colcon.colcon_core.package_identification:_identify(src/frontier_explorer) by extension 'colcon_pkg'
[0.504s] Level 1:colcon.colcon_core.package_identification:_identify(src/frontier_explorer) by extensions ['colcon_meta']
[0.504s] Level 1:colcon.colcon_core.package_identification:_identify(src/frontier_explorer) by extension 'colcon_meta'
[0.504s] Level 1:colcon.colcon_core.package_identification:_identify(src/frontier_explorer) by extensions ['ros']
[0.504s] Level 1:colcon.colcon_core.package_identification:_identify(src/frontier_explorer) by extension 'ros'
[0.508s] DEBUG:colcon.colcon_core.package_identification:Package 'src/frontier_explorer' with type 'ros.ament_python' and name 'frontier_explorer'
[0.508s] Level 1:colcon.colcon_core.package_identification:_identify(src/global_planner) by extensions ['ignore', 'ignore_ament_install']
[0.508s] Level 1:colcon.colcon_core.package_identification:_identify(src/global_planner) by extension 'ignore'
[0.508s] Level 1:colcon.colcon_core.package_identification:_identify(src/global_planner) by extension 'ignore_ament_install'
[0.508s] Level 1:colcon.colcon_core.package_identification:_identify(src/global_planner) by extensions ['colcon_pkg']
[0.508s] Level 1:colcon.colcon_core.package_identification:_identify(src/global_planner) by extension 'colcon_pkg'
[0.508s] Level 1:colcon.colcon_core.package_identification:_identify(src/global_planner) by extensions ['colcon_meta']
[0.508s] Level 1:colcon.colcon_core.package_identification:_identify(src/global_planner) by extension 'colcon_meta'
[0.508s] Level 1:colcon.colcon_core.package_identification:_identify(src/global_planner) by extensions ['ros']
[0.508s] Level 1:colcon.colcon_core.package_identification:_identify(src/global_planner) by extension 'ros'
[0.510s] DEBUG:colcon.colcon_core.package_identification:Package 'src/global_planner' with type 'ros.ament_python' and name 'global_planner'
[0.510s] Level 1:colcon.colcon_core.package_identification:_identify(src/local_planner) by extensions ['ignore', 'ignore_ament_install']
[0.510s] Level 1:colcon.colcon_core.package_identification:_identify(src/local_planner) by extension 'ignore'
[0.510s] Level 1:colcon.colcon_core.package_identification:_identify(src/local_planner) by extension 'ignore_ament_install'
[0.510s] Level 1:colcon.colcon_core.package_identification:_identify(src/local_planner) by extensions ['colcon_pkg']
[0.511s] Level 1:colcon.colcon_core.package_identification:_identify(src/local_planner) by extension 'colcon_pkg'
[0.511s] Level 1:colcon.colcon_core.package_identification:_identify(src/local_planner) by extensions ['colcon_meta']
[0.511s] Level 1:colcon.colcon_core.package_identification:_identify(src/local_planner) by extension 'colcon_meta'
[0.511s] Level 1:colcon.colcon_core.package_identification:_identify(src/local_planner) by extensions ['ros']
[0.511s] Level 1:colcon.colcon_core.package_identification:_identify(src/local_planner) by extension 'ros'
[0.512s] DEBUG:colcon.colcon_core.package_identification:Package 'src/local_planner' with type 'ros.ament_python' and name 'local_planner'
[0.512s] Level 1:colcon.colcon_core.package_identification:_identify(src/rosni2_description) by extensions ['ignore', 'ignore_ament_install']
[0.512s] Level 1:colcon.colcon_core.package_identification:_identify(src/rosni2_description) by extension 'ignore'
[0.513s] Level 1:colcon.colcon_core.package_identification:_identify(src/rosni2_description) by extension 'ignore_ament_install'
[0.513s] Level 1:colcon.colcon_core.package_identification:_identify(src/rosni2_description) by extensions ['colcon_pkg']
[0.513s] Level 1:colcon.colcon_core.package_identification:_identify(src/rosni2_description) by extension 'colcon_pkg'
[0.513s] Level 1:colcon.colcon_core.package_identification:_identify(src/rosni2_description) by extensions ['colcon_meta']
[0.513s] Level 1:colcon.colcon_core.package_identification:_identify(src/rosni2_description) by extension 'colcon_meta'
[0.513s] Level 1:colcon.colcon_core.package_identification:_identify(src/rosni2_description) by extensions ['ros']
[0.513s] Level 1:colcon.colcon_core.package_identification:_identify(src/rosni2_description) by extension 'ros'
[0.514s] DEBUG:colcon.colcon_core.package_identification:Package 'src/rosni2_description' with type 'ros.ament_cmake' and name 'rosni2_description'
[0.514s] Level 1:colcon.colcon_core.package_identification:_identify(src/rosni2_gazebo) by extensions ['ignore', 'ignore_ament_install']
[0.514s] Level 1:colcon.colcon_core.package_identification:_identify(src/rosni2_gazebo) by extension 'ignore'
[0.514s] Level 1:colcon.colcon_core.package_identification:_identify(src/rosni2_gazebo) by extension 'ignore_ament_install'
[0.514s] Level 1:colcon.colcon_core.package_identification:_identify(src/rosni2_gazebo) by extensions ['colcon_pkg']
[0.514s] Level 1:colcon.colcon_core.package_identification:_identify(src/rosni2_gazebo) by extension 'colcon_pkg'
[0.514s] Level 1:colcon.colcon_core.package_identification:_identify(src/rosni2_gazebo) by extensions ['colcon_meta']
[0.514s] Level 1:colcon.colcon_core.package_identification:_identify(src/rosni2_gazebo) by extension 'colcon_meta'
[0.514s] Level 1:colcon.colcon_core.package_identification:_identify(src/rosni2_gazebo) by extensions ['ros']
[0.514s] Level 1:colcon.colcon_core.package_identification:_identify(src/rosni2_gazebo) by extension 'ros'
[0.516s] DEBUG:colcon.colcon_core.package_identification:Package 'src/rosni2_gazebo' with type 'ros.ament_cmake' and name 'rosni2_gazebo'
[0.516s] Level 1:colcon.colcon_core.package_identification:_identify(src/rosni_robot) by extensions ['ignore', 'ignore_ament_install']
[0.516s] Level 1:colcon.colcon_core.package_identification:_identify(src/rosni_robot) by extension 'ignore'
[0.516s] Level 1:colcon.colcon_core.package_identification:_identify(src/rosni_robot) by extension 'ignore_ament_install'
[0.516s] Level 1:colcon.colcon_core.package_identification:_identify(src/rosni_robot) by extensions ['colcon_pkg']
[0.516s] Level 1:colcon.colcon_core.package_identification:_identify(src/rosni_robot) by extension 'colcon_pkg'
[0.516s] Level 1:colcon.colcon_core.package_identification:_identify(src/rosni_robot) by extensions ['colcon_meta']
[0.517s] Level 1:colcon.colcon_core.package_identification:_identify(src/rosni_robot) by extension 'colcon_meta'
[0.517s] Level 1:colcon.colcon_core.package_identification:_identify(src/rosni_robot) by extensions ['ros']
[0.517s] Level 1:colcon.colcon_core.package_identification:_identify(src/rosni_robot) by extension 'ros'
[0.519s] DEBUG:colcon.colcon_core.package_identification:Package 'src/rosni_robot' with type 'ros.ament_python' and name 'rosni_robot'
[0.519s] Level 1:colcon.colcon_core.package_discovery:discover_packages(recursive) using defaults
[0.519s] Level 1:colcon.colcon_core.package_discovery:discover_packages(ignore) discover
[0.519s] Level 1:colcon.colcon_core.package_discovery:discover_packages(ignore) using defaults
[0.519s] Level 1:colcon.colcon_core.package_discovery:discover_packages(path) discover
[0.519s] Level 1:colcon.colcon_core.package_discovery:discover_packages(path) using defaults
[0.573s] Level 1:colcon.colcon_core.package_discovery:discover_packages(prefix_path) check parameters
[0.573s] Level 1:colcon.colcon_core.package_discovery:discover_packages(prefix_path) discover
[0.576s] DEBUG:colcon.colcon_installed_package_information.package_discovery:Found 6 installed packages in /home/quim/robotica_ros/P_final/install
[0.579s] DEBUG:colcon.colcon_installed_package_information.package_discovery:Found 363 installed packages in /opt/ros/humble
[0.583s] Level 1:colcon.colcon_core.package_discovery:discover_packages(prefix_path) using defaults
[0.653s] Level 5:colcon.colcon_core.verb:set package 'frontier_explorer' build argument 'cmake_args' from command line to 'None'
[0.653s] Level 5:colcon.colcon_core.verb:set package 'frontier_explorer' build argument 'cmake_target' from command line to 'None'
[0.653s] Level 5:colcon.colcon_core.verb:set package 'frontier_explorer' build argument 'cmake_target_skip_unavailable' from command line to 'False'
[0.653s] Level 5:colcon.colcon_core.verb:set package 'frontier_explorer' build argument 'cmake_clean_cache' from command line to 'False'
[0.653s] Level 5:colcon.colcon_core.verb:set package 'frontier_explorer' build argument 'cmake_clean_first' from command line to 'False'
[0.653s] Level 5:colcon.colcon_core.verb:set package 'frontier_explorer' build argument 'cmake_force_configure' from command line to 'False'
[0.653s] Level 5:colcon.colcon_core.verb:set package 'frontier_explorer' build argument 'ament_cmake_args' from command line to 'None'
[0.653s] Level 5:colcon.colcon_core.verb:set package 'frontier_explorer' build argument 'catkin_cmake_args' from command line to 'None'
[0.653s] Level 5:colcon.colcon_core.verb:set package 'frontier_explorer' build argument 'catkin_skip_building_tests' from command line to 'False'
[0.653s] DEBUG:colcon.colcon_core.verb:Building package 'frontier_explorer' with the following arguments: {'ament_cmake_args': None, 'build_base': '/home/quim/robotica_ros/P_final/build/frontier_explorer', 'catkin_cmake_args': None, 'catkin_skip_building_tests': False, 'cmake_args': None, 'cmake_clean_cache': False, 'cmake_clean_first': False, 'cmake_force_configure': False, 'cmake_target': None, 'cmake_target_skip_unavailable': False, 'install_base': '/home/quim/robotica_ros/P_final/install/frontier_explorer', 'merge_install': False, 'path': '/home/quim/robotica_ros/P_final/src/frontier_explorer', 'symlink_install': False, 'test_result_base': None}
[0.654s] Level 5:colcon.colcon_core.verb:set package 'global_planner' build argument 'cmake_args' from command line to 'None'
[0.654s] Level 5:colcon.colcon_core.verb:set package 'global_planner' build argument 'cmake_target' from command line to 'None'
[0.654s] Level 5:colcon.colcon_core.verb:set package 'global_planner' build argument 'cmake_target_skip_unavailable' from command line to 'False'
[0.654s] Level 5:colcon.colcon_core.verb:set package 'global_planner' build argument 'cmake_clean_cache' from command line to 'False'
[0.654s] Level 5:colcon.colcon_core.verb:set package 'global_planner' build argument 'cmake_clean_first' from command line to 'False'
[0.654s] Level 5:colcon.colcon_core.verb:set package 'global_planner' build argument 'cmake_force_configure' from command line to 'False'
[0.654s] Level 5:colcon.colcon_core.verb:set package 'global_planner' build argument 'ament_cmake_args' from command line to 'None'
[0.654s] Level 5:colcon.colcon_core.verb:set package 'global_planner' build argument 'catkin_cmake_args' from command line to 'None'
[0.654s] Level 5:colcon.colcon_core.verb:set package 'global_planner' build argument 'catkin_skip_building_tests' from command line to 'False'
[0.654s] DEBUG:colcon.colcon_core.verb:Building package 'global_planner' with the following arguments: {'ament_cmake_args': None, 'build_base': '/home/quim/robotica_ros/P_final/build/global_planner', 'catkin_cmake_args': None, 'catkin_skip_building_tests': False, 'cmake_args': None, 'cmake_clean_cache': False, 'cmake_clean_first': False, 'cmake_force_configure': False, 'cmake_target': None, 'cmake_target_skip_unavailable': False, 'install_base': '/home/quim/robotica_ros/P_final/install/global_planner', 'merge_install': False, 'path': '/home/quim/robotica_ros/P_final/src/global_planner', 'symlink_install': False, 'test_result_base': None}
[0.655s] Level 5:colcon.colcon_core.verb:set package 'local_planner' build argument 'cmake_args' from command line to 'None'
[0.655s] Level 5:colcon.colcon_core.verb:set package 'local_planner' build argument 'cmake_target' from command line to 'None'
[0.655s] Level 5:colcon.colcon_core.verb:set package 'local_planner' build argument 'cmake_target_skip_unavailable' from command line to 'False'
[0.655s] Level 5:colcon.colcon_core.verb:set package 'local_planner' build argument 'cmake_clean_cache' from command line to 'False'
[0.655s] Level 5:colcon.colcon_core.verb:set package 'local_planner' build argument 'cmake_clean_first' from command line to 'False'
[0.655s] Level 5:colcon.colcon_core.verb:set package 'local_planner' build argument 'cmake_force_configure' from command line to 'False'
[0.655s] Level 5:colcon.colcon_core.verb:set package 'local_planner' build argument 'ament_cmake_args' from command line to 'None'
[0.655s] Level 5:colcon.colcon_core.verb:set package 'local_planner' build argument 'catkin_cmake_args' from command line to 'None'
[0.655s] Level 5:colcon.colcon_core.verb:set package 'local_planner' build argument 'catkin_skip_building_tests' from command line to 'False'
[0.655s] DEBUG:colcon.colcon_core.verb:Building package 'local_planner' with the following arguments: {'ament_cmake_args': None, 'build_base': '/home/quim/robotica_ros/P_final/build/local_planner', 'catkin_cmake_args': None, 'catkin_skip_building_tests': False, 'cmake_args': None, 'cmake_clean_cache': False, 'cmake_clean_first': False, 'cmake_force_configure': False, 'cmake_target': None, 'cmake_target_skip_unavailable': False, 'install_base': '/home/quim/robotica_ros/P_final/install/local_planner', 'merge_install': False, 'path': '/home/quim/robotica_ros/P_final/src/local_planner', 'symlink_install': False, 'test_result_base': None}
[0.655s] Level 5:colcon.colcon_core.verb:set package 'rosni2_description' build argument 'cmake_args' from command line to 'None'
[0.655s] Level 5:colcon.colcon_core.verb:set package 'rosni2_description' build argument 'cmake_target' from command line to 'None'
[0.655s] Level 5:colcon.colcon_core.verb:set package 'rosni2_description' build argument 'cmake_target_skip_unavailable' from command line to 'False'
[0.655s] Level 5:colcon.colcon_core.verb:set package 'rosni2_description' build argument 'cmake_clean_cache' from command line to 'False'
[0.655s] Level 5:colcon.colcon_core.verb:set package 'rosni2_description' build argument 'cmake_clean_first' from command line to 'False'
[0.655s] Level 5:colcon.colcon_core.verb:set package 'rosni2_description' build argument 'cmake_force_configure' from command line to 'False'
[0.655s] Level 5:colcon.colcon_core.verb:set package 'rosni2_description' build argument 'ament_cmake_args' from command line to 'None'
[0.655s] Level 5:colcon.colcon_core.verb:set package 'rosni2_description' build argument 'catkin_cmake_args' from command line to 'None'
[0.656s] Level 5:colcon.colcon_core.verb:set package 'rosni2_description' build argument 'catkin_skip_building_tests' from command line to 'False'
[0.656s] DEBUG:colcon.colcon_core.verb:Building package 'rosni2_description' with the following arguments: {'ament_cmake_args': None, 'build_base': '/home/quim/robotica_ros/P_final/build/rosni2_description', 'catkin_cmake_args': None, 'catkin_skip_building_tests': False, 'cmake_args': None, 'cmake_clean_cache': False, 'cmake_clean_first': False, 'cmake_force_configure': False, 'cmake_target': None, 'cmake_target_skip_unavailable': False, 'install_base': '/home/quim/robotica_ros/P_final/install/rosni2_description', 'merge_install': False, 'path': '/home/quim/robotica_ros/P_final/src/rosni2_description', 'symlink_install': False, 'test_result_base': None}
[0.656s] Level 5:colcon.colcon_core.verb:set package 'rosni_robot' build argument 'cmake_args' from command line to 'None'
[0.656s] Level 5:colcon.colcon_core.verb:set package 'rosni_robot' build argument 'cmake_target' from command line to 'None'
[0.656s] Level 5:colcon.colcon_core.verb:set package 'rosni_robot' build argument 'cmake_target_skip_unavailable' from command line to 'False'
[0.656s] Level 5:colcon.colcon_core.verb:set package 'rosni_robot' build argument 'cmake_clean_cache' from command line to 'False'
[0.656s] Level 5:colcon.colcon_core.verb:set package 'rosni_robot' build argument 'cmake_clean_first' from command line to 'False'
[0.656s] Level 5:colcon.colcon_core.verb:set package 'rosni_robot' build argument 'cmake_force_configure' from command line to 'False'
[0.656s] Level 5:colcon.colcon_core.verb:set package 'rosni_robot' build argument 'ament_cmake_args' from command line to 'None'
[0.656s] Level 5:colcon.colcon_core.verb:set package 'rosni_robot' build argument 'catkin_cmake_args' from command line to 'None'
[0.656s] Level 5:colcon.colcon_core.verb:set package 'rosni_robot' build argument 'catkin_skip_building_tests' from command line to 'False'
[0.656s] DEBUG:colcon.colcon_core.verb:Building package 'rosni_robot' with the following arguments: {'ament_cmake_args': None, 'build_base': '/home/quim/robotica_ros/P_final/build/rosni_robot', 'catkin_cmake_args': None, 'catkin_skip_building_tests': False, 'cmake_args': None, 'cmake_clean_cache': False, 'cmake_clean_first': False, 'cmake_force_configure': False, 'cmake_target': None, 'cmake_target_skip_unavailable': False, 'install_base': '/home/quim/robotica_ros/P_final/install/rosni_robot', 'merge_install': False, 'path': '/home/quim/robotica_ros/P_final/src/rosni_robot', 'symlink_install': False, 'test_result_base': None}
[0.657s] Level 5:colcon.colcon_core.verb:set package 'rosni2_gazebo' build argument 'cmake_args' from command line to 'None'
[0.657s] Level 5:colcon.colcon_core.verb:set package 'rosni2_gazebo' build argument 'cmake_target' from command line to 'None'
[0.657s] Level 5:colcon.colcon_core.verb:set package 'rosni2_gazebo' build argument 'cmake_target_skip_unavailable' from command line to 'False'
[0.657s] Level 5:colcon.colcon_core.verb:set package 'rosni2_gazebo' build argument 'cmake_clean_cache' from command line to 'False'
[0.657s] Level 5:colcon.colcon_core.verb:set package 'rosni2_gazebo' build argument 'cmake_clean_first' from command line to 'False'
[0.657s] Level 5:colcon.colcon_core.verb:set package 'rosni2_gazebo' build argument 'cmake_force_configure' from command line to 'False'
[0.657s] Level 5:colcon.colcon_core.verb:set package 'rosni2_gazebo' build argument 'ament_cmake_args' from command line to 'None'
[0.657s] Level 5:colcon.colcon_core.verb:set package 'rosni2_gazebo' build argument 'catkin_cmake_args' from command line to 'None'
[0.657s] Level 5:colcon.colcon_core.verb:set package 'rosni2_gazebo' build argument 'catkin_skip_building_tests' from command line to 'False'
[0.657s] DEBUG:colcon.colcon_core.verb:Building package 'rosni2_gazebo' with the following arguments: {'ament_cmake_args': None, 'build_base': '/home/quim/robotica_ros/P_final/build/rosni2_gazebo', 'catkin_cmake_args': None, 'catkin_skip_building_tests': False, 'cmake_args': None, 'cmake_clean_cache': False, 'cmake_clean_first': False, 'cmake_force_configure': False, 'cmake_target': None, 'cmake_target_skip_unavailable': False, 'install_base': '/home/quim/robotica_ros/P_final/install/rosni2_gazebo', 'merge_install': False, 'path': '/home/quim/robotica_ros/P_final/src/rosni2_gazebo', 'symlink_install': False, 'test_result_base': None}
[0.657s] INFO:colcon.colcon_core.executor:Executing jobs using 'parallel' executor
[0.658s] DEBUG:colcon.colcon_parallel_executor.executor.parallel:run_until_complete
[0.659s] INFO:colcon.colcon_ros.task.ament_cmake.build:Building ROS package in '/home/quim/robotica_ros/P_final/src/rosni2_description' with build type 'ament_cmake'
[0.659s] INFO:colcon.colcon_cmake.task.cmake.build:Building CMake package in '/home/quim/robotica_ros/P_final/src/rosni2_description'
[0.663s] INFO:colcon.colcon_core.plugin_system:Skipping extension 'colcon_core.shell.bat': Not used on non-Windows systems
[0.664s] INFO:colcon.colcon_core.shell:Skip shell extension 'powershell' for command environment: Not usable outside of PowerShell
[0.664s] DEBUG:colcon.colcon_core.shell:Skip shell extension 'dsv' for command environment
[0.670s] INFO:colcon.colcon_ros.task.ament_python.build:Building ROS package in '/home/quim/robotica_ros/P_final/src/frontier_explorer' with build type 'ament_python'
[0.670s] Level 1:colcon.colcon_core.shell:create_environment_hook('frontier_explorer', 'ament_prefix_path')
[0.670s] INFO:colcon.colcon_core.shell:Creating environment hook '/home/quim/robotica_ros/P_final/install/frontier_explorer/share/frontier_explorer/hook/ament_prefix_path.ps1'
[0.671s] INFO:colcon.colcon_core.shell:Creating environment descriptor '/home/quim/robotica_ros/P_final/install/frontier_explorer/share/frontier_explorer/hook/ament_prefix_path.dsv'
[0.672s] INFO:colcon.colcon_core.shell:Creating environment hook '/home/quim/robotica_ros/P_final/install/frontier_explorer/share/frontier_explorer/hook/ament_prefix_path.sh'
[0.673s] INFO:colcon.colcon_core.shell:Skip shell extension 'powershell' for command environment: Not usable outside of PowerShell
[0.674s] DEBUG:colcon.colcon_core.shell:Skip shell extension 'dsv' for command environment
[0.680s] INFO:colcon.colcon_ros.task.ament_python.build:Building ROS package in '/home/quim/robotica_ros/P_final/src/global_planner' with build type 'ament_python'
[0.682s] Level 1:colcon.colcon_core.shell:create_environment_hook('global_planner', 'ament_prefix_path')
[0.683s] INFO:colcon.colcon_core.shell:Creating environment hook '/home/quim/robotica_ros/P_final/install/global_planner/share/global_planner/hook/ament_prefix_path.ps1'
[0.684s] INFO:colcon.colcon_core.shell:Creating environment descriptor '/home/quim/robotica_ros/P_final/install/global_planner/share/global_planner/hook/ament_prefix_path.dsv'
[0.685s] INFO:colcon.colcon_core.shell:Creating environment hook '/home/quim/robotica_ros/P_final/install/global_planner/share/global_planner/hook/ament_prefix_path.sh'
[0.687s] INFO:colcon.colcon_core.shell:Skip shell extension 'powershell' for command environment: Not usable outside of PowerShell
[0.687s] DEBUG:colcon.colcon_core.shell:Skip shell extension 'dsv' for command environment
[0.693s] INFO:colcon.colcon_ros.task.ament_python.build:Building ROS package in '/home/quim/robotica_ros/P_final/src/local_planner' with build type 'ament_python'
[0.693s] Level 1:colcon.colcon_core.shell:create_environment_hook('local_planner', 'ament_prefix_path')
[0.694s] INFO:colcon.colcon_core.shell:Creating environment hook '/home/quim/robotica_ros/P_final/install/local_planner/share/local_planner/hook/ament_prefix_path.ps1'
[0.696s] INFO:colcon.colcon_core.shell:Creating environment descriptor '/home/quim/robotica_ros/P_final/install/local_planner/share/local_planner/hook/ament_prefix_path.dsv'
[0.697s] INFO:colcon.colcon_core.shell:Creating environment hook '/home/quim/robotica_ros/P_final/install/local_planner/share/local_planner/hook/ament_prefix_path.sh'
[0.698s] INFO:colcon.colcon_core.shell:Skip shell extension 'powershell' for command environment: Not usable outside of PowerShell
[0.698s] DEBUG:colcon.colcon_core.shell:Skip shell extension 'dsv' for command environment
[0.702s] INFO:colcon.colcon_ros.task.ament_python.build:Building ROS package in '/home/quim/robotica_ros/P_final/src/rosni_robot' with build type 'ament_python'
[0.702s] Level 1:colcon.colcon_core.shell:create_environment_hook('rosni_robot', 'ament_prefix_path')
[0.703s] INFO:colcon.colcon_core.shell:Creating environment hook '/home/quim/robotica_ros/P_final/install/rosni_robot/share/rosni_robot/hook/ament_prefix_path.ps1'
[0.704s] INFO:colcon.colcon_core.shell:Creating environment descriptor '/home/quim/robotica_ros/P_final/install/rosni_robot/share/rosni_robot/hook/ament_prefix_path.dsv'
[0.704s] INFO:colcon.colcon_core.shell:Creating environment hook '/home/quim/robotica_ros/P_final/install/rosni_robot/share/rosni_robot/hook/ament_prefix_path.sh'
[0.705s] INFO:colcon.colcon_core.shell:Skip shell extension 'powershell' for command environment: Not usable outside of PowerShell
[0.705s] DEBUG:colcon.colcon_core.shell:Skip shell extension 'dsv' for command environment
[0.723s] DEBUG:colcon.colcon_core.event_handler.log_command:Invoking command in '/home/quim/robotica_ros/P_final/build/rosni2_description': CMAKE_PREFIX_PATH=${CMAKE_PREFIX_PATH}:/home/quim/robotica_ros/P_final/install/rosni_robot:/home/quim/robotica_ros/P_final/install/local_planner:/home/quim/robotica_ros/P_final/install/global_planner:/home/quim/robotica_ros/P_final/install/frontier_explorer:/opt/ros/humble /usr/bin/cmake --build /home/quim/robotica_ros/P_final/build/rosni2_description -- -j8 -l8
[1.172s] INFO:colcon.colcon_core.task.python.build:Building Python package in '/home/quim/robotica_ros/P_final/src/frontier_explorer'
[1.172s] INFO:colcon.colcon_core.shell:Skip shell extension 'powershell' for command environment: Not usable outside of PowerShell
[1.172s] DEBUG:colcon.colcon_core.shell:Skip shell extension 'dsv' for command environment
[1.614s] INFO:colcon.colcon_core.task.python.build:Building Python package in '/home/quim/robotica_ros/P_final/src/global_planner'
[1.614s] INFO:colcon.colcon_core.shell:Skip shell extension 'powershell' for command environment: Not usable outside of PowerShell
[1.614s] DEBUG:colcon.colcon_core.shell:Skip shell extension 'dsv' for command environment
[2.053s] INFO:colcon.colcon_core.task.python.build:Building Python package in '/home/quim/robotica_ros/P_final/src/local_planner'
[2.054s] INFO:colcon.colcon_core.shell:Skip shell extension 'powershell' for command environment: Not usable outside of PowerShell
[2.054s] DEBUG:colcon.colcon_core.shell:Skip shell extension 'dsv' for command environment
[2.497s] INFO:colcon.colcon_core.task.python.build:Building Python package in '/home/quim/robotica_ros/P_final/src/rosni_robot'
[2.497s] INFO:colcon.colcon_core.shell:Skip shell extension 'powershell' for command environment: Not usable outside of PowerShell
[2.497s] DEBUG:colcon.colcon_core.shell:Skip shell extension 'dsv' for command environment
[2.509s] DEBUG:colcon.colcon_core.event_handler.log_command:Invoked command in '/home/quim/robotica_ros/P_final/build/rosni2_description' returned '0': CMAKE_PREFIX_PATH=${CMAKE_PREFIX_PATH}:/home/quim/robotica_ros/P_final/install/rosni_robot:/home/quim/robotica_ros/P_final/install/local_planner:/home/quim/robotica_ros/P_final/install/global_planner:/home/quim/robotica_ros/P_final/install/frontier_explorer:/opt/ros/humble /usr/bin/cmake --build /home/quim/robotica_ros/P_final/build/rosni2_description -- -j8 -l8
[2.596s] DEBUG:colcon.colcon_core.event_handler.log_command:Invoking command in '/home/quim/robotica_ros/P_final/build/rosni2_description': CMAKE_PREFIX_PATH=${CMAKE_PREFIX_PATH}:/home/quim/robotica_ros/P_final/install/rosni_robot:/home/quim/robotica_ros/P_final/install/local_planner:/home/quim/robotica_ros/P_final/install/global_planner:/home/quim/robotica_ros/P_final/install/frontier_explorer:/opt/ros/humble /usr/bin/cmake --install /home/quim/robotica_ros/P_final/build/rosni2_description
[2.631s] Level 1:colcon.colcon_core.environment:create_environment_scripts_only(rosni2_description)
[2.633s] DEBUG:colcon.colcon_core.event_handler.log_command:Invoked command in '/home/quim/robotica_ros/P_final/build/rosni2_description' returned '0': CMAKE_PREFIX_PATH=${CMAKE_PREFIX_PATH}:/home/quim/robotica_ros/P_final/install/rosni_robot:/home/quim/robotica_ros/P_final/install/local_planner:/home/quim/robotica_ros/P_final/install/global_planner:/home/quim/robotica_ros/P_final/install/frontier_explorer:/opt/ros/humble /usr/bin/cmake --install /home/quim/robotica_ros/P_final/build/rosni2_description
[2.643s] Level 1:colcon.colcon_core.environment:checking '/home/quim/robotica_ros/P_final/install/rosni2_description' for CMake module files
[2.646s] Level 1:colcon.colcon_core.environment:checking '/home/quim/robotica_ros/P_final/install/rosni2_description' for CMake config files
[2.647s] Level 1:colcon.colcon_core.shell:create_environment_hook('rosni2_description', 'cmake_prefix_path')
[2.648s] INFO:colcon.colcon_core.shell:Creating environment hook '/home/quim/robotica_ros/P_final/install/rosni2_description/share/rosni2_description/hook/cmake_prefix_path.ps1'
[2.651s] INFO:colcon.colcon_core.shell:Creating environment descriptor '/home/quim/robotica_ros/P_final/install/rosni2_description/share/rosni2_description/hook/cmake_prefix_path.dsv'
[2.653s] INFO:colcon.colcon_core.shell:Creating environment hook '/home/quim/robotica_ros/P_final/install/rosni2_description/share/rosni2_description/hook/cmake_prefix_path.sh'
[2.656s] Level 1:colcon.colcon_core.environment:checking '/home/quim/robotica_ros/P_final/install/rosni2_description/bin'
[2.656s] Level 1:colcon.colcon_core.environment:checking '/home/quim/robotica_ros/P_final/install/rosni2_description/lib/pkgconfig/rosni2_description.pc'
[2.657s] Level 1:colcon.colcon_core.environment:checking '/home/quim/robotica_ros/P_final/install/rosni2_description/lib/python3.10/site-packages'
[2.658s] Level 1:colcon.colcon_core.environment:checking '/home/quim/robotica_ros/P_final/install/rosni2_description/bin'
[2.659s] INFO:colcon.colcon_core.shell:Creating package script '/home/quim/robotica_ros/P_final/install/rosni2_description/share/rosni2_description/package.ps1'
[2.662s] INFO:colcon.colcon_core.shell:Creating package descriptor '/home/quim/robotica_ros/P_final/install/rosni2_description/share/rosni2_description/package.dsv'
[2.664s] INFO:colcon.colcon_core.shell:Creating package script '/home/quim/robotica_ros/P_final/install/rosni2_description/share/rosni2_description/package.sh'
[2.666s] INFO:colcon.colcon_core.shell:Creating package script '/home/quim/robotica_ros/P_final/install/rosni2_description/share/rosni2_description/package.bash'
[2.668s] INFO:colcon.colcon_core.shell:Creating package script '/home/quim/robotica_ros/P_final/install/rosni2_description/share/rosni2_description/package.zsh'
[2.675s] Level 1:colcon.colcon_core.environment:create_file_with_runtime_dependencies(/home/quim/robotica_ros/P_final/install/rosni2_description/share/colcon-core/packages/rosni2_description)
[2.750s] Level 1:colcon.colcon_core.environment:create_environment_scripts_only(rosni2_description)
[2.752s] Level 1:colcon.colcon_core.environment:checking '/home/quim/robotica_ros/P_final/install/rosni2_description' for CMake module files
[2.754s] Level 1:colcon.colcon_core.environment:checking '/home/quim/robotica_ros/P_final/install/rosni2_description' for CMake config files
[2.760s] Level 1:colcon.colcon_core.shell:create_environment_hook('rosni2_description', 'cmake_prefix_path')
[2.761s] INFO:colcon.colcon_core.shell:Creating environment hook '/home/quim/robotica_ros/P_final/install/rosni2_description/share/rosni2_description/hook/cmake_prefix_path.ps1'
[2.765s] INFO:colcon.colcon_core.shell:Creating environment descriptor '/home/quim/robotica_ros/P_final/install/rosni2_description/share/rosni2_description/hook/cmake_prefix_path.dsv'
[2.767s] INFO:colcon.colcon_core.shell:Creating environment hook '/home/quim/robotica_ros/P_final/install/rosni2_description/share/rosni2_description/hook/cmake_prefix_path.sh'
[2.768s] Level 1:colcon.colcon_core.environment:checking '/home/quim/robotica_ros/P_final/install/rosni2_description/bin'
[2.768s] Level 1:colcon.colcon_core.environment:checking '/home/quim/robotica_ros/P_final/install/rosni2_description/lib/pkgconfig/rosni2_description.pc'
[2.769s] Level 1:colcon.colcon_core.environment:checking '/home/quim/robotica_ros/P_final/install/rosni2_description/lib/python3.10/site-packages'
[2.771s] Level 1:colcon.colcon_core.environment:checking '/home/quim/robotica_ros/P_final/install/rosni2_description/bin'
[2.775s] INFO:colcon.colcon_core.shell:Creating package script '/home/quim/robotica_ros/P_final/install/rosni2_description/share/rosni2_description/package.ps1'
[2.780s] INFO:colcon.colcon_core.shell:Creating package descriptor '/home/quim/robotica_ros/P_final/install/rosni2_description/share/rosni2_description/package.dsv'
[2.782s] INFO:colcon.colcon_core.shell:Creating package script '/home/quim/robotica_ros/P_final/install/rosni2_description/share/rosni2_description/package.sh'
[2.783s] INFO:colcon.colcon_core.shell:Creating package script '/home/quim/robotica_ros/P_final/install/rosni2_description/share/rosni2_description/package.bash'
[2.785s] INFO:colcon.colcon_core.shell:Creating package script '/home/quim/robotica_ros/P_final/install/rosni2_description/share/rosni2_description/package.zsh'
[2.787s] Level 1:colcon.colcon_core.environment:create_file_with_runtime_dependencies(/home/quim/robotica_ros/P_final/install/rosni2_description/share/colcon-core/packages/rosni2_description)
[2.789s] INFO:colcon.colcon_ros.task.ament_cmake.build:Building ROS package in '/home/quim/robotica_ros/P_final/src/rosni2_gazebo' with build type 'ament_cmake'
[2.790s] INFO:colcon.colcon_cmake.task.cmake.build:Building CMake package in '/home/quim/robotica_ros/P_final/src/rosni2_gazebo'
[2.792s] INFO:colcon.colcon_core.shell:Skip shell extension 'powershell' for command environment: Not usable outside of PowerShell
[2.793s] DEBUG:colcon.colcon_core.shell:Skip shell extension 'dsv' for command environment
[2.823s] DEBUG:colcon.colcon_core.event_handler.log_command:Invoking command in '/home/quim/robotica_ros/P_final/build/rosni2_gazebo': CMAKE_PREFIX_PATH=/home/quim/robotica_ros/P_final/install/rosni2_description:/home/quim/robotica_ros/P_final/install/rosni2_gazebo:/home/quim/robotica_ros/P_final/install/rosni_robot:/home/quim/robotica_ros/P_final/install/local_planner:/home/quim/robotica_ros/P_final/install/global_planner:/home/quim/robotica_ros/P_final/install/frontier_explorer:/opt/ros/humble /usr/bin/cmake --build /home/quim/robotica_ros/P_final/build/rosni2_gazebo -- -j8 -l8
[2.935s] DEBUG:colcon.colcon_core.event_handler.log_command:Invoked command in '/home/quim/robotica_ros/P_final/build/rosni2_gazebo' returned '0': CMAKE_PREFIX_PATH=/home/quim/robotica_ros/P_final/install/rosni2_description:/home/quim/robotica_ros/P_final/install/rosni2_gazebo:/home/quim/robotica_ros/P_final/install/rosni_robot:/home/quim/robotica_ros/P_final/install/local_planner:/home/quim/robotica_ros/P_final/install/global_planner:/home/quim/robotica_ros/P_final/install/frontier_explorer:/opt/ros/humble /usr/bin/cmake --build /home/quim/robotica_ros/P_final/build/rosni2_gazebo -- -j8 -l8
[3.010s] DEBUG:colcon.colcon_core.event_handler.log_command:Invoking command in '/home/quim/robotica_ros/P_final/build/rosni2_gazebo': CMAKE_PREFIX_PATH=/home/quim/robotica_ros/P_final/install/rosni2_description:/home/quim/robotica_ros/P_final/install/rosni2_gazebo:/home/quim/robotica_ros/P_final/install/rosni_robot:/home/quim/robotica_ros/P_final/install/local_planner:/home/quim/robotica_ros/P_final/install/global_planner:/home/quim/robotica_ros/P_final/install/frontier_explorer:/opt/ros/humble /usr/bin/cmake --install /home/quim/robotica_ros/P_final/build/rosni2_gazebo
[3.035s] Level 1:colcon.colcon_core.environment:create_environment_scripts_only(rosni2_gazebo)
[3.036s] Level 1:colcon.colcon_core.environment:checking '/home/quim/robotica_ros/P_final/install/rosni2_gazebo' for CMake module files
[3.037s] DEBUG:colcon.colcon_core.event_handler.log_command:Invoked command in '/home/quim/robotica_ros/P_final/build/rosni2_gazebo' returned '0': CMAKE_PREFIX_PATH=/home/quim/robotica_ros/P_final/install/rosni2_description:/home/quim/robotica_ros/P_final/install/rosni2_gazebo:/home/quim/robotica_ros/P_final/install/rosni_robot:/home/quim/robotica_ros/P_final/install/local_planner:/home/quim/robotica_ros/P_final/install/global_planner:/home/quim/robotica_ros/P_final/install/frontier_explorer:/opt/ros/humble /usr/bin/cmake --install /home/quim/robotica_ros/P_final/build/rosni2_gazebo
[3.037s] Level 1:colcon.colcon_core.environment:checking '/home/quim/robotica_ros/P_final/install/rosni2_gazebo' for CMake config files
[3.038s] Level 1:colcon.colcon_core.shell:create_environment_hook('rosni2_gazebo', 'cmake_prefix_path')
[3.039s] INFO:colcon.colcon_core.shell:Creating environment hook '/home/quim/robotica_ros/P_final/install/rosni2_gazebo/share/rosni2_gazebo/hook/cmake_prefix_path.ps1'
[3.041s] INFO:colcon.colcon_core.shell:Creating environment descriptor '/home/quim/robotica_ros/P_final/install/rosni2_gazebo/share/rosni2_gazebo/hook/cmake_prefix_path.dsv'
[3.041s] INFO:colcon.colcon_core.shell:Creating environment hook '/home/quim/robotica_ros/P_final/install/rosni2_gazebo/share/rosni2_gazebo/hook/cmake_prefix_path.sh'
[3.043s] Level 1:colcon.colcon_core.environment:checking '/home/quim/robotica_ros/P_final/install/rosni2_gazebo/bin'
[3.043s] Level 1:colcon.colcon_core.environment:checking '/home/quim/robotica_ros/P_final/install/rosni2_gazebo/lib/pkgconfig/rosni2_gazebo.pc'
[3.043s] Level 1:colcon.colcon_core.environment:checking '/home/quim/robotica_ros/P_final/install/rosni2_gazebo/lib/python3.10/site-packages'
[3.044s] Level 1:colcon.colcon_core.environment:checking '/home/quim/robotica_ros/P_final/install/rosni2_gazebo/bin'
[3.044s] INFO:colcon.colcon_core.shell:Creating package script '/home/quim/robotica_ros/P_final/install/rosni2_gazebo/share/rosni2_gazebo/package.ps1'
[3.045s] INFO:colcon.colcon_core.shell:Creating package descriptor '/home/quim/robotica_ros/P_final/install/rosni2_gazebo/share/rosni2_gazebo/package.dsv'
[3.046s] INFO:colcon.colcon_core.shell:Creating package script '/home/quim/robotica_ros/P_final/install/rosni2_gazebo/share/rosni2_gazebo/package.sh'
[3.047s] INFO:colcon.colcon_core.shell:Creating package script '/home/quim/robotica_ros/P_final/install/rosni2_gazebo/share/rosni2_gazebo/package.bash'
[3.048s] INFO:colcon.colcon_core.shell:Creating package script '/home/quim/robotica_ros/P_final/install/rosni2_gazebo/share/rosni2_gazebo/package.zsh'
[3.050s] Level 1:colcon.colcon_core.environment:create_file_with_runtime_dependencies(/home/quim/robotica_ros/P_final/install/rosni2_gazebo/share/colcon-core/packages/rosni2_gazebo)
[3.112s] Level 1:colcon.colcon_core.environment:create_environment_scripts_only(rosni2_gazebo)
[3.113s] Level 1:colcon.colcon_core.environment:checking '/home/quim/robotica_ros/P_final/install/rosni2_gazebo' for CMake module files
[3.114s] Level 1:colcon.colcon_core.environment:checking '/home/quim/robotica_ros/P_final/install/rosni2_gazebo' for CMake config files
[3.114s] Level 1:colcon.colcon_core.shell:create_environment_hook('rosni2_gazebo', 'cmake_prefix_path')
[3.115s] INFO:colcon.colcon_core.shell:Creating environment hook '/home/quim/robotica_ros/P_final/install/rosni2_gazebo/share/rosni2_gazebo/hook/cmake_prefix_path.ps1'
[3.116s] INFO:colcon.colcon_core.shell:Creating environment descriptor '/home/quim/robotica_ros/P_final/install/rosni2_gazebo/share/rosni2_gazebo/hook/cmake_prefix_path.dsv'
[3.119s] INFO:colcon.colcon_core.shell:Creating environment hook '/home/quim/robotica_ros/P_final/install/rosni2_gazebo/share/rosni2_gazebo/hook/cmake_prefix_path.sh'
[3.122s] Level 1:colcon.colcon_core.environment:checking '/home/quim/robotica_ros/P_final/install/rosni2_gazebo/bin'
[3.123s] Level 1:colcon.colcon_core.environment:checking '/home/quim/robotica_ros/P_final/install/rosni2_gazebo/lib/pkgconfig/rosni2_gazebo.pc'
[3.123s] Level 1:colcon.colcon_core.environment:checking '/home/quim/robotica_ros/P_final/install/rosni2_gazebo/lib/python3.10/site-packages'
[3.124s] Level 1:colcon.colcon_core.environment:checking '/home/quim/robotica_ros/P_final/install/rosni2_gazebo/bin'
[3.126s] INFO:colcon.colcon_core.shell:Creating package script '/home/quim/robotica_ros/P_final/install/rosni2_gazebo/share/rosni2_gazebo/package.ps1'
[3.129s] INFO:colcon.colcon_core.shell:Creating package descriptor '/home/quim/robotica_ros/P_final/install/rosni2_gazebo/share/rosni2_gazebo/package.dsv'
[3.130s] INFO:colcon.colcon_core.shell:Creating package script '/home/quim/robotica_ros/P_final/install/rosni2_gazebo/share/rosni2_gazebo/package.sh'
[3.132s] INFO:colcon.colcon_core.shell:Creating package script '/home/quim/robotica_ros/P_final/install/rosni2_gazebo/share/rosni2_gazebo/package.bash'
[3.133s] INFO:colcon.colcon_core.shell:Creating package script '/home/quim/robotica_ros/P_final/install/rosni2_gazebo/share/rosni2_gazebo/package.zsh'
[3.134s] Level 1:colcon.colcon_core.environment:create_file_with_runtime_dependencies(/home/quim/robotica_ros/P_final/install/rosni2_gazebo/share/colcon-core/packages/rosni2_gazebo)
[3.684s] DEBUG:colcon.colcon_core.event_handler.log_command:Invoking command in '/home/quim/robotica_ros/P_final/src/rosni_robot': PYTHONPATH=/home/quim/robotica_ros/P_final/build/rosni_robot/prefix_override:/usr/lib/python3/dist-packages/colcon_core/task/python/colcon_distutils_commands:/home/quim/robotica_ros/P_final/install/rosni_robot/lib/python3.10/site-packages:${PYTHONPATH} /usr/bin/python3 -W ignore:setup.py install is deprecated setup.py egg_info --egg-base ../../build/rosni_robot build --build-base /home/quim/robotica_ros/P_final/build/rosni_robot/build install --record /home/quim/robotica_ros/P_final/build/rosni_robot/install.log --single-version-externally-managed install_data
[3.767s] DEBUG:colcon.colcon_core.event_handler.log_command:Invoking command in '/home/quim/robotica_ros/P_final/src/global_planner': PYTHONPATH=/home/quim/robotica_ros/P_final/build/global_planner/prefix_override:/usr/lib/python3/dist-packages/colcon_core/task/python/colcon_distutils_commands:/home/quim/robotica_ros/P_final/install/global_planner/lib/python3.10/site-packages:${PYTHONPATH} /usr/bin/python3 -W ignore:setup.py install is deprecated setup.py egg_info --egg-base ../../build/global_planner build --build-base /home/quim/robotica_ros/P_final/build/global_planner/build install --record /home/quim/robotica_ros/P_final/build/global_planner/install.log --single-version-externally-managed install_data
[3.786s] DEBUG:colcon.colcon_core.event_handler.log_command:Invoking command in '/home/quim/robotica_ros/P_final/src/local_planner': PYTHONPATH=/home/quim/robotica_ros/P_final/build/local_planner/prefix_override:/usr/lib/python3/dist-packages/colcon_core/task/python/colcon_distutils_commands:/home/quim/robotica_ros/P_final/install/local_planner/lib/python3.10/site-packages:${PYTHONPATH} /usr/bin/python3 -W ignore:setup.py install is deprecated setup.py egg_info --egg-base ../../build/local_planner build --build-base /home/quim/robotica_ros/P_final/build/local_planner/build install --record /home/quim/robotica_ros/P_final/build/local_planner/install.log --single-version-externally-managed install_data
[3.826s] DEBUG:colcon.colcon_core.event_handler.log_command:Invoking command in '/home/quim/robotica_ros/P_final/src/frontier_explorer': PYTHONPATH=/home/quim/robotica_ros/P_final/build/frontier_explorer/prefix_override:/usr/lib/python3/dist-packages/colcon_core/task/python/colcon_distutils_commands:/home/quim/robotica_ros/P_final/install/frontier_explorer/lib/python3.10/site-packages:${PYTHONPATH} /usr/bin/python3 -W ignore:setup.py install is deprecated setup.py egg_info --egg-base ../../build/frontier_explorer build --build-base /home/quim/robotica_ros/P_final/build/frontier_explorer/build install --record /home/quim/robotica_ros/P_final/build/frontier_explorer/install.log --single-version-externally-managed install_data
[4.573s] Level 1:colcon.colcon_core.environment:checking '/home/quim/robotica_ros/P_final/install/rosni_robot' for CMake module files
[4.575s] DEBUG:colcon.colcon_core.event_handler.log_command:Invoked command in '/home/quim/robotica_ros/P_final/src/rosni_robot' returned '0': PYTHONPATH=/home/quim/robotica_ros/P_final/build/rosni_robot/prefix_override:/usr/lib/python3/dist-packages/colcon_core/task/python/colcon_distutils_commands:/home/quim/robotica_ros/P_final/install/rosni_robot/lib/python3.10/site-packages:${PYTHONPATH} /usr/bin/python3 -W ignore:setup.py install is deprecated setup.py egg_info --egg-base ../../build/rosni_robot build --build-base /home/quim/robotica_ros/P_final/build/rosni_robot/build install --record /home/quim/robotica_ros/P_final/build/rosni_robot/install.log --single-version-externally-managed install_data
[4.576s] Level 1:colcon.colcon_core.environment:checking '/home/quim/robotica_ros/P_final/install/rosni_robot' for CMake config files
[4.578s] Level 1:colcon.colcon_core.environment:checking '/home/quim/robotica_ros/P_final/install/rosni_robot/lib'
[4.579s] Level 1:colcon.colcon_core.environment:checking '/home/quim/robotica_ros/P_final/install/rosni_robot/bin'
[4.579s] Level 1:colcon.colcon_core.environment:checking '/home/quim/robotica_ros/P_final/install/rosni_robot/lib/pkgconfig/rosni_robot.pc'
[4.580s] Level 1:colcon.colcon_core.environment:checking '/home/quim/robotica_ros/P_final/install/rosni_robot/lib/python3.10/site-packages'
[4.580s] Level 1:colcon.colcon_core.shell:create_environment_hook('rosni_robot', 'pythonpath')
[4.581s] INFO:colcon.colcon_core.shell:Creating environment hook '/home/quim/robotica_ros/P_final/install/rosni_robot/share/rosni_robot/hook/pythonpath.ps1'
[4.582s] INFO:colcon.colcon_core.shell:Creating environment descriptor '/home/quim/robotica_ros/P_final/install/rosni_robot/share/rosni_robot/hook/pythonpath.dsv'
[4.584s] INFO:colcon.colcon_core.shell:Creating environment hook '/home/quim/robotica_ros/P_final/install/rosni_robot/share/rosni_robot/hook/pythonpath.sh'
[4.586s] Level 1:colcon.colcon_core.environment:checking '/home/quim/robotica_ros/P_final/install/rosni_robot/bin'
[4.587s] Level 1:colcon.colcon_core.environment:create_environment_scripts_only(rosni_robot)
[4.589s] INFO:colcon.colcon_core.shell:Creating package script '/home/quim/robotica_ros/P_final/install/rosni_robot/share/rosni_robot/package.ps1'
[4.592s] INFO:colcon.colcon_core.shell:Creating package descriptor '/home/quim/robotica_ros/P_final/install/rosni_robot/share/rosni_robot/package.dsv'
[4.596s] INFO:colcon.colcon_core.shell:Creating package script '/home/quim/robotica_ros/P_final/install/rosni_robot/share/rosni_robot/package.sh'
[4.598s] INFO:colcon.colcon_core.shell:Creating package script '/home/quim/robotica_ros/P_final/install/rosni_robot/share/rosni_robot/package.bash'
[4.600s] INFO:colcon.colcon_core.shell:Creating package script '/home/quim/robotica_ros/P_final/install/rosni_robot/share/rosni_robot/package.zsh'
[4.602s] Level 1:colcon.colcon_core.environment:create_file_with_runtime_dependencies(/home/quim/robotica_ros/P_final/install/rosni_robot/share/colcon-core/packages/rosni_robot)
[4.625s] Level 1:colcon.colcon_core.environment:checking '/home/quim/robotica_ros/P_final/install/global_planner' for CMake module files
[4.628s] DEBUG:colcon.colcon_core.event_handler.log_command:Invoked command in '/home/quim/robotica_ros/P_final/src/global_planner' returned '0': PYTHONPATH=/home/quim/robotica_ros/P_final/build/global_planner/prefix_override:/usr/lib/python3/dist-packages/colcon_core/task/python/colcon_distutils_commands:/home/quim/robotica_ros/P_final/install/global_planner/lib/python3.10/site-packages:${PYTHONPATH} /usr/bin/python3 -W ignore:setup.py install is deprecated setup.py egg_info --egg-base ../../build/global_planner build --build-base /home/quim/robotica_ros/P_final/build/global_planner/build install --record /home/quim/robotica_ros/P_final/build/global_planner/install.log --single-version-externally-managed install_data
[4.630s] Level 1:colcon.colcon_core.environment:checking '/home/quim/robotica_ros/P_final/install/global_planner' for CMake config files
[4.632s] Level 1:colcon.colcon_core.environment:checking '/home/quim/robotica_ros/P_final/install/global_planner/lib'
[4.633s] Level 1:colcon.colcon_core.environment:checking '/home/quim/robotica_ros/P_final/install/global_planner/bin'
[4.633s] Level 1:colcon.colcon_core.environment:checking '/home/quim/robotica_ros/P_final/install/global_planner/lib/pkgconfig/global_planner.pc'
[4.634s] Level 1:colcon.colcon_core.environment:checking '/home/quim/robotica_ros/P_final/install/global_planner/lib/python3.10/site-packages'
[4.635s] Level 1:colcon.colcon_core.shell:create_environment_hook('global_planner', 'pythonpath')
[4.635s] INFO:colcon.colcon_core.shell:Creating environment hook '/home/quim/robotica_ros/P_final/install/global_planner/share/global_planner/hook/pythonpath.ps1'
[4.638s] INFO:colcon.colcon_core.shell:Creating environment descriptor '/home/quim/robotica_ros/P_final/install/global_planner/share/global_planner/hook/pythonpath.dsv'
[4.640s] INFO:colcon.colcon_core.shell:Creating environment hook '/home/quim/robotica_ros/P_final/install/global_planner/share/global_planner/hook/pythonpath.sh'
[4.643s] Level 1:colcon.colcon_core.environment:checking '/home/quim/robotica_ros/P_final/install/global_planner/bin'
[4.644s] Level 1:colcon.colcon_core.environment:create_environment_scripts_only(global_planner)
[4.645s] INFO:colcon.colcon_core.shell:Creating package script '/home/quim/robotica_ros/P_final/install/global_planner/share/global_planner/package.ps1'
[4.647s] INFO:colcon.colcon_core.shell:Creating package descriptor '/home/quim/robotica_ros/P_final/install/global_planner/share/global_planner/package.dsv'
[4.649s] INFO:colcon.colcon_core.shell:Creating package script '/home/quim/robotica_ros/P_final/install/global_planner/share/global_planner/package.sh'
[4.651s] INFO:colcon.colcon_core.shell:Creating package script '/home/quim/robotica_ros/P_final/install/global_planner/share/global_planner/package.bash'
[4.654s] INFO:colcon.colcon_core.shell:Creating package script '/home/quim/robotica_ros/P_final/install/global_planner/share/global_planner/package.zsh'
[4.656s] Level 1:colcon.colcon_core.environment:create_file_with_runtime_dependencies(/home/quim/robotica_ros/P_final/install/global_planner/share/colcon-core/packages/global_planner)
[4.661s] Level 1:colcon.colcon_core.environment:checking '/home/quim/robotica_ros/P_final/install/local_planner' for CMake module files
[4.663s] Level 1:colcon.colcon_core.environment:checking '/home/quim/robotica_ros/P_final/install/local_planner' for CMake config files
[4.663s] DEBUG:colcon.colcon_core.event_handler.log_command:Invoked command in '/home/quim/robotica_ros/P_final/src/local_planner' returned '0': PYTHONPATH=/home/quim/robotica_ros/P_final/build/local_planner/prefix_override:/usr/lib/python3/dist-packages/colcon_core/task/python/colcon_distutils_commands:/home/quim/robotica_ros/P_final/install/local_planner/lib/python3.10/site-packages:${PYTHONPATH} /usr/bin/python3 -W ignore:setup.py install is deprecated setup.py egg_info --egg-base ../../build/local_planner build --build-base /home/quim/robotica_ros/P_final/build/local_planner/build install --record /home/quim/robotica_ros/P_final/build/local_planner/install.log --single-version-externally-managed install_data
[4.664s] Level 1:colcon.colcon_core.environment:checking '/home/quim/robotica_ros/P_final/install/local_planner/lib'
[4.665s] Level 1:colcon.colcon_core.environment:checking '/home/quim/robotica_ros/P_final/install/local_planner/bin'
[4.665s] Level 1:colcon.colcon_core.environment:checking '/home/quim/robotica_ros/P_final/install/local_planner/lib/pkgconfig/local_planner.pc'
[4.665s] Level 1:colcon.colcon_core.environment:checking '/home/quim/robotica_ros/P_final/install/local_planner/lib/python3.10/site-packages'
[4.665s] Level 1:colcon.colcon_core.shell:create_environment_hook('local_planner', 'pythonpath')
[4.666s] INFO:colcon.colcon_core.shell:Creating environment hook '/home/quim/robotica_ros/P_final/install/local_planner/share/local_planner/hook/pythonpath.ps1'
[4.667s] INFO:colcon.colcon_core.shell:Creating environment descriptor '/home/quim/robotica_ros/P_final/install/local_planner/share/local_planner/hook/pythonpath.dsv'
[4.667s] INFO:colcon.colcon_core.shell:Creating environment hook '/home/quim/robotica_ros/P_final/install/local_planner/share/local_planner/hook/pythonpath.sh'
[4.668s] Level 1:colcon.colcon_core.environment:checking '/home/quim/robotica_ros/P_final/install/local_planner/bin'
[4.668s] Level 1:colcon.colcon_core.environment:create_environment_scripts_only(local_planner)
[4.669s] INFO:colcon.colcon_core.shell:Creating package script '/home/quim/robotica_ros/P_final/install/local_planner/share/local_planner/package.ps1'
[4.670s] INFO:colcon.colcon_core.shell:Creating package descriptor '/home/quim/robotica_ros/P_final/install/local_planner/share/local_planner/package.dsv'
[4.671s] INFO:colcon.colcon_core.shell:Creating package script '/home/quim/robotica_ros/P_final/install/local_planner/share/local_planner/package.sh'
[4.673s] INFO:colcon.colcon_core.shell:Creating package script '/home/quim/robotica_ros/P_final/install/local_planner/share/local_planner/package.bash'
[4.676s] INFO:colcon.colcon_core.shell:Creating package script '/home/quim/robotica_ros/P_final/install/local_planner/share/local_planner/package.zsh'
[4.678s] Level 1:colcon.colcon_core.environment:create_file_with_runtime_dependencies(/home/quim/robotica_ros/P_final/install/local_planner/share/colcon-core/packages/local_planner)
[4.698s] Level 1:colcon.colcon_core.environment:checking '/home/quim/robotica_ros/P_final/install/frontier_explorer' for CMake module files
[4.699s] DEBUG:colcon.colcon_core.event_handler.log_command:Invoked command in '/home/quim/robotica_ros/P_final/src/frontier_explorer' returned '0': PYTHONPATH=/home/quim/robotica_ros/P_final/build/frontier_explorer/prefix_override:/usr/lib/python3/dist-packages/colcon_core/task/python/colcon_distutils_commands:/home/quim/robotica_ros/P_final/install/frontier_explorer/lib/python3.10/site-packages:${PYTHONPATH} /usr/bin/python3 -W ignore:setup.py install is deprecated setup.py egg_info --egg-base ../../build/frontier_explorer build --build-base /home/quim/robotica_ros/P_final/build/frontier_explorer/build install --record /home/quim/robotica_ros/P_final/build/frontier_explorer/install.log --single-version-externally-managed install_data
[4.699s] Level 1:colcon.colcon_core.environment:checking '/home/quim/robotica_ros/P_final/install/frontier_explorer' for CMake config files
[4.700s] Level 1:colcon.colcon_core.environment:checking '/home/quim/robotica_ros/P_final/install/frontier_explorer/lib'
[4.700s] Level 1:colcon.colcon_core.environment:checking '/home/quim/robotica_ros/P_final/install/frontier_explorer/bin'
[4.700s] Level 1:colcon.colcon_core.environment:checking '/home/quim/robotica_ros/P_final/install/frontier_explorer/lib/pkgconfig/frontier_explorer.pc'
[4.701s] Level 1:colcon.colcon_core.environment:checking '/home/quim/robotica_ros/P_final/install/frontier_explorer/lib/python3.10/site-packages'
[4.701s] Level 1:colcon.colcon_core.shell:create_environment_hook('frontier_explorer', 'pythonpath')
[4.701s] INFO:colcon.colcon_core.shell:Creating environment hook '/home/quim/robotica_ros/P_final/install/frontier_explorer/share/frontier_explorer/hook/pythonpath.ps1'
[4.702s] INFO:colcon.colcon_core.shell:Creating environment descriptor '/home/quim/robotica_ros/P_final/install/frontier_explorer/share/frontier_explorer/hook/pythonpath.dsv'
[4.702s] INFO:colcon.colcon_core.shell:Creating environment hook '/home/quim/robotica_ros/P_final/install/frontier_explorer/share/frontier_explorer/hook/pythonpath.sh'
[4.703s] Level 1:colcon.colcon_core.environment:checking '/home/quim/robotica_ros/P_final/install/frontier_explorer/bin'
[4.703s] Level 1:colcon.colcon_core.environment:create_environment_scripts_only(frontier_explorer)
[4.703s] INFO:colcon.colcon_core.shell:Creating package script '/home/quim/robotica_ros/P_final/install/frontier_explorer/share/frontier_explorer/package.ps1'
[4.704s] INFO:colcon.colcon_core.shell:Creating package descriptor '/home/quim/robotica_ros/P_final/install/frontier_explorer/share/frontier_explorer/package.dsv'
[4.704s] INFO:colcon.colcon_core.shell:Creating package script '/home/quim/robotica_ros/P_final/install/frontier_explorer/share/frontier_explorer/package.sh'
[4.705s] INFO:colcon.colcon_core.shell:Creating package script '/home/quim/robotica_ros/P_final/install/frontier_explorer/share/frontier_explorer/package.bash'
[4.706s] INFO:colcon.colcon_core.shell:Creating package script '/home/quim/robotica_ros/P_final/install/frontier_explorer/share/frontier_explorer/package.zsh'
[4.708s] Level 1:colcon.colcon_core.environment:create_file_with_runtime_dependencies(/home/quim/robotica_ros/P_final/install/frontier_explorer/share/colcon-core/packages/frontier_explorer)
[4.709s] DEBUG:colcon.colcon_parallel_executor.executor.parallel:closing loop
[4.709s] DEBUG:colcon.colcon_parallel_executor.executor.parallel:loop closed
[4.709s] DEBUG:colcon.colcon_parallel_executor.executor.parallel:run_until_complete finished with '0'
[4.709s] DEBUG:colcon.colcon_core.event_reactor:joining thread
[4.721s] INFO:colcon.colcon_core.plugin_system:Skipping extension 'colcon_notification.desktop_notification.terminal_notifier': Not used on non-Darwin systems
[4.721s] INFO:colcon.colcon_core.plugin_system:Skipping extension 'colcon_notification.desktop_notification.win32': Not used on non-Windows systems
[4.722s] INFO:colcon.colcon_notification.desktop_notification:Sending desktop notification using 'notify2'
[4.738s] DEBUG:colcon.colcon_core.event_reactor:joined thread
[4.738s] INFO:colcon.colcon_core.shell:Creating prefix script '/home/quim/robotica_ros/P_final/install/local_setup.ps1'
[4.740s] INFO:colcon.colcon_core.shell:Creating prefix util module '/home/quim/robotica_ros/P_final/install/_local_setup_util_ps1.py'
[4.746s] INFO:colcon.colcon_core.shell:Creating prefix chain script '/home/quim/robotica_ros/P_final/install/setup.ps1'
[4.750s] INFO:colcon.colcon_core.shell:Creating prefix script '/home/quim/robotica_ros/P_final/install/local_setup.sh'
[4.752s] INFO:colcon.colcon_core.shell:Creating prefix util module '/home/quim/robotica_ros/P_final/install/_local_setup_util_sh.py'
[4.753s] INFO:colcon.colcon_core.shell:Creating prefix chain script '/home/quim/robotica_ros/P_final/install/setup.sh'
[4.755s] INFO:colcon.colcon_core.shell:Creating prefix script '/home/quim/robotica_ros/P_final/install/local_setup.bash'
[4.756s] INFO:colcon.colcon_core.shell:Creating prefix chain script '/home/quim/robotica_ros/P_final/install/setup.bash'
[4.759s] INFO:colcon.colcon_core.shell:Creating prefix script '/home/quim/robotica_ros/P_final/install/local_setup.zsh'
[4.761s] INFO:colcon.colcon_core.shell:Creating prefix chain script '/home/quim/robotica_ros/P_final/install/setup.zsh'
