[0.009s] Invoking command in '/home/quim/robotica_ros/P_final/build/rosni2_gazebo': AMENT_PREFIX_PATH=/home/quim/robotica_ros/P_final/install/rosni2_description:${AMENT_PREFIX_PATH} CMAKE_PREFIX_PATH=/home/quim/robotica_ros/P_final/install/rosni2_description:/opt/ros/humble /usr/bin/cmake --build /home/quim/robotica_ros/P_final/build/rosni2_gazebo -- -j8 -l8
[0.062s] Invoked command in '/home/quim/robotica_ros/P_final/build/rosni2_gazebo' returned '0': AMENT_PREFIX_PATH=/home/quim/robotica_ros/P_final/install/rosni2_description:${AMENT_PREFIX_PATH} CMAKE_PREFIX_PATH=/home/quim/robotica_ros/P_final/install/rosni2_description:/opt/ros/humble /usr/bin/cmake --build /home/quim/robotica_ros/P_final/build/rosni2_gazebo -- -j8 -l8
[0.088s] Invoking command in '/home/quim/robotica_ros/P_final/build/rosni2_gazebo': AMENT_PREFIX_PATH=/home/quim/robotica_ros/P_final/install/rosni2_description:${AMENT_PREFIX_PATH} CMAKE_PREFIX_PATH=/home/quim/robotica_ros/P_final/install/rosni2_description:/opt/ros/humble /usr/bin/cmake --install /home/quim/robotica_ros/P_final/build/rosni2_gazebo
[0.095s] -- Install configuration: ""
[0.095s] -- Up-to-date: /home/quim/robotica_ros/P_final/install/rosni2_gazebo/share/rosni2_gazebo/launch
[0.095s] -- Up-to-date: /home/quim/robotica_ros/P_final/install/rosni2_gazebo/share/rosni2_gazebo/launch/key_teleop.launch.py
[0.095s] -- Up-to-date: /home/quim/robotica_ros/P_final/install/rosni2_gazebo/share/rosni2_gazebo/launch/rosni_slam.launch.py
[0.095s] -- Up-to-date: /home/quim/robotica_ros/P_final/install/rosni2_gazebo/share/rosni2_gazebo/launch/rosni_gazebo.launch.py
[0.095s] -- Up-to-date: /home/quim/robotica_ros/P_final/install/rosni2_gazebo/share/rosni2_gazebo/config
[0.096s] -- Up-to-date: /home/quim/robotica_ros/P_final/install/rosni2_gazebo/share/rosni2_gazebo/config/rviz2
[0.096s] -- Up-to-date: /home/quim/robotica_ros/P_final/install/rosni2_gazebo/share/rosni2_gazebo/config/rviz2/navigation.rviz
[0.096s] -- Up-to-date: /home/quim/robotica_ros/P_final/install/rosni2_gazebo/share/rosni2_gazebo/worlds
[0.096s] -- Up-to-date: /home/quim/robotica_ros/P_final/install/rosni2_gazebo/share/rosni2_gazebo/worlds/maze.world
[0.096s] -- Up-to-date: /home/quim/robotica_ros/P_final/install/rosni2_gazebo/share/rosni2_gazebo/worlds/empty.world
[0.096s] -- Up-to-date: /home/quim/robotica_ros/P_final/install/rosni2_gazebo/share/ament_index/resource_index/package_run_dependencies/rosni2_gazebo
[0.096s] -- Up-to-date: /home/quim/robotica_ros/P_final/install/rosni2_gazebo/share/ament_index/resource_index/parent_prefix_path/rosni2_gazebo
[0.096s] -- Up-to-date: /home/quim/robotica_ros/P_final/install/rosni2_gazebo/share/rosni2_gazebo/environment/ament_prefix_path.sh
[0.097s] -- Up-to-date: /home/quim/robotica_ros/P_final/install/rosni2_gazebo/share/rosni2_gazebo/environment/ament_prefix_path.dsv
[0.097s] -- Up-to-date: /home/quim/robotica_ros/P_final/install/rosni2_gazebo/share/rosni2_gazebo/environment/path.sh
[0.097s] -- Up-to-date: /home/quim/robotica_ros/P_final/install/rosni2_gazebo/share/rosni2_gazebo/environment/path.dsv
[0.097s] -- Up-to-date: /home/quim/robotica_ros/P_final/install/rosni2_gazebo/share/rosni2_gazebo/local_setup.bash
[0.097s] -- Up-to-date: /home/quim/robotica_ros/P_final/install/rosni2_gazebo/share/rosni2_gazebo/local_setup.sh
[0.097s] -- Up-to-date: /home/quim/robotica_ros/P_final/install/rosni2_gazebo/share/rosni2_gazebo/local_setup.zsh
[0.097s] -- Up-to-date: /home/quim/robotica_ros/P_final/install/rosni2_gazebo/share/rosni2_gazebo/local_setup.dsv
[0.098s] -- Installing: /home/quim/robotica_ros/P_final/install/rosni2_gazebo/share/rosni2_gazebo/package.dsv
[0.098s] -- Up-to-date: /home/quim/robotica_ros/P_final/install/rosni2_gazebo/share/ament_index/resource_index/packages/rosni2_gazebo
[0.098s] -- Up-to-date: /home/quim/robotica_ros/P_final/install/rosni2_gazebo/share/rosni2_gazebo/cmake/rosni2_gazeboConfig.cmake
[0.098s] -- Up-to-date: /home/quim/robotica_ros/P_final/install/rosni2_gazebo/share/rosni2_gazebo/cmake/rosni2_gazeboConfig-version.cmake
[0.098s] -- Up-to-date: /home/quim/robotica_ros/P_final/install/rosni2_gazebo/share/rosni2_gazebo/package.xml
[0.100s] Invoked command in '/home/quim/robotica_ros/P_final/build/rosni2_gazebo' returned '0': AMENT_PREFIX_PATH=/home/quim/robotica_ros/P_final/install/rosni2_description:${AMENT_PREFIX_PATH} CMAKE_PREFIX_PATH=/home/quim/robotica_ros/P_final/install/rosni2_description:/opt/ros/humble /usr/bin/cmake --install /home/quim/robotica_ros/P_final/build/rosni2_gazebo
