[1.672s] Invoking command in '/home/quim/robotica_ros/P_final/src/frontier_explorer': PYTHONPATH=/home/quim/robotica_ros/P_final/build/frontier_explorer/prefix_override:/usr/lib/python3/dist-packages/colcon_core/task/python/colcon_distutils_commands:/home/quim/robotica_ros/P_final/install/frontier_explorer/lib/python3.10/site-packages:${PYTHONPATH} /usr/bin/python3 -W ignore:setup.py install is deprecated setup.py egg_info --egg-base ../../build/frontier_explorer build --build-base /home/quim/robotica_ros/P_final/build/frontier_explorer/build install --record /home/quim/robotica_ros/P_final/build/frontier_explorer/install.log --single-version-externally-managed install_data
[1.954s] running egg_info
[1.955s] writing ../../build/frontier_explorer/frontier_explorer.egg-info/PKG-INFO
[1.956s] writing dependency_links to ../../build/frontier_explorer/frontier_explorer.egg-info/dependency_links.txt
[1.956s] writing entry points to ../../build/frontier_explorer/frontier_explorer.egg-info/entry_points.txt
[1.956s] writing requirements to ../../build/frontier_explorer/frontier_explorer.egg-info/requires.txt
[1.956s] writing top-level names to ../../build/frontier_explorer/frontier_explorer.egg-info/top_level.txt
[1.959s] reading manifest file '../../build/frontier_explorer/frontier_explorer.egg-info/SOURCES.txt'
[1.961s] writing manifest file '../../build/frontier_explorer/frontier_explorer.egg-info/SOURCES.txt'
[1.961s] running build
[1.961s] running build_py
[1.962s] copying frontier_explorer/explorer.py -> /home/quim/robotica_ros/P_final/build/frontier_explorer/build/lib/frontier_explorer
[1.962s] running install
[1.962s] running install_lib
[1.963s] copying /home/quim/robotica_ros/P_final/build/frontier_explorer/build/lib/frontier_explorer/explorer.py -> /home/quim/robotica_ros/P_final/install/frontier_explorer/lib/python3.10/site-packages/frontier_explorer
[1.964s] byte-compiling /home/quim/robotica_ros/P_final/install/frontier_explorer/lib/python3.10/site-packages/frontier_explorer/explorer.py to explorer.cpython-310.pyc
[1.969s] running install_data
[1.969s] running install_egg_info
[1.971s] removing '/home/quim/robotica_ros/P_final/install/frontier_explorer/lib/python3.10/site-packages/frontier_explorer-0.0.0-py3.10.egg-info' (and everything under it)
[1.971s] Copying ../../build/frontier_explorer/frontier_explorer.egg-info to /home/quim/robotica_ros/P_final/install/frontier_explorer/lib/python3.10/site-packages/frontier_explorer-0.0.0-py3.10.egg-info
[1.973s] running install_scripts
[2.001s] Installing explorer_node script to /home/quim/robotica_ros/P_final/install/frontier_explorer/lib/frontier_explorer
[2.002s] writing list of installed files to '/home/quim/robotica_ros/P_final/build/frontier_explorer/install.log'
[2.074s] Invoked command in '/home/quim/robotica_ros/P_final/src/frontier_explorer' returned '0': PYTHONPATH=/home/quim/robotica_ros/P_final/build/frontier_explorer/prefix_override:/usr/lib/python3/dist-packages/colcon_core/task/python/colcon_distutils_commands:/home/quim/robotica_ros/P_final/install/frontier_explorer/lib/python3.10/site-packages:${PYTHONPATH} /usr/bin/python3 -W ignore:setup.py install is deprecated setup.py egg_info --egg-base ../../build/frontier_explorer build --build-base /home/quim/robotica_ros/P_final/build/frontier_explorer/build install --record /home/quim/robotica_ros/P_final/build/frontier_explorer/install.log --single-version-externally-managed install_data
