[0.240s] DEBUG:colcon:Command line arguments: ['/usr/bin/colcon', 'build']
[0.240s] DEBUG:colcon:Parsed command line arguments: Namespace(log_base=None, log_level=None, verb_name='build', build_base='build', install_base='install', merge_install=False, symlink_install=False, test_result_base=None, continue_on_error=False, executor='parallel', parallel_workers=8, event_handlers=None, ignore_user_meta=False, metas=['./colcon.meta'], base_paths=['.'], packages_ignore=None, packages_ignore_regex=None, paths=None, packages_up_to=None, packages_up_to_regex=None, packages_above=None, packages_above_and_dependencies=None, packages_above_depth=None, packages_select_by_dep=None, packages_skip_by_dep=None, packages_skip_up_to=None, packages_select_build_failed=False, packages_skip_build_finished=False, packages_select_test_failures=False, packages_skip_test_passed=False, packages_select=None, packages_skip=None, packages_select_regex=None, packages_skip_regex=None, packages_start=None, packages_end=None, allow_overriding=[], cmake_args=None, cmake_target=None, cmake_target_skip_unavailable=False, cmake_clean_cache=False, cmake_clean_first=False, cmake_force_configure=False, ament_cmake_args=None, catkin_cmake_args=None, catkin_skip_building_tests=False, mixin_files=None, mixin=None, verb_parser=<colcon_mixin.mixin.mixin_argument.MixinArgumentDecorator object at 0x778e7b54ace0>, verb_extension=<colcon_core.verb.build.BuildVerb object at 0x778e7b6333d0>, main=<bound method BuildVerb.main of <colcon_core.verb.build.BuildVerb object at 0x778e7b6333d0>>, mixin_verb=('build',))
[0.666s] Level 1:colcon.colcon_core.package_discovery:discover_packages(colcon_meta) check parameters
[0.667s] Level 1:colcon.colcon_core.package_discovery:discover_packages(recursive) check parameters
[0.667s] Level 1:colcon.colcon_core.package_discovery:discover_packages(ignore) check parameters
[0.667s] Level 1:colcon.colcon_core.package_discovery:discover_packages(path) check parameters
[0.667s] Level 1:colcon.colcon_core.package_discovery:discover_packages(colcon_meta) discover
[0.667s] Level 1:colcon.colcon_core.package_discovery:discover_packages(recursive) discover
[0.668s] INFO:colcon.colcon_core.package_discovery:Crawling recursively for packages in '/home/quim/robotica_ros/P_final'
[0.668s] Level 1:colcon.colcon_core.package_identification:_identify(.) by extensions ['ignore', 'ignore_ament_install']
[0.669s] Level 1:colcon.colcon_core.package_identification:_identify(.) by extension 'ignore'
[0.669s] Level 1:colcon.colcon_core.package_identification:_identify(.) by extension 'ignore_ament_install'
[0.669s] Level 1:colcon.colcon_core.package_identification:_identify(.) by extensions ['colcon_pkg']
[0.669s] Level 1:colcon.colcon_core.package_identification:_identify(.) by extension 'colcon_pkg'
[0.669s] Level 1:colcon.colcon_core.package_identification:_identify(.) by extensions ['colcon_meta']
[0.669s] Level 1:colcon.colcon_core.package_identification:_identify(.) by extension 'colcon_meta'
[0.669s] Level 1:colcon.colcon_core.package_identification:_identify(.) by extensions ['ros']
[0.669s] Level 1:colcon.colcon_core.package_identification:_identify(.) by extension 'ros'
[0.705s] Level 1:colcon.colcon_core.package_identification:_identify(.) by extensions ['cmake', 'python']
[0.705s] Level 1:colcon.colcon_core.package_identification:_identify(.) by extension 'cmake'
[0.705s] Level 1:colcon.colcon_core.package_identification:_identify(.) by extension 'python'
[0.705s] Level 1:colcon.colcon_core.package_identification:_identify(.) by extensions ['python_setup_py']
[0.705s] Level 1:colcon.colcon_core.package_identification:_identify(.) by extension 'python_setup_py'
[0.706s] Level 1:colcon.colcon_core.package_identification:_identify(ROBOT_SCREENSHOTS) by extensions ['ignore', 'ignore_ament_install']
[0.706s] Level 1:colcon.colcon_core.package_identification:_identify(ROBOT_SCREENSHOTS) by extension 'ignore'
[0.706s] Level 1:colcon.colcon_core.package_identification:_identify(ROBOT_SCREENSHOTS) by extension 'ignore_ament_install'
[0.706s] Level 1:colcon.colcon_core.package_identification:_identify(ROBOT_SCREENSHOTS) by extensions ['colcon_pkg']
[0.706s] Level 1:colcon.colcon_core.package_identification:_identify(ROBOT_SCREENSHOTS) by extension 'colcon_pkg'
[0.706s] Level 1:colcon.colcon_core.package_identification:_identify(ROBOT_SCREENSHOTS) by extensions ['colcon_meta']
[0.706s] Level 1:colcon.colcon_core.package_identification:_identify(ROBOT_SCREENSHOTS) by extension 'colcon_meta'
[0.707s] Level 1:colcon.colcon_core.package_identification:_identify(ROBOT_SCREENSHOTS) by extensions ['ros']
[0.707s] Level 1:colcon.colcon_core.package_identification:_identify(ROBOT_SCREENSHOTS) by extension 'ros'
[0.707s] Level 1:colcon.colcon_core.package_identification:_identify(ROBOT_SCREENSHOTS) by extensions ['cmake', 'python']
[0.707s] Level 1:colcon.colcon_core.package_identification:_identify(ROBOT_SCREENSHOTS) by extension 'cmake'
[0.707s] Level 1:colcon.colcon_core.package_identification:_identify(ROBOT_SCREENSHOTS) by extension 'python'
[0.707s] Level 1:colcon.colcon_core.package_identification:_identify(ROBOT_SCREENSHOTS) by extensions ['python_setup_py']
[0.707s] Level 1:colcon.colcon_core.package_identification:_identify(ROBOT_SCREENSHOTS) by extension 'python_setup_py'
[0.707s] Level 1:colcon.colcon_core.package_identification:_identify(build) by extensions ['ignore', 'ignore_ament_install']
[0.708s] Level 1:colcon.colcon_core.package_identification:_identify(build) by extension 'ignore'
[0.708s] Level 1:colcon.colcon_core.package_identification:_identify(build) ignored
[0.708s] Level 1:colcon.colcon_core.package_identification:_identify(install) by extensions ['ignore', 'ignore_ament_install']
[0.708s] Level 1:colcon.colcon_core.package_identification:_identify(install) by extension 'ignore'
[0.708s] Level 1:colcon.colcon_core.package_identification:_identify(install) ignored
[0.709s] Level 1:colcon.colcon_core.package_identification:_identify(log) by extensions ['ignore', 'ignore_ament_install']
[0.709s] Level 1:colcon.colcon_core.package_identification:_identify(log) by extension 'ignore'
[0.709s] Level 1:colcon.colcon_core.package_identification:_identify(log) ignored
[0.709s] Level 1:colcon.colcon_core.package_identification:_identify(src) by extensions ['ignore', 'ignore_ament_install']
[0.710s] Level 1:colcon.colcon_core.package_identification:_identify(src) by extension 'ignore'
[0.710s] Level 1:colcon.colcon_core.package_identification:_identify(src) by extension 'ignore_ament_install'
[0.710s] Level 1:colcon.colcon_core.package_identification:_identify(src) by extensions ['colcon_pkg']
[0.710s] Level 1:colcon.colcon_core.package_identification:_identify(src) by extension 'colcon_pkg'
[0.710s] Level 1:colcon.colcon_core.package_identification:_identify(src) by extensions ['colcon_meta']
[0.710s] Level 1:colcon.colcon_core.package_identification:_identify(src) by extension 'colcon_meta'
[0.710s] Level 1:colcon.colcon_core.package_identification:_identify(src) by extensions ['ros']
[0.710s] Level 1:colcon.colcon_core.package_identification:_identify(src) by extension 'ros'
[0.711s] Level 1:colcon.colcon_core.package_identification:_identify(src) by extensions ['cmake', 'python']
[0.711s] Level 1:colcon.colcon_core.package_identification:_identify(src) by extension 'cmake'
[0.711s] Level 1:colcon.colcon_core.package_identification:_identify(src) by extension 'python'
[0.711s] Level 1:colcon.colcon_core.package_identification:_identify(src) by extensions ['python_setup_py']
[0.711s] Level 1:colcon.colcon_core.package_identification:_identify(src) by extension 'python_setup_py'
[0.711s] Level 1:colcon.colcon_core.package_identification:_identify(src/frontier_explorer) by extensions ['ignore', 'ignore_ament_install']
[0.712s] Level 1:colcon.colcon_core.package_identification:_identify(src/frontier_explorer) by extension 'ignore'
[0.712s] Level 1:colcon.colcon_core.package_identification:_identify(src/frontier_explorer) by extension 'ignore_ament_install'
[0.712s] Level 1:colcon.colcon_core.package_identification:_identify(src/frontier_explorer) by extensions ['colcon_pkg']
[0.712s] Level 1:colcon.colcon_core.package_identification:_identify(src/frontier_explorer) by extension 'colcon_pkg'
[0.712s] Level 1:colcon.colcon_core.package_identification:_identify(src/frontier_explorer) by extensions ['colcon_meta']
[0.712s] Level 1:colcon.colcon_core.package_identification:_identify(src/frontier_explorer) by extension 'colcon_meta'
[0.712s] Level 1:colcon.colcon_core.package_identification:_identify(src/frontier_explorer) by extensions ['ros']
[0.712s] Level 1:colcon.colcon_core.package_identification:_identify(src/frontier_explorer) by extension 'ros'
[0.721s] DEBUG:colcon.colcon_core.package_identification:Package 'src/frontier_explorer' with type 'ros.ament_python' and name 'frontier_explorer'
[0.721s] Level 1:colcon.colcon_core.package_identification:_identify(src/global_planner) by extensions ['ignore', 'ignore_ament_install']
[0.722s] Level 1:colcon.colcon_core.package_identification:_identify(src/global_planner) by extension 'ignore'
[0.722s] Level 1:colcon.colcon_core.package_identification:_identify(src/global_planner) by extension 'ignore_ament_install'
[0.722s] Level 1:colcon.colcon_core.package_identification:_identify(src/global_planner) by extensions ['colcon_pkg']
[0.722s] Level 1:colcon.colcon_core.package_identification:_identify(src/global_planner) by extension 'colcon_pkg'
[0.722s] Level 1:colcon.colcon_core.package_identification:_identify(src/global_planner) by extensions ['colcon_meta']
[0.722s] Level 1:colcon.colcon_core.package_identification:_identify(src/global_planner) by extension 'colcon_meta'
[0.722s] Level 1:colcon.colcon_core.package_identification:_identify(src/global_planner) by extensions ['ros']
[0.722s] Level 1:colcon.colcon_core.package_identification:_identify(src/global_planner) by extension 'ros'
[0.724s] DEBUG:colcon.colcon_core.package_identification:Package 'src/global_planner' with type 'ros.ament_python' and name 'global_planner'
[0.725s] Level 1:colcon.colcon_core.package_identification:_identify(src/local_planner) by extensions ['ignore', 'ignore_ament_install']
[0.725s] Level 1:colcon.colcon_core.package_identification:_identify(src/local_planner) by extension 'ignore'
[0.725s] Level 1:colcon.colcon_core.package_identification:_identify(src/local_planner) by extension 'ignore_ament_install'
[0.725s] Level 1:colcon.colcon_core.package_identification:_identify(src/local_planner) by extensions ['colcon_pkg']
[0.726s] Level 1:colcon.colcon_core.package_identification:_identify(src/local_planner) by extension 'colcon_pkg'
[0.726s] Level 1:colcon.colcon_core.package_identification:_identify(src/local_planner) by extensions ['colcon_meta']
[0.726s] Level 1:colcon.colcon_core.package_identification:_identify(src/local_planner) by extension 'colcon_meta'
[0.726s] Level 1:colcon.colcon_core.package_identification:_identify(src/local_planner) by extensions ['ros']
[0.726s] Level 1:colcon.colcon_core.package_identification:_identify(src/local_planner) by extension 'ros'
[0.728s] DEBUG:colcon.colcon_core.package_identification:Package 'src/local_planner' with type 'ros.ament_python' and name 'local_planner'
[0.729s] Level 1:colcon.colcon_core.package_identification:_identify(src/rosni2_description) by extensions ['ignore', 'ignore_ament_install']
[0.729s] Level 1:colcon.colcon_core.package_identification:_identify(src/rosni2_description) by extension 'ignore'
[0.729s] Level 1:colcon.colcon_core.package_identification:_identify(src/rosni2_description) by extension 'ignore_ament_install'
[0.730s] Level 1:colcon.colcon_core.package_identification:_identify(src/rosni2_description) by extensions ['colcon_pkg']
[0.730s] Level 1:colcon.colcon_core.package_identification:_identify(src/rosni2_description) by extension 'colcon_pkg'
[0.730s] Level 1:colcon.colcon_core.package_identification:_identify(src/rosni2_description) by extensions ['colcon_meta']
[0.730s] Level 1:colcon.colcon_core.package_identification:_identify(src/rosni2_description) by extension 'colcon_meta'
[0.730s] Level 1:colcon.colcon_core.package_identification:_identify(src/rosni2_description) by extensions ['ros']
[0.730s] Level 1:colcon.colcon_core.package_identification:_identify(src/rosni2_description) by extension 'ros'
[0.731s] DEBUG:colcon.colcon_core.package_identification:Package 'src/rosni2_description' with type 'ros.ament_cmake' and name 'rosni2_description'
[0.732s] Level 1:colcon.colcon_core.package_identification:_identify(src/rosni2_gazebo) by extensions ['ignore', 'ignore_ament_install']
[0.732s] Level 1:colcon.colcon_core.package_identification:_identify(src/rosni2_gazebo) by extension 'ignore'
[0.733s] Level 1:colcon.colcon_core.package_identification:_identify(src/rosni2_gazebo) by extension 'ignore_ament_install'
[0.733s] Level 1:colcon.colcon_core.package_identification:_identify(src/rosni2_gazebo) by extensions ['colcon_pkg']
[0.733s] Level 1:colcon.colcon_core.package_identification:_identify(src/rosni2_gazebo) by extension 'colcon_pkg'
[0.733s] Level 1:colcon.colcon_core.package_identification:_identify(src/rosni2_gazebo) by extensions ['colcon_meta']
[0.733s] Level 1:colcon.colcon_core.package_identification:_identify(src/rosni2_gazebo) by extension 'colcon_meta'
[0.733s] Level 1:colcon.colcon_core.package_identification:_identify(src/rosni2_gazebo) by extensions ['ros']
[0.733s] Level 1:colcon.colcon_core.package_identification:_identify(src/rosni2_gazebo) by extension 'ros'
[0.735s] DEBUG:colcon.colcon_core.package_identification:Package 'src/rosni2_gazebo' with type 'ros.ament_cmake' and name 'rosni2_gazebo'
[0.735s] Level 1:colcon.colcon_core.package_identification:_identify(src/rosni_robot) by extensions ['ignore', 'ignore_ament_install']
[0.736s] Level 1:colcon.colcon_core.package_identification:_identify(src/rosni_robot) by extension 'ignore'
[0.736s] Level 1:colcon.colcon_core.package_identification:_identify(src/rosni_robot) by extension 'ignore_ament_install'
[0.736s] Level 1:colcon.colcon_core.package_identification:_identify(src/rosni_robot) by extensions ['colcon_pkg']
[0.736s] Level 1:colcon.colcon_core.package_identification:_identify(src/rosni_robot) by extension 'colcon_pkg'
[0.736s] Level 1:colcon.colcon_core.package_identification:_identify(src/rosni_robot) by extensions ['colcon_meta']
[0.736s] Level 1:colcon.colcon_core.package_identification:_identify(src/rosni_robot) by extension 'colcon_meta'
[0.737s] Level 1:colcon.colcon_core.package_identification:_identify(src/rosni_robot) by extensions ['ros']
[0.737s] Level 1:colcon.colcon_core.package_identification:_identify(src/rosni_robot) by extension 'ros'
[0.739s] DEBUG:colcon.colcon_core.package_identification:Package 'src/rosni_robot' with type 'ros.ament_python' and name 'rosni_robot'
[0.739s] Level 1:colcon.colcon_core.package_discovery:discover_packages(recursive) using defaults
[0.739s] Level 1:colcon.colcon_core.package_discovery:discover_packages(ignore) discover
[0.739s] Level 1:colcon.colcon_core.package_discovery:discover_packages(ignore) using defaults
[0.739s] Level 1:colcon.colcon_core.package_discovery:discover_packages(path) discover
[0.739s] Level 1:colcon.colcon_core.package_discovery:discover_packages(path) using defaults
[0.834s] Level 1:colcon.colcon_core.package_discovery:discover_packages(prefix_path) check parameters
[0.834s] Level 1:colcon.colcon_core.package_discovery:discover_packages(prefix_path) discover
[0.842s] DEBUG:colcon.colcon_installed_package_information.package_discovery:Found 363 installed packages in /opt/ros/humble
[0.846s] Level 1:colcon.colcon_core.package_discovery:discover_packages(prefix_path) using defaults
[0.974s] Level 5:colcon.colcon_core.verb:set package 'frontier_explorer' build argument 'cmake_args' from command line to 'None'
[0.974s] Level 5:colcon.colcon_core.verb:set package 'frontier_explorer' build argument 'cmake_target' from command line to 'None'
[0.974s] Level 5:colcon.colcon_core.verb:set package 'frontier_explorer' build argument 'cmake_target_skip_unavailable' from command line to 'False'
[0.974s] Level 5:colcon.colcon_core.verb:set package 'frontier_explorer' build argument 'cmake_clean_cache' from command line to 'False'
[0.974s] Level 5:colcon.colcon_core.verb:set package 'frontier_explorer' build argument 'cmake_clean_first' from command line to 'False'
[0.974s] Level 5:colcon.colcon_core.verb:set package 'frontier_explorer' build argument 'cmake_force_configure' from command line to 'False'
[0.974s] Level 5:colcon.colcon_core.verb:set package 'frontier_explorer' build argument 'ament_cmake_args' from command line to 'None'
[0.974s] Level 5:colcon.colcon_core.verb:set package 'frontier_explorer' build argument 'catkin_cmake_args' from command line to 'None'
[0.974s] Level 5:colcon.colcon_core.verb:set package 'frontier_explorer' build argument 'catkin_skip_building_tests' from command line to 'False'
[0.974s] DEBUG:colcon.colcon_core.verb:Building package 'frontier_explorer' with the following arguments: {'ament_cmake_args': None, 'build_base': '/home/quim/robotica_ros/P_final/build/frontier_explorer', 'catkin_cmake_args': None, 'catkin_skip_building_tests': False, 'cmake_args': None, 'cmake_clean_cache': False, 'cmake_clean_first': False, 'cmake_force_configure': False, 'cmake_target': None, 'cmake_target_skip_unavailable': False, 'install_base': '/home/quim/robotica_ros/P_final/install/frontier_explorer', 'merge_install': False, 'path': '/home/quim/robotica_ros/P_final/src/frontier_explorer', 'symlink_install': False, 'test_result_base': None}
[0.976s] Level 5:colcon.colcon_core.verb:set package 'global_planner' build argument 'cmake_args' from command line to 'None'
[0.976s] Level 5:colcon.colcon_core.verb:set package 'global_planner' build argument 'cmake_target' from command line to 'None'
[0.976s] Level 5:colcon.colcon_core.verb:set package 'global_planner' build argument 'cmake_target_skip_unavailable' from command line to 'False'
[0.976s] Level 5:colcon.colcon_core.verb:set package 'global_planner' build argument 'cmake_clean_cache' from command line to 'False'
[0.976s] Level 5:colcon.colcon_core.verb:set package 'global_planner' build argument 'cmake_clean_first' from command line to 'False'
[0.976s] Level 5:colcon.colcon_core.verb:set package 'global_planner' build argument 'cmake_force_configure' from command line to 'False'
[0.976s] Level 5:colcon.colcon_core.verb:set package 'global_planner' build argument 'ament_cmake_args' from command line to 'None'
[0.976s] Level 5:colcon.colcon_core.verb:set package 'global_planner' build argument 'catkin_cmake_args' from command line to 'None'
[0.976s] Level 5:colcon.colcon_core.verb:set package 'global_planner' build argument 'catkin_skip_building_tests' from command line to 'False'
[0.976s] DEBUG:colcon.colcon_core.verb:Building package 'global_planner' with the following arguments: {'ament_cmake_args': None, 'build_base': '/home/quim/robotica_ros/P_final/build/global_planner', 'catkin_cmake_args': None, 'catkin_skip_building_tests': False, 'cmake_args': None, 'cmake_clean_cache': False, 'cmake_clean_first': False, 'cmake_force_configure': False, 'cmake_target': None, 'cmake_target_skip_unavailable': False, 'install_base': '/home/quim/robotica_ros/P_final/install/global_planner', 'merge_install': False, 'path': '/home/quim/robotica_ros/P_final/src/global_planner', 'symlink_install': False, 'test_result_base': None}
[0.977s] Level 5:colcon.colcon_core.verb:set package 'local_planner' build argument 'cmake_args' from command line to 'None'
[0.978s] Level 5:colcon.colcon_core.verb:set package 'local_planner' build argument 'cmake_target' from command line to 'None'
[0.978s] Level 5:colcon.colcon_core.verb:set package 'local_planner' build argument 'cmake_target_skip_unavailable' from command line to 'False'
[0.978s] Level 5:colcon.colcon_core.verb:set package 'local_planner' build argument 'cmake_clean_cache' from command line to 'False'
[0.978s] Level 5:colcon.colcon_core.verb:set package 'local_planner' build argument 'cmake_clean_first' from command line to 'False'
[0.978s] Level 5:colcon.colcon_core.verb:set package 'local_planner' build argument 'cmake_force_configure' from command line to 'False'
[0.978s] Level 5:colcon.colcon_core.verb:set package 'local_planner' build argument 'ament_cmake_args' from command line to 'None'
[0.978s] Level 5:colcon.colcon_core.verb:set package 'local_planner' build argument 'catkin_cmake_args' from command line to 'None'
[0.978s] Level 5:colcon.colcon_core.verb:set package 'local_planner' build argument 'catkin_skip_building_tests' from command line to 'False'
[0.978s] DEBUG:colcon.colcon_core.verb:Building package 'local_planner' with the following arguments: {'ament_cmake_args': None, 'build_base': '/home/quim/robotica_ros/P_final/build/local_planner', 'catkin_cmake_args': None, 'catkin_skip_building_tests': False, 'cmake_args': None, 'cmake_clean_cache': False, 'cmake_clean_first': False, 'cmake_force_configure': False, 'cmake_target': None, 'cmake_target_skip_unavailable': False, 'install_base': '/home/quim/robotica_ros/P_final/install/local_planner', 'merge_install': False, 'path': '/home/quim/robotica_ros/P_final/src/local_planner', 'symlink_install': False, 'test_result_base': None}
[0.979s] Level 5:colcon.colcon_core.verb:set package 'rosni2_description' build argument 'cmake_args' from command line to 'None'
[0.979s] Level 5:colcon.colcon_core.verb:set package 'rosni2_description' build argument 'cmake_target' from command line to 'None'
[0.979s] Level 5:colcon.colcon_core.verb:set package 'rosni2_description' build argument 'cmake_target_skip_unavailable' from command line to 'False'
[0.979s] Level 5:colcon.colcon_core.verb:set package 'rosni2_description' build argument 'cmake_clean_cache' from command line to 'False'
[0.980s] Level 5:colcon.colcon_core.verb:set package 'rosni2_description' build argument 'cmake_clean_first' from command line to 'False'
[0.980s] Level 5:colcon.colcon_core.verb:set package 'rosni2_description' build argument 'cmake_force_configure' from command line to 'False'
[0.980s] Level 5:colcon.colcon_core.verb:set package 'rosni2_description' build argument 'ament_cmake_args' from command line to 'None'
[0.980s] Level 5:colcon.colcon_core.verb:set package 'rosni2_description' build argument 'catkin_cmake_args' from command line to 'None'
[0.980s] Level 5:colcon.colcon_core.verb:set package 'rosni2_description' build argument 'catkin_skip_building_tests' from command line to 'False'
[0.980s] DEBUG:colcon.colcon_core.verb:Building package 'rosni2_description' with the following arguments: {'ament_cmake_args': None, 'build_base': '/home/quim/robotica_ros/P_final/build/rosni2_description', 'catkin_cmake_args': None, 'catkin_skip_building_tests': False, 'cmake_args': None, 'cmake_clean_cache': False, 'cmake_clean_first': False, 'cmake_force_configure': False, 'cmake_target': None, 'cmake_target_skip_unavailable': False, 'install_base': '/home/quim/robotica_ros/P_final/install/rosni2_description', 'merge_install': False, 'path': '/home/quim/robotica_ros/P_final/src/rosni2_description', 'symlink_install': False, 'test_result_base': None}
[0.981s] Level 5:colcon.colcon_core.verb:set package 'rosni_robot' build argument 'cmake_args' from command line to 'None'
[0.982s] Level 5:colcon.colcon_core.verb:set package 'rosni_robot' build argument 'cmake_target' from command line to 'None'
[0.982s] Level 5:colcon.colcon_core.verb:set package 'rosni_robot' build argument 'cmake_target_skip_unavailable' from command line to 'False'
[0.982s] Level 5:colcon.colcon_core.verb:set package 'rosni_robot' build argument 'cmake_clean_cache' from command line to 'False'
[0.982s] Level 5:colcon.colcon_core.verb:set package 'rosni_robot' build argument 'cmake_clean_first' from command line to 'False'
[0.982s] Level 5:colcon.colcon_core.verb:set package 'rosni_robot' build argument 'cmake_force_configure' from command line to 'False'
[0.982s] Level 5:colcon.colcon_core.verb:set package 'rosni_robot' build argument 'ament_cmake_args' from command line to 'None'
[0.982s] Level 5:colcon.colcon_core.verb:set package 'rosni_robot' build argument 'catkin_cmake_args' from command line to 'None'
[0.982s] Level 5:colcon.colcon_core.verb:set package 'rosni_robot' build argument 'catkin_skip_building_tests' from command line to 'False'
[0.982s] DEBUG:colcon.colcon_core.verb:Building package 'rosni_robot' with the following arguments: {'ament_cmake_args': None, 'build_base': '/home/quim/robotica_ros/P_final/build/rosni_robot', 'catkin_cmake_args': None, 'catkin_skip_building_tests': False, 'cmake_args': None, 'cmake_clean_cache': False, 'cmake_clean_first': False, 'cmake_force_configure': False, 'cmake_target': None, 'cmake_target_skip_unavailable': False, 'install_base': '/home/quim/robotica_ros/P_final/install/rosni_robot', 'merge_install': False, 'path': '/home/quim/robotica_ros/P_final/src/rosni_robot', 'symlink_install': False, 'test_result_base': None}
[0.983s] Level 5:colcon.colcon_core.verb:set package 'rosni2_gazebo' build argument 'cmake_args' from command line to 'None'
[0.983s] Level 5:colcon.colcon_core.verb:set package 'rosni2_gazebo' build argument 'cmake_target' from command line to 'None'
[0.984s] Level 5:colcon.colcon_core.verb:set package 'rosni2_gazebo' build argument 'cmake_target_skip_unavailable' from command line to 'False'
[0.984s] Level 5:colcon.colcon_core.verb:set package 'rosni2_gazebo' build argument 'cmake_clean_cache' from command line to 'False'
[0.984s] Level 5:colcon.colcon_core.verb:set package 'rosni2_gazebo' build argument 'cmake_clean_first' from command line to 'False'
[0.984s] Level 5:colcon.colcon_core.verb:set package 'rosni2_gazebo' build argument 'cmake_force_configure' from command line to 'False'
[0.984s] Level 5:colcon.colcon_core.verb:set package 'rosni2_gazebo' build argument 'ament_cmake_args' from command line to 'None'
[0.984s] Level 5:colcon.colcon_core.verb:set package 'rosni2_gazebo' build argument 'catkin_cmake_args' from command line to 'None'
[0.984s] Level 5:colcon.colcon_core.verb:set package 'rosni2_gazebo' build argument 'catkin_skip_building_tests' from command line to 'False'
[0.984s] DEBUG:colcon.colcon_core.verb:Building package 'rosni2_gazebo' with the following arguments: {'ament_cmake_args': None, 'build_base': '/home/quim/robotica_ros/P_final/build/rosni2_gazebo', 'catkin_cmake_args': None, 'catkin_skip_building_tests': False, 'cmake_args': None, 'cmake_clean_cache': False, 'cmake_clean_first': False, 'cmake_force_configure': False, 'cmake_target': None, 'cmake_target_skip_unavailable': False, 'install_base': '/home/quim/robotica_ros/P_final/install/rosni2_gazebo', 'merge_install': False, 'path': '/home/quim/robotica_ros/P_final/src/rosni2_gazebo', 'symlink_install': False, 'test_result_base': None}
[0.984s] INFO:colcon.colcon_core.executor:Executing jobs using 'parallel' executor
[0.988s] DEBUG:colcon.colcon_parallel_executor.executor.parallel:run_until_complete
[0.989s] INFO:colcon.colcon_ros.task.ament_cmake.build:Building ROS package in '/home/quim/robotica_ros/P_final/src/rosni2_description' with build type 'ament_cmake'
[0.989s] INFO:colcon.colcon_cmake.task.cmake.build:Building CMake package in '/home/quim/robotica_ros/P_final/src/rosni2_description'
[0.995s] INFO:colcon.colcon_core.plugin_system:Skipping extension 'colcon_core.shell.bat': Not used on non-Windows systems
[0.996s] INFO:colcon.colcon_core.shell:Skip shell extension 'powershell' for command environment: Not usable outside of PowerShell
[0.996s] DEBUG:colcon.colcon_core.shell:Skip shell extension 'dsv' for command environment
[1.010s] INFO:colcon.colcon_ros.task.ament_python.build:Building ROS package in '/home/quim/robotica_ros/P_final/src/frontier_explorer' with build type 'ament_python'
[1.012s] Level 1:colcon.colcon_core.shell:create_environment_hook('frontier_explorer', 'ament_prefix_path')
[1.013s] INFO:colcon.colcon_core.shell:Creating environment hook '/home/quim/robotica_ros/P_final/install/frontier_explorer/share/frontier_explorer/hook/ament_prefix_path.ps1'
[1.014s] INFO:colcon.colcon_core.shell:Creating environment descriptor '/home/quim/robotica_ros/P_final/install/frontier_explorer/share/frontier_explorer/hook/ament_prefix_path.dsv'
[1.016s] INFO:colcon.colcon_core.shell:Creating environment hook '/home/quim/robotica_ros/P_final/install/frontier_explorer/share/frontier_explorer/hook/ament_prefix_path.sh'
[1.018s] INFO:colcon.colcon_core.shell:Skip shell extension 'powershell' for command environment: Not usable outside of PowerShell
[1.018s] DEBUG:colcon.colcon_core.shell:Skip shell extension 'dsv' for command environment
[1.030s] INFO:colcon.colcon_ros.task.ament_python.build:Building ROS package in '/home/quim/robotica_ros/P_final/src/global_planner' with build type 'ament_python'
[1.030s] Level 1:colcon.colcon_core.shell:create_environment_hook('global_planner', 'ament_prefix_path')
[1.031s] INFO:colcon.colcon_core.shell:Creating environment hook '/home/quim/robotica_ros/P_final/install/global_planner/share/global_planner/hook/ament_prefix_path.ps1'
[1.032s] INFO:colcon.colcon_core.shell:Creating environment descriptor '/home/quim/robotica_ros/P_final/install/global_planner/share/global_planner/hook/ament_prefix_path.dsv'
[1.035s] INFO:colcon.colcon_core.shell:Creating environment hook '/home/quim/robotica_ros/P_final/install/global_planner/share/global_planner/hook/ament_prefix_path.sh'
[1.037s] INFO:colcon.colcon_core.shell:Skip shell extension 'powershell' for command environment: Not usable outside of PowerShell
[1.037s] DEBUG:colcon.colcon_core.shell:Skip shell extension 'dsv' for command environment
[1.048s] INFO:colcon.colcon_ros.task.ament_python.build:Building ROS package in '/home/quim/robotica_ros/P_final/src/local_planner' with build type 'ament_python'
[1.048s] Level 1:colcon.colcon_core.shell:create_environment_hook('local_planner', 'ament_prefix_path')
[1.049s] INFO:colcon.colcon_core.shell:Creating environment hook '/home/quim/robotica_ros/P_final/install/local_planner/share/local_planner/hook/ament_prefix_path.ps1'
[1.051s] INFO:colcon.colcon_core.shell:Creating environment descriptor '/home/quim/robotica_ros/P_final/install/local_planner/share/local_planner/hook/ament_prefix_path.dsv'
[1.056s] INFO:colcon.colcon_core.shell:Creating environment hook '/home/quim/robotica_ros/P_final/install/local_planner/share/local_planner/hook/ament_prefix_path.sh'
[1.058s] INFO:colcon.colcon_core.shell:Skip shell extension 'powershell' for command environment: Not usable outside of PowerShell
[1.058s] DEBUG:colcon.colcon_core.shell:Skip shell extension 'dsv' for command environment
[1.074s] INFO:colcon.colcon_ros.task.ament_python.build:Building ROS package in '/home/quim/robotica_ros/P_final/src/rosni_robot' with build type 'ament_python'
[1.075s] Level 1:colcon.colcon_core.shell:create_environment_hook('rosni_robot', 'ament_prefix_path')
[1.075s] INFO:colcon.colcon_core.shell:Creating environment hook '/home/quim/robotica_ros/P_final/install/rosni_robot/share/rosni_robot/hook/ament_prefix_path.ps1'
[1.077s] INFO:colcon.colcon_core.shell:Creating environment descriptor '/home/quim/robotica_ros/P_final/install/rosni_robot/share/rosni_robot/hook/ament_prefix_path.dsv'
[1.078s] INFO:colcon.colcon_core.shell:Creating environment hook '/home/quim/robotica_ros/P_final/install/rosni_robot/share/rosni_robot/hook/ament_prefix_path.sh'
[1.080s] INFO:colcon.colcon_core.shell:Skip shell extension 'powershell' for command environment: Not usable outside of PowerShell
[1.080s] DEBUG:colcon.colcon_core.shell:Skip shell extension 'dsv' for command environment
[1.097s] DEBUG:colcon.colcon_core.event_handler.log_command:Invoking command in '/home/quim/robotica_ros/P_final/build/rosni2_description': CMAKE_PREFIX_PATH=/opt/ros/humble /usr/bin/cmake --build /home/quim/robotica_ros/P_final/build/rosni2_description -- -j8 -l8
[1.838s] INFO:colcon.colcon_core.task.python.build:Building Python package in '/home/quim/robotica_ros/P_final/src/frontier_explorer'
[1.838s] INFO:colcon.colcon_core.shell:Skip shell extension 'powershell' for command environment: Not usable outside of PowerShell
[1.839s] DEBUG:colcon.colcon_core.shell:Skip shell extension 'dsv' for command environment
[2.385s] INFO:colcon.colcon_core.task.python.build:Building Python package in '/home/quim/robotica_ros/P_final/src/global_planner'
[2.385s] INFO:colcon.colcon_core.shell:Skip shell extension 'powershell' for command environment: Not usable outside of PowerShell
[2.385s] DEBUG:colcon.colcon_core.shell:Skip shell extension 'dsv' for command environment
[2.920s] INFO:colcon.colcon_core.task.python.build:Building Python package in '/home/quim/robotica_ros/P_final/src/local_planner'
[2.921s] INFO:colcon.colcon_core.shell:Skip shell extension 'powershell' for command environment: Not usable outside of PowerShell
[2.921s] DEBUG:colcon.colcon_core.shell:Skip shell extension 'dsv' for command environment
[3.558s] INFO:colcon.colcon_core.task.python.build:Building Python package in '/home/quim/robotica_ros/P_final/src/rosni_robot'
[3.559s] INFO:colcon.colcon_core.shell:Skip shell extension 'powershell' for command environment: Not usable outside of PowerShell
[3.559s] DEBUG:colcon.colcon_core.shell:Skip shell extension 'dsv' for command environment
[3.604s] DEBUG:colcon.colcon_core.event_handler.log_command:Invoked command in '/home/quim/robotica_ros/P_final/build/rosni2_description' returned '0': CMAKE_PREFIX_PATH=/opt/ros/humble /usr/bin/cmake --build /home/quim/robotica_ros/P_final/build/rosni2_description -- -j8 -l8
[3.755s] DEBUG:colcon.colcon_core.event_handler.log_command:Invoking command in '/home/quim/robotica_ros/P_final/build/rosni2_description': CMAKE_PREFIX_PATH=/opt/ros/humble /usr/bin/cmake --install /home/quim/robotica_ros/P_final/build/rosni2_description
[3.802s] Level 1:colcon.colcon_core.environment:create_environment_scripts_only(rosni2_description)
[3.809s] DEBUG:colcon.colcon_core.event_handler.log_command:Invoked command in '/home/quim/robotica_ros/P_final/build/rosni2_description' returned '0': CMAKE_PREFIX_PATH=/opt/ros/humble /usr/bin/cmake --install /home/quim/robotica_ros/P_final/build/rosni2_description
[3.816s] Level 1:colcon.colcon_core.environment:checking '/home/quim/robotica_ros/P_final/install/rosni2_description' for CMake module files
[3.817s] Level 1:colcon.colcon_core.environment:checking '/home/quim/robotica_ros/P_final/install/rosni2_description' for CMake config files
[3.818s] Level 1:colcon.colcon_core.shell:create_environment_hook('rosni2_description', 'cmake_prefix_path')
[3.822s] INFO:colcon.colcon_core.shell:Creating environment hook '/home/quim/robotica_ros/P_final/install/rosni2_description/share/rosni2_description/hook/cmake_prefix_path.ps1'
[3.823s] INFO:colcon.colcon_core.shell:Creating environment descriptor '/home/quim/robotica_ros/P_final/install/rosni2_description/share/rosni2_description/hook/cmake_prefix_path.dsv'
[3.831s] INFO:colcon.colcon_core.shell:Creating environment hook '/home/quim/robotica_ros/P_final/install/rosni2_description/share/rosni2_description/hook/cmake_prefix_path.sh'
[3.832s] Level 1:colcon.colcon_core.environment:checking '/home/quim/robotica_ros/P_final/install/rosni2_description/bin'
[3.832s] Level 1:colcon.colcon_core.environment:checking '/home/quim/robotica_ros/P_final/install/rosni2_description/lib/pkgconfig/rosni2_description.pc'
[3.833s] Level 1:colcon.colcon_core.environment:checking '/home/quim/robotica_ros/P_final/install/rosni2_description/lib/python3.10/site-packages'
[3.833s] Level 1:colcon.colcon_core.environment:checking '/home/quim/robotica_ros/P_final/install/rosni2_description/bin'
[3.838s] INFO:colcon.colcon_core.shell:Creating package script '/home/quim/robotica_ros/P_final/install/rosni2_description/share/rosni2_description/package.ps1'
[3.845s] INFO:colcon.colcon_core.shell:Creating package descriptor '/home/quim/robotica_ros/P_final/install/rosni2_description/share/rosni2_description/package.dsv'
[3.846s] INFO:colcon.colcon_core.shell:Creating package script '/home/quim/robotica_ros/P_final/install/rosni2_description/share/rosni2_description/package.sh'
[3.848s] INFO:colcon.colcon_core.shell:Creating package script '/home/quim/robotica_ros/P_final/install/rosni2_description/share/rosni2_description/package.bash'
[3.854s] INFO:colcon.colcon_core.shell:Creating package script '/home/quim/robotica_ros/P_final/install/rosni2_description/share/rosni2_description/package.zsh'
[3.856s] Level 1:colcon.colcon_core.environment:create_file_with_runtime_dependencies(/home/quim/robotica_ros/P_final/install/rosni2_description/share/colcon-core/packages/rosni2_description)
[3.958s] Level 1:colcon.colcon_core.environment:create_environment_scripts_only(rosni2_description)
[3.959s] Level 1:colcon.colcon_core.environment:checking '/home/quim/robotica_ros/P_final/install/rosni2_description' for CMake module files
[3.960s] Level 1:colcon.colcon_core.environment:checking '/home/quim/robotica_ros/P_final/install/rosni2_description' for CMake config files
[3.965s] Level 1:colcon.colcon_core.shell:create_environment_hook('rosni2_description', 'cmake_prefix_path')
[3.966s] INFO:colcon.colcon_core.shell:Creating environment hook '/home/quim/robotica_ros/P_final/install/rosni2_description/share/rosni2_description/hook/cmake_prefix_path.ps1'
[3.968s] INFO:colcon.colcon_core.shell:Creating environment descriptor '/home/quim/robotica_ros/P_final/install/rosni2_description/share/rosni2_description/hook/cmake_prefix_path.dsv'
[3.974s] INFO:colcon.colcon_core.shell:Creating environment hook '/home/quim/robotica_ros/P_final/install/rosni2_description/share/rosni2_description/hook/cmake_prefix_path.sh'
[3.975s] Level 1:colcon.colcon_core.environment:checking '/home/quim/robotica_ros/P_final/install/rosni2_description/bin'
[3.976s] Level 1:colcon.colcon_core.environment:checking '/home/quim/robotica_ros/P_final/install/rosni2_description/lib/pkgconfig/rosni2_description.pc'
[3.976s] Level 1:colcon.colcon_core.environment:checking '/home/quim/robotica_ros/P_final/install/rosni2_description/lib/python3.10/site-packages'
[3.988s] Level 1:colcon.colcon_core.environment:checking '/home/quim/robotica_ros/P_final/install/rosni2_description/bin'
[3.989s] INFO:colcon.colcon_core.shell:Creating package script '/home/quim/robotica_ros/P_final/install/rosni2_description/share/rosni2_description/package.ps1'
[3.991s] INFO:colcon.colcon_core.shell:Creating package descriptor '/home/quim/robotica_ros/P_final/install/rosni2_description/share/rosni2_description/package.dsv'
[4.002s] INFO:colcon.colcon_core.shell:Creating package script '/home/quim/robotica_ros/P_final/install/rosni2_description/share/rosni2_description/package.sh'
[4.004s] INFO:colcon.colcon_core.shell:Creating package script '/home/quim/robotica_ros/P_final/install/rosni2_description/share/rosni2_description/package.bash'
[4.009s] INFO:colcon.colcon_core.shell:Creating package script '/home/quim/robotica_ros/P_final/install/rosni2_description/share/rosni2_description/package.zsh'
[4.010s] Level 1:colcon.colcon_core.environment:create_file_with_runtime_dependencies(/home/quim/robotica_ros/P_final/install/rosni2_description/share/colcon-core/packages/rosni2_description)
[4.011s] INFO:colcon.colcon_ros.task.ament_cmake.build:Building ROS package in '/home/quim/robotica_ros/P_final/src/rosni2_gazebo' with build type 'ament_cmake'
[4.011s] INFO:colcon.colcon_cmake.task.cmake.build:Building CMake package in '/home/quim/robotica_ros/P_final/src/rosni2_gazebo'
[4.012s] INFO:colcon.colcon_core.shell:Skip shell extension 'powershell' for command environment: Not usable outside of PowerShell
[4.016s] DEBUG:colcon.colcon_core.shell:Skip shell extension 'dsv' for command environment
[4.053s] DEBUG:colcon.colcon_core.event_handler.log_command:Invoking command in '/home/quim/robotica_ros/P_final/build/rosni2_gazebo': AMENT_PREFIX_PATH=/home/quim/robotica_ros/P_final/install/rosni2_description:${AMENT_PREFIX_PATH} CMAKE_PREFIX_PATH=/home/quim/robotica_ros/P_final/install/rosni2_description:/opt/ros/humble /usr/bin/cmake --build /home/quim/robotica_ros/P_final/build/rosni2_gazebo -- -j8 -l8
[4.181s] DEBUG:colcon.colcon_core.event_handler.log_command:Invoked command in '/home/quim/robotica_ros/P_final/build/rosni2_gazebo' returned '0': AMENT_PREFIX_PATH=/home/quim/robotica_ros/P_final/install/rosni2_description:${AMENT_PREFIX_PATH} CMAKE_PREFIX_PATH=/home/quim/robotica_ros/P_final/install/rosni2_description:/opt/ros/humble /usr/bin/cmake --build /home/quim/robotica_ros/P_final/build/rosni2_gazebo -- -j8 -l8
[4.262s] DEBUG:colcon.colcon_core.event_handler.log_command:Invoking command in '/home/quim/robotica_ros/P_final/build/rosni2_gazebo': AMENT_PREFIX_PATH=/home/quim/robotica_ros/P_final/install/rosni2_description:${AMENT_PREFIX_PATH} CMAKE_PREFIX_PATH=/home/quim/robotica_ros/P_final/install/rosni2_description:/opt/ros/humble /usr/bin/cmake --install /home/quim/robotica_ros/P_final/build/rosni2_gazebo
[4.299s] Level 1:colcon.colcon_core.environment:create_environment_scripts_only(rosni2_gazebo)
[4.299s] Level 1:colcon.colcon_core.environment:checking '/home/quim/robotica_ros/P_final/install/rosni2_gazebo' for CMake module files
[4.301s] Level 1:colcon.colcon_core.environment:checking '/home/quim/robotica_ros/P_final/install/rosni2_gazebo' for CMake config files
[4.301s] Level 1:colcon.colcon_core.shell:create_environment_hook('rosni2_gazebo', 'cmake_prefix_path')
[4.304s] INFO:colcon.colcon_core.shell:Creating environment hook '/home/quim/robotica_ros/P_final/install/rosni2_gazebo/share/rosni2_gazebo/hook/cmake_prefix_path.ps1'
[4.307s] DEBUG:colcon.colcon_core.event_handler.log_command:Invoked command in '/home/quim/robotica_ros/P_final/build/rosni2_gazebo' returned '0': AMENT_PREFIX_PATH=/home/quim/robotica_ros/P_final/install/rosni2_description:${AMENT_PREFIX_PATH} CMAKE_PREFIX_PATH=/home/quim/robotica_ros/P_final/install/rosni2_description:/opt/ros/humble /usr/bin/cmake --install /home/quim/robotica_ros/P_final/build/rosni2_gazebo
[4.308s] INFO:colcon.colcon_core.shell:Creating environment descriptor '/home/quim/robotica_ros/P_final/install/rosni2_gazebo/share/rosni2_gazebo/hook/cmake_prefix_path.dsv'
[4.310s] INFO:colcon.colcon_core.shell:Creating environment hook '/home/quim/robotica_ros/P_final/install/rosni2_gazebo/share/rosni2_gazebo/hook/cmake_prefix_path.sh'
[4.312s] Level 1:colcon.colcon_core.environment:checking '/home/quim/robotica_ros/P_final/install/rosni2_gazebo/bin'
[4.312s] Level 1:colcon.colcon_core.environment:checking '/home/quim/robotica_ros/P_final/install/rosni2_gazebo/lib/pkgconfig/rosni2_gazebo.pc'
[4.313s] Level 1:colcon.colcon_core.environment:checking '/home/quim/robotica_ros/P_final/install/rosni2_gazebo/lib/python3.10/site-packages'
[4.313s] Level 1:colcon.colcon_core.environment:checking '/home/quim/robotica_ros/P_final/install/rosni2_gazebo/bin'
[4.314s] INFO:colcon.colcon_core.shell:Creating package script '/home/quim/robotica_ros/P_final/install/rosni2_gazebo/share/rosni2_gazebo/package.ps1'
[4.316s] INFO:colcon.colcon_core.shell:Creating package descriptor '/home/quim/robotica_ros/P_final/install/rosni2_gazebo/share/rosni2_gazebo/package.dsv'
[4.317s] INFO:colcon.colcon_core.shell:Creating package script '/home/quim/robotica_ros/P_final/install/rosni2_gazebo/share/rosni2_gazebo/package.sh'
[4.319s] INFO:colcon.colcon_core.shell:Creating package script '/home/quim/robotica_ros/P_final/install/rosni2_gazebo/share/rosni2_gazebo/package.bash'
[4.321s] INFO:colcon.colcon_core.shell:Creating package script '/home/quim/robotica_ros/P_final/install/rosni2_gazebo/share/rosni2_gazebo/package.zsh'
[4.322s] Level 1:colcon.colcon_core.environment:create_file_with_runtime_dependencies(/home/quim/robotica_ros/P_final/install/rosni2_gazebo/share/colcon-core/packages/rosni2_gazebo)
[4.382s] Level 1:colcon.colcon_core.environment:create_environment_scripts_only(rosni2_gazebo)
[4.382s] Level 1:colcon.colcon_core.environment:checking '/home/quim/robotica_ros/P_final/install/rosni2_gazebo' for CMake module files
[4.383s] Level 1:colcon.colcon_core.environment:checking '/home/quim/robotica_ros/P_final/install/rosni2_gazebo' for CMake config files
[4.384s] Level 1:colcon.colcon_core.shell:create_environment_hook('rosni2_gazebo', 'cmake_prefix_path')
[4.385s] INFO:colcon.colcon_core.shell:Creating environment hook '/home/quim/robotica_ros/P_final/install/rosni2_gazebo/share/rosni2_gazebo/hook/cmake_prefix_path.ps1'
[4.386s] INFO:colcon.colcon_core.shell:Creating environment descriptor '/home/quim/robotica_ros/P_final/install/rosni2_gazebo/share/rosni2_gazebo/hook/cmake_prefix_path.dsv'
[4.387s] INFO:colcon.colcon_core.shell:Creating environment hook '/home/quim/robotica_ros/P_final/install/rosni2_gazebo/share/rosni2_gazebo/hook/cmake_prefix_path.sh'
[4.388s] Level 1:colcon.colcon_core.environment:checking '/home/quim/robotica_ros/P_final/install/rosni2_gazebo/bin'
[4.388s] Level 1:colcon.colcon_core.environment:checking '/home/quim/robotica_ros/P_final/install/rosni2_gazebo/lib/pkgconfig/rosni2_gazebo.pc'
[4.388s] Level 1:colcon.colcon_core.environment:checking '/home/quim/robotica_ros/P_final/install/rosni2_gazebo/lib/python3.10/site-packages'
[4.389s] Level 1:colcon.colcon_core.environment:checking '/home/quim/robotica_ros/P_final/install/rosni2_gazebo/bin'
[4.389s] INFO:colcon.colcon_core.shell:Creating package script '/home/quim/robotica_ros/P_final/install/rosni2_gazebo/share/rosni2_gazebo/package.ps1'
[4.390s] INFO:colcon.colcon_core.shell:Creating package descriptor '/home/quim/robotica_ros/P_final/install/rosni2_gazebo/share/rosni2_gazebo/package.dsv'
[4.391s] INFO:colcon.colcon_core.shell:Creating package script '/home/quim/robotica_ros/P_final/install/rosni2_gazebo/share/rosni2_gazebo/package.sh'
[4.392s] INFO:colcon.colcon_core.shell:Creating package script '/home/quim/robotica_ros/P_final/install/rosni2_gazebo/share/rosni2_gazebo/package.bash'
[4.393s] INFO:colcon.colcon_core.shell:Creating package script '/home/quim/robotica_ros/P_final/install/rosni2_gazebo/share/rosni2_gazebo/package.zsh'
[4.394s] Level 1:colcon.colcon_core.environment:create_file_with_runtime_dependencies(/home/quim/robotica_ros/P_final/install/rosni2_gazebo/share/colcon-core/packages/rosni2_gazebo)
[4.588s] DEBUG:colcon.colcon_core.event_handler.log_command:Invoking command in '/home/quim/robotica_ros/P_final/src/local_planner': PYTHONPATH=/home/quim/robotica_ros/P_final/build/local_planner/prefix_override:/usr/lib/python3/dist-packages/colcon_core/task/python/colcon_distutils_commands:/home/quim/robotica_ros/P_final/install/local_planner/lib/python3.10/site-packages:${PYTHONPATH} /usr/bin/python3 -W ignore:setup.py install is deprecated setup.py egg_info --egg-base ../../build/local_planner build --build-base /home/quim/robotica_ros/P_final/build/local_planner/build install --record /home/quim/robotica_ros/P_final/build/local_planner/install.log --single-version-externally-managed install_data
[4.654s] DEBUG:colcon.colcon_core.event_handler.log_command:Invoking command in '/home/quim/robotica_ros/P_final/src/global_planner': PYTHONPATH=/home/quim/robotica_ros/P_final/build/global_planner/prefix_override:/usr/lib/python3/dist-packages/colcon_core/task/python/colcon_distutils_commands:/home/quim/robotica_ros/P_final/install/global_planner/lib/python3.10/site-packages:${PYTHONPATH} /usr/bin/python3 -W ignore:setup.py install is deprecated setup.py egg_info --egg-base ../../build/global_planner build --build-base /home/quim/robotica_ros/P_final/build/global_planner/build install --record /home/quim/robotica_ros/P_final/build/global_planner/install.log --single-version-externally-managed install_data
[4.673s] DEBUG:colcon.colcon_core.event_handler.log_command:Invoking command in '/home/quim/robotica_ros/P_final/src/rosni_robot': PYTHONPATH=/home/quim/robotica_ros/P_final/build/rosni_robot/prefix_override:/usr/lib/python3/dist-packages/colcon_core/task/python/colcon_distutils_commands:/home/quim/robotica_ros/P_final/install/rosni_robot/lib/python3.10/site-packages:${PYTHONPATH} /usr/bin/python3 -W ignore:setup.py install is deprecated setup.py egg_info --egg-base ../../build/rosni_robot build --build-base /home/quim/robotica_ros/P_final/build/rosni_robot/build install --record /home/quim/robotica_ros/P_final/build/rosni_robot/install.log --single-version-externally-managed install_data
[4.778s] DEBUG:colcon.colcon_core.event_handler.log_command:Invoking command in '/home/quim/robotica_ros/P_final/src/frontier_explorer': PYTHONPATH=/home/quim/robotica_ros/P_final/build/frontier_explorer/prefix_override:/usr/lib/python3/dist-packages/colcon_core/task/python/colcon_distutils_commands:/home/quim/robotica_ros/P_final/install/frontier_explorer/lib/python3.10/site-packages:${PYTHONPATH} /usr/bin/python3 -W ignore:setup.py install is deprecated setup.py egg_info --egg-base ../../build/frontier_explorer build --build-base /home/quim/robotica_ros/P_final/build/frontier_explorer/build install --record /home/quim/robotica_ros/P_final/build/frontier_explorer/install.log --single-version-externally-managed install_data
[5.052s] Level 1:colcon.colcon_core.environment:checking '/home/quim/robotica_ros/P_final/install/rosni_robot' for CMake module files
[5.053s] DEBUG:colcon.colcon_core.event_handler.log_command:Invoked command in '/home/quim/robotica_ros/P_final/src/rosni_robot' returned '0': PYTHONPATH=/home/quim/robotica_ros/P_final/build/rosni_robot/prefix_override:/usr/lib/python3/dist-packages/colcon_core/task/python/colcon_distutils_commands:/home/quim/robotica_ros/P_final/install/rosni_robot/lib/python3.10/site-packages:${PYTHONPATH} /usr/bin/python3 -W ignore:setup.py install is deprecated setup.py egg_info --egg-base ../../build/rosni_robot build --build-base /home/quim/robotica_ros/P_final/build/rosni_robot/build install --record /home/quim/robotica_ros/P_final/build/rosni_robot/install.log --single-version-externally-managed install_data
[5.053s] Level 1:colcon.colcon_core.environment:checking '/home/quim/robotica_ros/P_final/install/rosni_robot' for CMake config files
[5.054s] Level 1:colcon.colcon_core.environment:checking '/home/quim/robotica_ros/P_final/install/rosni_robot/lib'
[5.054s] Level 1:colcon.colcon_core.environment:checking '/home/quim/robotica_ros/P_final/install/rosni_robot/bin'
[5.054s] Level 1:colcon.colcon_core.environment:checking '/home/quim/robotica_ros/P_final/install/rosni_robot/lib/pkgconfig/rosni_robot.pc'
[5.055s] Level 1:colcon.colcon_core.environment:checking '/home/quim/robotica_ros/P_final/install/rosni_robot/lib/python3.10/site-packages'
[5.055s] Level 1:colcon.colcon_core.shell:create_environment_hook('rosni_robot', 'pythonpath')
[5.055s] INFO:colcon.colcon_core.shell:Creating environment hook '/home/quim/robotica_ros/P_final/install/rosni_robot/share/rosni_robot/hook/pythonpath.ps1'
[5.056s] INFO:colcon.colcon_core.shell:Creating environment descriptor '/home/quim/robotica_ros/P_final/install/rosni_robot/share/rosni_robot/hook/pythonpath.dsv'
[5.057s] INFO:colcon.colcon_core.shell:Creating environment hook '/home/quim/robotica_ros/P_final/install/rosni_robot/share/rosni_robot/hook/pythonpath.sh'
[5.059s] Level 1:colcon.colcon_core.environment:checking '/home/quim/robotica_ros/P_final/install/rosni_robot/bin'
[5.059s] Level 1:colcon.colcon_core.environment:create_environment_scripts_only(rosni_robot)
[5.060s] INFO:colcon.colcon_core.shell:Creating package script '/home/quim/robotica_ros/P_final/install/rosni_robot/share/rosni_robot/package.ps1'
[5.064s] INFO:colcon.colcon_core.shell:Creating package descriptor '/home/quim/robotica_ros/P_final/install/rosni_robot/share/rosni_robot/package.dsv'
[5.065s] INFO:colcon.colcon_core.shell:Creating package script '/home/quim/robotica_ros/P_final/install/rosni_robot/share/rosni_robot/package.sh'
[5.067s] INFO:colcon.colcon_core.shell:Creating package script '/home/quim/robotica_ros/P_final/install/rosni_robot/share/rosni_robot/package.bash'
[5.075s] INFO:colcon.colcon_core.shell:Creating package script '/home/quim/robotica_ros/P_final/install/rosni_robot/share/rosni_robot/package.zsh'
[5.077s] Level 1:colcon.colcon_core.environment:create_file_with_runtime_dependencies(/home/quim/robotica_ros/P_final/install/rosni_robot/share/colcon-core/packages/rosni_robot)
[5.118s] Level 1:colcon.colcon_core.environment:checking '/home/quim/robotica_ros/P_final/install/local_planner' for CMake module files
[5.119s] Level 1:colcon.colcon_core.environment:checking '/home/quim/robotica_ros/P_final/install/local_planner' for CMake config files
[5.120s] DEBUG:colcon.colcon_core.event_handler.log_command:Invoked command in '/home/quim/robotica_ros/P_final/src/local_planner' returned '0': PYTHONPATH=/home/quim/robotica_ros/P_final/build/local_planner/prefix_override:/usr/lib/python3/dist-packages/colcon_core/task/python/colcon_distutils_commands:/home/quim/robotica_ros/P_final/install/local_planner/lib/python3.10/site-packages:${PYTHONPATH} /usr/bin/python3 -W ignore:setup.py install is deprecated setup.py egg_info --egg-base ../../build/local_planner build --build-base /home/quim/robotica_ros/P_final/build/local_planner/build install --record /home/quim/robotica_ros/P_final/build/local_planner/install.log --single-version-externally-managed install_data
[5.121s] Level 1:colcon.colcon_core.environment:checking '/home/quim/robotica_ros/P_final/install/local_planner/lib'
[5.121s] Level 1:colcon.colcon_core.environment:checking '/home/quim/robotica_ros/P_final/install/local_planner/bin'
[5.121s] Level 1:colcon.colcon_core.environment:checking '/home/quim/robotica_ros/P_final/install/local_planner/lib/pkgconfig/local_planner.pc'
[5.121s] Level 1:colcon.colcon_core.environment:checking '/home/quim/robotica_ros/P_final/install/local_planner/lib/python3.10/site-packages'
[5.121s] Level 1:colcon.colcon_core.shell:create_environment_hook('local_planner', 'pythonpath')
[5.121s] INFO:colcon.colcon_core.shell:Creating environment hook '/home/quim/robotica_ros/P_final/install/local_planner/share/local_planner/hook/pythonpath.ps1'
[5.122s] INFO:colcon.colcon_core.shell:Creating environment descriptor '/home/quim/robotica_ros/P_final/install/local_planner/share/local_planner/hook/pythonpath.dsv'
[5.123s] INFO:colcon.colcon_core.shell:Creating environment hook '/home/quim/robotica_ros/P_final/install/local_planner/share/local_planner/hook/pythonpath.sh'
[5.124s] Level 1:colcon.colcon_core.environment:checking '/home/quim/robotica_ros/P_final/install/local_planner/bin'
[5.124s] Level 1:colcon.colcon_core.environment:create_environment_scripts_only(local_planner)
[5.124s] INFO:colcon.colcon_core.shell:Creating package script '/home/quim/robotica_ros/P_final/install/local_planner/share/local_planner/package.ps1'
[5.125s] INFO:colcon.colcon_core.shell:Creating package descriptor '/home/quim/robotica_ros/P_final/install/local_planner/share/local_planner/package.dsv'
[5.126s] INFO:colcon.colcon_core.shell:Creating package script '/home/quim/robotica_ros/P_final/install/local_planner/share/local_planner/package.sh'
[5.126s] INFO:colcon.colcon_core.shell:Creating package script '/home/quim/robotica_ros/P_final/install/local_planner/share/local_planner/package.bash'
[5.127s] INFO:colcon.colcon_core.shell:Creating package script '/home/quim/robotica_ros/P_final/install/local_planner/share/local_planner/package.zsh'
[5.127s] Level 1:colcon.colcon_core.environment:create_file_with_runtime_dependencies(/home/quim/robotica_ros/P_final/install/local_planner/share/colcon-core/packages/local_planner)
[5.181s] Level 1:colcon.colcon_core.environment:checking '/home/quim/robotica_ros/P_final/install/frontier_explorer' for CMake module files
[5.182s] DEBUG:colcon.colcon_core.event_handler.log_command:Invoked command in '/home/quim/robotica_ros/P_final/src/frontier_explorer' returned '0': PYTHONPATH=/home/quim/robotica_ros/P_final/build/frontier_explorer/prefix_override:/usr/lib/python3/dist-packages/colcon_core/task/python/colcon_distutils_commands:/home/quim/robotica_ros/P_final/install/frontier_explorer/lib/python3.10/site-packages:${PYTHONPATH} /usr/bin/python3 -W ignore:setup.py install is deprecated setup.py egg_info --egg-base ../../build/frontier_explorer build --build-base /home/quim/robotica_ros/P_final/build/frontier_explorer/build install --record /home/quim/robotica_ros/P_final/build/frontier_explorer/install.log --single-version-externally-managed install_data
[5.182s] Level 1:colcon.colcon_core.environment:checking '/home/quim/robotica_ros/P_final/install/frontier_explorer' for CMake config files
[5.183s] Level 1:colcon.colcon_core.environment:checking '/home/quim/robotica_ros/P_final/install/frontier_explorer/lib'
[5.183s] Level 1:colcon.colcon_core.environment:checking '/home/quim/robotica_ros/P_final/install/frontier_explorer/bin'
[5.183s] Level 1:colcon.colcon_core.environment:checking '/home/quim/robotica_ros/P_final/install/frontier_explorer/lib/pkgconfig/frontier_explorer.pc'
[5.183s] Level 1:colcon.colcon_core.environment:checking '/home/quim/robotica_ros/P_final/install/frontier_explorer/lib/python3.10/site-packages'
[5.183s] Level 1:colcon.colcon_core.shell:create_environment_hook('frontier_explorer', 'pythonpath')
[5.183s] INFO:colcon.colcon_core.shell:Creating environment hook '/home/quim/robotica_ros/P_final/install/frontier_explorer/share/frontier_explorer/hook/pythonpath.ps1'
[5.184s] INFO:colcon.colcon_core.shell:Creating environment descriptor '/home/quim/robotica_ros/P_final/install/frontier_explorer/share/frontier_explorer/hook/pythonpath.dsv'
[5.184s] INFO:colcon.colcon_core.shell:Creating environment hook '/home/quim/robotica_ros/P_final/install/frontier_explorer/share/frontier_explorer/hook/pythonpath.sh'
[5.185s] Level 1:colcon.colcon_core.environment:checking '/home/quim/robotica_ros/P_final/install/frontier_explorer/bin'
[5.185s] Level 1:colcon.colcon_core.environment:create_environment_scripts_only(frontier_explorer)
[5.185s] INFO:colcon.colcon_core.shell:Creating package script '/home/quim/robotica_ros/P_final/install/frontier_explorer/share/frontier_explorer/package.ps1'
[5.186s] INFO:colcon.colcon_core.shell:Creating package descriptor '/home/quim/robotica_ros/P_final/install/frontier_explorer/share/frontier_explorer/package.dsv'
[5.186s] INFO:colcon.colcon_core.shell:Creating package script '/home/quim/robotica_ros/P_final/install/frontier_explorer/share/frontier_explorer/package.sh'
[5.186s] INFO:colcon.colcon_core.shell:Creating package script '/home/quim/robotica_ros/P_final/install/frontier_explorer/share/frontier_explorer/package.bash'
[5.187s] INFO:colcon.colcon_core.shell:Creating package script '/home/quim/robotica_ros/P_final/install/frontier_explorer/share/frontier_explorer/package.zsh'
[5.187s] Level 1:colcon.colcon_core.environment:create_file_with_runtime_dependencies(/home/quim/robotica_ros/P_final/install/frontier_explorer/share/colcon-core/packages/frontier_explorer)
[5.188s] Level 1:colcon.colcon_core.environment:checking '/home/quim/robotica_ros/P_final/install/global_planner' for CMake module files
[5.189s] DEBUG:colcon.colcon_core.event_handler.log_command:Invoked command in '/home/quim/robotica_ros/P_final/src/global_planner' returned '0': PYTHONPATH=/home/quim/robotica_ros/P_final/build/global_planner/prefix_override:/usr/lib/python3/dist-packages/colcon_core/task/python/colcon_distutils_commands:/home/quim/robotica_ros/P_final/install/global_planner/lib/python3.10/site-packages:${PYTHONPATH} /usr/bin/python3 -W ignore:setup.py install is deprecated setup.py egg_info --egg-base ../../build/global_planner build --build-base /home/quim/robotica_ros/P_final/build/global_planner/build install --record /home/quim/robotica_ros/P_final/build/global_planner/install.log --single-version-externally-managed install_data
[5.189s] Level 1:colcon.colcon_core.environment:checking '/home/quim/robotica_ros/P_final/install/global_planner' for CMake config files
[5.190s] Level 1:colcon.colcon_core.environment:checking '/home/quim/robotica_ros/P_final/install/global_planner/lib'
[5.190s] Level 1:colcon.colcon_core.environment:checking '/home/quim/robotica_ros/P_final/install/global_planner/bin'
[5.190s] Level 1:colcon.colcon_core.environment:checking '/home/quim/robotica_ros/P_final/install/global_planner/lib/pkgconfig/global_planner.pc'
[5.190s] Level 1:colcon.colcon_core.environment:checking '/home/quim/robotica_ros/P_final/install/global_planner/lib/python3.10/site-packages'
[5.190s] Level 1:colcon.colcon_core.shell:create_environment_hook('global_planner', 'pythonpath')
[5.191s] INFO:colcon.colcon_core.shell:Creating environment hook '/home/quim/robotica_ros/P_final/install/global_planner/share/global_planner/hook/pythonpath.ps1'
[5.191s] INFO:colcon.colcon_core.shell:Creating environment descriptor '/home/quim/robotica_ros/P_final/install/global_planner/share/global_planner/hook/pythonpath.dsv'
[5.192s] INFO:colcon.colcon_core.shell:Creating environment hook '/home/quim/robotica_ros/P_final/install/global_planner/share/global_planner/hook/pythonpath.sh'
[5.192s] Level 1:colcon.colcon_core.environment:checking '/home/quim/robotica_ros/P_final/install/global_planner/bin'
[5.192s] Level 1:colcon.colcon_core.environment:create_environment_scripts_only(global_planner)
[5.192s] INFO:colcon.colcon_core.shell:Creating package script '/home/quim/robotica_ros/P_final/install/global_planner/share/global_planner/package.ps1'
[5.193s] INFO:colcon.colcon_core.shell:Creating package descriptor '/home/quim/robotica_ros/P_final/install/global_planner/share/global_planner/package.dsv'
[5.193s] INFO:colcon.colcon_core.shell:Creating package script '/home/quim/robotica_ros/P_final/install/global_planner/share/global_planner/package.sh'
[5.194s] INFO:colcon.colcon_core.shell:Creating package script '/home/quim/robotica_ros/P_final/install/global_planner/share/global_planner/package.bash'
[5.194s] INFO:colcon.colcon_core.shell:Creating package script '/home/quim/robotica_ros/P_final/install/global_planner/share/global_planner/package.zsh'
[5.194s] Level 1:colcon.colcon_core.environment:create_file_with_runtime_dependencies(/home/quim/robotica_ros/P_final/install/global_planner/share/colcon-core/packages/global_planner)
[5.194s] DEBUG:colcon.colcon_parallel_executor.executor.parallel:closing loop
[5.195s] DEBUG:colcon.colcon_parallel_executor.executor.parallel:loop closed
[5.195s] DEBUG:colcon.colcon_parallel_executor.executor.parallel:run_until_complete finished with '0'
[5.195s] DEBUG:colcon.colcon_core.event_reactor:joining thread
[5.200s] INFO:colcon.colcon_core.plugin_system:Skipping extension 'colcon_notification.desktop_notification.terminal_notifier': Not used on non-Darwin systems
[5.200s] INFO:colcon.colcon_core.plugin_system:Skipping extension 'colcon_notification.desktop_notification.win32': Not used on non-Windows systems
[5.200s] INFO:colcon.colcon_notification.desktop_notification:Sending desktop notification using 'notify2'
[5.206s] DEBUG:colcon.colcon_core.event_reactor:joined thread
[5.207s] INFO:colcon.colcon_core.shell:Creating prefix script '/home/quim/robotica_ros/P_final/install/local_setup.ps1'
[5.208s] INFO:colcon.colcon_core.shell:Creating prefix util module '/home/quim/robotica_ros/P_final/install/_local_setup_util_ps1.py'
[5.210s] INFO:colcon.colcon_core.shell:Creating prefix chain script '/home/quim/robotica_ros/P_final/install/setup.ps1'
[5.210s] INFO:colcon.colcon_core.shell:Creating prefix script '/home/quim/robotica_ros/P_final/install/local_setup.sh'
[5.211s] INFO:colcon.colcon_core.shell:Creating prefix util module '/home/quim/robotica_ros/P_final/install/_local_setup_util_sh.py'
[5.211s] INFO:colcon.colcon_core.shell:Creating prefix chain script '/home/quim/robotica_ros/P_final/install/setup.sh'
[5.212s] INFO:colcon.colcon_core.shell:Creating prefix script '/home/quim/robotica_ros/P_final/install/local_setup.bash'
[5.213s] INFO:colcon.colcon_core.shell:Creating prefix chain script '/home/quim/robotica_ros/P_final/install/setup.bash'
[5.213s] INFO:colcon.colcon_core.shell:Creating prefix script '/home/quim/robotica_ros/P_final/install/local_setup.zsh'
[5.214s] INFO:colcon.colcon_core.shell:Creating prefix chain script '/home/quim/robotica_ros/P_final/install/setup.zsh'
