[1.379s] Invoking command in '/home/quim/robotica_ros/P_final/src/global_planner': PYTHONPATH=/home/quim/robotica_ros/P_final/build/global_planner/prefix_override:/usr/lib/python3/dist-packages/colcon_core/task/python/colcon_distutils_commands:/home/quim/robotica_ros/P_final/install/global_planner/lib/python3.10/site-packages:${PYTHONPATH} /usr/bin/python3 -W ignore:setup.py install is deprecated setup.py egg_info --egg-base ../../build/global_planner build --build-base /home/quim/robotica_ros/P_final/build/global_planner/build install --record /home/quim/robotica_ros/P_final/build/global_planner/install.log --single-version-externally-managed install_data
[1.705s] running egg_info
[1.706s] writing ../../build/global_planner/global_planner.egg-info/PKG-INFO
[1.707s] writing dependency_links to ../../build/global_planner/global_planner.egg-info/dependency_links.txt
[1.707s] writing entry points to ../../build/global_planner/global_planner.egg-info/entry_points.txt
[1.707s] writing requirements to ../../build/global_planner/global_planner.egg-info/requires.txt
[1.707s] writing top-level names to ../../build/global_planner/global_planner.egg-info/top_level.txt
[1.710s] reading manifest file '../../build/global_planner/global_planner.egg-info/SOURCES.txt'
[1.711s] writing manifest file '../../build/global_planner/global_planner.egg-info/SOURCES.txt'
[1.711s] running build
[1.711s] running build_py
[1.711s] copying global_planner/global_planner.py -> /home/quim/robotica_ros/P_final/build/global_planner/build/lib/global_planner
[1.712s] running install
[1.712s] running install_lib
[1.714s] copying /home/quim/robotica_ros/P_final/build/global_planner/build/lib/global_planner/global_planner.py -> /home/quim/robotica_ros/P_final/install/global_planner/lib/python3.10/site-packages/global_planner
[1.715s] byte-compiling /home/quim/robotica_ros/P_final/install/global_planner/lib/python3.10/site-packages/global_planner/global_planner.py to global_planner.cpython-310.pyc
[1.719s] running install_data
[1.719s] running install_egg_info
[1.721s] removing '/home/quim/robotica_ros/P_final/install/global_planner/lib/python3.10/site-packages/global_planner-0.0.0-py3.10.egg-info' (and everything under it)
[1.722s] Copying ../../build/global_planner/global_planner.egg-info to /home/quim/robotica_ros/P_final/install/global_planner/lib/python3.10/site-packages/global_planner-0.0.0-py3.10.egg-info
[1.723s] running install_scripts
[1.757s] Installing global_planner_node script to /home/quim/robotica_ros/P_final/install/global_planner/lib/global_planner
[1.757s] writing list of installed files to '/home/quim/robotica_ros/P_final/build/global_planner/install.log'
[1.805s] Invoked command in '/home/quim/robotica_ros/P_final/src/global_planner' returned '0': PYTHONPATH=/home/quim/robotica_ros/P_final/build/global_planner/prefix_override:/usr/lib/python3/dist-packages/colcon_core/task/python/colcon_distutils_commands:/home/quim/robotica_ros/P_final/install/global_planner/lib/python3.10/site-packages:${PYTHONPATH} /usr/bin/python3 -W ignore:setup.py install is deprecated setup.py egg_info --egg-base ../../build/global_planner build --build-base /home/quim/robotica_ros/P_final/build/global_planner/build install --record /home/quim/robotica_ros/P_final/build/global_planner/install.log --single-version-externally-managed install_data
