[0.016s] Invoking command in '/home/quim/robotica_ros/P_final/build/rosni2_gazebo': CMAKE_PREFIX_PATH=/home/quim/robotica_ros/P_final/install/rosni2_description:/home/quim/robotica_ros/P_final/install/rosni2_gazebo:/home/quim/robotica_ros/P_final/install/rosni_robot:/home/quim/robotica_ros/P_final/install/local_planner:/home/quim/robotica_ros/P_final/install/global_planner:/home/quim/robotica_ros/P_final/install/frontier_explorer:/opt/ros/humble /usr/bin/cmake --build /home/quim/robotica_ros/P_final/build/rosni2_gazebo -- -j8 -l8
[0.077s] Invoked command in '/home/quim/robotica_ros/P_final/build/rosni2_gazebo' returned '0': CMAKE_PREFIX_PATH=/home/quim/robotica_ros/P_final/install/rosni2_description:/home/quim/robotica_ros/P_final/install/rosni2_gazebo:/home/quim/robotica_ros/P_final/install/rosni_robot:/home/quim/robotica_ros/P_final/install/local_planner:/home/quim/robotica_ros/P_final/install/global_planner:/home/quim/robotica_ros/P_final/install/frontier_explorer:/opt/ros/humble /usr/bin/cmake --build /home/quim/robotica_ros/P_final/build/rosni2_gazebo -- -j8 -l8
[0.114s] Invoking command in '/home/quim/robotica_ros/P_final/build/rosni2_gazebo': CMAKE_PREFIX_PATH=/home/quim/robotica_ros/P_final/install/rosni2_description:/home/quim/robotica_ros/P_final/install/rosni2_gazebo:/home/quim/robotica_ros/P_final/install/rosni_robot:/home/quim/robotica_ros/P_final/install/local_planner:/home/quim/robotica_ros/P_final/install/global_planner:/home/quim/robotica_ros/P_final/install/frontier_explorer:/opt/ros/humble /usr/bin/cmake --install /home/quim/robotica_ros/P_final/build/rosni2_gazebo
[0.124s] -- Install configuration: ""
[0.124s] -- Up-to-date: /home/quim/robotica_ros/P_final/install/rosni2_gazebo/share/rosni2_gazebo/launch
[0.125s] -- Up-to-date: /home/quim/robotica_ros/P_final/install/rosni2_gazebo/share/rosni2_gazebo/launch/key_teleop.launch.py
[0.125s] -- Up-to-date: /home/quim/robotica_ros/P_final/install/rosni2_gazebo/share/rosni2_gazebo/launch/rosni_slam.launch.py
[0.125s] -- Up-to-date: /home/quim/robotica_ros/P_final/install/rosni2_gazebo/share/rosni2_gazebo/launch/rosni_gazebo.launch.py
[0.125s] -- Up-to-date: /home/quim/robotica_ros/P_final/install/rosni2_gazebo/share/rosni2_gazebo/config
[0.125s] -- Up-to-date: /home/quim/robotica_ros/P_final/install/rosni2_gazebo/share/rosni2_gazebo/config/rviz2
[0.125s] -- Up-to-date: /home/quim/robotica_ros/P_final/install/rosni2_gazebo/share/rosni2_gazebo/config/rviz2/navigation.rviz
[0.126s] -- Up-to-date: /home/quim/robotica_ros/P_final/install/rosni2_gazebo/share/rosni2_gazebo/worlds
[0.126s] -- Up-to-date: /home/quim/robotica_ros/P_final/install/rosni2_gazebo/share/rosni2_gazebo/worlds/maze.world
[0.126s] -- Up-to-date: /home/quim/robotica_ros/P_final/install/rosni2_gazebo/share/rosni2_gazebo/worlds/empty.world
[0.126s] -- Up-to-date: /home/quim/robotica_ros/P_final/install/rosni2_gazebo/share/ament_index/resource_index/package_run_dependencies/rosni2_gazebo
[0.126s] -- Up-to-date: /home/quim/robotica_ros/P_final/install/rosni2_gazebo/share/ament_index/resource_index/parent_prefix_path/rosni2_gazebo
[0.126s] -- Up-to-date: /home/quim/robotica_ros/P_final/install/rosni2_gazebo/share/rosni2_gazebo/environment/ament_prefix_path.sh
[0.127s] -- Up-to-date: /home/quim/robotica_ros/P_final/install/rosni2_gazebo/share/rosni2_gazebo/environment/ament_prefix_path.dsv
[0.127s] -- Up-to-date: /home/quim/robotica_ros/P_final/install/rosni2_gazebo/share/rosni2_gazebo/environment/path.sh
[0.127s] -- Up-to-date: /home/quim/robotica_ros/P_final/install/rosni2_gazebo/share/rosni2_gazebo/environment/path.dsv
[0.127s] -- Up-to-date: /home/quim/robotica_ros/P_final/install/rosni2_gazebo/share/rosni2_gazebo/local_setup.bash
[0.127s] -- Up-to-date: /home/quim/robotica_ros/P_final/install/rosni2_gazebo/share/rosni2_gazebo/local_setup.sh
[0.128s] -- Up-to-date: /home/quim/robotica_ros/P_final/install/rosni2_gazebo/share/rosni2_gazebo/local_setup.zsh
[0.128s] -- Up-to-date: /home/quim/robotica_ros/P_final/install/rosni2_gazebo/share/rosni2_gazebo/local_setup.dsv
[0.128s] -- Installing: /home/quim/robotica_ros/P_final/install/rosni2_gazebo/share/rosni2_gazebo/package.dsv
[0.128s] -- Up-to-date: /home/quim/robotica_ros/P_final/install/rosni2_gazebo/share/ament_index/resource_index/packages/rosni2_gazebo
[0.128s] -- Up-to-date: /home/quim/robotica_ros/P_final/install/rosni2_gazebo/share/rosni2_gazebo/cmake/rosni2_gazeboConfig.cmake
[0.129s] -- Up-to-date: /home/quim/robotica_ros/P_final/install/rosni2_gazebo/share/rosni2_gazebo/cmake/rosni2_gazeboConfig-version.cmake
[0.129s] -- Up-to-date: /home/quim/robotica_ros/P_final/install/rosni2_gazebo/share/rosni2_gazebo/package.xml
[0.130s] Invoked command in '/home/quim/robotica_ros/P_final/build/rosni2_gazebo' returned '0': CMAKE_PREFIX_PATH=/home/quim/robotica_ros/P_final/install/rosni2_description:/home/quim/robotica_ros/P_final/install/rosni2_gazebo:/home/quim/robotica_ros/P_final/install/rosni_robot:/home/quim/robotica_ros/P_final/install/local_planner:/home/quim/robotica_ros/P_final/install/global_planner:/home/quim/robotica_ros/P_final/install/frontier_explorer:/opt/ros/humble /usr/bin/cmake --install /home/quim/robotica_ros/P_final/build/rosni2_gazebo
