[1.385s] Invoking command in '/home/quim/robotica_ros/P_final/src/global_planner': PYTHONPATH=/home/quim/robotica_ros/P_final/build/global_planner/prefix_override:/usr/lib/python3/dist-packages/colcon_core/task/python/colcon_distutils_commands:/home/quim/robotica_ros/P_final/install/global_planner/lib/python3.10/site-packages:${PYTHONPATH} /usr/bin/python3 -W ignore:setup.py install is deprecated setup.py egg_info --egg-base ../../build/global_planner build --build-base /home/quim/robotica_ros/P_final/build/global_planner/build install --record /home/quim/robotica_ros/P_final/build/global_planner/install.log --single-version-externally-managed install_data
[1.689s] running egg_info
[1.689s] creating ../../build/global_planner/global_planner.egg-info
[1.690s] writing ../../build/global_planner/global_planner.egg-info/PKG-INFO
[1.690s] writing dependency_links to ../../build/global_planner/global_planner.egg-info/dependency_links.txt
[1.690s] writing entry points to ../../build/global_planner/global_planner.egg-info/entry_points.txt
[1.690s] writing requirements to ../../build/global_planner/global_planner.egg-info/requires.txt
[1.690s] writing top-level names to ../../build/global_planner/global_planner.egg-info/top_level.txt
[1.691s] writing manifest file '../../build/global_planner/global_planner.egg-info/SOURCES.txt'
[1.692s] reading manifest file '../../build/global_planner/global_planner.egg-info/SOURCES.txt'
[1.693s] writing manifest file '../../build/global_planner/global_planner.egg-info/SOURCES.txt'
[1.694s] running build
[1.694s] running build_py
[1.694s] creating /home/quim/robotica_ros/P_final/build/global_planner/build
[1.694s] creating /home/quim/robotica_ros/P_final/build/global_planner/build/lib
[1.694s] creating /home/quim/robotica_ros/P_final/build/global_planner/build/lib/global_planner
[1.694s] copying global_planner/global_planner1.py -> /home/quim/robotica_ros/P_final/build/global_planner/build/lib/global_planner
[1.694s] copying global_planner/global_planner.py -> /home/quim/robotica_ros/P_final/build/global_planner/build/lib/global_planner
[1.695s] copying global_planner/__init__.py -> /home/quim/robotica_ros/P_final/build/global_planner/build/lib/global_planner
[1.695s] running install
[1.695s] running install_lib
[1.697s] creating /home/quim/robotica_ros/P_final/install/global_planner/lib/python3.10/site-packages/global_planner
[1.697s] copying /home/quim/robotica_ros/P_final/build/global_planner/build/lib/global_planner/global_planner1.py -> /home/quim/robotica_ros/P_final/install/global_planner/lib/python3.10/site-packages/global_planner
[1.697s] copying /home/quim/robotica_ros/P_final/build/global_planner/build/lib/global_planner/global_planner.py -> /home/quim/robotica_ros/P_final/install/global_planner/lib/python3.10/site-packages/global_planner
[1.697s] copying /home/quim/robotica_ros/P_final/build/global_planner/build/lib/global_planner/__init__.py -> /home/quim/robotica_ros/P_final/install/global_planner/lib/python3.10/site-packages/global_planner
[1.698s] byte-compiling /home/quim/robotica_ros/P_final/install/global_planner/lib/python3.10/site-packages/global_planner/global_planner1.py to global_planner1.cpython-310.pyc
[1.700s] byte-compiling /home/quim/robotica_ros/P_final/install/global_planner/lib/python3.10/site-packages/global_planner/global_planner.py to global_planner.cpython-310.pyc
[1.703s] byte-compiling /home/quim/robotica_ros/P_final/install/global_planner/lib/python3.10/site-packages/global_planner/__init__.py to __init__.cpython-310.pyc
[1.704s] running install_data
[1.704s] creating /home/quim/robotica_ros/P_final/install/global_planner/share/ament_index
[1.704s] creating /home/quim/robotica_ros/P_final/install/global_planner/share/ament_index/resource_index
[1.704s] creating /home/quim/robotica_ros/P_final/install/global_planner/share/ament_index/resource_index/packages
[1.704s] copying resource/global_planner -> /home/quim/robotica_ros/P_final/install/global_planner/share/ament_index/resource_index/packages
[1.704s] copying package.xml -> /home/quim/robotica_ros/P_final/install/global_planner/share/global_planner
[1.705s] creating /home/quim/robotica_ros/P_final/install/global_planner/share/global_planner/maps
[1.705s] copying maps/map_cleaned.bmp -> /home/quim/robotica_ros/P_final/install/global_planner/share/global_planner/maps
[1.710s] running install_egg_info
[1.713s] Copying ../../build/global_planner/global_planner.egg-info to /home/quim/robotica_ros/P_final/install/global_planner/lib/python3.10/site-packages/global_planner-0.0.0-py3.10.egg-info
[1.714s] running install_scripts
[1.762s] Installing global_planner_node script to /home/quim/robotica_ros/P_final/install/global_planner/lib/global_planner
[1.762s] writing list of installed files to '/home/quim/robotica_ros/P_final/build/global_planner/install.log'
[1.800s] Invoked command in '/home/quim/robotica_ros/P_final/src/global_planner' returned '0': PYTHONPATH=/home/quim/robotica_ros/P_final/build/global_planner/prefix_override:/usr/lib/python3/dist-packages/colcon_core/task/python/colcon_distutils_commands:/home/quim/robotica_ros/P_final/install/global_planner/lib/python3.10/site-packages:${PYTHONPATH} /usr/bin/python3 -W ignore:setup.py install is deprecated setup.py egg_info --egg-base ../../build/global_planner build --build-base /home/quim/robotica_ros/P_final/build/global_planner/build install --record /home/quim/robotica_ros/P_final/build/global_planner/install.log --single-version-externally-managed install_data
