[1.582s] Invoking command in '/home/quim/robotica_ros/P_final/src/local_planner': PYTHONPATH=/home/quim/robotica_ros/P_final/build/local_planner/prefix_override:/usr/lib/python3/dist-packages/colcon_core/task/python/colcon_distutils_commands:/home/quim/robotica_ros/P_final/install/local_planner/lib/python3.10/site-packages:${PYTHONPATH} /usr/bin/python3 -W ignore:setup.py install is deprecated setup.py egg_info --egg-base ../../build/local_planner build --build-base /home/quim/robotica_ros/P_final/build/local_planner/build install --record /home/quim/robotica_ros/P_final/build/local_planner/install.log --single-version-externally-managed install_data
[1.922s] running egg_info
[1.923s] writing ../../build/local_planner/local_planner.egg-info/PKG-INFO
[1.923s] writing dependency_links to ../../build/local_planner/local_planner.egg-info/dependency_links.txt
[1.923s] writing entry points to ../../build/local_planner/local_planner.egg-info/entry_points.txt
[1.924s] writing requirements to ../../build/local_planner/local_planner.egg-info/requires.txt
[1.924s] writing top-level names to ../../build/local_planner/local_planner.egg-info/top_level.txt
[1.926s] reading manifest file '../../build/local_planner/local_planner.egg-info/SOURCES.txt'
[1.927s] writing manifest file '../../build/local_planner/local_planner.egg-info/SOURCES.txt'
[1.927s] running build
[1.928s] running build_py
[1.928s] running install
[1.928s] running install_lib
[1.929s] running install_data
[1.930s] running install_egg_info
[1.932s] removing '/home/quim/robotica_ros/P_final/install/local_planner/lib/python3.10/site-packages/local_planner-0.0.0-py3.10.egg-info' (and everything under it)
[1.932s] Copying ../../build/local_planner/local_planner.egg-info to /home/quim/robotica_ros/P_final/install/local_planner/lib/python3.10/site-packages/local_planner-0.0.0-py3.10.egg-info
[1.933s] running install_scripts
[1.955s] Installing local_planner_node script to /home/quim/robotica_ros/P_final/install/local_planner/lib/local_planner
[1.956s] writing list of installed files to '/home/quim/robotica_ros/P_final/build/local_planner/install.log'
[1.995s] Invoked command in '/home/quim/robotica_ros/P_final/src/local_planner' returned '0': PYTHONPATH=/home/quim/robotica_ros/P_final/build/local_planner/prefix_override:/usr/lib/python3/dist-packages/colcon_core/task/python/colcon_distutils_commands:/home/quim/robotica_ros/P_final/install/local_planner/lib/python3.10/site-packages:${PYTHONPATH} /usr/bin/python3 -W ignore:setup.py install is deprecated setup.py egg_info --egg-base ../../build/local_planner build --build-base /home/quim/robotica_ros/P_final/build/local_planner/build install --record /home/quim/robotica_ros/P_final/build/local_planner/install.log --single-version-externally-managed install_data
