[1.889s] Invoking command in '/home/quim/robotica_ros/P_final/src/global_planner': PYTHONPATH=/home/quim/robotica_ros/P_final/build/global_planner/prefix_override:/usr/lib/python3/dist-packages/colcon_core/task/python/colcon_distutils_commands:/home/quim/robotica_ros/P_final/install/global_planner/lib/python3.10/site-packages:${PYTHONPATH} /usr/bin/python3 -W ignore:setup.py install is deprecated setup.py egg_info --egg-base ../../build/global_planner build --build-base /home/quim/robotica_ros/P_final/build/global_planner/build install --record /home/quim/robotica_ros/P_final/build/global_planner/install.log --single-version-externally-managed install_data
[2.558s] running egg_info
[2.560s] writing ../../build/global_planner/global_planner.egg-info/PKG-INFO
[2.561s] writing dependency_links to ../../build/global_planner/global_planner.egg-info/dependency_links.txt
[2.568s] writing entry points to ../../build/global_planner/global_planner.egg-info/entry_points.txt
[2.569s] writing requirements to ../../build/global_planner/global_planner.egg-info/requires.txt
[2.574s] writing top-level names to ../../build/global_planner/global_planner.egg-info/top_level.txt
[2.575s] reading manifest file '../../build/global_planner/global_planner.egg-info/SOURCES.txt'
[2.575s] writing manifest file '../../build/global_planner/global_planner.egg-info/SOURCES.txt'
[2.575s] running build
[2.575s] running build_py
[2.575s] running install
[2.575s] running install_lib
[2.581s] running install_data
[2.581s] running install_egg_info
[2.585s] removing '/home/quim/robotica_ros/P_final/install/global_planner/lib/python3.10/site-packages/global_planner-0.0.0-py3.10.egg-info' (and everything under it)
[2.588s] Copying ../../build/global_planner/global_planner.egg-info to /home/quim/robotica_ros/P_final/install/global_planner/lib/python3.10/site-packages/global_planner-0.0.0-py3.10.egg-info
[2.591s] running install_scripts
[2.654s] Installing global_planner_node script to /home/quim/robotica_ros/P_final/install/global_planner/lib/global_planner
[2.655s] writing list of installed files to '/home/quim/robotica_ros/P_final/build/global_planner/install.log'
[2.839s] Invoked command in '/home/quim/robotica_ros/P_final/src/global_planner' returned '0': PYTHONPATH=/home/quim/robotica_ros/P_final/build/global_planner/prefix_override:/usr/lib/python3/dist-packages/colcon_core/task/python/colcon_distutils_commands:/home/quim/robotica_ros/P_final/install/global_planner/lib/python3.10/site-packages:${PYTHONPATH} /usr/bin/python3 -W ignore:setup.py install is deprecated setup.py egg_info --egg-base ../../build/global_planner build --build-base /home/quim/robotica_ros/P_final/build/global_planner/build install --record /home/quim/robotica_ros/P_final/build/global_planner/install.log --single-version-externally-managed install_data
