[4.227s] Invoking command in '/home/quim/robotica_ros/P_final/src/local_planner': PYTHONPATH=/home/quim/robotica_ros/P_final/build/local_planner/prefix_override:/usr/lib/python3/dist-packages/colcon_core/task/python/colcon_distutils_commands:/home/quim/robotica_ros/P_final/install/local_planner/lib/python3.10/site-packages:${PYTHONPATH} /usr/bin/python3 -W ignore:setup.py install is deprecated setup.py egg_info --egg-base ../../build/local_planner build --build-base /home/quim/robotica_ros/P_final/build/local_planner/build install --record /home/quim/robotica_ros/P_final/build/local_planner/install.log --single-version-externally-managed install_data
[5.220s] running egg_info
[5.224s] writing ../../build/local_planner/local_planner.egg-info/PKG-INFO
[5.226s] writing dependency_links to ../../build/local_planner/local_planner.egg-info/dependency_links.txt
[5.227s] writing entry points to ../../build/local_planner/local_planner.egg-info/entry_points.txt
[5.228s] writing requirements to ../../build/local_planner/local_planner.egg-info/requires.txt
[5.228s] writing top-level names to ../../build/local_planner/local_planner.egg-info/top_level.txt
[5.234s] reading manifest file '../../build/local_planner/local_planner.egg-info/SOURCES.txt'
[5.239s] writing manifest file '../../build/local_planner/local_planner.egg-info/SOURCES.txt'
[5.241s] running build
[5.241s] running build_py
[5.242s] running install
[5.244s] running install_lib
[5.252s] running install_data
[5.254s] running install_egg_info
[5.256s] removing '/home/quim/robotica_ros/P_final/install/local_planner/lib/python3.10/site-packages/local_planner-0.0.0-py3.10.egg-info' (and everything under it)
[5.257s] Copying ../../build/local_planner/local_planner.egg-info to /home/quim/robotica_ros/P_final/install/local_planner/lib/python3.10/site-packages/local_planner-0.0.0-py3.10.egg-info
[5.258s] running install_scripts
[5.355s] Installing local_planner_node script to /home/quim/robotica_ros/P_final/install/local_planner/lib/local_planner
[5.356s] writing list of installed files to '/home/quim/robotica_ros/P_final/build/local_planner/install.log'
[5.507s] Invoked command in '/home/quim/robotica_ros/P_final/src/local_planner' returned '0': PYTHONPATH=/home/quim/robotica_ros/P_final/build/local_planner/prefix_override:/usr/lib/python3/dist-packages/colcon_core/task/python/colcon_distutils_commands:/home/quim/robotica_ros/P_final/install/local_planner/lib/python3.10/site-packages:${PYTHONPATH} /usr/bin/python3 -W ignore:setup.py install is deprecated setup.py egg_info --egg-base ../../build/local_planner build --build-base /home/quim/robotica_ros/P_final/build/local_planner/build install --record /home/quim/robotica_ros/P_final/build/local_planner/install.log --single-version-externally-managed install_data
