[1.451s] Invoking command in '/home/quim/robotica_ros/P_final/src/global_planner': PYTHONPATH=/home/quim/robotica_ros/P_final/build/global_planner/prefix_override:/usr/lib/python3/dist-packages/colcon_core/task/python/colcon_distutils_commands:/home/quim/robotica_ros/P_final/install/global_planner/lib/python3.10/site-packages:${PYTHONPATH} /usr/bin/python3 -W ignore:setup.py install is deprecated setup.py egg_info --egg-base ../../build/global_planner build --build-base /home/quim/robotica_ros/P_final/build/global_planner/build install --record /home/quim/robotica_ros/P_final/build/global_planner/install.log --single-version-externally-managed install_data
[1.780s] running egg_info
[1.782s] writing ../../build/global_planner/global_planner.egg-info/PKG-INFO
[1.783s] writing dependency_links to ../../build/global_planner/global_planner.egg-info/dependency_links.txt
[1.783s] writing entry points to ../../build/global_planner/global_planner.egg-info/entry_points.txt
[1.783s] writing requirements to ../../build/global_planner/global_planner.egg-info/requires.txt
[1.784s] writing top-level names to ../../build/global_planner/global_planner.egg-info/top_level.txt
[1.785s] reading manifest file '../../build/global_planner/global_planner.egg-info/SOURCES.txt'
[1.786s] writing manifest file '../../build/global_planner/global_planner.egg-info/SOURCES.txt'
[1.787s] running build
[1.787s] running build_py
[1.787s] running install
[1.788s] running install_lib
[1.789s] running install_data
[1.790s] running install_egg_info
[1.792s] removing '/home/quim/robotica_ros/P_final/install/global_planner/lib/python3.10/site-packages/global_planner-0.0.0-py3.10.egg-info' (and everything under it)
[1.792s] Copying ../../build/global_planner/global_planner.egg-info to /home/quim/robotica_ros/P_final/install/global_planner/lib/python3.10/site-packages/global_planner-0.0.0-py3.10.egg-info
[1.794s] running install_scripts
[1.825s] Installing global_planner_node script to /home/quim/robotica_ros/P_final/install/global_planner/lib/global_planner
[1.826s] writing list of installed files to '/home/quim/robotica_ros/P_final/build/global_planner/install.log'
[1.881s] Invoked command in '/home/quim/robotica_ros/P_final/src/global_planner' returned '0': PYTHONPATH=/home/quim/robotica_ros/P_final/build/global_planner/prefix_override:/usr/lib/python3/dist-packages/colcon_core/task/python/colcon_distutils_commands:/home/quim/robotica_ros/P_final/install/global_planner/lib/python3.10/site-packages:${PYTHONPATH} /usr/bin/python3 -W ignore:setup.py install is deprecated setup.py egg_info --egg-base ../../build/global_planner build --build-base /home/quim/robotica_ros/P_final/build/global_planner/build install --record /home/quim/robotica_ros/P_final/build/global_planner/install.log --single-version-externally-managed install_data
