[0.275s] DEBUG:colcon:Command line arguments: ['/usr/bin/colcon', 'build']
[0.275s] DEBUG:colcon:Parsed command line arguments: Namespace(log_base=None, log_level=None, verb_name='build', build_base='build', install_base='install', merge_install=False, symlink_install=False, test_result_base=None, continue_on_error=False, executor='parallel', parallel_workers=8, event_handlers=None, ignore_user_meta=False, metas=['./colcon.meta'], base_paths=['.'], packages_ignore=None, packages_ignore_regex=None, paths=None, packages_up_to=None, packages_up_to_regex=None, packages_above=None, packages_above_and_dependencies=None, packages_above_depth=None, packages_select_by_dep=None, packages_skip_by_dep=None, packages_skip_up_to=None, packages_select_build_failed=False, packages_skip_build_finished=False, packages_select_test_failures=False, packages_skip_test_passed=False, packages_select=None, packages_skip=None, packages_select_regex=None, packages_skip_regex=None, packages_start=None, packages_end=None, allow_overriding=[], cmake_args=None, cmake_target=None, cmake_target_skip_unavailable=False, cmake_clean_cache=False, cmake_clean_first=False, cmake_force_configure=False, ament_cmake_args=None, catkin_cmake_args=None, catkin_skip_building_tests=False, mixin_files=None, mixin=None, verb_parser=<colcon_mixin.mixin.mixin_argument.MixinArgumentDecorator object at 0x7c7bb41d6da0>, verb_extension=<colcon_core.verb.build.BuildVerb object at 0x7c7bb42bf550>, main=<bound method BuildVerb.main of <colcon_core.verb.build.BuildVerb object at 0x7c7bb42bf550>>, mixin_verb=('build',))
[0.685s] Level 1:colcon.colcon_core.package_discovery:discover_packages(colcon_meta) check parameters
[0.686s] Level 1:colcon.colcon_core.package_discovery:discover_packages(recursive) check parameters
[0.686s] Level 1:colcon.colcon_core.package_discovery:discover_packages(ignore) check parameters
[0.686s] Level 1:colcon.colcon_core.package_discovery:discover_packages(path) check parameters
[0.686s] Level 1:colcon.colcon_core.package_discovery:discover_packages(colcon_meta) discover
[0.686s] Level 1:colcon.colcon_core.package_discovery:discover_packages(recursive) discover
[0.687s] INFO:colcon.colcon_core.package_discovery:Crawling recursively for packages in '/home/quim/robotica_ros/P_final'
[0.687s] Level 1:colcon.colcon_core.package_identification:_identify(.) by extensions ['ignore', 'ignore_ament_install']
[0.687s] Level 1:colcon.colcon_core.package_identification:_identify(.) by extension 'ignore'
[0.687s] Level 1:colcon.colcon_core.package_identification:_identify(.) by extension 'ignore_ament_install'
[0.688s] Level 1:colcon.colcon_core.package_identification:_identify(.) by extensions ['colcon_pkg']
[0.688s] Level 1:colcon.colcon_core.package_identification:_identify(.) by extension 'colcon_pkg'
[0.688s] Level 1:colcon.colcon_core.package_identification:_identify(.) by extensions ['colcon_meta']
[0.688s] Level 1:colcon.colcon_core.package_identification:_identify(.) by extension 'colcon_meta'
[0.688s] Level 1:colcon.colcon_core.package_identification:_identify(.) by extensions ['ros']
[0.688s] Level 1:colcon.colcon_core.package_identification:_identify(.) by extension 'ros'
[0.711s] Level 1:colcon.colcon_core.package_identification:_identify(.) by extensions ['cmake', 'python']
[0.711s] Level 1:colcon.colcon_core.package_identification:_identify(.) by extension 'cmake'
[0.711s] Level 1:colcon.colcon_core.package_identification:_identify(.) by extension 'python'
[0.711s] Level 1:colcon.colcon_core.package_identification:_identify(.) by extensions ['python_setup_py']
[0.711s] Level 1:colcon.colcon_core.package_identification:_identify(.) by extension 'python_setup_py'
[0.712s] Level 1:colcon.colcon_core.package_identification:_identify(build) by extensions ['ignore', 'ignore_ament_install']
[0.712s] Level 1:colcon.colcon_core.package_identification:_identify(build) by extension 'ignore'
[0.712s] Level 1:colcon.colcon_core.package_identification:_identify(build) ignored
[0.713s] Level 1:colcon.colcon_core.package_identification:_identify(install) by extensions ['ignore', 'ignore_ament_install']
[0.713s] Level 1:colcon.colcon_core.package_identification:_identify(install) by extension 'ignore'
[0.713s] Level 1:colcon.colcon_core.package_identification:_identify(install) ignored
[0.713s] Level 1:colcon.colcon_core.package_identification:_identify(log) by extensions ['ignore', 'ignore_ament_install']
[0.713s] Level 1:colcon.colcon_core.package_identification:_identify(log) by extension 'ignore'
[0.714s] Level 1:colcon.colcon_core.package_identification:_identify(log) ignored
[0.714s] Level 1:colcon.colcon_core.package_identification:_identify(src) by extensions ['ignore', 'ignore_ament_install']
[0.714s] Level 1:colcon.colcon_core.package_identification:_identify(src) by extension 'ignore'
[0.714s] Level 1:colcon.colcon_core.package_identification:_identify(src) by extension 'ignore_ament_install'
[0.714s] Level 1:colcon.colcon_core.package_identification:_identify(src) by extensions ['colcon_pkg']
[0.714s] Level 1:colcon.colcon_core.package_identification:_identify(src) by extension 'colcon_pkg'
[0.714s] Level 1:colcon.colcon_core.package_identification:_identify(src) by extensions ['colcon_meta']
[0.714s] Level 1:colcon.colcon_core.package_identification:_identify(src) by extension 'colcon_meta'
[0.715s] Level 1:colcon.colcon_core.package_identification:_identify(src) by extensions ['ros']
[0.715s] Level 1:colcon.colcon_core.package_identification:_identify(src) by extension 'ros'
[0.715s] Level 1:colcon.colcon_core.package_identification:_identify(src) by extensions ['cmake', 'python']
[0.715s] Level 1:colcon.colcon_core.package_identification:_identify(src) by extension 'cmake'
[0.715s] Level 1:colcon.colcon_core.package_identification:_identify(src) by extension 'python'
[0.715s] Level 1:colcon.colcon_core.package_identification:_identify(src) by extensions ['python_setup_py']
[0.715s] Level 1:colcon.colcon_core.package_identification:_identify(src) by extension 'python_setup_py'
[0.716s] Level 1:colcon.colcon_core.package_identification:_identify(src/frontier_explorer) by extensions ['ignore', 'ignore_ament_install']
[0.716s] Level 1:colcon.colcon_core.package_identification:_identify(src/frontier_explorer) by extension 'ignore'
[0.716s] Level 1:colcon.colcon_core.package_identification:_identify(src/frontier_explorer) by extension 'ignore_ament_install'
[0.716s] Level 1:colcon.colcon_core.package_identification:_identify(src/frontier_explorer) by extensions ['colcon_pkg']
[0.716s] Level 1:colcon.colcon_core.package_identification:_identify(src/frontier_explorer) by extension 'colcon_pkg'
[0.716s] Level 1:colcon.colcon_core.package_identification:_identify(src/frontier_explorer) by extensions ['colcon_meta']
[0.716s] Level 1:colcon.colcon_core.package_identification:_identify(src/frontier_explorer) by extension 'colcon_meta'
[0.717s] Level 1:colcon.colcon_core.package_identification:_identify(src/frontier_explorer) by extensions ['ros']
[0.717s] Level 1:colcon.colcon_core.package_identification:_identify(src/frontier_explorer) by extension 'ros'
[0.724s] DEBUG:colcon.colcon_core.package_identification:Package 'src/frontier_explorer' with type 'ros.ament_python' and name 'frontier_explorer'
[0.724s] Level 1:colcon.colcon_core.package_identification:_identify(src/global_planner) by extensions ['ignore', 'ignore_ament_install']
[0.725s] Level 1:colcon.colcon_core.package_identification:_identify(src/global_planner) by extension 'ignore'
[0.725s] Level 1:colcon.colcon_core.package_identification:_identify(src/global_planner) by extension 'ignore_ament_install'
[0.725s] Level 1:colcon.colcon_core.package_identification:_identify(src/global_planner) by extensions ['colcon_pkg']
[0.725s] Level 1:colcon.colcon_core.package_identification:_identify(src/global_planner) by extension 'colcon_pkg'
[0.725s] Level 1:colcon.colcon_core.package_identification:_identify(src/global_planner) by extensions ['colcon_meta']
[0.725s] Level 1:colcon.colcon_core.package_identification:_identify(src/global_planner) by extension 'colcon_meta'
[0.725s] Level 1:colcon.colcon_core.package_identification:_identify(src/global_planner) by extensions ['ros']
[0.725s] Level 1:colcon.colcon_core.package_identification:_identify(src/global_planner) by extension 'ros'
[0.727s] DEBUG:colcon.colcon_core.package_identification:Package 'src/global_planner' with type 'ros.ament_python' and name 'global_planner'
[0.728s] Level 1:colcon.colcon_core.package_identification:_identify(src/local_planner) by extensions ['ignore', 'ignore_ament_install']
[0.728s] Level 1:colcon.colcon_core.package_identification:_identify(src/local_planner) by extension 'ignore'
[0.728s] Level 1:colcon.colcon_core.package_identification:_identify(src/local_planner) by extension 'ignore_ament_install'
[0.728s] Level 1:colcon.colcon_core.package_identification:_identify(src/local_planner) by extensions ['colcon_pkg']
[0.728s] Level 1:colcon.colcon_core.package_identification:_identify(src/local_planner) by extension 'colcon_pkg'
[0.728s] Level 1:colcon.colcon_core.package_identification:_identify(src/local_planner) by extensions ['colcon_meta']
[0.728s] Level 1:colcon.colcon_core.package_identification:_identify(src/local_planner) by extension 'colcon_meta'
[0.728s] Level 1:colcon.colcon_core.package_identification:_identify(src/local_planner) by extensions ['ros']
[0.728s] Level 1:colcon.colcon_core.package_identification:_identify(src/local_planner) by extension 'ros'
[0.729s] DEBUG:colcon.colcon_core.package_identification:Package 'src/local_planner' with type 'ros.ament_python' and name 'local_planner'
[0.730s] Level 1:colcon.colcon_core.package_identification:_identify(src/rosni2_description) by extensions ['ignore', 'ignore_ament_install']
[0.730s] Level 1:colcon.colcon_core.package_identification:_identify(src/rosni2_description) by extension 'ignore'
[0.730s] Level 1:colcon.colcon_core.package_identification:_identify(src/rosni2_description) by extension 'ignore_ament_install'
[0.731s] Level 1:colcon.colcon_core.package_identification:_identify(src/rosni2_description) by extensions ['colcon_pkg']
[0.731s] Level 1:colcon.colcon_core.package_identification:_identify(src/rosni2_description) by extension 'colcon_pkg'
[0.731s] Level 1:colcon.colcon_core.package_identification:_identify(src/rosni2_description) by extensions ['colcon_meta']
[0.731s] Level 1:colcon.colcon_core.package_identification:_identify(src/rosni2_description) by extension 'colcon_meta'
[0.731s] Level 1:colcon.colcon_core.package_identification:_identify(src/rosni2_description) by extensions ['ros']
[0.731s] Level 1:colcon.colcon_core.package_identification:_identify(src/rosni2_description) by extension 'ros'
[0.732s] DEBUG:colcon.colcon_core.package_identification:Package 'src/rosni2_description' with type 'ros.ament_cmake' and name 'rosni2_description'
[0.732s] Level 1:colcon.colcon_core.package_identification:_identify(src/rosni2_gazebo) by extensions ['ignore', 'ignore_ament_install']
[0.732s] Level 1:colcon.colcon_core.package_identification:_identify(src/rosni2_gazebo) by extension 'ignore'
[0.733s] Level 1:colcon.colcon_core.package_identification:_identify(src/rosni2_gazebo) by extension 'ignore_ament_install'
[0.733s] Level 1:colcon.colcon_core.package_identification:_identify(src/rosni2_gazebo) by extensions ['colcon_pkg']
[0.733s] Level 1:colcon.colcon_core.package_identification:_identify(src/rosni2_gazebo) by extension 'colcon_pkg'
[0.733s] Level 1:colcon.colcon_core.package_identification:_identify(src/rosni2_gazebo) by extensions ['colcon_meta']
[0.733s] Level 1:colcon.colcon_core.package_identification:_identify(src/rosni2_gazebo) by extension 'colcon_meta'
[0.733s] Level 1:colcon.colcon_core.package_identification:_identify(src/rosni2_gazebo) by extensions ['ros']
[0.733s] Level 1:colcon.colcon_core.package_identification:_identify(src/rosni2_gazebo) by extension 'ros'
[0.734s] DEBUG:colcon.colcon_core.package_identification:Package 'src/rosni2_gazebo' with type 'ros.ament_cmake' and name 'rosni2_gazebo'
[0.734s] Level 1:colcon.colcon_core.package_identification:_identify(src/rosni_robot) by extensions ['ignore', 'ignore_ament_install']
[0.734s] Level 1:colcon.colcon_core.package_identification:_identify(src/rosni_robot) by extension 'ignore'
[0.734s] Level 1:colcon.colcon_core.package_identification:_identify(src/rosni_robot) by extension 'ignore_ament_install'
[0.735s] Level 1:colcon.colcon_core.package_identification:_identify(src/rosni_robot) by extensions ['colcon_pkg']
[0.735s] Level 1:colcon.colcon_core.package_identification:_identify(src/rosni_robot) by extension 'colcon_pkg'
[0.735s] Level 1:colcon.colcon_core.package_identification:_identify(src/rosni_robot) by extensions ['colcon_meta']
[0.735s] Level 1:colcon.colcon_core.package_identification:_identify(src/rosni_robot) by extension 'colcon_meta'
[0.735s] Level 1:colcon.colcon_core.package_identification:_identify(src/rosni_robot) by extensions ['ros']
[0.735s] Level 1:colcon.colcon_core.package_identification:_identify(src/rosni_robot) by extension 'ros'
[0.736s] DEBUG:colcon.colcon_core.package_identification:Package 'src/rosni_robot' with type 'ros.ament_python' and name 'rosni_robot'
[0.736s] Level 1:colcon.colcon_core.package_discovery:discover_packages(recursive) using defaults
[0.736s] Level 1:colcon.colcon_core.package_discovery:discover_packages(ignore) discover
[0.736s] Level 1:colcon.colcon_core.package_discovery:discover_packages(ignore) using defaults
[0.736s] Level 1:colcon.colcon_core.package_discovery:discover_packages(path) discover
[0.736s] Level 1:colcon.colcon_core.package_discovery:discover_packages(path) using defaults
[0.807s] Level 1:colcon.colcon_core.package_discovery:discover_packages(prefix_path) check parameters
[0.808s] Level 1:colcon.colcon_core.package_discovery:discover_packages(prefix_path) discover
[0.815s] DEBUG:colcon.colcon_installed_package_information.package_discovery:Found 6 installed packages in /home/quim/robotica_ros/P_final/install
[0.819s] DEBUG:colcon.colcon_installed_package_information.package_discovery:Found 363 installed packages in /opt/ros/humble
[0.823s] Level 1:colcon.colcon_core.package_discovery:discover_packages(prefix_path) using defaults
[0.933s] Level 5:colcon.colcon_core.verb:set package 'frontier_explorer' build argument 'cmake_args' from command line to 'None'
[0.934s] Level 5:colcon.colcon_core.verb:set package 'frontier_explorer' build argument 'cmake_target' from command line to 'None'
[0.934s] Level 5:colcon.colcon_core.verb:set package 'frontier_explorer' build argument 'cmake_target_skip_unavailable' from command line to 'False'
[0.934s] Level 5:colcon.colcon_core.verb:set package 'frontier_explorer' build argument 'cmake_clean_cache' from command line to 'False'
[0.934s] Level 5:colcon.colcon_core.verb:set package 'frontier_explorer' build argument 'cmake_clean_first' from command line to 'False'
[0.934s] Level 5:colcon.colcon_core.verb:set package 'frontier_explorer' build argument 'cmake_force_configure' from command line to 'False'
[0.935s] Level 5:colcon.colcon_core.verb:set package 'frontier_explorer' build argument 'ament_cmake_args' from command line to 'None'
[0.935s] Level 5:colcon.colcon_core.verb:set package 'frontier_explorer' build argument 'catkin_cmake_args' from command line to 'None'
[0.935s] Level 5:colcon.colcon_core.verb:set package 'frontier_explorer' build argument 'catkin_skip_building_tests' from command line to 'False'
[0.935s] DEBUG:colcon.colcon_core.verb:Building package 'frontier_explorer' with the following arguments: {'ament_cmake_args': None, 'build_base': '/home/quim/robotica_ros/P_final/build/frontier_explorer', 'catkin_cmake_args': None, 'catkin_skip_building_tests': False, 'cmake_args': None, 'cmake_clean_cache': False, 'cmake_clean_first': False, 'cmake_force_configure': False, 'cmake_target': None, 'cmake_target_skip_unavailable': False, 'install_base': '/home/quim/robotica_ros/P_final/install/frontier_explorer', 'merge_install': False, 'path': '/home/quim/robotica_ros/P_final/src/frontier_explorer', 'symlink_install': False, 'test_result_base': None}
[0.937s] Level 5:colcon.colcon_core.verb:set package 'global_planner' build argument 'cmake_args' from command line to 'None'
[0.937s] Level 5:colcon.colcon_core.verb:set package 'global_planner' build argument 'cmake_target' from command line to 'None'
[0.937s] Level 5:colcon.colcon_core.verb:set package 'global_planner' build argument 'cmake_target_skip_unavailable' from command line to 'False'
[0.937s] Level 5:colcon.colcon_core.verb:set package 'global_planner' build argument 'cmake_clean_cache' from command line to 'False'
[0.937s] Level 5:colcon.colcon_core.verb:set package 'global_planner' build argument 'cmake_clean_first' from command line to 'False'
[0.937s] Level 5:colcon.colcon_core.verb:set package 'global_planner' build argument 'cmake_force_configure' from command line to 'False'
[0.937s] Level 5:colcon.colcon_core.verb:set package 'global_planner' build argument 'ament_cmake_args' from command line to 'None'
[0.938s] Level 5:colcon.colcon_core.verb:set package 'global_planner' build argument 'catkin_cmake_args' from command line to 'None'
[0.938s] Level 5:colcon.colcon_core.verb:set package 'global_planner' build argument 'catkin_skip_building_tests' from command line to 'False'
[0.938s] DEBUG:colcon.colcon_core.verb:Building package 'global_planner' with the following arguments: {'ament_cmake_args': None, 'build_base': '/home/quim/robotica_ros/P_final/build/global_planner', 'catkin_cmake_args': None, 'catkin_skip_building_tests': False, 'cmake_args': None, 'cmake_clean_cache': False, 'cmake_clean_first': False, 'cmake_force_configure': False, 'cmake_target': None, 'cmake_target_skip_unavailable': False, 'install_base': '/home/quim/robotica_ros/P_final/install/global_planner', 'merge_install': False, 'path': '/home/quim/robotica_ros/P_final/src/global_planner', 'symlink_install': False, 'test_result_base': None}
[0.940s] Level 5:colcon.colcon_core.verb:set package 'local_planner' build argument 'cmake_args' from command line to 'None'
[0.940s] Level 5:colcon.colcon_core.verb:set package 'local_planner' build argument 'cmake_target' from command line to 'None'
[0.940s] Level 5:colcon.colcon_core.verb:set package 'local_planner' build argument 'cmake_target_skip_unavailable' from command line to 'False'
[0.940s] Level 5:colcon.colcon_core.verb:set package 'local_planner' build argument 'cmake_clean_cache' from command line to 'False'
[0.940s] Level 5:colcon.colcon_core.verb:set package 'local_planner' build argument 'cmake_clean_first' from command line to 'False'
[0.940s] Level 5:colcon.colcon_core.verb:set package 'local_planner' build argument 'cmake_force_configure' from command line to 'False'
[0.941s] Level 5:colcon.colcon_core.verb:set package 'local_planner' build argument 'ament_cmake_args' from command line to 'None'
[0.941s] Level 5:colcon.colcon_core.verb:set package 'local_planner' build argument 'catkin_cmake_args' from command line to 'None'
[0.941s] Level 5:colcon.colcon_core.verb:set package 'local_planner' build argument 'catkin_skip_building_tests' from command line to 'False'
[0.941s] DEBUG:colcon.colcon_core.verb:Building package 'local_planner' with the following arguments: {'ament_cmake_args': None, 'build_base': '/home/quim/robotica_ros/P_final/build/local_planner', 'catkin_cmake_args': None, 'catkin_skip_building_tests': False, 'cmake_args': None, 'cmake_clean_cache': False, 'cmake_clean_first': False, 'cmake_force_configure': False, 'cmake_target': None, 'cmake_target_skip_unavailable': False, 'install_base': '/home/quim/robotica_ros/P_final/install/local_planner', 'merge_install': False, 'path': '/home/quim/robotica_ros/P_final/src/local_planner', 'symlink_install': False, 'test_result_base': None}
[0.942s] Level 5:colcon.colcon_core.verb:set package 'rosni2_description' build argument 'cmake_args' from command line to 'None'
[0.942s] Level 5:colcon.colcon_core.verb:set package 'rosni2_description' build argument 'cmake_target' from command line to 'None'
[0.942s] Level 5:colcon.colcon_core.verb:set package 'rosni2_description' build argument 'cmake_target_skip_unavailable' from command line to 'False'
[0.942s] Level 5:colcon.colcon_core.verb:set package 'rosni2_description' build argument 'cmake_clean_cache' from command line to 'False'
[0.942s] Level 5:colcon.colcon_core.verb:set package 'rosni2_description' build argument 'cmake_clean_first' from command line to 'False'
[0.942s] Level 5:colcon.colcon_core.verb:set package 'rosni2_description' build argument 'cmake_force_configure' from command line to 'False'
[0.943s] Level 5:colcon.colcon_core.verb:set package 'rosni2_description' build argument 'ament_cmake_args' from command line to 'None'
[0.943s] Level 5:colcon.colcon_core.verb:set package 'rosni2_description' build argument 'catkin_cmake_args' from command line to 'None'
[0.943s] Level 5:colcon.colcon_core.verb:set package 'rosni2_description' build argument 'catkin_skip_building_tests' from command line to 'False'
[0.943s] DEBUG:colcon.colcon_core.verb:Building package 'rosni2_description' with the following arguments: {'ament_cmake_args': None, 'build_base': '/home/quim/robotica_ros/P_final/build/rosni2_description', 'catkin_cmake_args': None, 'catkin_skip_building_tests': False, 'cmake_args': None, 'cmake_clean_cache': False, 'cmake_clean_first': False, 'cmake_force_configure': False, 'cmake_target': None, 'cmake_target_skip_unavailable': False, 'install_base': '/home/quim/robotica_ros/P_final/install/rosni2_description', 'merge_install': False, 'path': '/home/quim/robotica_ros/P_final/src/rosni2_description', 'symlink_install': False, 'test_result_base': None}
[0.943s] Level 5:colcon.colcon_core.verb:set package 'rosni_robot' build argument 'cmake_args' from command line to 'None'
[0.944s] Level 5:colcon.colcon_core.verb:set package 'rosni_robot' build argument 'cmake_target' from command line to 'None'
[0.944s] Level 5:colcon.colcon_core.verb:set package 'rosni_robot' build argument 'cmake_target_skip_unavailable' from command line to 'False'
[0.944s] Level 5:colcon.colcon_core.verb:set package 'rosni_robot' build argument 'cmake_clean_cache' from command line to 'False'
[0.944s] Level 5:colcon.colcon_core.verb:set package 'rosni_robot' build argument 'cmake_clean_first' from command line to 'False'
[0.944s] Level 5:colcon.colcon_core.verb:set package 'rosni_robot' build argument 'cmake_force_configure' from command line to 'False'
[0.944s] Level 5:colcon.colcon_core.verb:set package 'rosni_robot' build argument 'ament_cmake_args' from command line to 'None'
[0.944s] Level 5:colcon.colcon_core.verb:set package 'rosni_robot' build argument 'catkin_cmake_args' from command line to 'None'
[0.944s] Level 5:colcon.colcon_core.verb:set package 'rosni_robot' build argument 'catkin_skip_building_tests' from command line to 'False'
[0.944s] DEBUG:colcon.colcon_core.verb:Building package 'rosni_robot' with the following arguments: {'ament_cmake_args': None, 'build_base': '/home/quim/robotica_ros/P_final/build/rosni_robot', 'catkin_cmake_args': None, 'catkin_skip_building_tests': False, 'cmake_args': None, 'cmake_clean_cache': False, 'cmake_clean_first': False, 'cmake_force_configure': False, 'cmake_target': None, 'cmake_target_skip_unavailable': False, 'install_base': '/home/quim/robotica_ros/P_final/install/rosni_robot', 'merge_install': False, 'path': '/home/quim/robotica_ros/P_final/src/rosni_robot', 'symlink_install': False, 'test_result_base': None}
[0.945s] Level 5:colcon.colcon_core.verb:set package 'rosni2_gazebo' build argument 'cmake_args' from command line to 'None'
[0.945s] Level 5:colcon.colcon_core.verb:set package 'rosni2_gazebo' build argument 'cmake_target' from command line to 'None'
[0.945s] Level 5:colcon.colcon_core.verb:set package 'rosni2_gazebo' build argument 'cmake_target_skip_unavailable' from command line to 'False'
[0.945s] Level 5:colcon.colcon_core.verb:set package 'rosni2_gazebo' build argument 'cmake_clean_cache' from command line to 'False'
[0.945s] Level 5:colcon.colcon_core.verb:set package 'rosni2_gazebo' build argument 'cmake_clean_first' from command line to 'False'
[0.945s] Level 5:colcon.colcon_core.verb:set package 'rosni2_gazebo' build argument 'cmake_force_configure' from command line to 'False'
[0.945s] Level 5:colcon.colcon_core.verb:set package 'rosni2_gazebo' build argument 'ament_cmake_args' from command line to 'None'
[0.945s] Level 5:colcon.colcon_core.verb:set package 'rosni2_gazebo' build argument 'catkin_cmake_args' from command line to 'None'
[0.945s] Level 5:colcon.colcon_core.verb:set package 'rosni2_gazebo' build argument 'catkin_skip_building_tests' from command line to 'False'
[0.945s] DEBUG:colcon.colcon_core.verb:Building package 'rosni2_gazebo' with the following arguments: {'ament_cmake_args': None, 'build_base': '/home/quim/robotica_ros/P_final/build/rosni2_gazebo', 'catkin_cmake_args': None, 'catkin_skip_building_tests': False, 'cmake_args': None, 'cmake_clean_cache': False, 'cmake_clean_first': False, 'cmake_force_configure': False, 'cmake_target': None, 'cmake_target_skip_unavailable': False, 'install_base': '/home/quim/robotica_ros/P_final/install/rosni2_gazebo', 'merge_install': False, 'path': '/home/quim/robotica_ros/P_final/src/rosni2_gazebo', 'symlink_install': False, 'test_result_base': None}
[0.946s] INFO:colcon.colcon_core.executor:Executing jobs using 'parallel' executor
[0.947s] DEBUG:colcon.colcon_parallel_executor.executor.parallel:run_until_complete
[0.948s] INFO:colcon.colcon_ros.task.ament_cmake.build:Building ROS package in '/home/quim/robotica_ros/P_final/src/rosni2_description' with build type 'ament_cmake'
[0.948s] INFO:colcon.colcon_cmake.task.cmake.build:Building CMake package in '/home/quim/robotica_ros/P_final/src/rosni2_description'
[0.952s] INFO:colcon.colcon_core.plugin_system:Skipping extension 'colcon_core.shell.bat': Not used on non-Windows systems
[0.952s] INFO:colcon.colcon_core.shell:Skip shell extension 'powershell' for command environment: Not usable outside of PowerShell
[0.952s] DEBUG:colcon.colcon_core.shell:Skip shell extension 'dsv' for command environment
[0.960s] INFO:colcon.colcon_ros.task.ament_python.build:Building ROS package in '/home/quim/robotica_ros/P_final/src/frontier_explorer' with build type 'ament_python'
[0.961s] Level 1:colcon.colcon_core.shell:create_environment_hook('frontier_explorer', 'ament_prefix_path')
[0.961s] INFO:colcon.colcon_core.shell:Creating environment hook '/home/quim/robotica_ros/P_final/install/frontier_explorer/share/frontier_explorer/hook/ament_prefix_path.ps1'
[0.963s] INFO:colcon.colcon_core.shell:Creating environment descriptor '/home/quim/robotica_ros/P_final/install/frontier_explorer/share/frontier_explorer/hook/ament_prefix_path.dsv'
[0.964s] INFO:colcon.colcon_core.shell:Creating environment hook '/home/quim/robotica_ros/P_final/install/frontier_explorer/share/frontier_explorer/hook/ament_prefix_path.sh'
[0.966s] INFO:colcon.colcon_core.shell:Skip shell extension 'powershell' for command environment: Not usable outside of PowerShell
[0.967s] DEBUG:colcon.colcon_core.shell:Skip shell extension 'dsv' for command environment
[0.976s] INFO:colcon.colcon_ros.task.ament_python.build:Building ROS package in '/home/quim/robotica_ros/P_final/src/global_planner' with build type 'ament_python'
[0.976s] Level 1:colcon.colcon_core.shell:create_environment_hook('global_planner', 'ament_prefix_path')
[0.977s] INFO:colcon.colcon_core.shell:Creating environment hook '/home/quim/robotica_ros/P_final/install/global_planner/share/global_planner/hook/ament_prefix_path.ps1'
[0.978s] INFO:colcon.colcon_core.shell:Creating environment descriptor '/home/quim/robotica_ros/P_final/install/global_planner/share/global_planner/hook/ament_prefix_path.dsv'
[0.980s] INFO:colcon.colcon_core.shell:Creating environment hook '/home/quim/robotica_ros/P_final/install/global_planner/share/global_planner/hook/ament_prefix_path.sh'
[0.981s] INFO:colcon.colcon_core.shell:Skip shell extension 'powershell' for command environment: Not usable outside of PowerShell
[0.981s] DEBUG:colcon.colcon_core.shell:Skip shell extension 'dsv' for command environment
[0.986s] INFO:colcon.colcon_ros.task.ament_python.build:Building ROS package in '/home/quim/robotica_ros/P_final/src/local_planner' with build type 'ament_python'
[0.986s] Level 1:colcon.colcon_core.shell:create_environment_hook('local_planner', 'ament_prefix_path')
[0.986s] INFO:colcon.colcon_core.shell:Creating environment hook '/home/quim/robotica_ros/P_final/install/local_planner/share/local_planner/hook/ament_prefix_path.ps1'
[0.987s] INFO:colcon.colcon_core.shell:Creating environment descriptor '/home/quim/robotica_ros/P_final/install/local_planner/share/local_planner/hook/ament_prefix_path.dsv'
[0.988s] INFO:colcon.colcon_core.shell:Creating environment hook '/home/quim/robotica_ros/P_final/install/local_planner/share/local_planner/hook/ament_prefix_path.sh'
[0.990s] INFO:colcon.colcon_core.shell:Skip shell extension 'powershell' for command environment: Not usable outside of PowerShell
[0.991s] DEBUG:colcon.colcon_core.shell:Skip shell extension 'dsv' for command environment
[0.999s] INFO:colcon.colcon_ros.task.ament_python.build:Building ROS package in '/home/quim/robotica_ros/P_final/src/rosni_robot' with build type 'ament_python'
[1.000s] Level 1:colcon.colcon_core.shell:create_environment_hook('rosni_robot', 'ament_prefix_path')
[1.001s] INFO:colcon.colcon_core.shell:Creating environment hook '/home/quim/robotica_ros/P_final/install/rosni_robot/share/rosni_robot/hook/ament_prefix_path.ps1'
[1.003s] INFO:colcon.colcon_core.shell:Creating environment descriptor '/home/quim/robotica_ros/P_final/install/rosni_robot/share/rosni_robot/hook/ament_prefix_path.dsv'
[1.004s] INFO:colcon.colcon_core.shell:Creating environment hook '/home/quim/robotica_ros/P_final/install/rosni_robot/share/rosni_robot/hook/ament_prefix_path.sh'
[1.006s] INFO:colcon.colcon_core.shell:Skip shell extension 'powershell' for command environment: Not usable outside of PowerShell
[1.006s] DEBUG:colcon.colcon_core.shell:Skip shell extension 'dsv' for command environment
[1.035s] DEBUG:colcon.colcon_core.event_handler.log_command:Invoking command in '/home/quim/robotica_ros/P_final/build/rosni2_description': CMAKE_PREFIX_PATH=${CMAKE_PREFIX_PATH}:/home/quim/robotica_ros/P_final/install/rosni_robot:/home/quim/robotica_ros/P_final/install/local_planner:/home/quim/robotica_ros/P_final/install/global_planner:/home/quim/robotica_ros/P_final/install/frontier_explorer:/opt/ros/humble /usr/bin/cmake --build /home/quim/robotica_ros/P_final/build/rosni2_description -- -j8 -l8
[1.667s] INFO:colcon.colcon_core.task.python.build:Building Python package in '/home/quim/robotica_ros/P_final/src/frontier_explorer'
[1.669s] INFO:colcon.colcon_core.shell:Skip shell extension 'powershell' for command environment: Not usable outside of PowerShell
[1.669s] DEBUG:colcon.colcon_core.shell:Skip shell extension 'dsv' for command environment
[2.296s] INFO:colcon.colcon_core.task.python.build:Building Python package in '/home/quim/robotica_ros/P_final/src/global_planner'
[2.297s] INFO:colcon.colcon_core.shell:Skip shell extension 'powershell' for command environment: Not usable outside of PowerShell
[2.297s] DEBUG:colcon.colcon_core.shell:Skip shell extension 'dsv' for command environment
[2.968s] INFO:colcon.colcon_core.task.python.build:Building Python package in '/home/quim/robotica_ros/P_final/src/local_planner'
[2.968s] INFO:colcon.colcon_core.shell:Skip shell extension 'powershell' for command environment: Not usable outside of PowerShell
[2.969s] DEBUG:colcon.colcon_core.shell:Skip shell extension 'dsv' for command environment
[3.621s] INFO:colcon.colcon_core.task.python.build:Building Python package in '/home/quim/robotica_ros/P_final/src/rosni_robot'
[3.622s] INFO:colcon.colcon_core.shell:Skip shell extension 'powershell' for command environment: Not usable outside of PowerShell
[3.622s] DEBUG:colcon.colcon_core.shell:Skip shell extension 'dsv' for command environment
[3.636s] DEBUG:colcon.colcon_core.event_handler.log_command:Invoked command in '/home/quim/robotica_ros/P_final/build/rosni2_description' returned '0': CMAKE_PREFIX_PATH=${CMAKE_PREFIX_PATH}:/home/quim/robotica_ros/P_final/install/rosni_robot:/home/quim/robotica_ros/P_final/install/local_planner:/home/quim/robotica_ros/P_final/install/global_planner:/home/quim/robotica_ros/P_final/install/frontier_explorer:/opt/ros/humble /usr/bin/cmake --build /home/quim/robotica_ros/P_final/build/rosni2_description -- -j8 -l8
[3.735s] DEBUG:colcon.colcon_core.event_handler.log_command:Invoking command in '/home/quim/robotica_ros/P_final/build/rosni2_description': CMAKE_PREFIX_PATH=${CMAKE_PREFIX_PATH}:/home/quim/robotica_ros/P_final/install/rosni_robot:/home/quim/robotica_ros/P_final/install/local_planner:/home/quim/robotica_ros/P_final/install/global_planner:/home/quim/robotica_ros/P_final/install/frontier_explorer:/opt/ros/humble /usr/bin/cmake --install /home/quim/robotica_ros/P_final/build/rosni2_description
[3.784s] Level 1:colcon.colcon_core.environment:create_environment_scripts_only(rosni2_description)
[3.813s] Level 1:colcon.colcon_core.environment:checking '/home/quim/robotica_ros/P_final/install/rosni2_description' for CMake module files
[3.815s] Level 1:colcon.colcon_core.environment:checking '/home/quim/robotica_ros/P_final/install/rosni2_description' for CMake config files
[3.816s] Level 1:colcon.colcon_core.shell:create_environment_hook('rosni2_description', 'cmake_prefix_path')
[3.820s] INFO:colcon.colcon_core.shell:Creating environment hook '/home/quim/robotica_ros/P_final/install/rosni2_description/share/rosni2_description/hook/cmake_prefix_path.ps1'
[3.832s] DEBUG:colcon.colcon_core.event_handler.log_command:Invoked command in '/home/quim/robotica_ros/P_final/build/rosni2_description' returned '0': CMAKE_PREFIX_PATH=${CMAKE_PREFIX_PATH}:/home/quim/robotica_ros/P_final/install/rosni_robot:/home/quim/robotica_ros/P_final/install/local_planner:/home/quim/robotica_ros/P_final/install/global_planner:/home/quim/robotica_ros/P_final/install/frontier_explorer:/opt/ros/humble /usr/bin/cmake --install /home/quim/robotica_ros/P_final/build/rosni2_description
[3.835s] INFO:colcon.colcon_core.shell:Creating environment descriptor '/home/quim/robotica_ros/P_final/install/rosni2_description/share/rosni2_description/hook/cmake_prefix_path.dsv'
[3.837s] INFO:colcon.colcon_core.shell:Creating environment hook '/home/quim/robotica_ros/P_final/install/rosni2_description/share/rosni2_description/hook/cmake_prefix_path.sh'
[3.844s] Level 1:colcon.colcon_core.environment:checking '/home/quim/robotica_ros/P_final/install/rosni2_description/bin'
[3.844s] Level 1:colcon.colcon_core.environment:checking '/home/quim/robotica_ros/P_final/install/rosni2_description/lib/pkgconfig/rosni2_description.pc'
[3.847s] Level 1:colcon.colcon_core.environment:checking '/home/quim/robotica_ros/P_final/install/rosni2_description/lib/python3.10/site-packages'
[3.847s] Level 1:colcon.colcon_core.environment:checking '/home/quim/robotica_ros/P_final/install/rosni2_description/bin'
[3.849s] INFO:colcon.colcon_core.shell:Creating package script '/home/quim/robotica_ros/P_final/install/rosni2_description/share/rosni2_description/package.ps1'
[3.854s] INFO:colcon.colcon_core.shell:Creating package descriptor '/home/quim/robotica_ros/P_final/install/rosni2_description/share/rosni2_description/package.dsv'
[3.858s] INFO:colcon.colcon_core.shell:Creating package script '/home/quim/robotica_ros/P_final/install/rosni2_description/share/rosni2_description/package.sh'
[3.861s] INFO:colcon.colcon_core.shell:Creating package script '/home/quim/robotica_ros/P_final/install/rosni2_description/share/rosni2_description/package.bash'
[3.866s] INFO:colcon.colcon_core.shell:Creating package script '/home/quim/robotica_ros/P_final/install/rosni2_description/share/rosni2_description/package.zsh'
[3.869s] Level 1:colcon.colcon_core.environment:create_file_with_runtime_dependencies(/home/quim/robotica_ros/P_final/install/rosni2_description/share/colcon-core/packages/rosni2_description)
[3.958s] Level 1:colcon.colcon_core.environment:create_environment_scripts_only(rosni2_description)
[3.960s] Level 1:colcon.colcon_core.environment:checking '/home/quim/robotica_ros/P_final/install/rosni2_description' for CMake module files
[3.962s] Level 1:colcon.colcon_core.environment:checking '/home/quim/robotica_ros/P_final/install/rosni2_description' for CMake config files
[3.963s] Level 1:colcon.colcon_core.shell:create_environment_hook('rosni2_description', 'cmake_prefix_path')
[3.965s] INFO:colcon.colcon_core.shell:Creating environment hook '/home/quim/robotica_ros/P_final/install/rosni2_description/share/rosni2_description/hook/cmake_prefix_path.ps1'
[3.967s] INFO:colcon.colcon_core.shell:Creating environment descriptor '/home/quim/robotica_ros/P_final/install/rosni2_description/share/rosni2_description/hook/cmake_prefix_path.dsv'
[3.968s] INFO:colcon.colcon_core.shell:Creating environment hook '/home/quim/robotica_ros/P_final/install/rosni2_description/share/rosni2_description/hook/cmake_prefix_path.sh'
[3.972s] Level 1:colcon.colcon_core.environment:checking '/home/quim/robotica_ros/P_final/install/rosni2_description/bin'
[3.973s] Level 1:colcon.colcon_core.environment:checking '/home/quim/robotica_ros/P_final/install/rosni2_description/lib/pkgconfig/rosni2_description.pc'
[3.974s] Level 1:colcon.colcon_core.environment:checking '/home/quim/robotica_ros/P_final/install/rosni2_description/lib/python3.10/site-packages'
[3.976s] Level 1:colcon.colcon_core.environment:checking '/home/quim/robotica_ros/P_final/install/rosni2_description/bin'
[3.978s] INFO:colcon.colcon_core.shell:Creating package script '/home/quim/robotica_ros/P_final/install/rosni2_description/share/rosni2_description/package.ps1'
[3.980s] INFO:colcon.colcon_core.shell:Creating package descriptor '/home/quim/robotica_ros/P_final/install/rosni2_description/share/rosni2_description/package.dsv'
[3.982s] INFO:colcon.colcon_core.shell:Creating package script '/home/quim/robotica_ros/P_final/install/rosni2_description/share/rosni2_description/package.sh'
[3.984s] INFO:colcon.colcon_core.shell:Creating package script '/home/quim/robotica_ros/P_final/install/rosni2_description/share/rosni2_description/package.bash'
[3.989s] INFO:colcon.colcon_core.shell:Creating package script '/home/quim/robotica_ros/P_final/install/rosni2_description/share/rosni2_description/package.zsh'
[3.991s] Level 1:colcon.colcon_core.environment:create_file_with_runtime_dependencies(/home/quim/robotica_ros/P_final/install/rosni2_description/share/colcon-core/packages/rosni2_description)
[3.994s] INFO:colcon.colcon_ros.task.ament_cmake.build:Building ROS package in '/home/quim/robotica_ros/P_final/src/rosni2_gazebo' with build type 'ament_cmake'
[3.995s] INFO:colcon.colcon_cmake.task.cmake.build:Building CMake package in '/home/quim/robotica_ros/P_final/src/rosni2_gazebo'
[3.996s] INFO:colcon.colcon_core.shell:Skip shell extension 'powershell' for command environment: Not usable outside of PowerShell
[3.996s] DEBUG:colcon.colcon_core.shell:Skip shell extension 'dsv' for command environment
[4.039s] DEBUG:colcon.colcon_core.event_handler.log_command:Invoking command in '/home/quim/robotica_ros/P_final/build/rosni2_gazebo': CMAKE_PREFIX_PATH=/home/quim/robotica_ros/P_final/install/rosni2_description:/home/quim/robotica_ros/P_final/install/rosni2_gazebo:/home/quim/robotica_ros/P_final/install/rosni_robot:/home/quim/robotica_ros/P_final/install/local_planner:/home/quim/robotica_ros/P_final/install/global_planner:/home/quim/robotica_ros/P_final/install/frontier_explorer:/opt/ros/humble /usr/bin/cmake --build /home/quim/robotica_ros/P_final/build/rosni2_gazebo -- -j8 -l8
[4.185s] DEBUG:colcon.colcon_core.event_handler.log_command:Invoked command in '/home/quim/robotica_ros/P_final/build/rosni2_gazebo' returned '0': CMAKE_PREFIX_PATH=/home/quim/robotica_ros/P_final/install/rosni2_description:/home/quim/robotica_ros/P_final/install/rosni2_gazebo:/home/quim/robotica_ros/P_final/install/rosni_robot:/home/quim/robotica_ros/P_final/install/local_planner:/home/quim/robotica_ros/P_final/install/global_planner:/home/quim/robotica_ros/P_final/install/frontier_explorer:/opt/ros/humble /usr/bin/cmake --build /home/quim/robotica_ros/P_final/build/rosni2_gazebo -- -j8 -l8
[4.267s] DEBUG:colcon.colcon_core.event_handler.log_command:Invoking command in '/home/quim/robotica_ros/P_final/build/rosni2_gazebo': CMAKE_PREFIX_PATH=/home/quim/robotica_ros/P_final/install/rosni2_description:/home/quim/robotica_ros/P_final/install/rosni2_gazebo:/home/quim/robotica_ros/P_final/install/rosni_robot:/home/quim/robotica_ros/P_final/install/local_planner:/home/quim/robotica_ros/P_final/install/global_planner:/home/quim/robotica_ros/P_final/install/frontier_explorer:/opt/ros/humble /usr/bin/cmake --install /home/quim/robotica_ros/P_final/build/rosni2_gazebo
[4.302s] Level 1:colcon.colcon_core.environment:create_environment_scripts_only(rosni2_gazebo)
[4.304s] Level 1:colcon.colcon_core.environment:checking '/home/quim/robotica_ros/P_final/install/rosni2_gazebo' for CMake module files
[4.308s] Level 1:colcon.colcon_core.environment:checking '/home/quim/robotica_ros/P_final/install/rosni2_gazebo' for CMake config files
[4.311s] Level 1:colcon.colcon_core.shell:create_environment_hook('rosni2_gazebo', 'cmake_prefix_path')
[4.312s] DEBUG:colcon.colcon_core.event_handler.log_command:Invoked command in '/home/quim/robotica_ros/P_final/build/rosni2_gazebo' returned '0': CMAKE_PREFIX_PATH=/home/quim/robotica_ros/P_final/install/rosni2_description:/home/quim/robotica_ros/P_final/install/rosni2_gazebo:/home/quim/robotica_ros/P_final/install/rosni_robot:/home/quim/robotica_ros/P_final/install/local_planner:/home/quim/robotica_ros/P_final/install/global_planner:/home/quim/robotica_ros/P_final/install/frontier_explorer:/opt/ros/humble /usr/bin/cmake --install /home/quim/robotica_ros/P_final/build/rosni2_gazebo
[4.312s] INFO:colcon.colcon_core.shell:Creating environment hook '/home/quim/robotica_ros/P_final/install/rosni2_gazebo/share/rosni2_gazebo/hook/cmake_prefix_path.ps1'
[4.314s] INFO:colcon.colcon_core.shell:Creating environment descriptor '/home/quim/robotica_ros/P_final/install/rosni2_gazebo/share/rosni2_gazebo/hook/cmake_prefix_path.dsv'
[4.314s] INFO:colcon.colcon_core.shell:Creating environment hook '/home/quim/robotica_ros/P_final/install/rosni2_gazebo/share/rosni2_gazebo/hook/cmake_prefix_path.sh'
[4.316s] Level 1:colcon.colcon_core.environment:checking '/home/quim/robotica_ros/P_final/install/rosni2_gazebo/bin'
[4.316s] Level 1:colcon.colcon_core.environment:checking '/home/quim/robotica_ros/P_final/install/rosni2_gazebo/lib/pkgconfig/rosni2_gazebo.pc'
[4.316s] Level 1:colcon.colcon_core.environment:checking '/home/quim/robotica_ros/P_final/install/rosni2_gazebo/lib/python3.10/site-packages'
[4.317s] Level 1:colcon.colcon_core.environment:checking '/home/quim/robotica_ros/P_final/install/rosni2_gazebo/bin'
[4.318s] INFO:colcon.colcon_core.shell:Creating package script '/home/quim/robotica_ros/P_final/install/rosni2_gazebo/share/rosni2_gazebo/package.ps1'
[4.320s] INFO:colcon.colcon_core.shell:Creating package descriptor '/home/quim/robotica_ros/P_final/install/rosni2_gazebo/share/rosni2_gazebo/package.dsv'
[4.328s] INFO:colcon.colcon_core.shell:Creating package script '/home/quim/robotica_ros/P_final/install/rosni2_gazebo/share/rosni2_gazebo/package.sh'
[4.333s] INFO:colcon.colcon_core.shell:Creating package script '/home/quim/robotica_ros/P_final/install/rosni2_gazebo/share/rosni2_gazebo/package.bash'
[4.339s] INFO:colcon.colcon_core.shell:Creating package script '/home/quim/robotica_ros/P_final/install/rosni2_gazebo/share/rosni2_gazebo/package.zsh'
[4.341s] Level 1:colcon.colcon_core.environment:create_file_with_runtime_dependencies(/home/quim/robotica_ros/P_final/install/rosni2_gazebo/share/colcon-core/packages/rosni2_gazebo)
[4.428s] Level 1:colcon.colcon_core.environment:create_environment_scripts_only(rosni2_gazebo)
[4.434s] Level 1:colcon.colcon_core.environment:checking '/home/quim/robotica_ros/P_final/install/rosni2_gazebo' for CMake module files
[4.438s] Level 1:colcon.colcon_core.environment:checking '/home/quim/robotica_ros/P_final/install/rosni2_gazebo' for CMake config files
[4.443s] Level 1:colcon.colcon_core.shell:create_environment_hook('rosni2_gazebo', 'cmake_prefix_path')
[4.445s] INFO:colcon.colcon_core.shell:Creating environment hook '/home/quim/robotica_ros/P_final/install/rosni2_gazebo/share/rosni2_gazebo/hook/cmake_prefix_path.ps1'
[4.448s] INFO:colcon.colcon_core.shell:Creating environment descriptor '/home/quim/robotica_ros/P_final/install/rosni2_gazebo/share/rosni2_gazebo/hook/cmake_prefix_path.dsv'
[4.450s] INFO:colcon.colcon_core.shell:Creating environment hook '/home/quim/robotica_ros/P_final/install/rosni2_gazebo/share/rosni2_gazebo/hook/cmake_prefix_path.sh'
[4.451s] Level 1:colcon.colcon_core.environment:checking '/home/quim/robotica_ros/P_final/install/rosni2_gazebo/bin'
[4.452s] Level 1:colcon.colcon_core.environment:checking '/home/quim/robotica_ros/P_final/install/rosni2_gazebo/lib/pkgconfig/rosni2_gazebo.pc'
[4.453s] Level 1:colcon.colcon_core.environment:checking '/home/quim/robotica_ros/P_final/install/rosni2_gazebo/lib/python3.10/site-packages'
[4.454s] Level 1:colcon.colcon_core.environment:checking '/home/quim/robotica_ros/P_final/install/rosni2_gazebo/bin'
[4.455s] INFO:colcon.colcon_core.shell:Creating package script '/home/quim/robotica_ros/P_final/install/rosni2_gazebo/share/rosni2_gazebo/package.ps1'
[4.459s] INFO:colcon.colcon_core.shell:Creating package descriptor '/home/quim/robotica_ros/P_final/install/rosni2_gazebo/share/rosni2_gazebo/package.dsv'
[4.462s] INFO:colcon.colcon_core.shell:Creating package script '/home/quim/robotica_ros/P_final/install/rosni2_gazebo/share/rosni2_gazebo/package.sh'
[4.466s] INFO:colcon.colcon_core.shell:Creating package script '/home/quim/robotica_ros/P_final/install/rosni2_gazebo/share/rosni2_gazebo/package.bash'
[4.468s] INFO:colcon.colcon_core.shell:Creating package script '/home/quim/robotica_ros/P_final/install/rosni2_gazebo/share/rosni2_gazebo/package.zsh'
[4.470s] Level 1:colcon.colcon_core.environment:create_file_with_runtime_dependencies(/home/quim/robotica_ros/P_final/install/rosni2_gazebo/share/colcon-core/packages/rosni2_gazebo)
[5.058s] DEBUG:colcon.colcon_core.event_handler.log_command:Invoking command in '/home/quim/robotica_ros/P_final/src/global_planner': PYTHONPATH=/home/quim/robotica_ros/P_final/build/global_planner/prefix_override:/usr/lib/python3/dist-packages/colcon_core/task/python/colcon_distutils_commands:/home/quim/robotica_ros/P_final/install/global_planner/lib/python3.10/site-packages:${PYTHONPATH} /usr/bin/python3 -W ignore:setup.py install is deprecated setup.py egg_info --egg-base ../../build/global_planner build --build-base /home/quim/robotica_ros/P_final/build/global_planner/build install --record /home/quim/robotica_ros/P_final/build/global_planner/install.log --single-version-externally-managed install_data
[5.131s] DEBUG:colcon.colcon_core.event_handler.log_command:Invoking command in '/home/quim/robotica_ros/P_final/src/local_planner': PYTHONPATH=/home/quim/robotica_ros/P_final/build/local_planner/prefix_override:/usr/lib/python3/dist-packages/colcon_core/task/python/colcon_distutils_commands:/home/quim/robotica_ros/P_final/install/local_planner/lib/python3.10/site-packages:${PYTHONPATH} /usr/bin/python3 -W ignore:setup.py install is deprecated setup.py egg_info --egg-base ../../build/local_planner build --build-base /home/quim/robotica_ros/P_final/build/local_planner/build install --record /home/quim/robotica_ros/P_final/build/local_planner/install.log --single-version-externally-managed install_data
[5.146s] DEBUG:colcon.colcon_core.event_handler.log_command:Invoking command in '/home/quim/robotica_ros/P_final/src/frontier_explorer': PYTHONPATH=/home/quim/robotica_ros/P_final/build/frontier_explorer/prefix_override:/usr/lib/python3/dist-packages/colcon_core/task/python/colcon_distutils_commands:/home/quim/robotica_ros/P_final/install/frontier_explorer/lib/python3.10/site-packages:${PYTHONPATH} /usr/bin/python3 -W ignore:setup.py install is deprecated setup.py egg_info --egg-base ../../build/frontier_explorer build --build-base /home/quim/robotica_ros/P_final/build/frontier_explorer/build install --record /home/quim/robotica_ros/P_final/build/frontier_explorer/install.log --single-version-externally-managed install_data
[5.237s] DEBUG:colcon.colcon_core.event_handler.log_command:Invoking command in '/home/quim/robotica_ros/P_final/src/rosni_robot': PYTHONPATH=/home/quim/robotica_ros/P_final/build/rosni_robot/prefix_override:/usr/lib/python3/dist-packages/colcon_core/task/python/colcon_distutils_commands:/home/quim/robotica_ros/P_final/install/rosni_robot/lib/python3.10/site-packages:${PYTHONPATH} /usr/bin/python3 -W ignore:setup.py install is deprecated setup.py egg_info --egg-base ../../build/rosni_robot build --build-base /home/quim/robotica_ros/P_final/build/rosni_robot/build install --record /home/quim/robotica_ros/P_final/build/rosni_robot/install.log --single-version-externally-managed install_data
[6.155s] Level 1:colcon.colcon_core.environment:checking '/home/quim/robotica_ros/P_final/install/global_planner' for CMake module files
[6.157s] DEBUG:colcon.colcon_core.event_handler.log_command:Invoked command in '/home/quim/robotica_ros/P_final/src/global_planner' returned '0': PYTHONPATH=/home/quim/robotica_ros/P_final/build/global_planner/prefix_override:/usr/lib/python3/dist-packages/colcon_core/task/python/colcon_distutils_commands:/home/quim/robotica_ros/P_final/install/global_planner/lib/python3.10/site-packages:${PYTHONPATH} /usr/bin/python3 -W ignore:setup.py install is deprecated setup.py egg_info --egg-base ../../build/global_planner build --build-base /home/quim/robotica_ros/P_final/build/global_planner/build install --record /home/quim/robotica_ros/P_final/build/global_planner/install.log --single-version-externally-managed install_data
[6.161s] Level 1:colcon.colcon_core.environment:checking '/home/quim/robotica_ros/P_final/install/global_planner' for CMake config files
[6.165s] Level 1:colcon.colcon_core.environment:checking '/home/quim/robotica_ros/P_final/install/global_planner/lib'
[6.167s] Level 1:colcon.colcon_core.environment:checking '/home/quim/robotica_ros/P_final/install/global_planner/bin'
[6.168s] Level 1:colcon.colcon_core.environment:checking '/home/quim/robotica_ros/P_final/install/global_planner/lib/pkgconfig/global_planner.pc'
[6.169s] Level 1:colcon.colcon_core.environment:checking '/home/quim/robotica_ros/P_final/install/global_planner/lib/python3.10/site-packages'
[6.170s] Level 1:colcon.colcon_core.shell:create_environment_hook('global_planner', 'pythonpath')
[6.172s] INFO:colcon.colcon_core.shell:Creating environment hook '/home/quim/robotica_ros/P_final/install/global_planner/share/global_planner/hook/pythonpath.ps1'
[6.175s] INFO:colcon.colcon_core.shell:Creating environment descriptor '/home/quim/robotica_ros/P_final/install/global_planner/share/global_planner/hook/pythonpath.dsv'
[6.177s] INFO:colcon.colcon_core.shell:Creating environment hook '/home/quim/robotica_ros/P_final/install/global_planner/share/global_planner/hook/pythonpath.sh'
[6.182s] Level 1:colcon.colcon_core.environment:checking '/home/quim/robotica_ros/P_final/install/global_planner/bin'
[6.182s] Level 1:colcon.colcon_core.environment:create_environment_scripts_only(global_planner)
[6.185s] INFO:colcon.colcon_core.shell:Creating package script '/home/quim/robotica_ros/P_final/install/global_planner/share/global_planner/package.ps1'
[6.188s] INFO:colcon.colcon_core.shell:Creating package descriptor '/home/quim/robotica_ros/P_final/install/global_planner/share/global_planner/package.dsv'
[6.191s] INFO:colcon.colcon_core.shell:Creating package script '/home/quim/robotica_ros/P_final/install/global_planner/share/global_planner/package.sh'
[6.194s] INFO:colcon.colcon_core.shell:Creating package script '/home/quim/robotica_ros/P_final/install/global_planner/share/global_planner/package.bash'
[6.197s] INFO:colcon.colcon_core.shell:Creating package script '/home/quim/robotica_ros/P_final/install/global_planner/share/global_planner/package.zsh'
[6.199s] Level 1:colcon.colcon_core.environment:create_file_with_runtime_dependencies(/home/quim/robotica_ros/P_final/install/global_planner/share/colcon-core/packages/global_planner)
[6.227s] Level 1:colcon.colcon_core.environment:checking '/home/quim/robotica_ros/P_final/install/local_planner' for CMake module files
[6.230s] Level 1:colcon.colcon_core.environment:checking '/home/quim/robotica_ros/P_final/install/local_planner' for CMake config files
[6.232s] DEBUG:colcon.colcon_core.event_handler.log_command:Invoked command in '/home/quim/robotica_ros/P_final/src/local_planner' returned '0': PYTHONPATH=/home/quim/robotica_ros/P_final/build/local_planner/prefix_override:/usr/lib/python3/dist-packages/colcon_core/task/python/colcon_distutils_commands:/home/quim/robotica_ros/P_final/install/local_planner/lib/python3.10/site-packages:${PYTHONPATH} /usr/bin/python3 -W ignore:setup.py install is deprecated setup.py egg_info --egg-base ../../build/local_planner build --build-base /home/quim/robotica_ros/P_final/build/local_planner/build install --record /home/quim/robotica_ros/P_final/build/local_planner/install.log --single-version-externally-managed install_data
[6.234s] Level 1:colcon.colcon_core.environment:checking '/home/quim/robotica_ros/P_final/install/local_planner/lib'
[6.235s] Level 1:colcon.colcon_core.environment:checking '/home/quim/robotica_ros/P_final/install/local_planner/bin'
[6.235s] Level 1:colcon.colcon_core.environment:checking '/home/quim/robotica_ros/P_final/install/local_planner/lib/pkgconfig/local_planner.pc'
[6.236s] Level 1:colcon.colcon_core.environment:checking '/home/quim/robotica_ros/P_final/install/local_planner/lib/python3.10/site-packages'
[6.237s] Level 1:colcon.colcon_core.shell:create_environment_hook('local_planner', 'pythonpath')
[6.238s] INFO:colcon.colcon_core.shell:Creating environment hook '/home/quim/robotica_ros/P_final/install/local_planner/share/local_planner/hook/pythonpath.ps1'
[6.241s] INFO:colcon.colcon_core.shell:Creating environment descriptor '/home/quim/robotica_ros/P_final/install/local_planner/share/local_planner/hook/pythonpath.dsv'
[6.245s] INFO:colcon.colcon_core.shell:Creating environment hook '/home/quim/robotica_ros/P_final/install/local_planner/share/local_planner/hook/pythonpath.sh'
[6.249s] Level 1:colcon.colcon_core.environment:checking '/home/quim/robotica_ros/P_final/install/local_planner/bin'
[6.249s] Level 1:colcon.colcon_core.environment:create_environment_scripts_only(local_planner)
[6.251s] INFO:colcon.colcon_core.shell:Creating package script '/home/quim/robotica_ros/P_final/install/local_planner/share/local_planner/package.ps1'
[6.256s] INFO:colcon.colcon_core.shell:Creating package descriptor '/home/quim/robotica_ros/P_final/install/local_planner/share/local_planner/package.dsv'
[6.260s] INFO:colcon.colcon_core.shell:Creating package script '/home/quim/robotica_ros/P_final/install/local_planner/share/local_planner/package.sh'
[6.264s] INFO:colcon.colcon_core.shell:Creating package script '/home/quim/robotica_ros/P_final/install/local_planner/share/local_planner/package.bash'
[6.266s] INFO:colcon.colcon_core.shell:Creating package script '/home/quim/robotica_ros/P_final/install/local_planner/share/local_planner/package.zsh'
[6.267s] Level 1:colcon.colcon_core.environment:create_file_with_runtime_dependencies(/home/quim/robotica_ros/P_final/install/local_planner/share/colcon-core/packages/local_planner)
[6.328s] Level 1:colcon.colcon_core.environment:checking '/home/quim/robotica_ros/P_final/install/rosni_robot' for CMake module files
[6.330s] DEBUG:colcon.colcon_core.event_handler.log_command:Invoked command in '/home/quim/robotica_ros/P_final/src/rosni_robot' returned '0': PYTHONPATH=/home/quim/robotica_ros/P_final/build/rosni_robot/prefix_override:/usr/lib/python3/dist-packages/colcon_core/task/python/colcon_distutils_commands:/home/quim/robotica_ros/P_final/install/rosni_robot/lib/python3.10/site-packages:${PYTHONPATH} /usr/bin/python3 -W ignore:setup.py install is deprecated setup.py egg_info --egg-base ../../build/rosni_robot build --build-base /home/quim/robotica_ros/P_final/build/rosni_robot/build install --record /home/quim/robotica_ros/P_final/build/rosni_robot/install.log --single-version-externally-managed install_data
[6.331s] Level 1:colcon.colcon_core.environment:checking '/home/quim/robotica_ros/P_final/install/rosni_robot' for CMake config files
[6.333s] Level 1:colcon.colcon_core.environment:checking '/home/quim/robotica_ros/P_final/install/rosni_robot/lib'
[6.333s] Level 1:colcon.colcon_core.environment:checking '/home/quim/robotica_ros/P_final/install/rosni_robot/bin'
[6.333s] Level 1:colcon.colcon_core.environment:checking '/home/quim/robotica_ros/P_final/install/rosni_robot/lib/pkgconfig/rosni_robot.pc'
[6.334s] Level 1:colcon.colcon_core.environment:checking '/home/quim/robotica_ros/P_final/install/rosni_robot/lib/python3.10/site-packages'
[6.334s] Level 1:colcon.colcon_core.shell:create_environment_hook('rosni_robot', 'pythonpath')
[6.336s] INFO:colcon.colcon_core.shell:Creating environment hook '/home/quim/robotica_ros/P_final/install/rosni_robot/share/rosni_robot/hook/pythonpath.ps1'
[6.338s] INFO:colcon.colcon_core.shell:Creating environment descriptor '/home/quim/robotica_ros/P_final/install/rosni_robot/share/rosni_robot/hook/pythonpath.dsv'
[6.341s] INFO:colcon.colcon_core.shell:Creating environment hook '/home/quim/robotica_ros/P_final/install/rosni_robot/share/rosni_robot/hook/pythonpath.sh'
[6.343s] Level 1:colcon.colcon_core.environment:checking '/home/quim/robotica_ros/P_final/install/rosni_robot/bin'
[6.344s] Level 1:colcon.colcon_core.environment:create_environment_scripts_only(rosni_robot)
[6.346s] INFO:colcon.colcon_core.shell:Creating package script '/home/quim/robotica_ros/P_final/install/rosni_robot/share/rosni_robot/package.ps1'
[6.350s] INFO:colcon.colcon_core.shell:Creating package descriptor '/home/quim/robotica_ros/P_final/install/rosni_robot/share/rosni_robot/package.dsv'
[6.352s] INFO:colcon.colcon_core.shell:Creating package script '/home/quim/robotica_ros/P_final/install/rosni_robot/share/rosni_robot/package.sh'
[6.355s] INFO:colcon.colcon_core.shell:Creating package script '/home/quim/robotica_ros/P_final/install/rosni_robot/share/rosni_robot/package.bash'
[6.357s] INFO:colcon.colcon_core.shell:Creating package script '/home/quim/robotica_ros/P_final/install/rosni_robot/share/rosni_robot/package.zsh'
[6.357s] Level 1:colcon.colcon_core.environment:create_file_with_runtime_dependencies(/home/quim/robotica_ros/P_final/install/rosni_robot/share/colcon-core/packages/rosni_robot)
[6.360s] Level 1:colcon.colcon_core.environment:checking '/home/quim/robotica_ros/P_final/install/frontier_explorer' for CMake module files
[6.361s] Level 1:colcon.colcon_core.environment:checking '/home/quim/robotica_ros/P_final/install/frontier_explorer' for CMake config files
[6.362s] DEBUG:colcon.colcon_core.event_handler.log_command:Invoked command in '/home/quim/robotica_ros/P_final/src/frontier_explorer' returned '0': PYTHONPATH=/home/quim/robotica_ros/P_final/build/frontier_explorer/prefix_override:/usr/lib/python3/dist-packages/colcon_core/task/python/colcon_distutils_commands:/home/quim/robotica_ros/P_final/install/frontier_explorer/lib/python3.10/site-packages:${PYTHONPATH} /usr/bin/python3 -W ignore:setup.py install is deprecated setup.py egg_info --egg-base ../../build/frontier_explorer build --build-base /home/quim/robotica_ros/P_final/build/frontier_explorer/build install --record /home/quim/robotica_ros/P_final/build/frontier_explorer/install.log --single-version-externally-managed install_data
[6.363s] Level 1:colcon.colcon_core.environment:checking '/home/quim/robotica_ros/P_final/install/frontier_explorer/lib'
[6.363s] Level 1:colcon.colcon_core.environment:checking '/home/quim/robotica_ros/P_final/install/frontier_explorer/bin'
[6.363s] Level 1:colcon.colcon_core.environment:checking '/home/quim/robotica_ros/P_final/install/frontier_explorer/lib/pkgconfig/frontier_explorer.pc'
[6.363s] Level 1:colcon.colcon_core.environment:checking '/home/quim/robotica_ros/P_final/install/frontier_explorer/lib/python3.10/site-packages'
[6.363s] Level 1:colcon.colcon_core.shell:create_environment_hook('frontier_explorer', 'pythonpath')
[6.364s] INFO:colcon.colcon_core.shell:Creating environment hook '/home/quim/robotica_ros/P_final/install/frontier_explorer/share/frontier_explorer/hook/pythonpath.ps1'
[6.364s] INFO:colcon.colcon_core.shell:Creating environment descriptor '/home/quim/robotica_ros/P_final/install/frontier_explorer/share/frontier_explorer/hook/pythonpath.dsv'
[6.365s] INFO:colcon.colcon_core.shell:Creating environment hook '/home/quim/robotica_ros/P_final/install/frontier_explorer/share/frontier_explorer/hook/pythonpath.sh'
[6.366s] Level 1:colcon.colcon_core.environment:checking '/home/quim/robotica_ros/P_final/install/frontier_explorer/bin'
[6.366s] Level 1:colcon.colcon_core.environment:create_environment_scripts_only(frontier_explorer)
[6.366s] INFO:colcon.colcon_core.shell:Creating package script '/home/quim/robotica_ros/P_final/install/frontier_explorer/share/frontier_explorer/package.ps1'
[6.367s] INFO:colcon.colcon_core.shell:Creating package descriptor '/home/quim/robotica_ros/P_final/install/frontier_explorer/share/frontier_explorer/package.dsv'
[6.370s] INFO:colcon.colcon_core.shell:Creating package script '/home/quim/robotica_ros/P_final/install/frontier_explorer/share/frontier_explorer/package.sh'
[6.372s] INFO:colcon.colcon_core.shell:Creating package script '/home/quim/robotica_ros/P_final/install/frontier_explorer/share/frontier_explorer/package.bash'
[6.373s] INFO:colcon.colcon_core.shell:Creating package script '/home/quim/robotica_ros/P_final/install/frontier_explorer/share/frontier_explorer/package.zsh'
[6.374s] Level 1:colcon.colcon_core.environment:create_file_with_runtime_dependencies(/home/quim/robotica_ros/P_final/install/frontier_explorer/share/colcon-core/packages/frontier_explorer)
[6.375s] DEBUG:colcon.colcon_parallel_executor.executor.parallel:closing loop
[6.375s] DEBUG:colcon.colcon_parallel_executor.executor.parallel:loop closed
[6.376s] DEBUG:colcon.colcon_parallel_executor.executor.parallel:run_until_complete finished with '0'
[6.376s] DEBUG:colcon.colcon_core.event_reactor:joining thread
[6.392s] INFO:colcon.colcon_core.plugin_system:Skipping extension 'colcon_notification.desktop_notification.terminal_notifier': Not used on non-Darwin systems
[6.392s] INFO:colcon.colcon_core.plugin_system:Skipping extension 'colcon_notification.desktop_notification.win32': Not used on non-Windows systems
[6.392s] INFO:colcon.colcon_notification.desktop_notification:Sending desktop notification using 'notify2'
[6.416s] DEBUG:colcon.colcon_core.event_reactor:joined thread
[6.417s] INFO:colcon.colcon_core.shell:Creating prefix script '/home/quim/robotica_ros/P_final/install/local_setup.ps1'
[6.419s] INFO:colcon.colcon_core.shell:Creating prefix util module '/home/quim/robotica_ros/P_final/install/_local_setup_util_ps1.py'
[6.426s] INFO:colcon.colcon_core.shell:Creating prefix chain script '/home/quim/robotica_ros/P_final/install/setup.ps1'
[6.430s] INFO:colcon.colcon_core.shell:Creating prefix script '/home/quim/robotica_ros/P_final/install/local_setup.sh'
[6.432s] INFO:colcon.colcon_core.shell:Creating prefix util module '/home/quim/robotica_ros/P_final/install/_local_setup_util_sh.py'
[6.435s] INFO:colcon.colcon_core.shell:Creating prefix chain script '/home/quim/robotica_ros/P_final/install/setup.sh'
[6.438s] INFO:colcon.colcon_core.shell:Creating prefix script '/home/quim/robotica_ros/P_final/install/local_setup.bash'
[6.440s] INFO:colcon.colcon_core.shell:Creating prefix chain script '/home/quim/robotica_ros/P_final/install/setup.bash'
[6.446s] INFO:colcon.colcon_core.shell:Creating prefix script '/home/quim/robotica_ros/P_final/install/local_setup.zsh'
[6.448s] INFO:colcon.colcon_core.shell:Creating prefix chain script '/home/quim/robotica_ros/P_final/install/setup.zsh'
