[5.943s] Invoking command in '/home/quim/robotica_ros/P_final/src/local_planner': PYTHONPATH=/home/quim/robotica_ros/P_final/build/local_planner/prefix_override:/usr/lib/python3/dist-packages/colcon_core/task/python/colcon_distutils_commands:/home/quim/robotica_ros/P_final/install/local_planner/lib/python3.10/site-packages:${PYTHONPATH} /usr/bin/python3 -W ignore:setup.py install is deprecated setup.py egg_info --egg-base ../../build/local_planner build --build-base /home/quim/robotica_ros/P_final/build/local_planner/build install --record /home/quim/robotica_ros/P_final/build/local_planner/install.log --single-version-externally-managed install_data
[7.311s] running egg_info
[7.313s] writing ../../build/local_planner/local_planner.egg-info/PKG-INFO
[7.315s] writing dependency_links to ../../build/local_planner/local_planner.egg-info/dependency_links.txt
[7.315s] writing entry points to ../../build/local_planner/local_planner.egg-info/entry_points.txt
[7.316s] writing requirements to ../../build/local_planner/local_planner.egg-info/requires.txt
[7.316s] writing top-level names to ../../build/local_planner/local_planner.egg-info/top_level.txt
[7.327s] reading manifest file '../../build/local_planner/local_planner.egg-info/SOURCES.txt'
[7.329s] writing manifest file '../../build/local_planner/local_planner.egg-info/SOURCES.txt'
[7.331s] running build
[7.333s] running build_py
[7.333s] running install
[7.334s] running install_lib
[7.338s] running install_data
[7.340s] running install_egg_info
[7.345s] removing '/home/quim/robotica_ros/P_final/install/local_planner/lib/python3.10/site-packages/local_planner-0.0.0-py3.10.egg-info' (and everything under it)
[7.346s] Copying ../../build/local_planner/local_planner.egg-info to /home/quim/robotica_ros/P_final/install/local_planner/lib/python3.10/site-packages/local_planner-0.0.0-py3.10.egg-info
[7.349s] running install_scripts
[7.439s] Installing local_planner_node script to /home/quim/robotica_ros/P_final/install/local_planner/lib/local_planner
[7.441s] writing list of installed files to '/home/quim/robotica_ros/P_final/build/local_planner/install.log'
[7.570s] Invoked command in '/home/quim/robotica_ros/P_final/src/local_planner' returned '0': PYTHONPATH=/home/quim/robotica_ros/P_final/build/local_planner/prefix_override:/usr/lib/python3/dist-packages/colcon_core/task/python/colcon_distutils_commands:/home/quim/robotica_ros/P_final/install/local_planner/lib/python3.10/site-packages:${PYTHONPATH} /usr/bin/python3 -W ignore:setup.py install is deprecated setup.py egg_info --egg-base ../../build/local_planner build --build-base /home/quim/robotica_ros/P_final/build/local_planner/build install --record /home/quim/robotica_ros/P_final/build/local_planner/install.log --single-version-externally-managed install_data
