-- Install configuration: ""
-- Up-to-date: /home/quim/robotica_ros/P_final/install/rosni2_gazebo/share/rosni2_gazebo/launch
-- Up-to-date: /home/quim/robotica_ros/P_final/install/rosni2_gazebo/share/rosni2_gazebo/launch/key_teleop.launch.py
-- Up-to-date: /home/quim/robotica_ros/P_final/install/rosni2_gazebo/share/rosni2_gazebo/launch/rosni_slam.launch.py
-- Up-to-date: /home/quim/robotica_ros/P_final/install/rosni2_gazebo/share/rosni2_gazebo/launch/rosni_gazebo.launch.py
-- Up-to-date: /home/quim/robotica_ros/P_final/install/rosni2_gazebo/share/rosni2_gazebo/config
-- Up-to-date: /home/quim/robotica_ros/P_final/install/rosni2_gazebo/share/rosni2_gazebo/config/rviz2
-- Installing: /home/quim/robotica_ros/P_final/install/rosni2_gazebo/share/rosni2_gazebo/config/rviz2/navigation.rviz
-- Up-to-date: /home/quim/robotica_ros/P_final/install/rosni2_gazebo/share/rosni2_gazebo/worlds
-- Up-to-date: /home/quim/robotica_ros/P_final/install/rosni2_gazebo/share/rosni2_gazebo/worlds/maze.world
-- Up-to-date: /home/quim/robotica_ros/P_final/install/rosni2_gazebo/share/rosni2_gazebo/worlds/empty.world
-- Up-to-date: /home/quim/robotica_ros/P_final/install/rosni2_gazebo/share/ament_index/resource_index/package_run_dependencies/rosni2_gazebo
-- Up-to-date: /home/quim/robotica_ros/P_final/install/rosni2_gazebo/share/ament_index/resource_index/parent_prefix_path/rosni2_gazebo
-- Up-to-date: /home/quim/robotica_ros/P_final/install/rosni2_gazebo/share/rosni2_gazebo/environment/ament_prefix_path.sh
-- Up-to-date: /home/quim/robotica_ros/P_final/install/rosni2_gazebo/share/rosni2_gazebo/environment/ament_prefix_path.dsv
-- Up-to-date: /home/quim/robotica_ros/P_final/install/rosni2_gazebo/share/rosni2_gazebo/environment/path.sh
-- Up-to-date: /home/quim/robotica_ros/P_final/install/rosni2_gazebo/share/rosni2_gazebo/environment/path.dsv
-- Up-to-date: /home/quim/robotica_ros/P_final/install/rosni2_gazebo/share/rosni2_gazebo/local_setup.bash
-- Up-to-date: /home/quim/robotica_ros/P_final/install/rosni2_gazebo/share/rosni2_gazebo/local_setup.sh
-- Up-to-date: /home/quim/robotica_ros/P_final/install/rosni2_gazebo/share/rosni2_gazebo/local_setup.zsh
-- Up-to-date: /home/quim/robotica_ros/P_final/install/rosni2_gazebo/share/rosni2_gazebo/local_setup.dsv
-- Installing: /home/quim/robotica_ros/P_final/install/rosni2_gazebo/share/rosni2_gazebo/package.dsv
-- Up-to-date: /home/quim/robotica_ros/P_final/install/rosni2_gazebo/share/ament_index/resource_index/packages/rosni2_gazebo
-- Up-to-date: /home/quim/robotica_ros/P_final/install/rosni2_gazebo/share/rosni2_gazebo/cmake/rosni2_gazeboConfig.cmake
-- Up-to-date: /home/quim/robotica_ros/P_final/install/rosni2_gazebo/share/rosni2_gazebo/cmake/rosni2_gazeboConfig-version.cmake
-- Up-to-date: /home/quim/robotica_ros/P_final/install/rosni2_gazebo/share/rosni2_gazebo/package.xml
