[0.270s] DEBUG:colcon:Command line arguments: ['/usr/bin/colcon', 'build']
[0.270s] DEBUG:colcon:Parsed command line arguments: Namespace(log_base=None, log_level=None, verb_name='build', build_base='build', install_base='install', merge_install=False, symlink_install=False, test_result_base=None, continue_on_error=False, executor='parallel', parallel_workers=8, event_handlers=None, ignore_user_meta=False, metas=['./colcon.meta'], base_paths=['.'], packages_ignore=None, packages_ignore_regex=None, paths=None, packages_up_to=None, packages_up_to_regex=None, packages_above=None, packages_above_and_dependencies=None, packages_above_depth=None, packages_select_by_dep=None, packages_skip_by_dep=None, packages_skip_up_to=None, packages_select_build_failed=False, packages_skip_build_finished=False, packages_select_test_failures=False, packages_skip_test_passed=False, packages_select=None, packages_skip=None, packages_select_regex=None, packages_skip_regex=None, packages_start=None, packages_end=None, allow_overriding=[], cmake_args=None, cmake_target=None, cmake_target_skip_unavailable=False, cmake_clean_cache=False, cmake_clean_first=False, cmake_force_configure=False, ament_cmake_args=None, catkin_cmake_args=None, catkin_skip_building_tests=False, mixin_files=None, mixin=None, verb_parser=<colcon_mixin.mixin.mixin_argument.MixinArgumentDecorator object at 0x7db450ededa0>, verb_extension=<colcon_core.verb.build.BuildVerb object at 0x7db450fc7550>, main=<bound method BuildVerb.main of <colcon_core.verb.build.BuildVerb object at 0x7db450fc7550>>, mixin_verb=('build',))
[0.691s] Level 1:colcon.colcon_core.package_discovery:discover_packages(colcon_meta) check parameters
[0.691s] Level 1:colcon.colcon_core.package_discovery:discover_packages(recursive) check parameters
[0.691s] Level 1:colcon.colcon_core.package_discovery:discover_packages(ignore) check parameters
[0.692s] Level 1:colcon.colcon_core.package_discovery:discover_packages(path) check parameters
[0.692s] Level 1:colcon.colcon_core.package_discovery:discover_packages(colcon_meta) discover
[0.692s] Level 1:colcon.colcon_core.package_discovery:discover_packages(recursive) discover
[0.692s] INFO:colcon.colcon_core.package_discovery:Crawling recursively for packages in '/home/quim/robotica_ros/P_final'
[0.692s] Level 1:colcon.colcon_core.package_identification:_identify(.) by extensions ['ignore', 'ignore_ament_install']
[0.692s] Level 1:colcon.colcon_core.package_identification:_identify(.) by extension 'ignore'
[0.692s] Level 1:colcon.colcon_core.package_identification:_identify(.) by extension 'ignore_ament_install'
[0.692s] Level 1:colcon.colcon_core.package_identification:_identify(.) by extensions ['colcon_pkg']
[0.692s] Level 1:colcon.colcon_core.package_identification:_identify(.) by extension 'colcon_pkg'
[0.692s] Level 1:colcon.colcon_core.package_identification:_identify(.) by extensions ['colcon_meta']
[0.692s] Level 1:colcon.colcon_core.package_identification:_identify(.) by extension 'colcon_meta'
[0.692s] Level 1:colcon.colcon_core.package_identification:_identify(.) by extensions ['ros']
[0.692s] Level 1:colcon.colcon_core.package_identification:_identify(.) by extension 'ros'
[0.719s] Level 1:colcon.colcon_core.package_identification:_identify(.) by extensions ['cmake', 'python']
[0.720s] Level 1:colcon.colcon_core.package_identification:_identify(.) by extension 'cmake'
[0.720s] Level 1:colcon.colcon_core.package_identification:_identify(.) by extension 'python'
[0.720s] Level 1:colcon.colcon_core.package_identification:_identify(.) by extensions ['python_setup_py']
[0.720s] Level 1:colcon.colcon_core.package_identification:_identify(.) by extension 'python_setup_py'
[0.720s] Level 1:colcon.colcon_core.package_identification:_identify(build) by extensions ['ignore', 'ignore_ament_install']
[0.720s] Level 1:colcon.colcon_core.package_identification:_identify(build) by extension 'ignore'
[0.720s] Level 1:colcon.colcon_core.package_identification:_identify(build) ignored
[0.721s] Level 1:colcon.colcon_core.package_identification:_identify(install) by extensions ['ignore', 'ignore_ament_install']
[0.721s] Level 1:colcon.colcon_core.package_identification:_identify(install) by extension 'ignore'
[0.721s] Level 1:colcon.colcon_core.package_identification:_identify(install) ignored
[0.721s] Level 1:colcon.colcon_core.package_identification:_identify(log) by extensions ['ignore', 'ignore_ament_install']
[0.721s] Level 1:colcon.colcon_core.package_identification:_identify(log) by extension 'ignore'
[0.722s] Level 1:colcon.colcon_core.package_identification:_identify(log) ignored
[0.722s] Level 1:colcon.colcon_core.package_identification:_identify(src) by extensions ['ignore', 'ignore_ament_install']
[0.722s] Level 1:colcon.colcon_core.package_identification:_identify(src) by extension 'ignore'
[0.722s] Level 1:colcon.colcon_core.package_identification:_identify(src) by extension 'ignore_ament_install'
[0.722s] Level 1:colcon.colcon_core.package_identification:_identify(src) by extensions ['colcon_pkg']
[0.722s] Level 1:colcon.colcon_core.package_identification:_identify(src) by extension 'colcon_pkg'
[0.722s] Level 1:colcon.colcon_core.package_identification:_identify(src) by extensions ['colcon_meta']
[0.722s] Level 1:colcon.colcon_core.package_identification:_identify(src) by extension 'colcon_meta'
[0.722s] Level 1:colcon.colcon_core.package_identification:_identify(src) by extensions ['ros']
[0.722s] Level 1:colcon.colcon_core.package_identification:_identify(src) by extension 'ros'
[0.722s] Level 1:colcon.colcon_core.package_identification:_identify(src) by extensions ['cmake', 'python']
[0.722s] Level 1:colcon.colcon_core.package_identification:_identify(src) by extension 'cmake'
[0.722s] Level 1:colcon.colcon_core.package_identification:_identify(src) by extension 'python'
[0.723s] Level 1:colcon.colcon_core.package_identification:_identify(src) by extensions ['python_setup_py']
[0.723s] Level 1:colcon.colcon_core.package_identification:_identify(src) by extension 'python_setup_py'
[0.723s] Level 1:colcon.colcon_core.package_identification:_identify(src/frontier_explorer) by extensions ['ignore', 'ignore_ament_install']
[0.723s] Level 1:colcon.colcon_core.package_identification:_identify(src/frontier_explorer) by extension 'ignore'
[0.723s] Level 1:colcon.colcon_core.package_identification:_identify(src/frontier_explorer) by extension 'ignore_ament_install'
[0.723s] Level 1:colcon.colcon_core.package_identification:_identify(src/frontier_explorer) by extensions ['colcon_pkg']
[0.723s] Level 1:colcon.colcon_core.package_identification:_identify(src/frontier_explorer) by extension 'colcon_pkg'
[0.723s] Level 1:colcon.colcon_core.package_identification:_identify(src/frontier_explorer) by extensions ['colcon_meta']
[0.723s] Level 1:colcon.colcon_core.package_identification:_identify(src/frontier_explorer) by extension 'colcon_meta'
[0.724s] Level 1:colcon.colcon_core.package_identification:_identify(src/frontier_explorer) by extensions ['ros']
[0.724s] Level 1:colcon.colcon_core.package_identification:_identify(src/frontier_explorer) by extension 'ros'
[0.728s] DEBUG:colcon.colcon_core.package_identification:Package 'src/frontier_explorer' with type 'ros.ament_python' and name 'frontier_explorer'
[0.728s] Level 1:colcon.colcon_core.package_identification:_identify(src/global_planner) by extensions ['ignore', 'ignore_ament_install']
[0.728s] Level 1:colcon.colcon_core.package_identification:_identify(src/global_planner) by extension 'ignore'
[0.728s] Level 1:colcon.colcon_core.package_identification:_identify(src/global_planner) by extension 'ignore_ament_install'
[0.728s] Level 1:colcon.colcon_core.package_identification:_identify(src/global_planner) by extensions ['colcon_pkg']
[0.728s] Level 1:colcon.colcon_core.package_identification:_identify(src/global_planner) by extension 'colcon_pkg'
[0.728s] Level 1:colcon.colcon_core.package_identification:_identify(src/global_planner) by extensions ['colcon_meta']
[0.728s] Level 1:colcon.colcon_core.package_identification:_identify(src/global_planner) by extension 'colcon_meta'
[0.728s] Level 1:colcon.colcon_core.package_identification:_identify(src/global_planner) by extensions ['ros']
[0.729s] Level 1:colcon.colcon_core.package_identification:_identify(src/global_planner) by extension 'ros'
[0.729s] DEBUG:colcon.colcon_core.package_identification:Package 'src/global_planner' with type 'ros.ament_python' and name 'global_planner'
[0.730s] Level 1:colcon.colcon_core.package_identification:_identify(src/local_planner) by extensions ['ignore', 'ignore_ament_install']
[0.730s] Level 1:colcon.colcon_core.package_identification:_identify(src/local_planner) by extension 'ignore'
[0.730s] Level 1:colcon.colcon_core.package_identification:_identify(src/local_planner) by extension 'ignore_ament_install'
[0.730s] Level 1:colcon.colcon_core.package_identification:_identify(src/local_planner) by extensions ['colcon_pkg']
[0.730s] Level 1:colcon.colcon_core.package_identification:_identify(src/local_planner) by extension 'colcon_pkg'
[0.730s] Level 1:colcon.colcon_core.package_identification:_identify(src/local_planner) by extensions ['colcon_meta']
[0.730s] Level 1:colcon.colcon_core.package_identification:_identify(src/local_planner) by extension 'colcon_meta'
[0.730s] Level 1:colcon.colcon_core.package_identification:_identify(src/local_planner) by extensions ['ros']
[0.730s] Level 1:colcon.colcon_core.package_identification:_identify(src/local_planner) by extension 'ros'
[0.731s] DEBUG:colcon.colcon_core.package_identification:Package 'src/local_planner' with type 'ros.ament_python' and name 'local_planner'
[0.731s] Level 1:colcon.colcon_core.package_identification:_identify(src/rosni2_description) by extensions ['ignore', 'ignore_ament_install']
[0.732s] Level 1:colcon.colcon_core.package_identification:_identify(src/rosni2_description) by extension 'ignore'
[0.732s] Level 1:colcon.colcon_core.package_identification:_identify(src/rosni2_description) by extension 'ignore_ament_install'
[0.732s] Level 1:colcon.colcon_core.package_identification:_identify(src/rosni2_description) by extensions ['colcon_pkg']
[0.732s] Level 1:colcon.colcon_core.package_identification:_identify(src/rosni2_description) by extension 'colcon_pkg'
[0.732s] Level 1:colcon.colcon_core.package_identification:_identify(src/rosni2_description) by extensions ['colcon_meta']
[0.732s] Level 1:colcon.colcon_core.package_identification:_identify(src/rosni2_description) by extension 'colcon_meta'
[0.732s] Level 1:colcon.colcon_core.package_identification:_identify(src/rosni2_description) by extensions ['ros']
[0.732s] Level 1:colcon.colcon_core.package_identification:_identify(src/rosni2_description) by extension 'ros'
[0.734s] DEBUG:colcon.colcon_core.package_identification:Package 'src/rosni2_description' with type 'ros.ament_cmake' and name 'rosni2_description'
[0.734s] Level 1:colcon.colcon_core.package_identification:_identify(src/rosni2_gazebo) by extensions ['ignore', 'ignore_ament_install']
[0.734s] Level 1:colcon.colcon_core.package_identification:_identify(src/rosni2_gazebo) by extension 'ignore'
[0.734s] Level 1:colcon.colcon_core.package_identification:_identify(src/rosni2_gazebo) by extension 'ignore_ament_install'
[0.735s] Level 1:colcon.colcon_core.package_identification:_identify(src/rosni2_gazebo) by extensions ['colcon_pkg']
[0.735s] Level 1:colcon.colcon_core.package_identification:_identify(src/rosni2_gazebo) by extension 'colcon_pkg'
[0.735s] Level 1:colcon.colcon_core.package_identification:_identify(src/rosni2_gazebo) by extensions ['colcon_meta']
[0.735s] Level 1:colcon.colcon_core.package_identification:_identify(src/rosni2_gazebo) by extension 'colcon_meta'
[0.735s] Level 1:colcon.colcon_core.package_identification:_identify(src/rosni2_gazebo) by extensions ['ros']
[0.735s] Level 1:colcon.colcon_core.package_identification:_identify(src/rosni2_gazebo) by extension 'ros'
[0.737s] DEBUG:colcon.colcon_core.package_identification:Package 'src/rosni2_gazebo' with type 'ros.ament_cmake' and name 'rosni2_gazebo'
[0.738s] Level 1:colcon.colcon_core.package_identification:_identify(src/rosni_robot) by extensions ['ignore', 'ignore_ament_install']
[0.738s] Level 1:colcon.colcon_core.package_identification:_identify(src/rosni_robot) by extension 'ignore'
[0.739s] Level 1:colcon.colcon_core.package_identification:_identify(src/rosni_robot) by extension 'ignore_ament_install'
[0.739s] Level 1:colcon.colcon_core.package_identification:_identify(src/rosni_robot) by extensions ['colcon_pkg']
[0.739s] Level 1:colcon.colcon_core.package_identification:_identify(src/rosni_robot) by extension 'colcon_pkg'
[0.739s] Level 1:colcon.colcon_core.package_identification:_identify(src/rosni_robot) by extensions ['colcon_meta']
[0.739s] Level 1:colcon.colcon_core.package_identification:_identify(src/rosni_robot) by extension 'colcon_meta'
[0.740s] Level 1:colcon.colcon_core.package_identification:_identify(src/rosni_robot) by extensions ['ros']
[0.740s] Level 1:colcon.colcon_core.package_identification:_identify(src/rosni_robot) by extension 'ros'
[0.742s] DEBUG:colcon.colcon_core.package_identification:Package 'src/rosni_robot' with type 'ros.ament_python' and name 'rosni_robot'
[0.742s] Level 1:colcon.colcon_core.package_discovery:discover_packages(recursive) using defaults
[0.742s] Level 1:colcon.colcon_core.package_discovery:discover_packages(ignore) discover
[0.742s] Level 1:colcon.colcon_core.package_discovery:discover_packages(ignore) using defaults
[0.742s] Level 1:colcon.colcon_core.package_discovery:discover_packages(path) discover
[0.742s] Level 1:colcon.colcon_core.package_discovery:discover_packages(path) using defaults
[0.821s] Level 1:colcon.colcon_core.package_discovery:discover_packages(prefix_path) check parameters
[0.821s] Level 1:colcon.colcon_core.package_discovery:discover_packages(prefix_path) discover
[0.825s] DEBUG:colcon.colcon_installed_package_information.package_discovery:Found 6 installed packages in /home/quim/robotica_ros/P_final/install
[0.827s] DEBUG:colcon.colcon_installed_package_information.package_discovery:Found 363 installed packages in /opt/ros/humble
[0.837s] Level 1:colcon.colcon_core.package_discovery:discover_packages(prefix_path) using defaults
[0.947s] Level 5:colcon.colcon_core.verb:set package 'frontier_explorer' build argument 'cmake_args' from command line to 'None'
[0.947s] Level 5:colcon.colcon_core.verb:set package 'frontier_explorer' build argument 'cmake_target' from command line to 'None'
[0.947s] Level 5:colcon.colcon_core.verb:set package 'frontier_explorer' build argument 'cmake_target_skip_unavailable' from command line to 'False'
[0.947s] Level 5:colcon.colcon_core.verb:set package 'frontier_explorer' build argument 'cmake_clean_cache' from command line to 'False'
[0.947s] Level 5:colcon.colcon_core.verb:set package 'frontier_explorer' build argument 'cmake_clean_first' from command line to 'False'
[0.947s] Level 5:colcon.colcon_core.verb:set package 'frontier_explorer' build argument 'cmake_force_configure' from command line to 'False'
[0.947s] Level 5:colcon.colcon_core.verb:set package 'frontier_explorer' build argument 'ament_cmake_args' from command line to 'None'
[0.947s] Level 5:colcon.colcon_core.verb:set package 'frontier_explorer' build argument 'catkin_cmake_args' from command line to 'None'
[0.947s] Level 5:colcon.colcon_core.verb:set package 'frontier_explorer' build argument 'catkin_skip_building_tests' from command line to 'False'
[0.947s] DEBUG:colcon.colcon_core.verb:Building package 'frontier_explorer' with the following arguments: {'ament_cmake_args': None, 'build_base': '/home/quim/robotica_ros/P_final/build/frontier_explorer', 'catkin_cmake_args': None, 'catkin_skip_building_tests': False, 'cmake_args': None, 'cmake_clean_cache': False, 'cmake_clean_first': False, 'cmake_force_configure': False, 'cmake_target': None, 'cmake_target_skip_unavailable': False, 'install_base': '/home/quim/robotica_ros/P_final/install/frontier_explorer', 'merge_install': False, 'path': '/home/quim/robotica_ros/P_final/src/frontier_explorer', 'symlink_install': False, 'test_result_base': None}
[0.947s] Level 5:colcon.colcon_core.verb:set package 'global_planner' build argument 'cmake_args' from command line to 'None'
[0.948s] Level 5:colcon.colcon_core.verb:set package 'global_planner' build argument 'cmake_target' from command line to 'None'
[0.948s] Level 5:colcon.colcon_core.verb:set package 'global_planner' build argument 'cmake_target_skip_unavailable' from command line to 'False'
[0.948s] Level 5:colcon.colcon_core.verb:set package 'global_planner' build argument 'cmake_clean_cache' from command line to 'False'
[0.948s] Level 5:colcon.colcon_core.verb:set package 'global_planner' build argument 'cmake_clean_first' from command line to 'False'
[0.948s] Level 5:colcon.colcon_core.verb:set package 'global_planner' build argument 'cmake_force_configure' from command line to 'False'
[0.948s] Level 5:colcon.colcon_core.verb:set package 'global_planner' build argument 'ament_cmake_args' from command line to 'None'
[0.948s] Level 5:colcon.colcon_core.verb:set package 'global_planner' build argument 'catkin_cmake_args' from command line to 'None'
[0.948s] Level 5:colcon.colcon_core.verb:set package 'global_planner' build argument 'catkin_skip_building_tests' from command line to 'False'
[0.948s] DEBUG:colcon.colcon_core.verb:Building package 'global_planner' with the following arguments: {'ament_cmake_args': None, 'build_base': '/home/quim/robotica_ros/P_final/build/global_planner', 'catkin_cmake_args': None, 'catkin_skip_building_tests': False, 'cmake_args': None, 'cmake_clean_cache': False, 'cmake_clean_first': False, 'cmake_force_configure': False, 'cmake_target': None, 'cmake_target_skip_unavailable': False, 'install_base': '/home/quim/robotica_ros/P_final/install/global_planner', 'merge_install': False, 'path': '/home/quim/robotica_ros/P_final/src/global_planner', 'symlink_install': False, 'test_result_base': None}
[0.949s] Level 5:colcon.colcon_core.verb:set package 'local_planner' build argument 'cmake_args' from command line to 'None'
[0.950s] Level 5:colcon.colcon_core.verb:set package 'local_planner' build argument 'cmake_target' from command line to 'None'
[0.950s] Level 5:colcon.colcon_core.verb:set package 'local_planner' build argument 'cmake_target_skip_unavailable' from command line to 'False'
[0.950s] Level 5:colcon.colcon_core.verb:set package 'local_planner' build argument 'cmake_clean_cache' from command line to 'False'
[0.950s] Level 5:colcon.colcon_core.verb:set package 'local_planner' build argument 'cmake_clean_first' from command line to 'False'
[0.950s] Level 5:colcon.colcon_core.verb:set package 'local_planner' build argument 'cmake_force_configure' from command line to 'False'
[0.951s] Level 5:colcon.colcon_core.verb:set package 'local_planner' build argument 'ament_cmake_args' from command line to 'None'
[0.951s] Level 5:colcon.colcon_core.verb:set package 'local_planner' build argument 'catkin_cmake_args' from command line to 'None'
[0.951s] Level 5:colcon.colcon_core.verb:set package 'local_planner' build argument 'catkin_skip_building_tests' from command line to 'False'
[0.951s] DEBUG:colcon.colcon_core.verb:Building package 'local_planner' with the following arguments: {'ament_cmake_args': None, 'build_base': '/home/quim/robotica_ros/P_final/build/local_planner', 'catkin_cmake_args': None, 'catkin_skip_building_tests': False, 'cmake_args': None, 'cmake_clean_cache': False, 'cmake_clean_first': False, 'cmake_force_configure': False, 'cmake_target': None, 'cmake_target_skip_unavailable': False, 'install_base': '/home/quim/robotica_ros/P_final/install/local_planner', 'merge_install': False, 'path': '/home/quim/robotica_ros/P_final/src/local_planner', 'symlink_install': False, 'test_result_base': None}
[0.952s] Level 5:colcon.colcon_core.verb:set package 'rosni2_description' build argument 'cmake_args' from command line to 'None'
[0.952s] Level 5:colcon.colcon_core.verb:set package 'rosni2_description' build argument 'cmake_target' from command line to 'None'
[0.952s] Level 5:colcon.colcon_core.verb:set package 'rosni2_description' build argument 'cmake_target_skip_unavailable' from command line to 'False'
[0.952s] Level 5:colcon.colcon_core.verb:set package 'rosni2_description' build argument 'cmake_clean_cache' from command line to 'False'
[0.952s] Level 5:colcon.colcon_core.verb:set package 'rosni2_description' build argument 'cmake_clean_first' from command line to 'False'
[0.952s] Level 5:colcon.colcon_core.verb:set package 'rosni2_description' build argument 'cmake_force_configure' from command line to 'False'
[0.952s] Level 5:colcon.colcon_core.verb:set package 'rosni2_description' build argument 'ament_cmake_args' from command line to 'None'
[0.952s] Level 5:colcon.colcon_core.verb:set package 'rosni2_description' build argument 'catkin_cmake_args' from command line to 'None'
[0.952s] Level 5:colcon.colcon_core.verb:set package 'rosni2_description' build argument 'catkin_skip_building_tests' from command line to 'False'
[0.952s] DEBUG:colcon.colcon_core.verb:Building package 'rosni2_description' with the following arguments: {'ament_cmake_args': None, 'build_base': '/home/quim/robotica_ros/P_final/build/rosni2_description', 'catkin_cmake_args': None, 'catkin_skip_building_tests': False, 'cmake_args': None, 'cmake_clean_cache': False, 'cmake_clean_first': False, 'cmake_force_configure': False, 'cmake_target': None, 'cmake_target_skip_unavailable': False, 'install_base': '/home/quim/robotica_ros/P_final/install/rosni2_description', 'merge_install': False, 'path': '/home/quim/robotica_ros/P_final/src/rosni2_description', 'symlink_install': False, 'test_result_base': None}
[0.953s] Level 5:colcon.colcon_core.verb:set package 'rosni_robot' build argument 'cmake_args' from command line to 'None'
[0.953s] Level 5:colcon.colcon_core.verb:set package 'rosni_robot' build argument 'cmake_target' from command line to 'None'
[0.953s] Level 5:colcon.colcon_core.verb:set package 'rosni_robot' build argument 'cmake_target_skip_unavailable' from command line to 'False'
[0.953s] Level 5:colcon.colcon_core.verb:set package 'rosni_robot' build argument 'cmake_clean_cache' from command line to 'False'
[0.953s] Level 5:colcon.colcon_core.verb:set package 'rosni_robot' build argument 'cmake_clean_first' from command line to 'False'
[0.953s] Level 5:colcon.colcon_core.verb:set package 'rosni_robot' build argument 'cmake_force_configure' from command line to 'False'
[0.953s] Level 5:colcon.colcon_core.verb:set package 'rosni_robot' build argument 'ament_cmake_args' from command line to 'None'
[0.953s] Level 5:colcon.colcon_core.verb:set package 'rosni_robot' build argument 'catkin_cmake_args' from command line to 'None'
[0.953s] Level 5:colcon.colcon_core.verb:set package 'rosni_robot' build argument 'catkin_skip_building_tests' from command line to 'False'
[0.953s] DEBUG:colcon.colcon_core.verb:Building package 'rosni_robot' with the following arguments: {'ament_cmake_args': None, 'build_base': '/home/quim/robotica_ros/P_final/build/rosni_robot', 'catkin_cmake_args': None, 'catkin_skip_building_tests': False, 'cmake_args': None, 'cmake_clean_cache': False, 'cmake_clean_first': False, 'cmake_force_configure': False, 'cmake_target': None, 'cmake_target_skip_unavailable': False, 'install_base': '/home/quim/robotica_ros/P_final/install/rosni_robot', 'merge_install': False, 'path': '/home/quim/robotica_ros/P_final/src/rosni_robot', 'symlink_install': False, 'test_result_base': None}
[0.954s] Level 5:colcon.colcon_core.verb:set package 'rosni2_gazebo' build argument 'cmake_args' from command line to 'None'
[0.954s] Level 5:colcon.colcon_core.verb:set package 'rosni2_gazebo' build argument 'cmake_target' from command line to 'None'
[0.954s] Level 5:colcon.colcon_core.verb:set package 'rosni2_gazebo' build argument 'cmake_target_skip_unavailable' from command line to 'False'
[0.954s] Level 5:colcon.colcon_core.verb:set package 'rosni2_gazebo' build argument 'cmake_clean_cache' from command line to 'False'
[0.954s] Level 5:colcon.colcon_core.verb:set package 'rosni2_gazebo' build argument 'cmake_clean_first' from command line to 'False'
[0.954s] Level 5:colcon.colcon_core.verb:set package 'rosni2_gazebo' build argument 'cmake_force_configure' from command line to 'False'
[0.954s] Level 5:colcon.colcon_core.verb:set package 'rosni2_gazebo' build argument 'ament_cmake_args' from command line to 'None'
[0.954s] Level 5:colcon.colcon_core.verb:set package 'rosni2_gazebo' build argument 'catkin_cmake_args' from command line to 'None'
[0.955s] Level 5:colcon.colcon_core.verb:set package 'rosni2_gazebo' build argument 'catkin_skip_building_tests' from command line to 'False'
[0.955s] DEBUG:colcon.colcon_core.verb:Building package 'rosni2_gazebo' with the following arguments: {'ament_cmake_args': None, 'build_base': '/home/quim/robotica_ros/P_final/build/rosni2_gazebo', 'catkin_cmake_args': None, 'catkin_skip_building_tests': False, 'cmake_args': None, 'cmake_clean_cache': False, 'cmake_clean_first': False, 'cmake_force_configure': False, 'cmake_target': None, 'cmake_target_skip_unavailable': False, 'install_base': '/home/quim/robotica_ros/P_final/install/rosni2_gazebo', 'merge_install': False, 'path': '/home/quim/robotica_ros/P_final/src/rosni2_gazebo', 'symlink_install': False, 'test_result_base': None}
[0.955s] INFO:colcon.colcon_core.executor:Executing jobs using 'parallel' executor
[0.957s] DEBUG:colcon.colcon_parallel_executor.executor.parallel:run_until_complete
[0.957s] INFO:colcon.colcon_ros.task.ament_cmake.build:Building ROS package in '/home/quim/robotica_ros/P_final/src/rosni2_description' with build type 'ament_cmake'
[0.957s] INFO:colcon.colcon_cmake.task.cmake.build:Building CMake package in '/home/quim/robotica_ros/P_final/src/rosni2_description'
[0.963s] INFO:colcon.colcon_core.plugin_system:Skipping extension 'colcon_core.shell.bat': Not used on non-Windows systems
[0.964s] INFO:colcon.colcon_core.shell:Skip shell extension 'powershell' for command environment: Not usable outside of PowerShell
[0.965s] DEBUG:colcon.colcon_core.shell:Skip shell extension 'dsv' for command environment
[0.975s] INFO:colcon.colcon_ros.task.ament_python.build:Building ROS package in '/home/quim/robotica_ros/P_final/src/frontier_explorer' with build type 'ament_python'
[0.975s] Level 1:colcon.colcon_core.shell:create_environment_hook('frontier_explorer', 'ament_prefix_path')
[0.976s] INFO:colcon.colcon_core.shell:Creating environment hook '/home/quim/robotica_ros/P_final/install/frontier_explorer/share/frontier_explorer/hook/ament_prefix_path.ps1'
[0.977s] INFO:colcon.colcon_core.shell:Creating environment descriptor '/home/quim/robotica_ros/P_final/install/frontier_explorer/share/frontier_explorer/hook/ament_prefix_path.dsv'
[0.977s] INFO:colcon.colcon_core.shell:Creating environment hook '/home/quim/robotica_ros/P_final/install/frontier_explorer/share/frontier_explorer/hook/ament_prefix_path.sh'
[0.979s] INFO:colcon.colcon_core.shell:Skip shell extension 'powershell' for command environment: Not usable outside of PowerShell
[0.979s] DEBUG:colcon.colcon_core.shell:Skip shell extension 'dsv' for command environment
[0.989s] INFO:colcon.colcon_ros.task.ament_python.build:Building ROS package in '/home/quim/robotica_ros/P_final/src/global_planner' with build type 'ament_python'
[0.989s] Level 1:colcon.colcon_core.shell:create_environment_hook('global_planner', 'ament_prefix_path')
[0.990s] INFO:colcon.colcon_core.shell:Creating environment hook '/home/quim/robotica_ros/P_final/install/global_planner/share/global_planner/hook/ament_prefix_path.ps1'
[0.992s] INFO:colcon.colcon_core.shell:Creating environment descriptor '/home/quim/robotica_ros/P_final/install/global_planner/share/global_planner/hook/ament_prefix_path.dsv'
[0.993s] INFO:colcon.colcon_core.shell:Creating environment hook '/home/quim/robotica_ros/P_final/install/global_planner/share/global_planner/hook/ament_prefix_path.sh'
[0.996s] INFO:colcon.colcon_core.shell:Skip shell extension 'powershell' for command environment: Not usable outside of PowerShell
[0.996s] DEBUG:colcon.colcon_core.shell:Skip shell extension 'dsv' for command environment
[1.005s] INFO:colcon.colcon_ros.task.ament_python.build:Building ROS package in '/home/quim/robotica_ros/P_final/src/local_planner' with build type 'ament_python'
[1.005s] Level 1:colcon.colcon_core.shell:create_environment_hook('local_planner', 'ament_prefix_path')
[1.006s] INFO:colcon.colcon_core.shell:Creating environment hook '/home/quim/robotica_ros/P_final/install/local_planner/share/local_planner/hook/ament_prefix_path.ps1'
[1.007s] INFO:colcon.colcon_core.shell:Creating environment descriptor '/home/quim/robotica_ros/P_final/install/local_planner/share/local_planner/hook/ament_prefix_path.dsv'
[1.008s] INFO:colcon.colcon_core.shell:Creating environment hook '/home/quim/robotica_ros/P_final/install/local_planner/share/local_planner/hook/ament_prefix_path.sh'
[1.009s] INFO:colcon.colcon_core.shell:Skip shell extension 'powershell' for command environment: Not usable outside of PowerShell
[1.009s] DEBUG:colcon.colcon_core.shell:Skip shell extension 'dsv' for command environment
[1.014s] INFO:colcon.colcon_ros.task.ament_python.build:Building ROS package in '/home/quim/robotica_ros/P_final/src/rosni_robot' with build type 'ament_python'
[1.014s] Level 1:colcon.colcon_core.shell:create_environment_hook('rosni_robot', 'ament_prefix_path')
[1.015s] INFO:colcon.colcon_core.shell:Creating environment hook '/home/quim/robotica_ros/P_final/install/rosni_robot/share/rosni_robot/hook/ament_prefix_path.ps1'
[1.018s] INFO:colcon.colcon_core.shell:Creating environment descriptor '/home/quim/robotica_ros/P_final/install/rosni_robot/share/rosni_robot/hook/ament_prefix_path.dsv'
[1.020s] INFO:colcon.colcon_core.shell:Creating environment hook '/home/quim/robotica_ros/P_final/install/rosni_robot/share/rosni_robot/hook/ament_prefix_path.sh'
[1.022s] INFO:colcon.colcon_core.shell:Skip shell extension 'powershell' for command environment: Not usable outside of PowerShell
[1.022s] DEBUG:colcon.colcon_core.shell:Skip shell extension 'dsv' for command environment
[1.045s] DEBUG:colcon.colcon_core.event_handler.log_command:Invoking command in '/home/quim/robotica_ros/P_final/build/rosni2_description': CMAKE_PREFIX_PATH=${CMAKE_PREFIX_PATH}:/home/quim/robotica_ros/P_final/install/rosni_robot:/home/quim/robotica_ros/P_final/install/local_planner:/home/quim/robotica_ros/P_final/install/global_planner:/home/quim/robotica_ros/P_final/install/frontier_explorer:/opt/ros/humble /usr/bin/cmake --build /home/quim/robotica_ros/P_final/build/rosni2_description -- -j8 -l8
[1.719s] INFO:colcon.colcon_core.task.python.build:Building Python package in '/home/quim/robotica_ros/P_final/src/frontier_explorer'
[1.720s] INFO:colcon.colcon_core.shell:Skip shell extension 'powershell' for command environment: Not usable outside of PowerShell
[1.720s] DEBUG:colcon.colcon_core.shell:Skip shell extension 'dsv' for command environment
[2.366s] INFO:colcon.colcon_core.task.python.build:Building Python package in '/home/quim/robotica_ros/P_final/src/global_planner'
[2.367s] INFO:colcon.colcon_core.shell:Skip shell extension 'powershell' for command environment: Not usable outside of PowerShell
[2.367s] DEBUG:colcon.colcon_core.shell:Skip shell extension 'dsv' for command environment
[3.021s] INFO:colcon.colcon_core.task.python.build:Building Python package in '/home/quim/robotica_ros/P_final/src/local_planner'
[3.022s] INFO:colcon.colcon_core.shell:Skip shell extension 'powershell' for command environment: Not usable outside of PowerShell
[3.022s] DEBUG:colcon.colcon_core.shell:Skip shell extension 'dsv' for command environment
[3.670s] INFO:colcon.colcon_core.task.python.build:Building Python package in '/home/quim/robotica_ros/P_final/src/rosni_robot'
[3.671s] INFO:colcon.colcon_core.shell:Skip shell extension 'powershell' for command environment: Not usable outside of PowerShell
[3.671s] DEBUG:colcon.colcon_core.shell:Skip shell extension 'dsv' for command environment
[3.686s] DEBUG:colcon.colcon_core.event_handler.log_command:Invoked command in '/home/quim/robotica_ros/P_final/build/rosni2_description' returned '0': CMAKE_PREFIX_PATH=${CMAKE_PREFIX_PATH}:/home/quim/robotica_ros/P_final/install/rosni_robot:/home/quim/robotica_ros/P_final/install/local_planner:/home/quim/robotica_ros/P_final/install/global_planner:/home/quim/robotica_ros/P_final/install/frontier_explorer:/opt/ros/humble /usr/bin/cmake --build /home/quim/robotica_ros/P_final/build/rosni2_description -- -j8 -l8
[3.813s] DEBUG:colcon.colcon_core.event_handler.log_command:Invoking command in '/home/quim/robotica_ros/P_final/build/rosni2_description': CMAKE_PREFIX_PATH=${CMAKE_PREFIX_PATH}:/home/quim/robotica_ros/P_final/install/rosni_robot:/home/quim/robotica_ros/P_final/install/local_planner:/home/quim/robotica_ros/P_final/install/global_planner:/home/quim/robotica_ros/P_final/install/frontier_explorer:/opt/ros/humble /usr/bin/cmake --install /home/quim/robotica_ros/P_final/build/rosni2_description
[3.860s] Level 1:colcon.colcon_core.environment:create_environment_scripts_only(rosni2_description)
[3.874s] Level 1:colcon.colcon_core.environment:checking '/home/quim/robotica_ros/P_final/install/rosni2_description' for CMake module files
[3.875s] DEBUG:colcon.colcon_core.event_handler.log_command:Invoked command in '/home/quim/robotica_ros/P_final/build/rosni2_description' returned '0': CMAKE_PREFIX_PATH=${CMAKE_PREFIX_PATH}:/home/quim/robotica_ros/P_final/install/rosni_robot:/home/quim/robotica_ros/P_final/install/local_planner:/home/quim/robotica_ros/P_final/install/global_planner:/home/quim/robotica_ros/P_final/install/frontier_explorer:/opt/ros/humble /usr/bin/cmake --install /home/quim/robotica_ros/P_final/build/rosni2_description
[3.877s] Level 1:colcon.colcon_core.environment:checking '/home/quim/robotica_ros/P_final/install/rosni2_description' for CMake config files
[3.878s] Level 1:colcon.colcon_core.shell:create_environment_hook('rosni2_description', 'cmake_prefix_path')
[3.879s] INFO:colcon.colcon_core.shell:Creating environment hook '/home/quim/robotica_ros/P_final/install/rosni2_description/share/rosni2_description/hook/cmake_prefix_path.ps1'
[3.880s] INFO:colcon.colcon_core.shell:Creating environment descriptor '/home/quim/robotica_ros/P_final/install/rosni2_description/share/rosni2_description/hook/cmake_prefix_path.dsv'
[3.881s] INFO:colcon.colcon_core.shell:Creating environment hook '/home/quim/robotica_ros/P_final/install/rosni2_description/share/rosni2_description/hook/cmake_prefix_path.sh'
[3.888s] Level 1:colcon.colcon_core.environment:checking '/home/quim/robotica_ros/P_final/install/rosni2_description/bin'
[3.889s] Level 1:colcon.colcon_core.environment:checking '/home/quim/robotica_ros/P_final/install/rosni2_description/lib/pkgconfig/rosni2_description.pc'
[3.891s] Level 1:colcon.colcon_core.environment:checking '/home/quim/robotica_ros/P_final/install/rosni2_description/lib/python3.10/site-packages'
[3.892s] Level 1:colcon.colcon_core.environment:checking '/home/quim/robotica_ros/P_final/install/rosni2_description/bin'
[3.894s] INFO:colcon.colcon_core.shell:Creating package script '/home/quim/robotica_ros/P_final/install/rosni2_description/share/rosni2_description/package.ps1'
[3.897s] INFO:colcon.colcon_core.shell:Creating package descriptor '/home/quim/robotica_ros/P_final/install/rosni2_description/share/rosni2_description/package.dsv'
[3.900s] INFO:colcon.colcon_core.shell:Creating package script '/home/quim/robotica_ros/P_final/install/rosni2_description/share/rosni2_description/package.sh'
[3.903s] INFO:colcon.colcon_core.shell:Creating package script '/home/quim/robotica_ros/P_final/install/rosni2_description/share/rosni2_description/package.bash'
[3.906s] INFO:colcon.colcon_core.shell:Creating package script '/home/quim/robotica_ros/P_final/install/rosni2_description/share/rosni2_description/package.zsh'
[3.909s] Level 1:colcon.colcon_core.environment:create_file_with_runtime_dependencies(/home/quim/robotica_ros/P_final/install/rosni2_description/share/colcon-core/packages/rosni2_description)
[3.999s] Level 1:colcon.colcon_core.environment:create_environment_scripts_only(rosni2_description)
[4.000s] Level 1:colcon.colcon_core.environment:checking '/home/quim/robotica_ros/P_final/install/rosni2_description' for CMake module files
[4.002s] Level 1:colcon.colcon_core.environment:checking '/home/quim/robotica_ros/P_final/install/rosni2_description' for CMake config files
[4.004s] Level 1:colcon.colcon_core.shell:create_environment_hook('rosni2_description', 'cmake_prefix_path')
[4.009s] INFO:colcon.colcon_core.shell:Creating environment hook '/home/quim/robotica_ros/P_final/install/rosni2_description/share/rosni2_description/hook/cmake_prefix_path.ps1'
[4.012s] INFO:colcon.colcon_core.shell:Creating environment descriptor '/home/quim/robotica_ros/P_final/install/rosni2_description/share/rosni2_description/hook/cmake_prefix_path.dsv'
[4.013s] INFO:colcon.colcon_core.shell:Creating environment hook '/home/quim/robotica_ros/P_final/install/rosni2_description/share/rosni2_description/hook/cmake_prefix_path.sh'
[4.021s] Level 1:colcon.colcon_core.environment:checking '/home/quim/robotica_ros/P_final/install/rosni2_description/bin'
[4.021s] Level 1:colcon.colcon_core.environment:checking '/home/quim/robotica_ros/P_final/install/rosni2_description/lib/pkgconfig/rosni2_description.pc'
[4.022s] Level 1:colcon.colcon_core.environment:checking '/home/quim/robotica_ros/P_final/install/rosni2_description/lib/python3.10/site-packages'
[4.022s] Level 1:colcon.colcon_core.environment:checking '/home/quim/robotica_ros/P_final/install/rosni2_description/bin'
[4.023s] INFO:colcon.colcon_core.shell:Creating package script '/home/quim/robotica_ros/P_final/install/rosni2_description/share/rosni2_description/package.ps1'
[4.025s] INFO:colcon.colcon_core.shell:Creating package descriptor '/home/quim/robotica_ros/P_final/install/rosni2_description/share/rosni2_description/package.dsv'
[4.027s] INFO:colcon.colcon_core.shell:Creating package script '/home/quim/robotica_ros/P_final/install/rosni2_description/share/rosni2_description/package.sh'
[4.028s] INFO:colcon.colcon_core.shell:Creating package script '/home/quim/robotica_ros/P_final/install/rosni2_description/share/rosni2_description/package.bash'
[4.030s] INFO:colcon.colcon_core.shell:Creating package script '/home/quim/robotica_ros/P_final/install/rosni2_description/share/rosni2_description/package.zsh'
[4.032s] Level 1:colcon.colcon_core.environment:create_file_with_runtime_dependencies(/home/quim/robotica_ros/P_final/install/rosni2_description/share/colcon-core/packages/rosni2_description)
[4.034s] INFO:colcon.colcon_ros.task.ament_cmake.build:Building ROS package in '/home/quim/robotica_ros/P_final/src/rosni2_gazebo' with build type 'ament_cmake'
[4.035s] INFO:colcon.colcon_cmake.task.cmake.build:Building CMake package in '/home/quim/robotica_ros/P_final/src/rosni2_gazebo'
[4.036s] INFO:colcon.colcon_core.shell:Skip shell extension 'powershell' for command environment: Not usable outside of PowerShell
[4.036s] DEBUG:colcon.colcon_core.shell:Skip shell extension 'dsv' for command environment
[4.099s] DEBUG:colcon.colcon_core.event_handler.log_command:Invoking command in '/home/quim/robotica_ros/P_final/build/rosni2_gazebo': CMAKE_PREFIX_PATH=/home/quim/robotica_ros/P_final/install/rosni2_description:/home/quim/robotica_ros/P_final/install/rosni2_gazebo:/home/quim/robotica_ros/P_final/install/rosni_robot:/home/quim/robotica_ros/P_final/install/local_planner:/home/quim/robotica_ros/P_final/install/global_planner:/home/quim/robotica_ros/P_final/install/frontier_explorer:/opt/ros/humble /usr/bin/cmake --build /home/quim/robotica_ros/P_final/build/rosni2_gazebo -- -j8 -l8
[4.247s] DEBUG:colcon.colcon_core.event_handler.log_command:Invoked command in '/home/quim/robotica_ros/P_final/build/rosni2_gazebo' returned '0': CMAKE_PREFIX_PATH=/home/quim/robotica_ros/P_final/install/rosni2_description:/home/quim/robotica_ros/P_final/install/rosni2_gazebo:/home/quim/robotica_ros/P_final/install/rosni_robot:/home/quim/robotica_ros/P_final/install/local_planner:/home/quim/robotica_ros/P_final/install/global_planner:/home/quim/robotica_ros/P_final/install/frontier_explorer:/opt/ros/humble /usr/bin/cmake --build /home/quim/robotica_ros/P_final/build/rosni2_gazebo -- -j8 -l8
[4.354s] DEBUG:colcon.colcon_core.event_handler.log_command:Invoking command in '/home/quim/robotica_ros/P_final/build/rosni2_gazebo': CMAKE_PREFIX_PATH=/home/quim/robotica_ros/P_final/install/rosni2_description:/home/quim/robotica_ros/P_final/install/rosni2_gazebo:/home/quim/robotica_ros/P_final/install/rosni_robot:/home/quim/robotica_ros/P_final/install/local_planner:/home/quim/robotica_ros/P_final/install/global_planner:/home/quim/robotica_ros/P_final/install/frontier_explorer:/opt/ros/humble /usr/bin/cmake --install /home/quim/robotica_ros/P_final/build/rosni2_gazebo
[4.406s] Level 1:colcon.colcon_core.environment:create_environment_scripts_only(rosni2_gazebo)
[4.407s] Level 1:colcon.colcon_core.environment:checking '/home/quim/robotica_ros/P_final/install/rosni2_gazebo' for CMake module files
[4.408s] DEBUG:colcon.colcon_core.event_handler.log_command:Invoked command in '/home/quim/robotica_ros/P_final/build/rosni2_gazebo' returned '0': CMAKE_PREFIX_PATH=/home/quim/robotica_ros/P_final/install/rosni2_description:/home/quim/robotica_ros/P_final/install/rosni2_gazebo:/home/quim/robotica_ros/P_final/install/rosni_robot:/home/quim/robotica_ros/P_final/install/local_planner:/home/quim/robotica_ros/P_final/install/global_planner:/home/quim/robotica_ros/P_final/install/frontier_explorer:/opt/ros/humble /usr/bin/cmake --install /home/quim/robotica_ros/P_final/build/rosni2_gazebo
[4.409s] Level 1:colcon.colcon_core.environment:checking '/home/quim/robotica_ros/P_final/install/rosni2_gazebo' for CMake config files
[4.410s] Level 1:colcon.colcon_core.shell:create_environment_hook('rosni2_gazebo', 'cmake_prefix_path')
[4.411s] INFO:colcon.colcon_core.shell:Creating environment hook '/home/quim/robotica_ros/P_final/install/rosni2_gazebo/share/rosni2_gazebo/hook/cmake_prefix_path.ps1'
[4.412s] INFO:colcon.colcon_core.shell:Creating environment descriptor '/home/quim/robotica_ros/P_final/install/rosni2_gazebo/share/rosni2_gazebo/hook/cmake_prefix_path.dsv'
[4.414s] INFO:colcon.colcon_core.shell:Creating environment hook '/home/quim/robotica_ros/P_final/install/rosni2_gazebo/share/rosni2_gazebo/hook/cmake_prefix_path.sh'
[4.415s] Level 1:colcon.colcon_core.environment:checking '/home/quim/robotica_ros/P_final/install/rosni2_gazebo/bin'
[4.416s] Level 1:colcon.colcon_core.environment:checking '/home/quim/robotica_ros/P_final/install/rosni2_gazebo/lib/pkgconfig/rosni2_gazebo.pc'
[4.419s] Level 1:colcon.colcon_core.environment:checking '/home/quim/robotica_ros/P_final/install/rosni2_gazebo/lib/python3.10/site-packages'
[4.421s] Level 1:colcon.colcon_core.environment:checking '/home/quim/robotica_ros/P_final/install/rosni2_gazebo/bin'
[4.423s] INFO:colcon.colcon_core.shell:Creating package script '/home/quim/robotica_ros/P_final/install/rosni2_gazebo/share/rosni2_gazebo/package.ps1'
[4.426s] INFO:colcon.colcon_core.shell:Creating package descriptor '/home/quim/robotica_ros/P_final/install/rosni2_gazebo/share/rosni2_gazebo/package.dsv'
[4.428s] INFO:colcon.colcon_core.shell:Creating package script '/home/quim/robotica_ros/P_final/install/rosni2_gazebo/share/rosni2_gazebo/package.sh'
[4.430s] INFO:colcon.colcon_core.shell:Creating package script '/home/quim/robotica_ros/P_final/install/rosni2_gazebo/share/rosni2_gazebo/package.bash'
[4.432s] INFO:colcon.colcon_core.shell:Creating package script '/home/quim/robotica_ros/P_final/install/rosni2_gazebo/share/rosni2_gazebo/package.zsh'
[4.433s] Level 1:colcon.colcon_core.environment:create_file_with_runtime_dependencies(/home/quim/robotica_ros/P_final/install/rosni2_gazebo/share/colcon-core/packages/rosni2_gazebo)
[4.527s] Level 1:colcon.colcon_core.environment:create_environment_scripts_only(rosni2_gazebo)
[4.529s] Level 1:colcon.colcon_core.environment:checking '/home/quim/robotica_ros/P_final/install/rosni2_gazebo' for CMake module files
[4.531s] Level 1:colcon.colcon_core.environment:checking '/home/quim/robotica_ros/P_final/install/rosni2_gazebo' for CMake config files
[4.532s] Level 1:colcon.colcon_core.shell:create_environment_hook('rosni2_gazebo', 'cmake_prefix_path')
[4.533s] INFO:colcon.colcon_core.shell:Creating environment hook '/home/quim/robotica_ros/P_final/install/rosni2_gazebo/share/rosni2_gazebo/hook/cmake_prefix_path.ps1'
[4.535s] INFO:colcon.colcon_core.shell:Creating environment descriptor '/home/quim/robotica_ros/P_final/install/rosni2_gazebo/share/rosni2_gazebo/hook/cmake_prefix_path.dsv'
[4.538s] INFO:colcon.colcon_core.shell:Creating environment hook '/home/quim/robotica_ros/P_final/install/rosni2_gazebo/share/rosni2_gazebo/hook/cmake_prefix_path.sh'
[4.541s] Level 1:colcon.colcon_core.environment:checking '/home/quim/robotica_ros/P_final/install/rosni2_gazebo/bin'
[4.541s] Level 1:colcon.colcon_core.environment:checking '/home/quim/robotica_ros/P_final/install/rosni2_gazebo/lib/pkgconfig/rosni2_gazebo.pc'
[4.542s] Level 1:colcon.colcon_core.environment:checking '/home/quim/robotica_ros/P_final/install/rosni2_gazebo/lib/python3.10/site-packages'
[4.543s] Level 1:colcon.colcon_core.environment:checking '/home/quim/robotica_ros/P_final/install/rosni2_gazebo/bin'
[4.544s] INFO:colcon.colcon_core.shell:Creating package script '/home/quim/robotica_ros/P_final/install/rosni2_gazebo/share/rosni2_gazebo/package.ps1'
[4.546s] INFO:colcon.colcon_core.shell:Creating package descriptor '/home/quim/robotica_ros/P_final/install/rosni2_gazebo/share/rosni2_gazebo/package.dsv'
[4.548s] INFO:colcon.colcon_core.shell:Creating package script '/home/quim/robotica_ros/P_final/install/rosni2_gazebo/share/rosni2_gazebo/package.sh'
[4.550s] INFO:colcon.colcon_core.shell:Creating package script '/home/quim/robotica_ros/P_final/install/rosni2_gazebo/share/rosni2_gazebo/package.bash'
[4.555s] INFO:colcon.colcon_core.shell:Creating package script '/home/quim/robotica_ros/P_final/install/rosni2_gazebo/share/rosni2_gazebo/package.zsh'
[4.557s] Level 1:colcon.colcon_core.environment:create_file_with_runtime_dependencies(/home/quim/robotica_ros/P_final/install/rosni2_gazebo/share/colcon-core/packages/rosni2_gazebo)
[5.177s] DEBUG:colcon.colcon_core.event_handler.log_command:Invoking command in '/home/quim/robotica_ros/P_final/src/local_planner': PYTHONPATH=/home/quim/robotica_ros/P_final/build/local_planner/prefix_override:/usr/lib/python3/dist-packages/colcon_core/task/python/colcon_distutils_commands:/home/quim/robotica_ros/P_final/install/local_planner/lib/python3.10/site-packages:${PYTHONPATH} /usr/bin/python3 -W ignore:setup.py install is deprecated setup.py egg_info --egg-base ../../build/local_planner build --build-base /home/quim/robotica_ros/P_final/build/local_planner/build install --record /home/quim/robotica_ros/P_final/build/local_planner/install.log --single-version-externally-managed install_data
[5.192s] DEBUG:colcon.colcon_core.event_handler.log_command:Invoking command in '/home/quim/robotica_ros/P_final/src/global_planner': PYTHONPATH=/home/quim/robotica_ros/P_final/build/global_planner/prefix_override:/usr/lib/python3/dist-packages/colcon_core/task/python/colcon_distutils_commands:/home/quim/robotica_ros/P_final/install/global_planner/lib/python3.10/site-packages:${PYTHONPATH} /usr/bin/python3 -W ignore:setup.py install is deprecated setup.py egg_info --egg-base ../../build/global_planner build --build-base /home/quim/robotica_ros/P_final/build/global_planner/build install --record /home/quim/robotica_ros/P_final/build/global_planner/install.log --single-version-externally-managed install_data
[5.321s] DEBUG:colcon.colcon_core.event_handler.log_command:Invoking command in '/home/quim/robotica_ros/P_final/src/frontier_explorer': PYTHONPATH=/home/quim/robotica_ros/P_final/build/frontier_explorer/prefix_override:/usr/lib/python3/dist-packages/colcon_core/task/python/colcon_distutils_commands:/home/quim/robotica_ros/P_final/install/frontier_explorer/lib/python3.10/site-packages:${PYTHONPATH} /usr/bin/python3 -W ignore:setup.py install is deprecated setup.py egg_info --egg-base ../../build/frontier_explorer build --build-base /home/quim/robotica_ros/P_final/build/frontier_explorer/build install --record /home/quim/robotica_ros/P_final/build/frontier_explorer/install.log --single-version-externally-managed install_data
[5.351s] DEBUG:colcon.colcon_core.event_handler.log_command:Invoking command in '/home/quim/robotica_ros/P_final/src/rosni_robot': PYTHONPATH=/home/quim/robotica_ros/P_final/build/rosni_robot/prefix_override:/usr/lib/python3/dist-packages/colcon_core/task/python/colcon_distutils_commands:/home/quim/robotica_ros/P_final/install/rosni_robot/lib/python3.10/site-packages:${PYTHONPATH} /usr/bin/python3 -W ignore:setup.py install is deprecated setup.py egg_info --egg-base ../../build/rosni_robot build --build-base /home/quim/robotica_ros/P_final/build/rosni_robot/build install --record /home/quim/robotica_ros/P_final/build/rosni_robot/install.log --single-version-externally-managed install_data
[6.301s] Level 1:colcon.colcon_core.environment:checking '/home/quim/robotica_ros/P_final/install/global_planner' for CMake module files
[6.305s] DEBUG:colcon.colcon_core.event_handler.log_command:Invoked command in '/home/quim/robotica_ros/P_final/src/global_planner' returned '0': PYTHONPATH=/home/quim/robotica_ros/P_final/build/global_planner/prefix_override:/usr/lib/python3/dist-packages/colcon_core/task/python/colcon_distutils_commands:/home/quim/robotica_ros/P_final/install/global_planner/lib/python3.10/site-packages:${PYTHONPATH} /usr/bin/python3 -W ignore:setup.py install is deprecated setup.py egg_info --egg-base ../../build/global_planner build --build-base /home/quim/robotica_ros/P_final/build/global_planner/build install --record /home/quim/robotica_ros/P_final/build/global_planner/install.log --single-version-externally-managed install_data
[6.310s] Level 1:colcon.colcon_core.environment:checking '/home/quim/robotica_ros/P_final/install/global_planner' for CMake config files
[6.314s] Level 1:colcon.colcon_core.environment:checking '/home/quim/robotica_ros/P_final/install/global_planner/lib'
[6.319s] Level 1:colcon.colcon_core.environment:checking '/home/quim/robotica_ros/P_final/install/global_planner/bin'
[6.320s] Level 1:colcon.colcon_core.environment:checking '/home/quim/robotica_ros/P_final/install/global_planner/lib/pkgconfig/global_planner.pc'
[6.325s] Level 1:colcon.colcon_core.environment:checking '/home/quim/robotica_ros/P_final/install/global_planner/lib/python3.10/site-packages'
[6.326s] Level 1:colcon.colcon_core.shell:create_environment_hook('global_planner', 'pythonpath')
[6.329s] INFO:colcon.colcon_core.shell:Creating environment hook '/home/quim/robotica_ros/P_final/install/global_planner/share/global_planner/hook/pythonpath.ps1'
[6.331s] INFO:colcon.colcon_core.shell:Creating environment descriptor '/home/quim/robotica_ros/P_final/install/global_planner/share/global_planner/hook/pythonpath.dsv'
[6.334s] INFO:colcon.colcon_core.shell:Creating environment hook '/home/quim/robotica_ros/P_final/install/global_planner/share/global_planner/hook/pythonpath.sh'
[6.337s] Level 1:colcon.colcon_core.environment:checking '/home/quim/robotica_ros/P_final/install/global_planner/bin'
[6.340s] Level 1:colcon.colcon_core.environment:create_environment_scripts_only(global_planner)
[6.341s] INFO:colcon.colcon_core.shell:Creating package script '/home/quim/robotica_ros/P_final/install/global_planner/share/global_planner/package.ps1'
[6.344s] INFO:colcon.colcon_core.shell:Creating package descriptor '/home/quim/robotica_ros/P_final/install/global_planner/share/global_planner/package.dsv'
[6.349s] INFO:colcon.colcon_core.shell:Creating package script '/home/quim/robotica_ros/P_final/install/global_planner/share/global_planner/package.sh'
[6.356s] INFO:colcon.colcon_core.shell:Creating package script '/home/quim/robotica_ros/P_final/install/global_planner/share/global_planner/package.bash'
[6.363s] INFO:colcon.colcon_core.shell:Creating package script '/home/quim/robotica_ros/P_final/install/global_planner/share/global_planner/package.zsh'
[6.366s] Level 1:colcon.colcon_core.environment:create_file_with_runtime_dependencies(/home/quim/robotica_ros/P_final/install/global_planner/share/colcon-core/packages/global_planner)
[6.419s] Level 1:colcon.colcon_core.environment:checking '/home/quim/robotica_ros/P_final/install/frontier_explorer' for CMake module files
[6.422s] DEBUG:colcon.colcon_core.event_handler.log_command:Invoked command in '/home/quim/robotica_ros/P_final/src/frontier_explorer' returned '0': PYTHONPATH=/home/quim/robotica_ros/P_final/build/frontier_explorer/prefix_override:/usr/lib/python3/dist-packages/colcon_core/task/python/colcon_distutils_commands:/home/quim/robotica_ros/P_final/install/frontier_explorer/lib/python3.10/site-packages:${PYTHONPATH} /usr/bin/python3 -W ignore:setup.py install is deprecated setup.py egg_info --egg-base ../../build/frontier_explorer build --build-base /home/quim/robotica_ros/P_final/build/frontier_explorer/build install --record /home/quim/robotica_ros/P_final/build/frontier_explorer/install.log --single-version-externally-managed install_data
[6.424s] Level 1:colcon.colcon_core.environment:checking '/home/quim/robotica_ros/P_final/install/frontier_explorer' for CMake config files
[6.425s] Level 1:colcon.colcon_core.environment:checking '/home/quim/robotica_ros/P_final/install/frontier_explorer/lib'
[6.425s] Level 1:colcon.colcon_core.environment:checking '/home/quim/robotica_ros/P_final/install/frontier_explorer/bin'
[6.426s] Level 1:colcon.colcon_core.environment:checking '/home/quim/robotica_ros/P_final/install/frontier_explorer/lib/pkgconfig/frontier_explorer.pc'
[6.426s] Level 1:colcon.colcon_core.environment:checking '/home/quim/robotica_ros/P_final/install/frontier_explorer/lib/python3.10/site-packages'
[6.427s] Level 1:colcon.colcon_core.shell:create_environment_hook('frontier_explorer', 'pythonpath')
[6.427s] INFO:colcon.colcon_core.shell:Creating environment hook '/home/quim/robotica_ros/P_final/install/frontier_explorer/share/frontier_explorer/hook/pythonpath.ps1'
[6.429s] INFO:colcon.colcon_core.shell:Creating environment descriptor '/home/quim/robotica_ros/P_final/install/frontier_explorer/share/frontier_explorer/hook/pythonpath.dsv'
[6.430s] INFO:colcon.colcon_core.shell:Creating environment hook '/home/quim/robotica_ros/P_final/install/frontier_explorer/share/frontier_explorer/hook/pythonpath.sh'
[6.432s] Level 1:colcon.colcon_core.environment:checking '/home/quim/robotica_ros/P_final/install/frontier_explorer/bin'
[6.432s] Level 1:colcon.colcon_core.environment:create_environment_scripts_only(frontier_explorer)
[6.434s] INFO:colcon.colcon_core.shell:Creating package script '/home/quim/robotica_ros/P_final/install/frontier_explorer/share/frontier_explorer/package.ps1'
[6.436s] INFO:colcon.colcon_core.shell:Creating package descriptor '/home/quim/robotica_ros/P_final/install/frontier_explorer/share/frontier_explorer/package.dsv'
[6.440s] INFO:colcon.colcon_core.shell:Creating package script '/home/quim/robotica_ros/P_final/install/frontier_explorer/share/frontier_explorer/package.sh'
[6.443s] INFO:colcon.colcon_core.shell:Creating package script '/home/quim/robotica_ros/P_final/install/frontier_explorer/share/frontier_explorer/package.bash'
[6.445s] INFO:colcon.colcon_core.shell:Creating package script '/home/quim/robotica_ros/P_final/install/frontier_explorer/share/frontier_explorer/package.zsh'
[6.446s] Level 1:colcon.colcon_core.environment:create_file_with_runtime_dependencies(/home/quim/robotica_ros/P_final/install/frontier_explorer/share/colcon-core/packages/frontier_explorer)
[6.451s] Level 1:colcon.colcon_core.environment:checking '/home/quim/robotica_ros/P_final/install/local_planner' for CMake module files
[6.454s] DEBUG:colcon.colcon_core.event_handler.log_command:Invoked command in '/home/quim/robotica_ros/P_final/src/local_planner' returned '0': PYTHONPATH=/home/quim/robotica_ros/P_final/build/local_planner/prefix_override:/usr/lib/python3/dist-packages/colcon_core/task/python/colcon_distutils_commands:/home/quim/robotica_ros/P_final/install/local_planner/lib/python3.10/site-packages:${PYTHONPATH} /usr/bin/python3 -W ignore:setup.py install is deprecated setup.py egg_info --egg-base ../../build/local_planner build --build-base /home/quim/robotica_ros/P_final/build/local_planner/build install --record /home/quim/robotica_ros/P_final/build/local_planner/install.log --single-version-externally-managed install_data
[6.454s] Level 1:colcon.colcon_core.environment:checking '/home/quim/robotica_ros/P_final/install/local_planner' for CMake config files
[6.455s] Level 1:colcon.colcon_core.environment:checking '/home/quim/robotica_ros/P_final/install/local_planner/lib'
[6.455s] Level 1:colcon.colcon_core.environment:checking '/home/quim/robotica_ros/P_final/install/local_planner/bin'
[6.456s] Level 1:colcon.colcon_core.environment:checking '/home/quim/robotica_ros/P_final/install/local_planner/lib/pkgconfig/local_planner.pc'
[6.456s] Level 1:colcon.colcon_core.environment:checking '/home/quim/robotica_ros/P_final/install/local_planner/lib/python3.10/site-packages'
[6.456s] Level 1:colcon.colcon_core.shell:create_environment_hook('local_planner', 'pythonpath')
[6.457s] INFO:colcon.colcon_core.shell:Creating environment hook '/home/quim/robotica_ros/P_final/install/local_planner/share/local_planner/hook/pythonpath.ps1'
[6.457s] INFO:colcon.colcon_core.shell:Creating environment descriptor '/home/quim/robotica_ros/P_final/install/local_planner/share/local_planner/hook/pythonpath.dsv'
[6.458s] INFO:colcon.colcon_core.shell:Creating environment hook '/home/quim/robotica_ros/P_final/install/local_planner/share/local_planner/hook/pythonpath.sh'
[6.460s] Level 1:colcon.colcon_core.environment:checking '/home/quim/robotica_ros/P_final/install/local_planner/bin'
[6.460s] Level 1:colcon.colcon_core.environment:create_environment_scripts_only(local_planner)
[6.461s] INFO:colcon.colcon_core.shell:Creating package script '/home/quim/robotica_ros/P_final/install/local_planner/share/local_planner/package.ps1'
[6.462s] INFO:colcon.colcon_core.shell:Creating package descriptor '/home/quim/robotica_ros/P_final/install/local_planner/share/local_planner/package.dsv'
[6.463s] INFO:colcon.colcon_core.shell:Creating package script '/home/quim/robotica_ros/P_final/install/local_planner/share/local_planner/package.sh'
[6.465s] INFO:colcon.colcon_core.shell:Creating package script '/home/quim/robotica_ros/P_final/install/local_planner/share/local_planner/package.bash'
[6.467s] INFO:colcon.colcon_core.shell:Creating package script '/home/quim/robotica_ros/P_final/install/local_planner/share/local_planner/package.zsh'
[6.470s] Level 1:colcon.colcon_core.environment:create_file_with_runtime_dependencies(/home/quim/robotica_ros/P_final/install/local_planner/share/colcon-core/packages/local_planner)
[6.552s] Level 1:colcon.colcon_core.environment:checking '/home/quim/robotica_ros/P_final/install/rosni_robot' for CMake module files
[6.553s] DEBUG:colcon.colcon_core.event_handler.log_command:Invoked command in '/home/quim/robotica_ros/P_final/src/rosni_robot' returned '0': PYTHONPATH=/home/quim/robotica_ros/P_final/build/rosni_robot/prefix_override:/usr/lib/python3/dist-packages/colcon_core/task/python/colcon_distutils_commands:/home/quim/robotica_ros/P_final/install/rosni_robot/lib/python3.10/site-packages:${PYTHONPATH} /usr/bin/python3 -W ignore:setup.py install is deprecated setup.py egg_info --egg-base ../../build/rosni_robot build --build-base /home/quim/robotica_ros/P_final/build/rosni_robot/build install --record /home/quim/robotica_ros/P_final/build/rosni_robot/install.log --single-version-externally-managed install_data
[6.553s] Level 1:colcon.colcon_core.environment:checking '/home/quim/robotica_ros/P_final/install/rosni_robot' for CMake config files
[6.554s] Level 1:colcon.colcon_core.environment:checking '/home/quim/robotica_ros/P_final/install/rosni_robot/lib'
[6.554s] Level 1:colcon.colcon_core.environment:checking '/home/quim/robotica_ros/P_final/install/rosni_robot/bin'
[6.554s] Level 1:colcon.colcon_core.environment:checking '/home/quim/robotica_ros/P_final/install/rosni_robot/lib/pkgconfig/rosni_robot.pc'
[6.555s] Level 1:colcon.colcon_core.environment:checking '/home/quim/robotica_ros/P_final/install/rosni_robot/lib/python3.10/site-packages'
[6.555s] Level 1:colcon.colcon_core.shell:create_environment_hook('rosni_robot', 'pythonpath')
[6.555s] INFO:colcon.colcon_core.shell:Creating environment hook '/home/quim/robotica_ros/P_final/install/rosni_robot/share/rosni_robot/hook/pythonpath.ps1'
[6.557s] INFO:colcon.colcon_core.shell:Creating environment descriptor '/home/quim/robotica_ros/P_final/install/rosni_robot/share/rosni_robot/hook/pythonpath.dsv'
[6.557s] INFO:colcon.colcon_core.shell:Creating environment hook '/home/quim/robotica_ros/P_final/install/rosni_robot/share/rosni_robot/hook/pythonpath.sh'
[6.558s] Level 1:colcon.colcon_core.environment:checking '/home/quim/robotica_ros/P_final/install/rosni_robot/bin'
[6.558s] Level 1:colcon.colcon_core.environment:create_environment_scripts_only(rosni_robot)
[6.559s] INFO:colcon.colcon_core.shell:Creating package script '/home/quim/robotica_ros/P_final/install/rosni_robot/share/rosni_robot/package.ps1'
[6.562s] INFO:colcon.colcon_core.shell:Creating package descriptor '/home/quim/robotica_ros/P_final/install/rosni_robot/share/rosni_robot/package.dsv'
[6.563s] INFO:colcon.colcon_core.shell:Creating package script '/home/quim/robotica_ros/P_final/install/rosni_robot/share/rosni_robot/package.sh'
[6.565s] INFO:colcon.colcon_core.shell:Creating package script '/home/quim/robotica_ros/P_final/install/rosni_robot/share/rosni_robot/package.bash'
[6.567s] INFO:colcon.colcon_core.shell:Creating package script '/home/quim/robotica_ros/P_final/install/rosni_robot/share/rosni_robot/package.zsh'
[6.569s] Level 1:colcon.colcon_core.environment:create_file_with_runtime_dependencies(/home/quim/robotica_ros/P_final/install/rosni_robot/share/colcon-core/packages/rosni_robot)
[6.570s] DEBUG:colcon.colcon_parallel_executor.executor.parallel:closing loop
[6.571s] DEBUG:colcon.colcon_parallel_executor.executor.parallel:loop closed
[6.571s] DEBUG:colcon.colcon_parallel_executor.executor.parallel:run_until_complete finished with '0'
[6.571s] DEBUG:colcon.colcon_core.event_reactor:joining thread
[6.582s] INFO:colcon.colcon_core.plugin_system:Skipping extension 'colcon_notification.desktop_notification.terminal_notifier': Not used on non-Darwin systems
[6.582s] INFO:colcon.colcon_core.plugin_system:Skipping extension 'colcon_notification.desktop_notification.win32': Not used on non-Windows systems
[6.583s] INFO:colcon.colcon_notification.desktop_notification:Sending desktop notification using 'notify2'
[6.609s] DEBUG:colcon.colcon_core.event_reactor:joined thread
[6.610s] INFO:colcon.colcon_core.shell:Creating prefix script '/home/quim/robotica_ros/P_final/install/local_setup.ps1'
[6.612s] INFO:colcon.colcon_core.shell:Creating prefix util module '/home/quim/robotica_ros/P_final/install/_local_setup_util_ps1.py'
[6.617s] INFO:colcon.colcon_core.shell:Creating prefix chain script '/home/quim/robotica_ros/P_final/install/setup.ps1'
[6.620s] INFO:colcon.colcon_core.shell:Creating prefix script '/home/quim/robotica_ros/P_final/install/local_setup.sh'
[6.621s] INFO:colcon.colcon_core.shell:Creating prefix util module '/home/quim/robotica_ros/P_final/install/_local_setup_util_sh.py'
[6.623s] INFO:colcon.colcon_core.shell:Creating prefix chain script '/home/quim/robotica_ros/P_final/install/setup.sh'
[6.627s] INFO:colcon.colcon_core.shell:Creating prefix script '/home/quim/robotica_ros/P_final/install/local_setup.bash'
[6.630s] INFO:colcon.colcon_core.shell:Creating prefix chain script '/home/quim/robotica_ros/P_final/install/setup.bash'
[6.634s] INFO:colcon.colcon_core.shell:Creating prefix script '/home/quim/robotica_ros/P_final/install/local_setup.zsh'
[6.636s] INFO:colcon.colcon_core.shell:Creating prefix chain script '/home/quim/robotica_ros/P_final/install/setup.zsh'
