[3.494s] Invoking command in '/home/quim/robotica_ros/P_final/src/global_planner': PYTHONPATH=/home/quim/robotica_ros/P_final/build/global_planner/prefix_override:/usr/lib/python3/dist-packages/colcon_core/task/python/colcon_distutils_commands:/home/quim/robotica_ros/P_final/install/global_planner/lib/python3.10/site-packages:${PYTHONPATH} /usr/bin/python3 -W ignore:setup.py install is deprecated setup.py egg_info --egg-base ../../build/global_planner build --build-base /home/quim/robotica_ros/P_final/build/global_planner/build install --record /home/quim/robotica_ros/P_final/build/global_planner/install.log --single-version-externally-managed install_data
[4.318s] running egg_info
[4.319s] writing ../../build/global_planner/global_planner.egg-info/PKG-INFO
[4.320s] writing dependency_links to ../../build/global_planner/global_planner.egg-info/dependency_links.txt
[4.321s] writing entry points to ../../build/global_planner/global_planner.egg-info/entry_points.txt
[4.322s] writing requirements to ../../build/global_planner/global_planner.egg-info/requires.txt
[4.323s] writing top-level names to ../../build/global_planner/global_planner.egg-info/top_level.txt
[4.331s] reading manifest file '../../build/global_planner/global_planner.egg-info/SOURCES.txt'
[4.333s] writing manifest file '../../build/global_planner/global_planner.egg-info/SOURCES.txt'
[4.334s] running build
[4.334s] running build_py
[4.335s] copying global_planner/global_planner.py -> /home/quim/robotica_ros/P_final/build/global_planner/build/lib/global_planner
[4.337s] running install
[4.341s] running install_lib
[4.343s] copying /home/quim/robotica_ros/P_final/build/global_planner/build/lib/global_planner/global_planner.py -> /home/quim/robotica_ros/P_final/install/global_planner/lib/python3.10/site-packages/global_planner
[4.343s] byte-compiling /home/quim/robotica_ros/P_final/install/global_planner/lib/python3.10/site-packages/global_planner/global_planner.py to global_planner.cpython-310.pyc
[4.347s] running install_data
[4.347s] running install_egg_info
[4.352s] removing '/home/quim/robotica_ros/P_final/install/global_planner/lib/python3.10/site-packages/global_planner-0.0.0-py3.10.egg-info' (and everything under it)
[4.353s] Copying ../../build/global_planner/global_planner.egg-info to /home/quim/robotica_ros/P_final/install/global_planner/lib/python3.10/site-packages/global_planner-0.0.0-py3.10.egg-info
[4.353s] running install_scripts
[4.422s] Installing global_planner_node script to /home/quim/robotica_ros/P_final/install/global_planner/lib/global_planner
[4.425s] writing list of installed files to '/home/quim/robotica_ros/P_final/build/global_planner/install.log'
[4.534s] Invoked command in '/home/quim/robotica_ros/P_final/src/global_planner' returned '0': PYTHONPATH=/home/quim/robotica_ros/P_final/build/global_planner/prefix_override:/usr/lib/python3/dist-packages/colcon_core/task/python/colcon_distutils_commands:/home/quim/robotica_ros/P_final/install/global_planner/lib/python3.10/site-packages:${PYTHONPATH} /usr/bin/python3 -W ignore:setup.py install is deprecated setup.py egg_info --egg-base ../../build/global_planner build --build-base /home/quim/robotica_ros/P_final/build/global_planner/build install --record /home/quim/robotica_ros/P_final/build/global_planner/install.log --single-version-externally-managed install_data
