[1.478s] Invoking command in '/home/quim/robotica_ros/P_final/src/global_planner': PYTHONPATH=/home/quim/robotica_ros/P_final/build/global_planner/prefix_override:/usr/lib/python3/dist-packages/colcon_core/task/python/colcon_distutils_commands:/home/quim/robotica_ros/P_final/install/global_planner/lib/python3.10/site-packages:${PYTHONPATH} /usr/bin/python3 -W ignore:setup.py install is deprecated setup.py egg_info --egg-base ../../build/global_planner build --build-base /home/quim/robotica_ros/P_final/build/global_planner/build install --record /home/quim/robotica_ros/P_final/build/global_planner/install.log --single-version-externally-managed install_data
[1.815s] running egg_info
[1.815s] writing ../../build/global_planner/global_planner.egg-info/PKG-INFO
[1.816s] writing dependency_links to ../../build/global_planner/global_planner.egg-info/dependency_links.txt
[1.816s] writing entry points to ../../build/global_planner/global_planner.egg-info/entry_points.txt
[1.816s] writing requirements to ../../build/global_planner/global_planner.egg-info/requires.txt
[1.816s] writing top-level names to ../../build/global_planner/global_planner.egg-info/top_level.txt
[1.818s] reading manifest file '../../build/global_planner/global_planner.egg-info/SOURCES.txt'
[1.819s] writing manifest file '../../build/global_planner/global_planner.egg-info/SOURCES.txt'
[1.819s] running build
[1.820s] running build_py
[1.820s] running install
[1.820s] running install_lib
[1.822s] running install_data
[1.822s] running install_egg_info
[1.825s] removing '/home/quim/robotica_ros/P_final/install/global_planner/lib/python3.10/site-packages/global_planner-0.0.0-py3.10.egg-info' (and everything under it)
[1.825s] Copying ../../build/global_planner/global_planner.egg-info to /home/quim/robotica_ros/P_final/install/global_planner/lib/python3.10/site-packages/global_planner-0.0.0-py3.10.egg-info
[1.826s] running install_scripts
[1.854s] Installing global_planner_node script to /home/quim/robotica_ros/P_final/install/global_planner/lib/global_planner
[1.855s] writing list of installed files to '/home/quim/robotica_ros/P_final/build/global_planner/install.log'
[1.900s] Invoked command in '/home/quim/robotica_ros/P_final/src/global_planner' returned '0': PYTHONPATH=/home/quim/robotica_ros/P_final/build/global_planner/prefix_override:/usr/lib/python3/dist-packages/colcon_core/task/python/colcon_distutils_commands:/home/quim/robotica_ros/P_final/install/global_planner/lib/python3.10/site-packages:${PYTHONPATH} /usr/bin/python3 -W ignore:setup.py install is deprecated setup.py egg_info --egg-base ../../build/global_planner build --build-base /home/quim/robotica_ros/P_final/build/global_planner/build install --record /home/quim/robotica_ros/P_final/build/global_planner/install.log --single-version-externally-managed install_data
