[1.471s] Invoking command in '/home/quim/robotica_ros/P_final/src/frontier_explorer': PYTHONPATH=/home/quim/robotica_ros/P_final/build/frontier_explorer/prefix_override:/usr/lib/python3/dist-packages/colcon_core/task/python/colcon_distutils_commands:/home/quim/robotica_ros/P_final/install/frontier_explorer/lib/python3.10/site-packages:${PYTHONPATH} /usr/bin/python3 -W ignore:setup.py install is deprecated setup.py egg_info --egg-base ../../build/frontier_explorer build --build-base /home/quim/robotica_ros/P_final/build/frontier_explorer/build install --record /home/quim/robotica_ros/P_final/build/frontier_explorer/install.log --single-version-externally-managed install_data
[1.793s] running egg_info
[1.794s] writing ../../build/frontier_explorer/frontier_explorer.egg-info/PKG-INFO
[1.801s] writing dependency_links to ../../build/frontier_explorer/frontier_explorer.egg-info/dependency_links.txt
[1.802s] writing entry points to ../../build/frontier_explorer/frontier_explorer.egg-info/entry_points.txt
[1.802s] writing requirements to ../../build/frontier_explorer/frontier_explorer.egg-info/requires.txt
[1.803s] writing top-level names to ../../build/frontier_explorer/frontier_explorer.egg-info/top_level.txt
[1.805s] reading manifest file '../../build/frontier_explorer/frontier_explorer.egg-info/SOURCES.txt'
[1.807s] writing manifest file '../../build/frontier_explorer/frontier_explorer.egg-info/SOURCES.txt'
[1.807s] running build
[1.807s] running build_py
[1.808s] running install
[1.809s] running install_lib
[1.810s] running install_data
[1.811s] running install_egg_info
[1.813s] removing '/home/quim/robotica_ros/P_final/install/frontier_explorer/lib/python3.10/site-packages/frontier_explorer-0.0.0-py3.10.egg-info' (and everything under it)
[1.814s] Copying ../../build/frontier_explorer/frontier_explorer.egg-info to /home/quim/robotica_ros/P_final/install/frontier_explorer/lib/python3.10/site-packages/frontier_explorer-0.0.0-py3.10.egg-info
[1.815s] running install_scripts
[1.847s] Installing explorer_node script to /home/quim/robotica_ros/P_final/install/frontier_explorer/lib/frontier_explorer
[1.848s] writing list of installed files to '/home/quim/robotica_ros/P_final/build/frontier_explorer/install.log'
[1.900s] Invoked command in '/home/quim/robotica_ros/P_final/src/frontier_explorer' returned '0': PYTHONPATH=/home/quim/robotica_ros/P_final/build/frontier_explorer/prefix_override:/usr/lib/python3/dist-packages/colcon_core/task/python/colcon_distutils_commands:/home/quim/robotica_ros/P_final/install/frontier_explorer/lib/python3.10/site-packages:${PYTHONPATH} /usr/bin/python3 -W ignore:setup.py install is deprecated setup.py egg_info --egg-base ../../build/frontier_explorer build --build-base /home/quim/robotica_ros/P_final/build/frontier_explorer/build install --record /home/quim/robotica_ros/P_final/build/frontier_explorer/install.log --single-version-externally-managed install_data
