[1.905s] Invoking command in '/home/quim/robotica_ros/P_final/src/rosni_robot': PYTHONPATH=/home/quim/robotica_ros/P_final/build/rosni_robot/prefix_override:/usr/lib/python3/dist-packages/colcon_core/task/python/colcon_distutils_commands:/home/quim/robotica_ros/P_final/install/rosni_robot/lib/python3.10/site-packages:${PYTHONPATH} /usr/bin/python3 -W ignore:setup.py install is deprecated setup.py egg_info --egg-base ../../build/rosni_robot build --build-base /home/quim/robotica_ros/P_final/build/rosni_robot/build install --record /home/quim/robotica_ros/P_final/build/rosni_robot/install.log --single-version-externally-managed install_data
[2.278s] running egg_info
[2.280s] writing ../../build/rosni_robot/rosni_robot.egg-info/PKG-INFO
[2.280s] writing dependency_links to ../../build/rosni_robot/rosni_robot.egg-info/dependency_links.txt
[2.280s] writing entry points to ../../build/rosni_robot/rosni_robot.egg-info/entry_points.txt
[2.281s] writing requirements to ../../build/rosni_robot/rosni_robot.egg-info/requires.txt
[2.281s] writing top-level names to ../../build/rosni_robot/rosni_robot.egg-info/top_level.txt
[2.283s] reading manifest file '../../build/rosni_robot/rosni_robot.egg-info/SOURCES.txt'
[2.285s] writing manifest file '../../build/rosni_robot/rosni_robot.egg-info/SOURCES.txt'
[2.285s] running build
[2.285s] running build_py
[2.285s] running install
[2.286s] running install_lib
[2.287s] running install_data
[2.288s] running install_egg_info
[2.290s] removing '/home/quim/robotica_ros/P_final/install/rosni_robot/lib/python3.10/site-packages/rosni_robot-0.0.0-py3.10.egg-info' (and everything under it)
[2.291s] Copying ../../build/rosni_robot/rosni_robot.egg-info to /home/quim/robotica_ros/P_final/install/rosni_robot/lib/python3.10/site-packages/rosni_robot-0.0.0-py3.10.egg-info
[2.292s] running install_scripts
[2.336s] writing list of installed files to '/home/quim/robotica_ros/P_final/build/rosni_robot/install.log'
[2.392s] Invoked command in '/home/quim/robotica_ros/P_final/src/rosni_robot' returned '0': PYTHONPATH=/home/quim/robotica_ros/P_final/build/rosni_robot/prefix_override:/usr/lib/python3/dist-packages/colcon_core/task/python/colcon_distutils_commands:/home/quim/robotica_ros/P_final/install/rosni_robot/lib/python3.10/site-packages:${PYTHONPATH} /usr/bin/python3 -W ignore:setup.py install is deprecated setup.py egg_info --egg-base ../../build/rosni_robot build --build-base /home/quim/robotica_ros/P_final/build/rosni_robot/build install --record /home/quim/robotica_ros/P_final/build/rosni_robot/install.log --single-version-externally-managed install_data
