[2.003s] Invoking command in '/home/quim/robotica_ros/P_final/src/frontier_explorer': PYTHONPATH=/home/quim/robotica_ros/P_final/build/frontier_explorer/prefix_override:/usr/lib/python3/dist-packages/colcon_core/task/python/colcon_distutils_commands:/home/quim/robotica_ros/P_final/install/frontier_explorer/lib/python3.10/site-packages:${PYTHONPATH} /usr/bin/python3 -W ignore:setup.py install is deprecated setup.py egg_info --egg-base ../../build/frontier_explorer build --build-base /home/quim/robotica_ros/P_final/build/frontier_explorer/build install --record /home/quim/robotica_ros/P_final/build/frontier_explorer/install.log --single-version-externally-managed install_data
[2.384s] running egg_info
[2.386s] writing ../../build/frontier_explorer/frontier_explorer.egg-info/PKG-INFO
[2.386s] writing dependency_links to ../../build/frontier_explorer/frontier_explorer.egg-info/dependency_links.txt
[2.386s] writing entry points to ../../build/frontier_explorer/frontier_explorer.egg-info/entry_points.txt
[2.386s] writing requirements to ../../build/frontier_explorer/frontier_explorer.egg-info/requires.txt
[2.387s] writing top-level names to ../../build/frontier_explorer/frontier_explorer.egg-info/top_level.txt
[2.389s] reading manifest file '../../build/frontier_explorer/frontier_explorer.egg-info/SOURCES.txt'
[2.390s] writing manifest file '../../build/frontier_explorer/frontier_explorer.egg-info/SOURCES.txt'
[2.391s] running build
[2.391s] running build_py
[2.391s] copying frontier_explorer/explorer.py -> /home/quim/robotica_ros/P_final/build/frontier_explorer/build/lib/frontier_explorer
[2.392s] running install
[2.392s] running install_lib
[2.394s] copying /home/quim/robotica_ros/P_final/build/frontier_explorer/build/lib/frontier_explorer/explorer.py -> /home/quim/robotica_ros/P_final/install/frontier_explorer/lib/python3.10/site-packages/frontier_explorer
[2.395s] byte-compiling /home/quim/robotica_ros/P_final/install/frontier_explorer/lib/python3.10/site-packages/frontier_explorer/explorer.py to explorer.cpython-310.pyc
[2.399s] running install_data
[2.399s] running install_egg_info
[2.403s] removing '/home/quim/robotica_ros/P_final/install/frontier_explorer/lib/python3.10/site-packages/frontier_explorer-0.0.0-py3.10.egg-info' (and everything under it)
[2.403s] Copying ../../build/frontier_explorer/frontier_explorer.egg-info to /home/quim/robotica_ros/P_final/install/frontier_explorer/lib/python3.10/site-packages/frontier_explorer-0.0.0-py3.10.egg-info
[2.404s] running install_scripts
[2.434s] Installing explorer_node script to /home/quim/robotica_ros/P_final/install/frontier_explorer/lib/frontier_explorer
[2.435s] writing list of installed files to '/home/quim/robotica_ros/P_final/build/frontier_explorer/install.log'
[2.481s] Invoked command in '/home/quim/robotica_ros/P_final/src/frontier_explorer' returned '0': PYTHONPATH=/home/quim/robotica_ros/P_final/build/frontier_explorer/prefix_override:/usr/lib/python3/dist-packages/colcon_core/task/python/colcon_distutils_commands:/home/quim/robotica_ros/P_final/install/frontier_explorer/lib/python3.10/site-packages:${PYTHONPATH} /usr/bin/python3 -W ignore:setup.py install is deprecated setup.py egg_info --egg-base ../../build/frontier_explorer build --build-base /home/quim/robotica_ros/P_final/build/frontier_explorer/build install --record /home/quim/robotica_ros/P_final/build/frontier_explorer/install.log --single-version-externally-managed install_data
