[1.600s] Invoking command in '/home/quim/robotica_ros/P_final/src/rosni_robot': PYTHONPATH=/home/quim/robotica_ros/P_final/build/rosni_robot/prefix_override:/usr/lib/python3/dist-packages/colcon_core/task/python/colcon_distutils_commands:/home/quim/robotica_ros/P_final/install/rosni_robot/lib/python3.10/site-packages:${PYTHONPATH} /usr/bin/python3 -W ignore:setup.py install is deprecated setup.py egg_info --egg-base ../../build/rosni_robot build --build-base /home/quim/robotica_ros/P_final/build/rosni_robot/build install --record /home/quim/robotica_ros/P_final/build/rosni_robot/install.log --single-version-externally-managed install_data
[1.917s] running egg_info
[1.918s] writing ../../build/rosni_robot/rosni_robot.egg-info/PKG-INFO
[1.918s] writing dependency_links to ../../build/rosni_robot/rosni_robot.egg-info/dependency_links.txt
[1.919s] writing entry points to ../../build/rosni_robot/rosni_robot.egg-info/entry_points.txt
[1.919s] writing requirements to ../../build/rosni_robot/rosni_robot.egg-info/requires.txt
[1.919s] writing top-level names to ../../build/rosni_robot/rosni_robot.egg-info/top_level.txt
[1.921s] reading manifest file '../../build/rosni_robot/rosni_robot.egg-info/SOURCES.txt'
[1.922s] writing manifest file '../../build/rosni_robot/rosni_robot.egg-info/SOURCES.txt'
[1.922s] running build
[1.922s] running build_py
[1.923s] running install
[1.923s] running install_lib
[1.925s] running install_data
[1.925s] running install_egg_info
[1.927s] removing '/home/quim/robotica_ros/P_final/install/rosni_robot/lib/python3.10/site-packages/rosni_robot-0.0.0-py3.10.egg-info' (and everything under it)
[1.927s] Copying ../../build/rosni_robot/rosni_robot.egg-info to /home/quim/robotica_ros/P_final/install/rosni_robot/lib/python3.10/site-packages/rosni_robot-0.0.0-py3.10.egg-info
[1.928s] running install_scripts
[1.958s] writing list of installed files to '/home/quim/robotica_ros/P_final/build/rosni_robot/install.log'
[1.996s] Invoked command in '/home/quim/robotica_ros/P_final/src/rosni_robot' returned '0': PYTHONPATH=/home/quim/robotica_ros/P_final/build/rosni_robot/prefix_override:/usr/lib/python3/dist-packages/colcon_core/task/python/colcon_distutils_commands:/home/quim/robotica_ros/P_final/install/rosni_robot/lib/python3.10/site-packages:${PYTHONPATH} /usr/bin/python3 -W ignore:setup.py install is deprecated setup.py egg_info --egg-base ../../build/rosni_robot build --build-base /home/quim/robotica_ros/P_final/build/rosni_robot/build install --record /home/quim/robotica_ros/P_final/build/rosni_robot/install.log --single-version-externally-managed install_data
