[1.870s] Invoking command in '/home/quim/robotica_ros/P_final/src/local_planner': PYTHONPATH=/home/quim/robotica_ros/P_final/build/local_planner/prefix_override:/usr/lib/python3/dist-packages/colcon_core/task/python/colcon_distutils_commands:/home/quim/robotica_ros/P_final/install/local_planner/lib/python3.10/site-packages:${PYTHONPATH} /usr/bin/python3 -W ignore:setup.py install is deprecated setup.py egg_info --egg-base ../../build/local_planner build --build-base /home/quim/robotica_ros/P_final/build/local_planner/build install --record /home/quim/robotica_ros/P_final/build/local_planner/install.log --single-version-externally-managed install_data
[2.246s] running egg_info
[2.247s] writing ../../build/local_planner/local_planner.egg-info/PKG-INFO
[2.248s] writing dependency_links to ../../build/local_planner/local_planner.egg-info/dependency_links.txt
[2.248s] writing entry points to ../../build/local_planner/local_planner.egg-info/entry_points.txt
[2.248s] writing requirements to ../../build/local_planner/local_planner.egg-info/requires.txt
[2.248s] writing top-level names to ../../build/local_planner/local_planner.egg-info/top_level.txt
[2.251s] reading manifest file '../../build/local_planner/local_planner.egg-info/SOURCES.txt'
[2.253s] writing manifest file '../../build/local_planner/local_planner.egg-info/SOURCES.txt'
[2.253s] running build
[2.253s] running build_py
[2.254s] running install
[2.254s] running install_lib
[2.256s] running install_data
[2.257s] running install_egg_info
[2.259s] removing '/home/quim/robotica_ros/P_final/install/local_planner/lib/python3.10/site-packages/local_planner-0.0.0-py3.10.egg-info' (and everything under it)
[2.260s] Copying ../../build/local_planner/local_planner.egg-info to /home/quim/robotica_ros/P_final/install/local_planner/lib/python3.10/site-packages/local_planner-0.0.0-py3.10.egg-info
[2.261s] running install_scripts
[2.293s] Installing local_planner_node script to /home/quim/robotica_ros/P_final/install/local_planner/lib/local_planner
[2.293s] writing list of installed files to '/home/quim/robotica_ros/P_final/build/local_planner/install.log'
[2.369s] Invoked command in '/home/quim/robotica_ros/P_final/src/local_planner' returned '0': PYTHONPATH=/home/quim/robotica_ros/P_final/build/local_planner/prefix_override:/usr/lib/python3/dist-packages/colcon_core/task/python/colcon_distutils_commands:/home/quim/robotica_ros/P_final/install/local_planner/lib/python3.10/site-packages:${PYTHONPATH} /usr/bin/python3 -W ignore:setup.py install is deprecated setup.py egg_info --egg-base ../../build/local_planner build --build-base /home/quim/robotica_ros/P_final/build/local_planner/build install --record /home/quim/robotica_ros/P_final/build/local_planner/install.log --single-version-externally-managed install_data
