[0.079s] Invoking command in '/home/quim/robotica_ros/P_final/build/rosni2_description': CMAKE_PREFIX_PATH=${CMAKE_PREFIX_PATH}:/home/quim/robotica_ros/P_final/install/local_planner:/home/quim/robotica_ros/P_final/install/global_planner:/home/quim/robotica_ros/P_final/install/frontier_explorer:/opt/ros/humble /usr/bin/cmake --build /home/quim/robotica_ros/P_final/build/rosni2_description -- -j8 -l8
[2.086s] Invoked command in '/home/quim/robotica_ros/P_final/build/rosni2_description' returned '0': CMAKE_PREFIX_PATH=${CMAKE_PREFIX_PATH}:/home/quim/robotica_ros/P_final/install/local_planner:/home/quim/robotica_ros/P_final/install/global_planner:/home/quim/robotica_ros/P_final/install/frontier_explorer:/opt/ros/humble /usr/bin/cmake --build /home/quim/robotica_ros/P_final/build/rosni2_description -- -j8 -l8
[2.193s] Invoking command in '/home/quim/robotica_ros/P_final/build/rosni2_description': CMAKE_PREFIX_PATH=${CMAKE_PREFIX_PATH}:/home/quim/robotica_ros/P_final/install/local_planner:/home/quim/robotica_ros/P_final/install/global_planner:/home/quim/robotica_ros/P_final/install/frontier_explorer:/opt/ros/humble /usr/bin/cmake --install /home/quim/robotica_ros/P_final/build/rosni2_description
[2.219s] -- Install configuration: ""
[2.220s] -- Up-to-date: /home/quim/robotica_ros/P_final/install/rosni2_description/share/rosni2_description/config
[2.221s] -- Up-to-date: /home/quim/robotica_ros/P_final/install/rosni2_description/share/rosni2_description/config/rviz2
[2.222s] -- Up-to-date: /home/quim/robotica_ros/P_final/install/rosni2_description/share/rosni2_description/config/rviz2/default_view.rviz
[2.224s] -- Up-to-date: /home/quim/robotica_ros/P_final/install/rosni2_description/share/rosni2_description/config/diff_drive_controller.yaml
[2.225s] -- Up-to-date: /home/quim/robotica_ros/P_final/install/rosni2_description/share/rosni2_description/launch
[2.226s] -- Up-to-date: /home/quim/robotica_ros/P_final/install/rosni2_description/share/rosni2_description/launch/display.launch.py
[2.227s] -- Up-to-date: /home/quim/robotica_ros/P_final/install/rosni2_description/share/rosni2_description/launch/upload.launch.py
[2.228s] -- Up-to-date: /home/quim/robotica_ros/P_final/install/rosni2_description/share/rosni2_description/urdf
[2.228s] -- Up-to-date: /home/quim/robotica_ros/P_final/install/rosni2_description/share/rosni2_description/urdf/wheels
[2.228s] -- Up-to-date: /home/quim/robotica_ros/P_final/install/rosni2_description/share/rosni2_description/urdf/wheels/right_wheel.xacro
[2.229s] -- Up-to-date: /home/quim/robotica_ros/P_final/install/rosni2_description/share/rosni2_description/urdf/wheels/left_wheel.xacro
[2.230s] -- Up-to-date: /home/quim/robotica_ros/P_final/install/rosni2_description/share/rosni2_description/urdf/sensors
[2.231s] -- Up-to-date: /home/quim/robotica_ros/P_final/install/rosni2_description/share/rosni2_description/urdf/sensors/lidar.xacro
[2.233s] -- Up-to-date: /home/quim/robotica_ros/P_final/install/rosni2_description/share/rosni2_description/urdf/base
[2.233s] -- Up-to-date: /home/quim/robotica_ros/P_final/install/rosni2_description/share/rosni2_description/urdf/base/base.xacro
[2.233s] -- Up-to-date: /home/quim/robotica_ros/P_final/install/rosni2_description/share/rosni2_description/robot
[2.233s] -- Up-to-date: /home/quim/robotica_ros/P_final/install/rosni2_description/share/rosni2_description/robot/rosni.urdf.xacro
[2.233s] -- Up-to-date: /home/quim/robotica_ros/P_final/install/rosni2_description/share/rosni2_description/meshes
[2.233s] -- Up-to-date: /home/quim/robotica_ros/P_final/install/rosni2_description/share/rosni2_description/meshes/base.stl
[2.233s] -- Up-to-date: /home/quim/robotica_ros/P_final/install/rosni2_description/share/rosni2_description/meshes/right_wheel.stl
[2.234s] -- Up-to-date: /home/quim/robotica_ros/P_final/install/rosni2_description/share/rosni2_description/meshes/lidar.stl
[2.234s] -- Up-to-date: /home/quim/robotica_ros/P_final/install/rosni2_description/share/rosni2_description/meshes/left_wheel.stl
[2.234s] -- Up-to-date: /home/quim/robotica_ros/P_final/install/rosni2_description/share/rosni2_description/gazebo
[2.234s] -- Up-to-date: /home/quim/robotica_ros/P_final/install/rosni2_description/share/rosni2_description/gazebo/rosni.gazebo.xacro
[2.234s] -- Up-to-date: /home/quim/robotica_ros/P_final/install/rosni2_description/share/rosni2_description/ros2_control
[2.235s] -- Up-to-date: /home/quim/robotica_ros/P_final/install/rosni2_description/share/rosni2_description/ros2_control/ros2_control.xacro
[2.235s] -- Up-to-date: /home/quim/robotica_ros/P_final/install/rosni2_description/share/ament_index/resource_index/package_run_dependencies/rosni2_description
[2.235s] -- Up-to-date: /home/quim/robotica_ros/P_final/install/rosni2_description/share/ament_index/resource_index/parent_prefix_path/rosni2_description
[2.236s] -- Up-to-date: /home/quim/robotica_ros/P_final/install/rosni2_description/share/rosni2_description/environment/ament_prefix_path.sh
[2.236s] -- Up-to-date: /home/quim/robotica_ros/P_final/install/rosni2_description/share/rosni2_description/environment/ament_prefix_path.dsv
[2.236s] -- Up-to-date: /home/quim/robotica_ros/P_final/install/rosni2_description/share/rosni2_description/environment/path.sh
[2.236s] -- Up-to-date: /home/quim/robotica_ros/P_final/install/rosni2_description/share/rosni2_description/environment/path.dsv
[2.237s] -- Up-to-date: /home/quim/robotica_ros/P_final/install/rosni2_description/share/rosni2_description/local_setup.bash
[2.237s] -- Up-to-date: /home/quim/robotica_ros/P_final/install/rosni2_description/share/rosni2_description/local_setup.sh
[2.238s] -- Up-to-date: /home/quim/robotica_ros/P_final/install/rosni2_description/share/rosni2_description/local_setup.zsh
[2.238s] -- Up-to-date: /home/quim/robotica_ros/P_final/install/rosni2_description/share/rosni2_description/local_setup.dsv
[2.238s] -- Installing: /home/quim/robotica_ros/P_final/install/rosni2_description/share/rosni2_description/package.dsv
[2.238s] -- Up-to-date: /home/quim/robotica_ros/P_final/install/rosni2_description/share/ament_index/resource_index/packages/rosni2_description
[2.239s] -- Up-to-date: /home/quim/robotica_ros/P_final/install/rosni2_description/share/rosni2_description/cmake/rosni2_descriptionConfig.cmake
[2.239s] -- Up-to-date: /home/quim/robotica_ros/P_final/install/rosni2_description/share/rosni2_description/cmake/rosni2_descriptionConfig-version.cmake
[2.243s] -- Up-to-date: /home/quim/robotica_ros/P_final/install/rosni2_description/share/rosni2_description/package.xml
[2.243s] Invoked command in '/home/quim/robotica_ros/P_final/build/rosni2_description' returned '0': CMAKE_PREFIX_PATH=${CMAKE_PREFIX_PATH}:/home/quim/robotica_ros/P_final/install/local_planner:/home/quim/robotica_ros/P_final/install/global_planner:/home/quim/robotica_ros/P_final/install/frontier_explorer:/opt/ros/humble /usr/bin/cmake --install /home/quim/robotica_ros/P_final/build/rosni2_description
