[2.046s] Invoking command in '/home/quim/robotica_ros/P_final/src/rosni_robot': PYTHONPATH=/home/quim/robotica_ros/P_final/build/rosni_robot/prefix_override:/usr/lib/python3/dist-packages/colcon_core/task/python/colcon_distutils_commands:/home/quim/robotica_ros/P_final/install/rosni_robot/lib/python3.10/site-packages:${PYTHONPATH} /usr/bin/python3 -W ignore:setup.py install is deprecated setup.py egg_info --egg-base ../../build/rosni_robot build --build-base /home/quim/robotica_ros/P_final/build/rosni_robot/build install --record /home/quim/robotica_ros/P_final/build/rosni_robot/install.log --single-version-externally-managed install_data
[2.424s] running egg_info
[2.425s] writing ../../build/rosni_robot/rosni_robot.egg-info/PKG-INFO
[2.425s] writing dependency_links to ../../build/rosni_robot/rosni_robot.egg-info/dependency_links.txt
[2.425s] writing entry points to ../../build/rosni_robot/rosni_robot.egg-info/entry_points.txt
[2.425s] writing requirements to ../../build/rosni_robot/rosni_robot.egg-info/requires.txt
[2.426s] writing top-level names to ../../build/rosni_robot/rosni_robot.egg-info/top_level.txt
[2.429s] reading manifest file '../../build/rosni_robot/rosni_robot.egg-info/SOURCES.txt'
[2.429s] writing manifest file '../../build/rosni_robot/rosni_robot.egg-info/SOURCES.txt'
[2.429s] running build
[2.429s] running build_py
[2.430s] running install
[2.430s] running install_lib
[2.432s] running install_data
[2.432s] running install_egg_info
[2.435s] removing '/home/quim/robotica_ros/P_final/install/rosni_robot/lib/python3.10/site-packages/rosni_robot-0.0.0-py3.10.egg-info' (and everything under it)
[2.435s] Copying ../../build/rosni_robot/rosni_robot.egg-info to /home/quim/robotica_ros/P_final/install/rosni_robot/lib/python3.10/site-packages/rosni_robot-0.0.0-py3.10.egg-info
[2.437s] running install_scripts
[2.469s] writing list of installed files to '/home/quim/robotica_ros/P_final/build/rosni_robot/install.log'
[2.518s] Invoked command in '/home/quim/robotica_ros/P_final/src/rosni_robot' returned '0': PYTHONPATH=/home/quim/robotica_ros/P_final/build/rosni_robot/prefix_override:/usr/lib/python3/dist-packages/colcon_core/task/python/colcon_distutils_commands:/home/quim/robotica_ros/P_final/install/rosni_robot/lib/python3.10/site-packages:${PYTHONPATH} /usr/bin/python3 -W ignore:setup.py install is deprecated setup.py egg_info --egg-base ../../build/rosni_robot build --build-base /home/quim/robotica_ros/P_final/build/rosni_robot/build install --record /home/quim/robotica_ros/P_final/build/rosni_robot/install.log --single-version-externally-managed install_data
