[1.815s] Invoking command in '/home/quim/robotica_ros/P_final/src/local_planner': PYTHONPATH=/home/quim/robotica_ros/P_final/build/local_planner/prefix_override:/usr/lib/python3/dist-packages/colcon_core/task/python/colcon_distutils_commands:/home/quim/robotica_ros/P_final/install/local_planner/lib/python3.10/site-packages:${PYTHONPATH} /usr/bin/python3 -W ignore:setup.py install is deprecated setup.py egg_info --egg-base ../../build/local_planner build --build-base /home/quim/robotica_ros/P_final/build/local_planner/build install --record /home/quim/robotica_ros/P_final/build/local_planner/install.log --single-version-externally-managed install_data
[2.186s] running egg_info
[2.188s] writing ../../build/local_planner/local_planner.egg-info/PKG-INFO
[2.188s] writing dependency_links to ../../build/local_planner/local_planner.egg-info/dependency_links.txt
[2.188s] writing entry points to ../../build/local_planner/local_planner.egg-info/entry_points.txt
[2.188s] writing requirements to ../../build/local_planner/local_planner.egg-info/requires.txt
[2.188s] writing top-level names to ../../build/local_planner/local_planner.egg-info/top_level.txt
[2.190s] reading manifest file '../../build/local_planner/local_planner.egg-info/SOURCES.txt'
[2.191s] writing manifest file '../../build/local_planner/local_planner.egg-info/SOURCES.txt'
[2.192s] running build
[2.192s] running build_py
[2.192s] copying local_planner/local_planner.py -> /home/quim/robotica_ros/P_final/build/local_planner/build/lib/local_planner
[2.192s] running install
[2.193s] running install_lib
[2.194s] copying /home/quim/robotica_ros/P_final/build/local_planner/build/lib/local_planner/local_planner.py -> /home/quim/robotica_ros/P_final/install/local_planner/lib/python3.10/site-packages/local_planner
[2.194s] byte-compiling /home/quim/robotica_ros/P_final/install/local_planner/lib/python3.10/site-packages/local_planner/local_planner.py to local_planner.cpython-310.pyc
[2.196s] running install_data
[2.197s] running install_egg_info
[2.200s] removing '/home/quim/robotica_ros/P_final/install/local_planner/lib/python3.10/site-packages/local_planner-0.0.0-py3.10.egg-info' (and everything under it)
[2.200s] Copying ../../build/local_planner/local_planner.egg-info to /home/quim/robotica_ros/P_final/install/local_planner/lib/python3.10/site-packages/local_planner-0.0.0-py3.10.egg-info
[2.202s] running install_scripts
[2.244s] Installing local_planner_node script to /home/quim/robotica_ros/P_final/install/local_planner/lib/local_planner
[2.245s] writing list of installed files to '/home/quim/robotica_ros/P_final/build/local_planner/install.log'
[2.324s] Invoked command in '/home/quim/robotica_ros/P_final/src/local_planner' returned '0': PYTHONPATH=/home/quim/robotica_ros/P_final/build/local_planner/prefix_override:/usr/lib/python3/dist-packages/colcon_core/task/python/colcon_distutils_commands:/home/quim/robotica_ros/P_final/install/local_planner/lib/python3.10/site-packages:${PYTHONPATH} /usr/bin/python3 -W ignore:setup.py install is deprecated setup.py egg_info --egg-base ../../build/local_planner build --build-base /home/quim/robotica_ros/P_final/build/local_planner/build install --record /home/quim/robotica_ros/P_final/build/local_planner/install.log --single-version-externally-managed install_data
