[4.930s] Invoking command in '/home/quim/robotica_ros/P_final/src/global_planner': PYTHONPATH=/home/quim/robotica_ros/P_final/build/global_planner/prefix_override:/usr/lib/python3/dist-packages/colcon_core/task/python/colcon_distutils_commands:/home/quim/robotica_ros/P_final/install/global_planner/lib/python3.10/site-packages:${PYTHONPATH} /usr/bin/python3 -W ignore:setup.py install is deprecated setup.py egg_info --egg-base ../../build/global_planner build --build-base /home/quim/robotica_ros/P_final/build/global_planner/build install --record /home/quim/robotica_ros/P_final/build/global_planner/install.log --single-version-externally-managed install_data
[6.171s] running egg_info
[6.175s] writing ../../build/global_planner/global_planner.egg-info/PKG-INFO
[6.175s] writing dependency_links to ../../build/global_planner/global_planner.egg-info/dependency_links.txt
[6.176s] writing entry points to ../../build/global_planner/global_planner.egg-info/entry_points.txt
[6.177s] writing requirements to ../../build/global_planner/global_planner.egg-info/requires.txt
[6.179s] writing top-level names to ../../build/global_planner/global_planner.egg-info/top_level.txt
[6.187s] reading manifest file '../../build/global_planner/global_planner.egg-info/SOURCES.txt'
[6.190s] writing manifest file '../../build/global_planner/global_planner.egg-info/SOURCES.txt'
[6.194s] running build
[6.194s] running build_py
[6.195s] running install
[6.195s] running install_lib
[6.203s] running install_data
[6.204s] running install_egg_info
[6.217s] removing '/home/quim/robotica_ros/P_final/install/global_planner/lib/python3.10/site-packages/global_planner-0.0.0-py3.10.egg-info' (and everything under it)
[6.219s] Copying ../../build/global_planner/global_planner.egg-info to /home/quim/robotica_ros/P_final/install/global_planner/lib/python3.10/site-packages/global_planner-0.0.0-py3.10.egg-info
[6.219s] running install_scripts
[6.346s] Installing global_planner_node script to /home/quim/robotica_ros/P_final/install/global_planner/lib/global_planner
[6.348s] writing list of installed files to '/home/quim/robotica_ros/P_final/build/global_planner/install.log'
[6.586s] Invoked command in '/home/quim/robotica_ros/P_final/src/global_planner' returned '0': PYTHONPATH=/home/quim/robotica_ros/P_final/build/global_planner/prefix_override:/usr/lib/python3/dist-packages/colcon_core/task/python/colcon_distutils_commands:/home/quim/robotica_ros/P_final/install/global_planner/lib/python3.10/site-packages:${PYTHONPATH} /usr/bin/python3 -W ignore:setup.py install is deprecated setup.py egg_info --egg-base ../../build/global_planner build --build-base /home/quim/robotica_ros/P_final/build/global_planner/build install --record /home/quim/robotica_ros/P_final/build/global_planner/install.log --single-version-externally-managed install_data
