[2.855s] Invoking command in '/home/quim/robotica_ros/P_final/src/global_planner': PYTHONPATH=/home/quim/robotica_ros/P_final/build/global_planner/prefix_override:/usr/lib/python3/dist-packages/colcon_core/task/python/colcon_distutils_commands:/home/quim/robotica_ros/P_final/install/global_planner/lib/python3.10/site-packages:${PYTHONPATH} /usr/bin/python3 -W ignore:setup.py install is deprecated setup.py egg_info --egg-base ../../build/global_planner build --build-base /home/quim/robotica_ros/P_final/build/global_planner/build install --record /home/quim/robotica_ros/P_final/build/global_planner/install.log --single-version-externally-managed install_data
[3.438s] running egg_info
[3.443s] writing ../../build/global_planner/global_planner.egg-info/PKG-INFO
[3.448s] writing dependency_links to ../../build/global_planner/global_planner.egg-info/dependency_links.txt
[3.449s] writing entry points to ../../build/global_planner/global_planner.egg-info/entry_points.txt
[3.450s] writing requirements to ../../build/global_planner/global_planner.egg-info/requires.txt
[3.450s] writing top-level names to ../../build/global_planner/global_planner.egg-info/top_level.txt
[3.450s] reading manifest file '../../build/global_planner/global_planner.egg-info/SOURCES.txt'
[3.453s] writing manifest file '../../build/global_planner/global_planner.egg-info/SOURCES.txt'
[3.454s] running build
[3.455s] running build_py
[3.455s] running install
[3.455s] running install_lib
[3.461s] running install_data
[3.461s] running install_egg_info
[3.464s] removing '/home/quim/robotica_ros/P_final/install/global_planner/lib/python3.10/site-packages/global_planner-0.0.0-py3.10.egg-info' (and everything under it)
[3.466s] Copying ../../build/global_planner/global_planner.egg-info to /home/quim/robotica_ros/P_final/install/global_planner/lib/python3.10/site-packages/global_planner-0.0.0-py3.10.egg-info
[3.466s] running install_scripts
[3.514s] Installing global_planner_node script to /home/quim/robotica_ros/P_final/install/global_planner/lib/global_planner
[3.514s] writing list of installed files to '/home/quim/robotica_ros/P_final/build/global_planner/install.log'
[3.620s] Invoked command in '/home/quim/robotica_ros/P_final/src/global_planner' returned '0': PYTHONPATH=/home/quim/robotica_ros/P_final/build/global_planner/prefix_override:/usr/lib/python3/dist-packages/colcon_core/task/python/colcon_distutils_commands:/home/quim/robotica_ros/P_final/install/global_planner/lib/python3.10/site-packages:${PYTHONPATH} /usr/bin/python3 -W ignore:setup.py install is deprecated setup.py egg_info --egg-base ../../build/global_planner build --build-base /home/quim/robotica_ros/P_final/build/global_planner/build install --record /home/quim/robotica_ros/P_final/build/global_planner/install.log --single-version-externally-managed install_data
